Using Spark's default log4j profile: org/apache/spark/log4j-defaults.properties
20/04/08 17:56:13 INFO SparkContext: Running Spark version 1.5.2
20/04/08 17:56:13 WARN NativeCodeLoader: Unable to load native-hadoop library for your platform... using builtin-java classes where applicable
20/04/08 17:56:13 INFO SecurityManager: Changing view acls to: sxt0251
20/04/08 17:56:13 INFO SecurityManager: Changing modify acls to: sxt0251
20/04/08 17:56:13 INFO SecurityManager: SecurityManager: authentication disabled; ui acls disabled; users with view permissions: Set(sxt0251); users with modify permissions: Set(sxt0251)
20/04/08 17:56:14 INFO Slf4jLogger: Slf4jLogger started
20/04/08 17:56:14 INFO Remoting: Starting remoting
20/04/08 17:56:14 INFO Remoting: Remoting started; listening on addresses :[akka.tcp://sparkDriver@198.202.114.19:44283]
20/04/08 17:56:14 INFO Utils: Successfully started service 'sparkDriver' on port 44283.
20/04/08 17:56:14 INFO SparkEnv: Registering MapOutputTracker
20/04/08 17:56:14 INFO SparkEnv: Registering BlockManagerMaster
20/04/08 17:56:14 INFO DiskBlockManager: Created local directory at /tmp/blockmgr-ad758676-b2c5-4c19-aa10-8e9b6fa0594a
20/04/08 17:56:14 INFO MemoryStore: MemoryStore started with capacity 530.0 MB
20/04/08 17:56:14 INFO HttpFileServer: HTTP File server directory is /tmp/spark-aa904728-f1d8-484d-8bc0-f23709f331ab/httpd-d5c3521d-3bf0-435c-a33a-cb46e2bdc1e9
20/04/08 17:56:14 INFO HttpServer: Starting HTTP Server
20/04/08 17:56:14 INFO Utils: Successfully started service 'HTTP file server' on port 40409.
20/04/08 17:56:14 INFO SparkEnv: Registering OutputCommitCoordinator
20/04/08 17:56:14 INFO Utils: Successfully started service 'SparkUI' on port 4040.
20/04/08 17:56:14 INFO SparkUI: Started SparkUI at http://198.202.114.19:4040
20/04/08 17:56:14 INFO SparkContext: Added JAR file:/home/sxt0251/project5/graph.jar at http://198.202.114.19:40409/jars/graph.jar with timestamp 1586393774615
20/04/08 17:56:14 WARN MetricsSystem: Using default name DAGScheduler for source because spark.app.id is not set.
20/04/08 17:56:14 INFO Executor: Starting executor ID driver on host localhost
20/04/08 17:56:14 INFO Utils: Successfully started service 'org.apache.spark.network.netty.NettyBlockTransferService' on port 36672.
20/04/08 17:56:14 INFO NettyBlockTransferService: Server created on 36672
20/04/08 17:56:14 INFO BlockManagerMaster: Trying to register BlockManager
20/04/08 17:56:14 INFO BlockManagerMasterEndpoint: Registering block manager localhost:36672 with 530.0 MB RAM, BlockManagerId(driver, localhost, 36672)
20/04/08 17:56:14 INFO BlockManagerMaster: Registered BlockManager
20/04/08 17:56:15 INFO MemoryStore: ensureFreeSpace(120040) called with curMem=0, maxMem=555755765
20/04/08 17:56:15 INFO MemoryStore: Block broadcast_0 stored as values in memory (estimated size 117.2 KB, free 529.9 MB)
20/04/08 17:56:15 INFO MemoryStore: ensureFreeSpace(12673) called with curMem=120040, maxMem=555755765
20/04/08 17:56:15 INFO MemoryStore: Block broadcast_0_piece0 stored as bytes in memory (estimated size 12.4 KB, free 529.9 MB)
20/04/08 17:56:15 INFO BlockManagerInfo: Added broadcast_0_piece0 in memory on localhost:36672 (size: 12.4 KB, free: 530.0 MB)
20/04/08 17:56:15 INFO SparkContext: Created broadcast 0 from textFile at Graph.scala:11
20/04/08 17:56:15 INFO FileInputFormat: Total input paths to process : 1
20/04/08 17:56:15 INFO SparkContext: Starting job: sortByKey at Graph.scala:40
20/04/08 17:56:15 INFO DAGScheduler: Registering RDD 4 (flatMap at Graph.scala:28)
20/04/08 17:56:15 INFO DAGScheduler: Registering RDD 6 (map at Graph.scala:30)
20/04/08 17:56:15 INFO DAGScheduler: Registering RDD 13 (map at Graph.scala:30)
20/04/08 17:56:15 INFO DAGScheduler: Registering RDD 11 (flatMap at Graph.scala:28)
20/04/08 17:56:15 INFO DAGScheduler: Registering RDD 18 (flatMap at Graph.scala:28)
20/04/08 17:56:15 INFO MapOutputTrackerMaster: Size of output statuses for shuffle 7 is 85 bytes
20/04/08 17:56:15 INFO MapOutputTrackerMaster: Size of output statuses for shuffle 6 is 85 bytes
20/04/08 17:56:15 INFO MapOutputTrackerMaster: Size of output statuses for shuffle 0 is 85 bytes
20/04/08 17:56:15 INFO MapOutputTrackerMaster: Size of output statuses for shuffle 1 is 85 bytes
20/04/08 17:56:15 INFO DAGScheduler: Registering RDD 20 (map at Graph.scala:30)
20/04/08 17:56:15 INFO DAGScheduler: Registering RDD 27 (map at Graph.scala:30)
20/04/08 17:56:15 INFO DAGScheduler: Registering RDD 25 (flatMap at Graph.scala:28)
20/04/08 17:56:15 INFO DAGScheduler: Registering RDD 32 (flatMap at Graph.scala:28)
20/04/08 17:56:15 INFO MapOutputTrackerMaster: Size of output statuses for shuffle 9 is 85 bytes
20/04/08 17:56:15 INFO MapOutputTrackerMaster: Size of output statuses for shuffle 8 is 85 bytes
20/04/08 17:56:15 INFO MapOutputTrackerMaster: Size of output statuses for shuffle 2 is 85 bytes
20/04/08 17:56:15 INFO MapOutputTrackerMaster: Size of output statuses for shuffle 3 is 85 bytes
20/04/08 17:56:15 INFO DAGScheduler: Registering RDD 34 (map at Graph.scala:30)
20/04/08 17:56:15 INFO DAGScheduler: Registering RDD 39 (map at Graph.scala:38)
20/04/08 17:56:15 INFO DAGScheduler: Got job 0 (sortByKey at Graph.scala:40) with 2 output partitions
20/04/08 17:56:15 INFO DAGScheduler: Final stage: ResultStage 23(sortByKey at Graph.scala:40)
20/04/08 17:56:15 INFO DAGScheduler: Parents of final stage: List(ShuffleMapStage 22)
20/04/08 17:56:15 INFO DAGScheduler: Missing parents: List(ShuffleMapStage 22)
20/04/08 17:56:15 INFO DAGScheduler: Submitting ShuffleMapStage 16 (MapPartitionsRDD[4] at flatMap at Graph.scala:28), which has no missing parents
20/04/08 17:56:15 INFO MemoryStore: ensureFreeSpace(4224) called with curMem=132713, maxMem=555755765
20/04/08 17:56:15 INFO MemoryStore: Block broadcast_1 stored as values in memory (estimated size 4.1 KB, free 529.9 MB)
20/04/08 17:56:15 INFO MemoryStore: ensureFreeSpace(2355) called with curMem=136937, maxMem=555755765
20/04/08 17:56:15 INFO MemoryStore: Block broadcast_1_piece0 stored as bytes in memory (estimated size 2.3 KB, free 529.9 MB)
20/04/08 17:56:15 INFO BlockManagerInfo: Added broadcast_1_piece0 in memory on localhost:36672 (size: 2.3 KB, free: 530.0 MB)
20/04/08 17:56:15 INFO SparkContext: Created broadcast 1 from broadcast at DAGScheduler.scala:861
20/04/08 17:56:15 INFO DAGScheduler: Submitting 2 missing tasks from ShuffleMapStage 16 (MapPartitionsRDD[4] at flatMap at Graph.scala:28)
20/04/08 17:56:15 INFO TaskSchedulerImpl: Adding task set 16.0 with 2 tasks
20/04/08 17:56:15 INFO DAGScheduler: Submitting ShuffleMapStage 17 (MapPartitionsRDD[6] at map at Graph.scala:30), which has no missing parents
20/04/08 17:56:15 INFO TaskSetManager: Starting task 0.0 in stage 16.0 (TID 0, localhost, PROCESS_LOCAL, 2193 bytes)
20/04/08 17:56:15 INFO MemoryStore: ensureFreeSpace(3832) called with curMem=139292, maxMem=555755765
20/04/08 17:56:15 INFO MemoryStore: Block broadcast_2 stored as values in memory (estimated size 3.7 KB, free 529.9 MB)
20/04/08 17:56:15 INFO MemoryStore: ensureFreeSpace(2195) called with curMem=143124, maxMem=555755765
20/04/08 17:56:15 INFO MemoryStore: Block broadcast_2_piece0 stored as bytes in memory (estimated size 2.1 KB, free 529.9 MB)
20/04/08 17:56:15 INFO BlockManagerInfo: Added broadcast_2_piece0 in memory on localhost:36672 (size: 2.1 KB, free: 530.0 MB)
20/04/08 17:56:15 INFO SparkContext: Created broadcast 2 from broadcast at DAGScheduler.scala:861
20/04/08 17:56:15 INFO TaskSetManager: Starting task 1.0 in stage 16.0 (TID 1, localhost, PROCESS_LOCAL, 2193 bytes)
20/04/08 17:56:15 INFO DAGScheduler: Submitting 2 missing tasks from ShuffleMapStage 17 (MapPartitionsRDD[6] at map at Graph.scala:30)
20/04/08 17:56:15 INFO TaskSchedulerImpl: Adding task set 17.0 with 2 tasks
20/04/08 17:56:15 INFO Executor: Running task 0.0 in stage 16.0 (TID 0)
20/04/08 17:56:15 INFO Executor: Fetching http://198.202.114.19:40409/jars/graph.jar with timestamp 1586393774615
20/04/08 17:56:15 INFO Executor: Running task 1.0 in stage 16.0 (TID 1)
20/04/08 17:56:15 INFO Utils: Fetching http://198.202.114.19:40409/jars/graph.jar to /tmp/spark-aa904728-f1d8-484d-8bc0-f23709f331ab/userFiles-e79d0c4a-97f5-4db3-8af7-69eb8006fe0e/fetchFileTemp8970305255294160136.tmp
20/04/08 17:56:15 INFO Executor: Adding file:/tmp/spark-aa904728-f1d8-484d-8bc0-f23709f331ab/userFiles-e79d0c4a-97f5-4db3-8af7-69eb8006fe0e/graph.jar to class loader
20/04/08 17:56:15 INFO HadoopRDD: Input split: file:/home/sxt0251/project5/small-graph.txt:28+28
20/04/08 17:56:15 INFO HadoopRDD: Input split: file:/home/sxt0251/project5/small-graph.txt:0+28
20/04/08 17:56:15 INFO deprecation: mapred.tip.id is deprecated. Instead, use mapreduce.task.id
20/04/08 17:56:15 INFO deprecation: mapred.task.id is deprecated. Instead, use mapreduce.task.attempt.id
20/04/08 17:56:15 INFO deprecation: mapred.task.is.map is deprecated. Instead, use mapreduce.task.ismap
20/04/08 17:56:15 INFO deprecation: mapred.task.partition is deprecated. Instead, use mapreduce.task.partition
20/04/08 17:56:15 INFO deprecation: mapred.job.id is deprecated. Instead, use mapreduce.job.id
20/04/08 17:56:15 INFO Executor: Finished task 1.0 in stage 16.0 (TID 1). 2254 bytes result sent to driver
20/04/08 17:56:15 INFO Executor: Finished task 0.0 in stage 16.0 (TID 0). 2254 bytes result sent to driver
20/04/08 17:56:15 INFO TaskSetManager: Starting task 0.0 in stage 17.0 (TID 2, localhost, PROCESS_LOCAL, 2193 bytes)
20/04/08 17:56:16 INFO Executor: Running task 0.0 in stage 17.0 (TID 2)
20/04/08 17:56:16 INFO HadoopRDD: Input split: file:/home/sxt0251/project5/small-graph.txt:0+28
20/04/08 17:56:16 INFO TaskSetManager: Starting task 1.0 in stage 17.0 (TID 3, localhost, PROCESS_LOCAL, 2193 bytes)
20/04/08 17:56:16 INFO Executor: Finished task 0.0 in stage 17.0 (TID 2). 2254 bytes result sent to driver
20/04/08 17:56:16 INFO Executor: Running task 1.0 in stage 17.0 (TID 3)
20/04/08 17:56:16 INFO HadoopRDD: Input split: file:/home/sxt0251/project5/small-graph.txt:28+28
20/04/08 17:56:16 INFO Executor: Finished task 1.0 in stage 17.0 (TID 3). 2254 bytes result sent to driver
20/04/08 17:56:16 INFO TaskSetManager: Finished task 1.0 in stage 17.0 (TID 3) in 20 ms on localhost (1/2)
20/04/08 17:56:16 INFO TaskSetManager: Finished task 0.0 in stage 16.0 (TID 0) in 244 ms on localhost (1/2)
20/04/08 17:56:16 INFO TaskSetManager: Finished task 1.0 in stage 16.0 (TID 1) in 226 ms on localhost (2/2)
20/04/08 17:56:16 INFO TaskSchedulerImpl: Removed TaskSet 16.0, whose tasks have all completed, from pool 
20/04/08 17:56:16 INFO TaskSetManager: Finished task 0.0 in stage 17.0 (TID 2) in 36 ms on localhost (2/2)
20/04/08 17:56:16 INFO TaskSchedulerImpl: Removed TaskSet 17.0, whose tasks have all completed, from pool 
20/04/08 17:56:16 INFO DAGScheduler: ShuffleMapStage 16 (flatMap at Graph.scala:28) finished in 0.242 s
20/04/08 17:56:16 INFO DAGScheduler: looking for newly runnable stages
20/04/08 17:56:16 INFO DAGScheduler: running: Set(ShuffleMapStage 17)
20/04/08 17:56:16 INFO DAGScheduler: waiting: Set(ShuffleMapStage 15, ShuffleMapStage 12, ShuffleMapStage 19, ShuffleMapStage 13, ShuffleMapStage 20, ShuffleMapStage 21, ShuffleMapStage 18, ShuffleMapStage 22, ShuffleMapStage 14, ResultStage 23)
20/04/08 17:56:16 INFO DAGScheduler: failed: Set()
20/04/08 17:56:16 INFO DAGScheduler: Missing parents for ShuffleMapStage 15: List(ShuffleMapStage 17)
20/04/08 17:56:16 INFO DAGScheduler: Missing parents for ShuffleMapStage 12: List(ShuffleMapStage 13, ShuffleMapStage 20)
20/04/08 17:56:16 INFO DAGScheduler: Missing parents for ShuffleMapStage 19: List(ShuffleMapStage 15, ShuffleMapStage 18)
20/04/08 17:56:16 INFO DAGScheduler: Missing parents for ShuffleMapStage 13: List(ShuffleMapStage 19, ShuffleMapStage 14)
20/04/08 17:56:16 INFO DAGScheduler: Missing parents for ShuffleMapStage 20: List(ShuffleMapStage 19, ShuffleMapStage 14)
20/04/08 17:56:16 INFO DAGScheduler: Missing parents for ShuffleMapStage 21: List(ShuffleMapStage 13, ShuffleMapStage 20)
20/04/08 17:56:16 INFO DAGScheduler: Missing parents for ShuffleMapStage 18: List(ShuffleMapStage 17)
20/04/08 17:56:16 INFO DAGScheduler: Missing parents for ShuffleMapStage 22: List(ShuffleMapStage 12, ShuffleMapStage 21)
20/04/08 17:56:16 INFO DAGScheduler: Missing parents for ShuffleMapStage 14: List(ShuffleMapStage 15, ShuffleMapStage 18)
20/04/08 17:56:16 INFO DAGScheduler: Missing parents for ResultStage 23: List(ShuffleMapStage 22)
20/04/08 17:56:16 INFO DAGScheduler: ShuffleMapStage 17 (map at Graph.scala:30) finished in 0.236 s
20/04/08 17:56:16 INFO DAGScheduler: looking for newly runnable stages
20/04/08 17:56:16 INFO DAGScheduler: running: Set()
20/04/08 17:56:16 INFO DAGScheduler: waiting: Set(ShuffleMapStage 15, ShuffleMapStage 12, ShuffleMapStage 19, ShuffleMapStage 13, ShuffleMapStage 20, ShuffleMapStage 21, ShuffleMapStage 18, ShuffleMapStage 22, ShuffleMapStage 14, ResultStage 23)
20/04/08 17:56:16 INFO DAGScheduler: failed: Set()
20/04/08 17:56:16 INFO DAGScheduler: Missing parents for ShuffleMapStage 15: List()
20/04/08 17:56:16 INFO DAGScheduler: Missing parents for ShuffleMapStage 12: List(ShuffleMapStage 13, ShuffleMapStage 20)
20/04/08 17:56:16 INFO DAGScheduler: Missing parents for ShuffleMapStage 19: List(ShuffleMapStage 15, ShuffleMapStage 18)
20/04/08 17:56:16 INFO DAGScheduler: Missing parents for ShuffleMapStage 13: List(ShuffleMapStage 19, ShuffleMapStage 14)
20/04/08 17:56:16 INFO DAGScheduler: Missing parents for ShuffleMapStage 20: List(ShuffleMapStage 19, ShuffleMapStage 14)
20/04/08 17:56:16 INFO DAGScheduler: Missing parents for ShuffleMapStage 21: List(ShuffleMapStage 13, ShuffleMapStage 20)
20/04/08 17:56:16 INFO DAGScheduler: Missing parents for ShuffleMapStage 18: List()
20/04/08 17:56:16 INFO DAGScheduler: Missing parents for ShuffleMapStage 22: List(ShuffleMapStage 12, ShuffleMapStage 21)
20/04/08 17:56:16 INFO DAGScheduler: Missing parents for ShuffleMapStage 14: List(ShuffleMapStage 15, ShuffleMapStage 18)
20/04/08 17:56:16 INFO DAGScheduler: Missing parents for ResultStage 23: List(ShuffleMapStage 22)
20/04/08 17:56:16 INFO DAGScheduler: Submitting ShuffleMapStage 15 (MapPartitionsRDD[11] at flatMap at Graph.scala:28), which is now runnable
20/04/08 17:56:16 INFO MemoryStore: ensureFreeSpace(3616) called with curMem=145319, maxMem=555755765
20/04/08 17:56:16 INFO MemoryStore: Block broadcast_3 stored as values in memory (estimated size 3.5 KB, free 529.9 MB)
20/04/08 17:56:16 INFO MemoryStore: ensureFreeSpace(1840) called with curMem=148935, maxMem=555755765
20/04/08 17:56:16 INFO MemoryStore: Block broadcast_3_piece0 stored as bytes in memory (estimated size 1840.0 B, free 529.9 MB)
20/04/08 17:56:16 INFO BlockManagerInfo: Added broadcast_3_piece0 in memory on localhost:36672 (size: 1840.0 B, free: 530.0 MB)
20/04/08 17:56:16 INFO SparkContext: Created broadcast 3 from broadcast at DAGScheduler.scala:861
20/04/08 17:56:16 INFO DAGScheduler: Submitting 2 missing tasks from ShuffleMapStage 15 (MapPartitionsRDD[11] at flatMap at Graph.scala:28)
20/04/08 17:56:16 INFO TaskSchedulerImpl: Adding task set 15.0 with 2 tasks
20/04/08 17:56:16 INFO DAGScheduler: Submitting ShuffleMapStage 18 (MapPartitionsRDD[13] at map at Graph.scala:30), which is now runnable
20/04/08 17:56:16 INFO MemoryStore: ensureFreeSpace(3504) called with curMem=150775, maxMem=555755765
20/04/08 17:56:16 INFO MemoryStore: Block broadcast_4 stored as values in memory (estimated size 3.4 KB, free 529.9 MB)
20/04/08 17:56:16 INFO TaskSetManager: Starting task 0.0 in stage 15.0 (TID 4, localhost, PROCESS_LOCAL, 2169 bytes)
20/04/08 17:56:16 INFO TaskSetManager: Starting task 1.0 in stage 15.0 (TID 5, localhost, PROCESS_LOCAL, 2169 bytes)
20/04/08 17:56:16 INFO Executor: Running task 0.0 in stage 15.0 (TID 4)
20/04/08 17:56:16 INFO Executor: Running task 1.0 in stage 15.0 (TID 5)
20/04/08 17:56:16 INFO ShuffleBlockFetcherIterator: Getting 2 non-empty blocks out of 2 blocks
20/04/08 17:56:16 INFO ShuffleBlockFetcherIterator: Getting 2 non-empty blocks out of 2 blocks
20/04/08 17:56:16 INFO ShuffleBlockFetcherIterator: Started 0 remote fetches in 3 ms
20/04/08 17:56:16 INFO ShuffleBlockFetcherIterator: Started 0 remote fetches in 3 ms
20/04/08 17:56:16 INFO MemoryStore: ensureFreeSpace(1806) called with curMem=154279, maxMem=555755765
20/04/08 17:56:16 INFO MemoryStore: Block broadcast_4_piece0 stored as bytes in memory (estimated size 1806.0 B, free 529.9 MB)
20/04/08 17:56:16 INFO BlockManagerInfo: Added broadcast_4_piece0 in memory on localhost:36672 (size: 1806.0 B, free: 530.0 MB)
20/04/08 17:56:16 INFO ShuffleBlockFetcherIterator: Getting 2 non-empty blocks out of 2 blocks
20/04/08 17:56:16 INFO ShuffleBlockFetcherIterator: Started 0 remote fetches in 0 ms
20/04/08 17:56:16 INFO ShuffleBlockFetcherIterator: Getting 2 non-empty blocks out of 2 blocks
20/04/08 17:56:16 INFO ShuffleBlockFetcherIterator: Started 0 remote fetches in 0 ms
20/04/08 17:56:16 INFO SparkContext: Created broadcast 4 from broadcast at DAGScheduler.scala:861
20/04/08 17:56:16 INFO DAGScheduler: Submitting 2 missing tasks from ShuffleMapStage 18 (MapPartitionsRDD[13] at map at Graph.scala:30)
20/04/08 17:56:16 INFO TaskSchedulerImpl: Adding task set 18.0 with 2 tasks
20/04/08 17:56:16 INFO Executor: Finished task 0.0 in stage 15.0 (TID 4). 1375 bytes result sent to driver
20/04/08 17:56:16 INFO TaskSetManager: Starting task 0.0 in stage 18.0 (TID 6, localhost, PROCESS_LOCAL, 2169 bytes)
20/04/08 17:56:16 INFO TaskSetManager: Finished task 0.0 in stage 15.0 (TID 4) in 38 ms on localhost (1/2)
20/04/08 17:56:16 INFO Executor: Finished task 1.0 in stage 15.0 (TID 5). 1375 bytes result sent to driver
20/04/08 17:56:16 INFO Executor: Running task 0.0 in stage 18.0 (TID 6)
20/04/08 17:56:16 INFO TaskSetManager: Starting task 1.0 in stage 18.0 (TID 7, localhost, PROCESS_LOCAL, 2169 bytes)
20/04/08 17:56:16 INFO Executor: Running task 1.0 in stage 18.0 (TID 7)
20/04/08 17:56:16 INFO TaskSetManager: Finished task 1.0 in stage 15.0 (TID 5) in 42 ms on localhost (2/2)
20/04/08 17:56:16 INFO TaskSchedulerImpl: Removed TaskSet 15.0, whose tasks have all completed, from pool 
20/04/08 17:56:16 INFO DAGScheduler: ShuffleMapStage 15 (flatMap at Graph.scala:28) finished in 0.046 s
20/04/08 17:56:16 INFO DAGScheduler: looking for newly runnable stages
20/04/08 17:56:16 INFO DAGScheduler: running: Set(ShuffleMapStage 18)
20/04/08 17:56:16 INFO DAGScheduler: waiting: Set(ShuffleMapStage 12, ShuffleMapStage 19, ShuffleMapStage 13, ShuffleMapStage 20, ShuffleMapStage 21, ShuffleMapStage 22, ShuffleMapStage 14, ResultStage 23)
20/04/08 17:56:16 INFO DAGScheduler: failed: Set()
20/04/08 17:56:16 INFO DAGScheduler: Missing parents for ShuffleMapStage 12: List(ShuffleMapStage 13, ShuffleMapStage 20)
20/04/08 17:56:16 INFO DAGScheduler: Missing parents for ShuffleMapStage 19: List(ShuffleMapStage 18)
20/04/08 17:56:16 INFO DAGScheduler: Missing parents for ShuffleMapStage 13: List(ShuffleMapStage 19, ShuffleMapStage 14)
20/04/08 17:56:16 INFO DAGScheduler: Missing parents for ShuffleMapStage 20: List(ShuffleMapStage 19, ShuffleMapStage 14)
20/04/08 17:56:16 INFO DAGScheduler: Missing parents for ShuffleMapStage 21: List(ShuffleMapStage 13, ShuffleMapStage 20)
20/04/08 17:56:16 INFO DAGScheduler: Missing parents for ShuffleMapStage 22: List(ShuffleMapStage 12, ShuffleMapStage 21)
20/04/08 17:56:16 INFO DAGScheduler: Missing parents for ShuffleMapStage 14: List(ShuffleMapStage 18)
20/04/08 17:56:16 INFO DAGScheduler: Missing parents for ResultStage 23: List(ShuffleMapStage 22)
20/04/08 17:56:16 INFO ShuffleBlockFetcherIterator: Getting 2 non-empty blocks out of 2 blocks
20/04/08 17:56:16 INFO ShuffleBlockFetcherIterator: Started 0 remote fetches in 0 ms
20/04/08 17:56:16 INFO ShuffleBlockFetcherIterator: Getting 2 non-empty blocks out of 2 blocks
20/04/08 17:56:16 INFO ShuffleBlockFetcherIterator: Started 0 remote fetches in 0 ms
20/04/08 17:56:16 INFO ShuffleBlockFetcherIterator: Getting 2 non-empty blocks out of 2 blocks
20/04/08 17:56:16 INFO ShuffleBlockFetcherIterator: Started 0 remote fetches in 0 ms
20/04/08 17:56:16 INFO ShuffleBlockFetcherIterator: Getting 2 non-empty blocks out of 2 blocks
20/04/08 17:56:16 INFO ShuffleBlockFetcherIterator: Started 0 remote fetches in 0 ms
20/04/08 17:56:16 INFO Executor: Finished task 1.0 in stage 18.0 (TID 7). 1375 bytes result sent to driver
20/04/08 17:56:16 INFO TaskSetManager: Finished task 1.0 in stage 18.0 (TID 7) in 13 ms on localhost (1/2)
20/04/08 17:56:16 INFO Executor: Finished task 0.0 in stage 18.0 (TID 6). 1375 bytes result sent to driver
20/04/08 17:56:16 INFO TaskSetManager: Finished task 0.0 in stage 18.0 (TID 6) in 22 ms on localhost (2/2)
20/04/08 17:56:16 INFO TaskSchedulerImpl: Removed TaskSet 18.0, whose tasks have all completed, from pool 
20/04/08 17:56:16 INFO DAGScheduler: ShuffleMapStage 18 (map at Graph.scala:30) finished in 0.033 s
20/04/08 17:56:16 INFO DAGScheduler: looking for newly runnable stages
20/04/08 17:56:16 INFO DAGScheduler: running: Set()
20/04/08 17:56:16 INFO DAGScheduler: waiting: Set(ShuffleMapStage 12, ShuffleMapStage 19, ShuffleMapStage 13, ShuffleMapStage 20, ShuffleMapStage 21, ShuffleMapStage 22, ShuffleMapStage 14, ResultStage 23)
20/04/08 17:56:16 INFO DAGScheduler: failed: Set()
20/04/08 17:56:16 INFO DAGScheduler: Missing parents for ShuffleMapStage 12: List(ShuffleMapStage 13, ShuffleMapStage 20)
20/04/08 17:56:16 INFO DAGScheduler: Missing parents for ShuffleMapStage 19: List()
20/04/08 17:56:16 INFO DAGScheduler: Missing parents for ShuffleMapStage 13: List(ShuffleMapStage 19, ShuffleMapStage 14)
20/04/08 17:56:16 INFO DAGScheduler: Missing parents for ShuffleMapStage 20: List(ShuffleMapStage 19, ShuffleMapStage 14)
20/04/08 17:56:16 INFO DAGScheduler: Missing parents for ShuffleMapStage 21: List(ShuffleMapStage 13, ShuffleMapStage 20)
20/04/08 17:56:16 INFO DAGScheduler: Missing parents for ShuffleMapStage 22: List(ShuffleMapStage 12, ShuffleMapStage 21)
20/04/08 17:56:16 INFO DAGScheduler: Missing parents for ShuffleMapStage 14: List()
20/04/08 17:56:16 INFO DAGScheduler: Missing parents for ResultStage 23: List(ShuffleMapStage 22)
20/04/08 17:56:16 INFO DAGScheduler: Submitting ShuffleMapStage 14 (MapPartitionsRDD[18] at flatMap at Graph.scala:28), which is now runnable
20/04/08 17:56:16 INFO MemoryStore: ensureFreeSpace(3616) called with curMem=156085, maxMem=555755765
20/04/08 17:56:16 INFO MemoryStore: Block broadcast_5 stored as values in memory (estimated size 3.5 KB, free 529.9 MB)
20/04/08 17:56:16 INFO MemoryStore: ensureFreeSpace(1855) called with curMem=159701, maxMem=555755765
20/04/08 17:56:16 INFO MemoryStore: Block broadcast_5_piece0 stored as bytes in memory (estimated size 1855.0 B, free 529.9 MB)
20/04/08 17:56:16 INFO BlockManagerInfo: Added broadcast_5_piece0 in memory on localhost:36672 (size: 1855.0 B, free: 530.0 MB)
20/04/08 17:56:16 INFO SparkContext: Created broadcast 5 from broadcast at DAGScheduler.scala:861
20/04/08 17:56:16 INFO DAGScheduler: Submitting 2 missing tasks from ShuffleMapStage 14 (MapPartitionsRDD[18] at flatMap at Graph.scala:28)
20/04/08 17:56:16 INFO TaskSchedulerImpl: Adding task set 14.0 with 2 tasks
20/04/08 17:56:16 INFO DAGScheduler: Submitting ShuffleMapStage 19 (MapPartitionsRDD[20] at map at Graph.scala:30), which is now runnable
20/04/08 17:56:16 INFO TaskSetManager: Starting task 0.0 in stage 14.0 (TID 8, localhost, PROCESS_LOCAL, 2169 bytes)
20/04/08 17:56:16 INFO TaskSetManager: Starting task 1.0 in stage 14.0 (TID 9, localhost, PROCESS_LOCAL, 2169 bytes)
20/04/08 17:56:16 INFO Executor: Running task 0.0 in stage 14.0 (TID 8)
20/04/08 17:56:16 INFO Executor: Running task 1.0 in stage 14.0 (TID 9)
20/04/08 17:56:16 INFO ShuffleBlockFetcherIterator: Getting 2 non-empty blocks out of 2 blocks
20/04/08 17:56:16 INFO ShuffleBlockFetcherIterator: Getting 2 non-empty blocks out of 2 blocks
20/04/08 17:56:16 INFO ShuffleBlockFetcherIterator: Started 0 remote fetches in 0 ms
20/04/08 17:56:16 INFO ShuffleBlockFetcherIterator: Started 0 remote fetches in 0 ms
20/04/08 17:56:16 INFO ShuffleBlockFetcherIterator: Getting 2 non-empty blocks out of 2 blocks
20/04/08 17:56:16 INFO ShuffleBlockFetcherIterator: Getting 2 non-empty blocks out of 2 blocks
20/04/08 17:56:16 INFO ShuffleBlockFetcherIterator: Started 0 remote fetches in 0 ms
20/04/08 17:56:16 INFO Executor: Finished task 1.0 in stage 14.0 (TID 9). 1375 bytes result sent to driver
20/04/08 17:56:16 INFO TaskSetManager: Finished task 1.0 in stage 14.0 (TID 9) in 8 ms on localhost (1/2)
20/04/08 17:56:16 INFO ShuffleBlockFetcherIterator: Started 0 remote fetches in 0 ms
20/04/08 17:56:16 INFO Executor: Finished task 0.0 in stage 14.0 (TID 8). 1375 bytes result sent to driver
20/04/08 17:56:16 INFO TaskSetManager: Finished task 0.0 in stage 14.0 (TID 8) in 14 ms on localhost (2/2)
20/04/08 17:56:16 INFO TaskSchedulerImpl: Removed TaskSet 14.0, whose tasks have all completed, from pool 
20/04/08 17:56:16 INFO MemoryStore: ensureFreeSpace(3504) called with curMem=161556, maxMem=555755765
20/04/08 17:56:16 INFO MemoryStore: Block broadcast_6 stored as values in memory (estimated size 3.4 KB, free 529.9 MB)
20/04/08 17:56:16 INFO MemoryStore: ensureFreeSpace(1820) called with curMem=165060, maxMem=555755765
20/04/08 17:56:16 INFO MemoryStore: Block broadcast_6_piece0 stored as bytes in memory (estimated size 1820.0 B, free 529.9 MB)
20/04/08 17:56:16 INFO BlockManagerInfo: Added broadcast_6_piece0 in memory on localhost:36672 (size: 1820.0 B, free: 530.0 MB)
20/04/08 17:56:16 INFO SparkContext: Created broadcast 6 from broadcast at DAGScheduler.scala:861
20/04/08 17:56:16 INFO DAGScheduler: Submitting 2 missing tasks from ShuffleMapStage 19 (MapPartitionsRDD[20] at map at Graph.scala:30)
20/04/08 17:56:16 INFO TaskSchedulerImpl: Adding task set 19.0 with 2 tasks
20/04/08 17:56:16 INFO TaskSetManager: Starting task 0.0 in stage 19.0 (TID 10, localhost, PROCESS_LOCAL, 2169 bytes)
20/04/08 17:56:16 INFO TaskSetManager: Starting task 1.0 in stage 19.0 (TID 11, localhost, PROCESS_LOCAL, 2169 bytes)
20/04/08 17:56:16 INFO Executor: Running task 1.0 in stage 19.0 (TID 11)
20/04/08 17:56:16 INFO DAGScheduler: ShuffleMapStage 14 (flatMap at Graph.scala:28) finished in 0.023 s
20/04/08 17:56:16 INFO DAGScheduler: looking for newly runnable stages
20/04/08 17:56:16 INFO DAGScheduler: running: Set(ShuffleMapStage 19)
20/04/08 17:56:16 INFO DAGScheduler: waiting: Set(ShuffleMapStage 12, ShuffleMapStage 13, ShuffleMapStage 20, ShuffleMapStage 21, ShuffleMapStage 22, ResultStage 23)
20/04/08 17:56:16 INFO DAGScheduler: failed: Set()
20/04/08 17:56:16 INFO DAGScheduler: Missing parents for ShuffleMapStage 12: List(ShuffleMapStage 13, ShuffleMapStage 20)
20/04/08 17:56:16 INFO DAGScheduler: Missing parents for ShuffleMapStage 13: List(ShuffleMapStage 19)
20/04/08 17:56:16 INFO DAGScheduler: Missing parents for ShuffleMapStage 20: List(ShuffleMapStage 19)
20/04/08 17:56:16 INFO DAGScheduler: Missing parents for ShuffleMapStage 21: List(ShuffleMapStage 13, ShuffleMapStage 20)
20/04/08 17:56:16 INFO DAGScheduler: Missing parents for ShuffleMapStage 22: List(ShuffleMapStage 12, ShuffleMapStage 21)
20/04/08 17:56:16 INFO DAGScheduler: Missing parents for ResultStage 23: List(ShuffleMapStage 22)
20/04/08 17:56:16 INFO ShuffleBlockFetcherIterator: Getting 2 non-empty blocks out of 2 blocks
20/04/08 17:56:16 INFO ShuffleBlockFetcherIterator: Started 0 remote fetches in 0 ms
20/04/08 17:56:16 INFO Executor: Running task 0.0 in stage 19.0 (TID 10)
20/04/08 17:56:16 INFO ShuffleBlockFetcherIterator: Getting 2 non-empty blocks out of 2 blocks
20/04/08 17:56:16 INFO ShuffleBlockFetcherIterator: Started 0 remote fetches in 1 ms
20/04/08 17:56:16 INFO ShuffleBlockFetcherIterator: Getting 2 non-empty blocks out of 2 blocks
20/04/08 17:56:16 INFO ShuffleBlockFetcherIterator: Started 0 remote fetches in 0 ms
20/04/08 17:56:16 INFO ShuffleBlockFetcherIterator: Getting 2 non-empty blocks out of 2 blocks
20/04/08 17:56:16 INFO ShuffleBlockFetcherIterator: Started 0 remote fetches in 1 ms
20/04/08 17:56:16 INFO Executor: Finished task 1.0 in stage 19.0 (TID 11). 1375 bytes result sent to driver
20/04/08 17:56:16 INFO TaskSetManager: Finished task 1.0 in stage 19.0 (TID 11) in 8 ms on localhost (1/2)
20/04/08 17:56:16 INFO Executor: Finished task 0.0 in stage 19.0 (TID 10). 1375 bytes result sent to driver
20/04/08 17:56:16 INFO TaskSetManager: Finished task 0.0 in stage 19.0 (TID 10) in 18 ms on localhost (2/2)
20/04/08 17:56:16 INFO TaskSchedulerImpl: Removed TaskSet 19.0, whose tasks have all completed, from pool 
20/04/08 17:56:16 INFO DAGScheduler: ShuffleMapStage 19 (map at Graph.scala:30) finished in 0.019 s
20/04/08 17:56:16 INFO DAGScheduler: looking for newly runnable stages
20/04/08 17:56:16 INFO DAGScheduler: running: Set()
20/04/08 17:56:16 INFO DAGScheduler: waiting: Set(ShuffleMapStage 12, ShuffleMapStage 13, ShuffleMapStage 20, ShuffleMapStage 21, ShuffleMapStage 22, ResultStage 23)
20/04/08 17:56:16 INFO DAGScheduler: failed: Set()
20/04/08 17:56:16 INFO DAGScheduler: Missing parents for ShuffleMapStage 12: List(ShuffleMapStage 13, ShuffleMapStage 20)
20/04/08 17:56:16 INFO DAGScheduler: Missing parents for ShuffleMapStage 13: List()
20/04/08 17:56:16 INFO DAGScheduler: Missing parents for ShuffleMapStage 20: List()
20/04/08 17:56:16 INFO DAGScheduler: Missing parents for ShuffleMapStage 21: List(ShuffleMapStage 13, ShuffleMapStage 20)
20/04/08 17:56:16 INFO DAGScheduler: Missing parents for ShuffleMapStage 22: List(ShuffleMapStage 12, ShuffleMapStage 21)
20/04/08 17:56:16 INFO DAGScheduler: Missing parents for ResultStage 23: List(ShuffleMapStage 22)
20/04/08 17:56:16 INFO DAGScheduler: Submitting ShuffleMapStage 13 (MapPartitionsRDD[25] at flatMap at Graph.scala:28), which is now runnable
20/04/08 17:56:16 INFO MemoryStore: ensureFreeSpace(3616) called with curMem=166880, maxMem=555755765
20/04/08 17:56:16 INFO MemoryStore: Block broadcast_7 stored as values in memory (estimated size 3.5 KB, free 529.8 MB)
20/04/08 17:56:16 INFO MemoryStore: ensureFreeSpace(1853) called with curMem=170496, maxMem=555755765
20/04/08 17:56:16 INFO MemoryStore: Block broadcast_7_piece0 stored as bytes in memory (estimated size 1853.0 B, free 529.8 MB)
20/04/08 17:56:16 INFO BlockManagerInfo: Added broadcast_7_piece0 in memory on localhost:36672 (size: 1853.0 B, free: 530.0 MB)
20/04/08 17:56:16 INFO SparkContext: Created broadcast 7 from broadcast at DAGScheduler.scala:861
20/04/08 17:56:16 INFO DAGScheduler: Submitting 2 missing tasks from ShuffleMapStage 13 (MapPartitionsRDD[25] at flatMap at Graph.scala:28)
20/04/08 17:56:16 INFO TaskSchedulerImpl: Adding task set 13.0 with 2 tasks
20/04/08 17:56:16 INFO DAGScheduler: Submitting ShuffleMapStage 20 (MapPartitionsRDD[27] at map at Graph.scala:30), which is now runnable
20/04/08 17:56:16 INFO TaskSetManager: Starting task 0.0 in stage 13.0 (TID 12, localhost, PROCESS_LOCAL, 2169 bytes)
20/04/08 17:56:16 INFO MemoryStore: ensureFreeSpace(3504) called with curMem=172349, maxMem=555755765
20/04/08 17:56:16 INFO TaskSetManager: Starting task 1.0 in stage 13.0 (TID 13, localhost, PROCESS_LOCAL, 2169 bytes)
20/04/08 17:56:16 INFO Executor: Running task 0.0 in stage 13.0 (TID 12)
20/04/08 17:56:16 INFO Executor: Running task 1.0 in stage 13.0 (TID 13)
20/04/08 17:56:16 INFO ShuffleBlockFetcherIterator: Getting 2 non-empty blocks out of 2 blocks
20/04/08 17:56:16 INFO ShuffleBlockFetcherIterator: Getting 2 non-empty blocks out of 2 blocks
20/04/08 17:56:16 INFO ShuffleBlockFetcherIterator: Started 0 remote fetches in 0 ms
20/04/08 17:56:16 INFO ShuffleBlockFetcherIterator: Getting 2 non-empty blocks out of 2 blocks
20/04/08 17:56:16 INFO ShuffleBlockFetcherIterator: Started 0 remote fetches in 0 ms
20/04/08 17:56:16 INFO ShuffleBlockFetcherIterator: Started 0 remote fetches in 0 ms
20/04/08 17:56:16 INFO ShuffleBlockFetcherIterator: Getting 2 non-empty blocks out of 2 blocks
20/04/08 17:56:16 INFO ShuffleBlockFetcherIterator: Started 0 remote fetches in 0 ms
20/04/08 17:56:16 INFO MemoryStore: Block broadcast_8 stored as values in memory (estimated size 3.4 KB, free 529.8 MB)
20/04/08 17:56:16 INFO Executor: Finished task 0.0 in stage 13.0 (TID 12). 1375 bytes result sent to driver
20/04/08 17:56:16 INFO Executor: Finished task 1.0 in stage 13.0 (TID 13). 1375 bytes result sent to driver
20/04/08 17:56:16 INFO TaskSetManager: Finished task 0.0 in stage 13.0 (TID 12) in 14 ms on localhost (1/2)
20/04/08 17:56:16 INFO TaskSetManager: Finished task 1.0 in stage 13.0 (TID 13) in 13 ms on localhost (2/2)
20/04/08 17:56:16 INFO TaskSchedulerImpl: Removed TaskSet 13.0, whose tasks have all completed, from pool 
20/04/08 17:56:16 INFO MemoryStore: ensureFreeSpace(1820) called with curMem=175853, maxMem=555755765
20/04/08 17:56:16 INFO MemoryStore: Block broadcast_8_piece0 stored as bytes in memory (estimated size 1820.0 B, free 529.8 MB)
20/04/08 17:56:16 INFO BlockManagerInfo: Added broadcast_8_piece0 in memory on localhost:36672 (size: 1820.0 B, free: 530.0 MB)
20/04/08 17:56:16 INFO SparkContext: Created broadcast 8 from broadcast at DAGScheduler.scala:861
20/04/08 17:56:16 INFO DAGScheduler: Submitting 2 missing tasks from ShuffleMapStage 20 (MapPartitionsRDD[27] at map at Graph.scala:30)
20/04/08 17:56:16 INFO TaskSchedulerImpl: Adding task set 20.0 with 2 tasks
20/04/08 17:56:16 INFO TaskSetManager: Starting task 0.0 in stage 20.0 (TID 14, localhost, PROCESS_LOCAL, 2169 bytes)
20/04/08 17:56:16 INFO TaskSetManager: Starting task 1.0 in stage 20.0 (TID 15, localhost, PROCESS_LOCAL, 2169 bytes)
20/04/08 17:56:16 INFO Executor: Running task 1.0 in stage 20.0 (TID 15)
20/04/08 17:56:16 INFO Executor: Running task 0.0 in stage 20.0 (TID 14)
20/04/08 17:56:16 INFO ShuffleBlockFetcherIterator: Getting 2 non-empty blocks out of 2 blocks
20/04/08 17:56:16 INFO ShuffleBlockFetcherIterator: Started 0 remote fetches in 0 ms
20/04/08 17:56:16 INFO ShuffleBlockFetcherIterator: Getting 2 non-empty blocks out of 2 blocks
20/04/08 17:56:16 INFO ShuffleBlockFetcherIterator: Started 0 remote fetches in 1 ms
20/04/08 17:56:16 INFO ShuffleBlockFetcherIterator: Getting 2 non-empty blocks out of 2 blocks
20/04/08 17:56:16 INFO ShuffleBlockFetcherIterator: Started 0 remote fetches in 0 ms
20/04/08 17:56:16 INFO ShuffleBlockFetcherIterator: Getting 2 non-empty blocks out of 2 blocks
20/04/08 17:56:16 INFO ShuffleBlockFetcherIterator: Started 0 remote fetches in 0 ms
20/04/08 17:56:16 INFO Executor: Finished task 0.0 in stage 20.0 (TID 14). 1375 bytes result sent to driver
20/04/08 17:56:16 INFO TaskSetManager: Finished task 0.0 in stage 20.0 (TID 14) in 9 ms on localhost (1/2)
20/04/08 17:56:16 INFO Executor: Finished task 1.0 in stage 20.0 (TID 15). 1375 bytes result sent to driver
20/04/08 17:56:16 INFO TaskSetManager: Finished task 1.0 in stage 20.0 (TID 15) in 10 ms on localhost (2/2)
20/04/08 17:56:16 INFO TaskSchedulerImpl: Removed TaskSet 20.0, whose tasks have all completed, from pool 
20/04/08 17:56:16 INFO DAGScheduler: ShuffleMapStage 13 (flatMap at Graph.scala:28) finished in 0.029 s
20/04/08 17:56:16 INFO DAGScheduler: looking for newly runnable stages
20/04/08 17:56:16 INFO DAGScheduler: running: Set(ShuffleMapStage 20)
20/04/08 17:56:16 INFO DAGScheduler: waiting: Set(ShuffleMapStage 12, ShuffleMapStage 21, ShuffleMapStage 22, ResultStage 23)
20/04/08 17:56:16 INFO DAGScheduler: failed: Set()
20/04/08 17:56:16 INFO DAGScheduler: Missing parents for ShuffleMapStage 12: List(ShuffleMapStage 20)
20/04/08 17:56:16 INFO DAGScheduler: Missing parents for ShuffleMapStage 21: List(ShuffleMapStage 20)
20/04/08 17:56:16 INFO DAGScheduler: Missing parents for ShuffleMapStage 22: List(ShuffleMapStage 12, ShuffleMapStage 21)
20/04/08 17:56:16 INFO DAGScheduler: Missing parents for ResultStage 23: List(ShuffleMapStage 22)
20/04/08 17:56:16 INFO DAGScheduler: ShuffleMapStage 20 (map at Graph.scala:30) finished in 0.013 s
20/04/08 17:56:16 INFO DAGScheduler: looking for newly runnable stages
20/04/08 17:56:16 INFO DAGScheduler: running: Set()
20/04/08 17:56:16 INFO DAGScheduler: waiting: Set(ShuffleMapStage 12, ShuffleMapStage 21, ShuffleMapStage 22, ResultStage 23)
20/04/08 17:56:16 INFO DAGScheduler: failed: Set()
20/04/08 17:56:16 INFO DAGScheduler: Missing parents for ShuffleMapStage 12: List()
20/04/08 17:56:16 INFO DAGScheduler: Missing parents for ShuffleMapStage 21: List()
20/04/08 17:56:16 INFO DAGScheduler: Missing parents for ShuffleMapStage 22: List(ShuffleMapStage 12, ShuffleMapStage 21)
20/04/08 17:56:16 INFO DAGScheduler: Missing parents for ResultStage 23: List(ShuffleMapStage 22)
20/04/08 17:56:16 INFO DAGScheduler: Submitting ShuffleMapStage 12 (MapPartitionsRDD[32] at flatMap at Graph.scala:28), which is now runnable
20/04/08 17:56:16 INFO MemoryStore: ensureFreeSpace(3616) called with curMem=177673, maxMem=555755765
20/04/08 17:56:16 INFO MemoryStore: Block broadcast_9 stored as values in memory (estimated size 3.5 KB, free 529.8 MB)
20/04/08 17:56:16 INFO MemoryStore: ensureFreeSpace(1853) called with curMem=181289, maxMem=555755765
20/04/08 17:56:16 INFO MemoryStore: Block broadcast_9_piece0 stored as bytes in memory (estimated size 1853.0 B, free 529.8 MB)
20/04/08 17:56:16 INFO BlockManagerInfo: Added broadcast_9_piece0 in memory on localhost:36672 (size: 1853.0 B, free: 530.0 MB)
20/04/08 17:56:16 INFO SparkContext: Created broadcast 9 from broadcast at DAGScheduler.scala:861
20/04/08 17:56:16 INFO DAGScheduler: Submitting 2 missing tasks from ShuffleMapStage 12 (MapPartitionsRDD[32] at flatMap at Graph.scala:28)
20/04/08 17:56:16 INFO TaskSchedulerImpl: Adding task set 12.0 with 2 tasks
20/04/08 17:56:16 INFO DAGScheduler: Submitting ShuffleMapStage 21 (MapPartitionsRDD[34] at map at Graph.scala:30), which is now runnable
20/04/08 17:56:16 INFO MemoryStore: ensureFreeSpace(3504) called with curMem=183142, maxMem=555755765
20/04/08 17:56:16 INFO MemoryStore: Block broadcast_10 stored as values in memory (estimated size 3.4 KB, free 529.8 MB)
20/04/08 17:56:16 INFO TaskSetManager: Starting task 0.0 in stage 12.0 (TID 16, localhost, PROCESS_LOCAL, 2169 bytes)
20/04/08 17:56:16 INFO TaskSetManager: Starting task 1.0 in stage 12.0 (TID 17, localhost, PROCESS_LOCAL, 2169 bytes)
20/04/08 17:56:16 INFO Executor: Running task 1.0 in stage 12.0 (TID 17)
20/04/08 17:56:16 INFO Executor: Running task 0.0 in stage 12.0 (TID 16)
20/04/08 17:56:16 INFO ShuffleBlockFetcherIterator: Getting 2 non-empty blocks out of 2 blocks
20/04/08 17:56:16 INFO ShuffleBlockFetcherIterator: Getting 2 non-empty blocks out of 2 blocks
20/04/08 17:56:16 INFO ShuffleBlockFetcherIterator: Started 0 remote fetches in 0 ms
20/04/08 17:56:16 INFO ShuffleBlockFetcherIterator: Started 0 remote fetches in 0 ms
20/04/08 17:56:16 INFO ShuffleBlockFetcherIterator: Getting 2 non-empty blocks out of 2 blocks
20/04/08 17:56:16 INFO ShuffleBlockFetcherIterator: Getting 2 non-empty blocks out of 2 blocks
20/04/08 17:56:16 INFO ShuffleBlockFetcherIterator: Started 0 remote fetches in 0 ms
20/04/08 17:56:16 INFO ShuffleBlockFetcherIterator: Started 0 remote fetches in 0 ms
20/04/08 17:56:16 INFO Executor: Finished task 1.0 in stage 12.0 (TID 17). 1375 bytes result sent to driver
20/04/08 17:56:16 INFO TaskSetManager: Finished task 1.0 in stage 12.0 (TID 17) in 9 ms on localhost (1/2)
20/04/08 17:56:16 INFO Executor: Finished task 0.0 in stage 12.0 (TID 16). 1375 bytes result sent to driver
20/04/08 17:56:16 INFO TaskSetManager: Finished task 0.0 in stage 12.0 (TID 16) in 12 ms on localhost (2/2)
20/04/08 17:56:16 INFO TaskSchedulerImpl: Removed TaskSet 12.0, whose tasks have all completed, from pool 
20/04/08 17:56:16 INFO MemoryStore: ensureFreeSpace(1820) called with curMem=186646, maxMem=555755765
20/04/08 17:56:16 INFO MemoryStore: Block broadcast_10_piece0 stored as bytes in memory (estimated size 1820.0 B, free 529.8 MB)
20/04/08 17:56:16 INFO BlockManagerInfo: Added broadcast_10_piece0 in memory on localhost:36672 (size: 1820.0 B, free: 530.0 MB)
20/04/08 17:56:16 INFO SparkContext: Created broadcast 10 from broadcast at DAGScheduler.scala:861
20/04/08 17:56:16 INFO DAGScheduler: Submitting 2 missing tasks from ShuffleMapStage 21 (MapPartitionsRDD[34] at map at Graph.scala:30)
20/04/08 17:56:16 INFO TaskSchedulerImpl: Adding task set 21.0 with 2 tasks
20/04/08 17:56:16 INFO TaskSetManager: Starting task 0.0 in stage 21.0 (TID 18, localhost, PROCESS_LOCAL, 2169 bytes)
20/04/08 17:56:16 INFO TaskSetManager: Starting task 1.0 in stage 21.0 (TID 19, localhost, PROCESS_LOCAL, 2169 bytes)
20/04/08 17:56:16 INFO Executor: Running task 1.0 in stage 21.0 (TID 19)
20/04/08 17:56:16 INFO Executor: Running task 0.0 in stage 21.0 (TID 18)
20/04/08 17:56:16 INFO ShuffleBlockFetcherIterator: Getting 2 non-empty blocks out of 2 blocks
20/04/08 17:56:16 INFO ShuffleBlockFetcherIterator: Getting 2 non-empty blocks out of 2 blocks
20/04/08 17:56:16 INFO ShuffleBlockFetcherIterator: Started 0 remote fetches in 0 ms
20/04/08 17:56:16 INFO ShuffleBlockFetcherIterator: Started 0 remote fetches in 0 ms
20/04/08 17:56:16 INFO ShuffleBlockFetcherIterator: Getting 2 non-empty blocks out of 2 blocks
20/04/08 17:56:16 INFO ShuffleBlockFetcherIterator: Getting 2 non-empty blocks out of 2 blocks
20/04/08 17:56:16 INFO ShuffleBlockFetcherIterator: Started 0 remote fetches in 0 ms
20/04/08 17:56:16 INFO ShuffleBlockFetcherIterator: Started 0 remote fetches in 0 ms
20/04/08 17:56:16 INFO Executor: Finished task 1.0 in stage 21.0 (TID 19). 1375 bytes result sent to driver
20/04/08 17:56:16 INFO TaskSetManager: Finished task 1.0 in stage 21.0 (TID 19) in 7 ms on localhost (1/2)
20/04/08 17:56:16 INFO Executor: Finished task 0.0 in stage 21.0 (TID 18). 1375 bytes result sent to driver
20/04/08 17:56:16 INFO TaskSetManager: Finished task 0.0 in stage 21.0 (TID 18) in 8 ms on localhost (2/2)
20/04/08 17:56:16 INFO TaskSchedulerImpl: Removed TaskSet 21.0, whose tasks have all completed, from pool 
20/04/08 17:56:16 INFO DAGScheduler: ShuffleMapStage 12 (flatMap at Graph.scala:28) finished in 0.024 s
20/04/08 17:56:16 INFO DAGScheduler: looking for newly runnable stages
20/04/08 17:56:16 INFO DAGScheduler: running: Set(ShuffleMapStage 21)
20/04/08 17:56:16 INFO DAGScheduler: waiting: Set(ShuffleMapStage 22, ResultStage 23)
20/04/08 17:56:16 INFO DAGScheduler: failed: Set()
20/04/08 17:56:16 INFO DAGScheduler: Missing parents for ShuffleMapStage 22: List(ShuffleMapStage 21)
20/04/08 17:56:16 INFO DAGScheduler: Missing parents for ResultStage 23: List(ShuffleMapStage 22)
20/04/08 17:56:16 INFO DAGScheduler: ShuffleMapStage 21 (map at Graph.scala:30) finished in 0.009 s
20/04/08 17:56:16 INFO DAGScheduler: looking for newly runnable stages
20/04/08 17:56:16 INFO DAGScheduler: running: Set()
20/04/08 17:56:16 INFO DAGScheduler: waiting: Set(ShuffleMapStage 22, ResultStage 23)
20/04/08 17:56:16 INFO DAGScheduler: failed: Set()
20/04/08 17:56:16 INFO DAGScheduler: Missing parents for ShuffleMapStage 22: List()
20/04/08 17:56:16 INFO DAGScheduler: Missing parents for ResultStage 23: List(ShuffleMapStage 22)
20/04/08 17:56:16 INFO DAGScheduler: Submitting ShuffleMapStage 22 (MapPartitionsRDD[39] at map at Graph.scala:38), which is now runnable
20/04/08 17:56:16 INFO MemoryStore: ensureFreeSpace(3528) called with curMem=188466, maxMem=555755765
20/04/08 17:56:16 INFO MemoryStore: Block broadcast_11 stored as values in memory (estimated size 3.4 KB, free 529.8 MB)
20/04/08 17:56:16 INFO MemoryStore: ensureFreeSpace(1845) called with curMem=191994, maxMem=555755765
20/04/08 17:56:16 INFO MemoryStore: Block broadcast_11_piece0 stored as bytes in memory (estimated size 1845.0 B, free 529.8 MB)
20/04/08 17:56:16 INFO BlockManagerInfo: Added broadcast_11_piece0 in memory on localhost:36672 (size: 1845.0 B, free: 530.0 MB)
20/04/08 17:56:16 INFO SparkContext: Created broadcast 11 from broadcast at DAGScheduler.scala:861
20/04/08 17:56:16 INFO DAGScheduler: Submitting 2 missing tasks from ShuffleMapStage 22 (MapPartitionsRDD[39] at map at Graph.scala:38)
20/04/08 17:56:16 INFO TaskSchedulerImpl: Adding task set 22.0 with 2 tasks
20/04/08 17:56:16 INFO TaskSetManager: Starting task 0.0 in stage 22.0 (TID 20, localhost, PROCESS_LOCAL, 2169 bytes)
20/04/08 17:56:16 INFO TaskSetManager: Starting task 1.0 in stage 22.0 (TID 21, localhost, PROCESS_LOCAL, 2169 bytes)
20/04/08 17:56:16 INFO Executor: Running task 1.0 in stage 22.0 (TID 21)
20/04/08 17:56:16 INFO Executor: Running task 0.0 in stage 22.0 (TID 20)
20/04/08 17:56:16 INFO ShuffleBlockFetcherIterator: Getting 2 non-empty blocks out of 2 blocks
20/04/08 17:56:16 INFO ShuffleBlockFetcherIterator: Started 0 remote fetches in 1 ms
20/04/08 17:56:16 INFO ShuffleBlockFetcherIterator: Getting 2 non-empty blocks out of 2 blocks
20/04/08 17:56:16 INFO ShuffleBlockFetcherIterator: Started 0 remote fetches in 0 ms
20/04/08 17:56:16 INFO ShuffleBlockFetcherIterator: Getting 2 non-empty blocks out of 2 blocks
20/04/08 17:56:16 INFO ShuffleBlockFetcherIterator: Getting 2 non-empty blocks out of 2 blocks
20/04/08 17:56:16 INFO ShuffleBlockFetcherIterator: Started 0 remote fetches in 0 ms
20/04/08 17:56:16 INFO ShuffleBlockFetcherIterator: Started 0 remote fetches in 0 ms
20/04/08 17:56:16 INFO Executor: Finished task 0.0 in stage 22.0 (TID 20). 1375 bytes result sent to driver
20/04/08 17:56:16 INFO TaskSetManager: Finished task 0.0 in stage 22.0 (TID 20) in 7 ms on localhost (1/2)
20/04/08 17:56:16 INFO Executor: Finished task 1.0 in stage 22.0 (TID 21). 1375 bytes result sent to driver
20/04/08 17:56:16 INFO TaskSetManager: Finished task 1.0 in stage 22.0 (TID 21) in 8 ms on localhost (2/2)
20/04/08 17:56:16 INFO TaskSchedulerImpl: Removed TaskSet 22.0, whose tasks have all completed, from pool 
20/04/08 17:56:16 INFO DAGScheduler: ShuffleMapStage 22 (map at Graph.scala:38) finished in 0.010 s
20/04/08 17:56:16 INFO DAGScheduler: looking for newly runnable stages
20/04/08 17:56:16 INFO DAGScheduler: running: Set()
20/04/08 17:56:16 INFO DAGScheduler: waiting: Set(ResultStage 23)
20/04/08 17:56:16 INFO DAGScheduler: failed: Set()
20/04/08 17:56:16 INFO DAGScheduler: Missing parents for ResultStage 23: List()
20/04/08 17:56:16 INFO DAGScheduler: Submitting ResultStage 23 (MapPartitionsRDD[42] at sortByKey at Graph.scala:40), which is now runnable
20/04/08 17:56:16 INFO MemoryStore: ensureFreeSpace(3208) called with curMem=193839, maxMem=555755765
20/04/08 17:56:16 INFO MemoryStore: Block broadcast_12 stored as values in memory (estimated size 3.1 KB, free 529.8 MB)
20/04/08 17:56:16 INFO MemoryStore: ensureFreeSpace(1863) called with curMem=197047, maxMem=555755765
20/04/08 17:56:16 INFO MemoryStore: Block broadcast_12_piece0 stored as bytes in memory (estimated size 1863.0 B, free 529.8 MB)
20/04/08 17:56:16 INFO BlockManagerInfo: Added broadcast_12_piece0 in memory on localhost:36672 (size: 1863.0 B, free: 530.0 MB)
20/04/08 17:56:16 INFO SparkContext: Created broadcast 12 from broadcast at DAGScheduler.scala:861
20/04/08 17:56:16 INFO DAGScheduler: Submitting 2 missing tasks from ResultStage 23 (MapPartitionsRDD[42] at sortByKey at Graph.scala:40)
20/04/08 17:56:16 INFO TaskSchedulerImpl: Adding task set 23.0 with 2 tasks
20/04/08 17:56:16 INFO TaskSetManager: Starting task 0.0 in stage 23.0 (TID 22, localhost, PROCESS_LOCAL, 1953 bytes)
20/04/08 17:56:16 INFO TaskSetManager: Starting task 1.0 in stage 23.0 (TID 23, localhost, PROCESS_LOCAL, 1953 bytes)
20/04/08 17:56:16 INFO Executor: Running task 1.0 in stage 23.0 (TID 23)
20/04/08 17:56:16 INFO Executor: Running task 0.0 in stage 23.0 (TID 22)
20/04/08 17:56:16 INFO ShuffleBlockFetcherIterator: Getting 2 non-empty blocks out of 2 blocks
20/04/08 17:56:16 INFO ShuffleBlockFetcherIterator: Getting 2 non-empty blocks out of 2 blocks
20/04/08 17:56:16 INFO ShuffleBlockFetcherIterator: Started 0 remote fetches in 0 ms
20/04/08 17:56:16 INFO ShuffleBlockFetcherIterator: Started 0 remote fetches in 0 ms
20/04/08 17:56:16 INFO Executor: Finished task 0.0 in stage 23.0 (TID 22). 1354 bytes result sent to driver
20/04/08 17:56:16 INFO Executor: Finished task 1.0 in stage 23.0 (TID 23). 1349 bytes result sent to driver
20/04/08 17:56:16 INFO TaskSetManager: Finished task 1.0 in stage 23.0 (TID 23) in 4 ms on localhost (1/2)
20/04/08 17:56:16 INFO TaskSetManager: Finished task 0.0 in stage 23.0 (TID 22) in 5 ms on localhost (2/2)
20/04/08 17:56:16 INFO TaskSchedulerImpl: Removed TaskSet 23.0, whose tasks have all completed, from pool 
20/04/08 17:56:16 INFO DAGScheduler: ResultStage 23 (sortByKey at Graph.scala:40) finished in 0.007 s
20/04/08 17:56:16 INFO DAGScheduler: Job 0 finished: sortByKey at Graph.scala:40, took 0.597410 s
20/04/08 17:56:16 INFO SparkContext: Starting job: collect at Graph.scala:41
20/04/08 17:56:16 INFO MapOutputTrackerMaster: Size of output statuses for shuffle 6 is 155 bytes
20/04/08 17:56:16 INFO MapOutputTrackerMaster: Size of output statuses for shuffle 0 is 155 bytes
20/04/08 17:56:16 INFO MapOutputTrackerMaster: Size of output statuses for shuffle 1 is 155 bytes
20/04/08 17:56:16 INFO MapOutputTrackerMaster: Size of output statuses for shuffle 7 is 152 bytes
20/04/08 17:56:16 INFO MapOutputTrackerMaster: Size of output statuses for shuffle 8 is 152 bytes
20/04/08 17:56:16 INFO MapOutputTrackerMaster: Size of output statuses for shuffle 2 is 155 bytes
20/04/08 17:56:16 INFO MapOutputTrackerMaster: Size of output statuses for shuffle 3 is 155 bytes
20/04/08 17:56:16 INFO MapOutputTrackerMaster: Size of output statuses for shuffle 9 is 152 bytes
20/04/08 17:56:16 INFO MapOutputTrackerMaster: Size of output statuses for shuffle 10 is 152 bytes
20/04/08 17:56:16 INFO MapOutputTrackerMaster: Size of output statuses for shuffle 4 is 155 bytes
20/04/08 17:56:16 INFO MapOutputTrackerMaster: Size of output statuses for shuffle 5 is 152 bytes
20/04/08 17:56:16 INFO DAGScheduler: Registering RDD 40 (reduceByKey at Graph.scala:39)
20/04/08 17:56:16 INFO DAGScheduler: Got job 1 (collect at Graph.scala:41) with 2 output partitions
20/04/08 17:56:16 INFO DAGScheduler: Final stage: ResultStage 48(collect at Graph.scala:41)
20/04/08 17:56:16 INFO DAGScheduler: Parents of final stage: List(ShuffleMapStage 47)
20/04/08 17:56:16 INFO DAGScheduler: Missing parents: List(ShuffleMapStage 47)
20/04/08 17:56:16 INFO DAGScheduler: Submitting ShuffleMapStage 47 (ShuffledRDD[40] at reduceByKey at Graph.scala:39), which has no missing parents
20/04/08 17:56:16 INFO MemoryStore: ensureFreeSpace(2656) called with curMem=198910, maxMem=555755765
20/04/08 17:56:16 INFO MemoryStore: Block broadcast_13 stored as values in memory (estimated size 2.6 KB, free 529.8 MB)
20/04/08 17:56:16 INFO MemoryStore: ensureFreeSpace(1605) called with curMem=201566, maxMem=555755765
20/04/08 17:56:16 INFO MemoryStore: Block broadcast_13_piece0 stored as bytes in memory (estimated size 1605.0 B, free 529.8 MB)
20/04/08 17:56:16 INFO BlockManagerInfo: Added broadcast_13_piece0 in memory on localhost:36672 (size: 1605.0 B, free: 530.0 MB)
20/04/08 17:56:16 INFO SparkContext: Created broadcast 13 from broadcast at DAGScheduler.scala:861
20/04/08 17:56:16 INFO DAGScheduler: Submitting 2 missing tasks from ShuffleMapStage 47 (ShuffledRDD[40] at reduceByKey at Graph.scala:39)
20/04/08 17:56:16 INFO TaskSchedulerImpl: Adding task set 47.0 with 2 tasks
20/04/08 17:56:16 INFO TaskSetManager: Starting task 0.0 in stage 47.0 (TID 24, localhost, PROCESS_LOCAL, 1942 bytes)
20/04/08 17:56:16 INFO TaskSetManager: Starting task 1.0 in stage 47.0 (TID 25, localhost, PROCESS_LOCAL, 1942 bytes)
20/04/08 17:56:16 INFO Executor: Running task 0.0 in stage 47.0 (TID 24)
20/04/08 17:56:16 INFO ShuffleBlockFetcherIterator: Getting 2 non-empty blocks out of 2 blocks
20/04/08 17:56:16 INFO ShuffleBlockFetcherIterator: Started 0 remote fetches in 0 ms
20/04/08 17:56:16 INFO Executor: Finished task 0.0 in stage 47.0 (TID 24). 1375 bytes result sent to driver
20/04/08 17:56:16 INFO Executor: Running task 1.0 in stage 47.0 (TID 25)
20/04/08 17:56:16 INFO ShuffleBlockFetcherIterator: Getting 2 non-empty blocks out of 2 blocks
20/04/08 17:56:16 INFO ShuffleBlockFetcherIterator: Started 0 remote fetches in 0 ms
20/04/08 17:56:16 INFO Executor: Finished task 1.0 in stage 47.0 (TID 25). 1375 bytes result sent to driver
20/04/08 17:56:16 INFO TaskSetManager: Finished task 0.0 in stage 47.0 (TID 24) in 9 ms on localhost (1/2)
20/04/08 17:56:16 INFO TaskSetManager: Finished task 1.0 in stage 47.0 (TID 25) in 8 ms on localhost (2/2)
20/04/08 17:56:16 INFO TaskSchedulerImpl: Removed TaskSet 47.0, whose tasks have all completed, from pool 
20/04/08 17:56:16 INFO DAGScheduler: ShuffleMapStage 47 (reduceByKey at Graph.scala:39) finished in 0.009 s
20/04/08 17:56:16 INFO DAGScheduler: looking for newly runnable stages
20/04/08 17:56:16 INFO DAGScheduler: running: Set()
20/04/08 17:56:16 INFO DAGScheduler: waiting: Set(ResultStage 48)
20/04/08 17:56:16 INFO DAGScheduler: failed: Set()
20/04/08 17:56:16 INFO DAGScheduler: Missing parents for ResultStage 48: List()
20/04/08 17:56:16 INFO DAGScheduler: Submitting ResultStage 48 (ShuffledRDD[43] at sortByKey at Graph.scala:40), which is now runnable
20/04/08 17:56:16 INFO MemoryStore: ensureFreeSpace(2568) called with curMem=203171, maxMem=555755765
20/04/08 17:56:16 INFO MemoryStore: Block broadcast_14 stored as values in memory (estimated size 2.5 KB, free 529.8 MB)
20/04/08 17:56:16 INFO MemoryStore: ensureFreeSpace(1520) called with curMem=205739, maxMem=555755765
20/04/08 17:56:16 INFO MemoryStore: Block broadcast_14_piece0 stored as bytes in memory (estimated size 1520.0 B, free 529.8 MB)
20/04/08 17:56:16 INFO BlockManagerInfo: Added broadcast_14_piece0 in memory on localhost:36672 (size: 1520.0 B, free: 530.0 MB)
20/04/08 17:56:16 INFO SparkContext: Created broadcast 14 from broadcast at DAGScheduler.scala:861
20/04/08 17:56:16 INFO DAGScheduler: Submitting 2 missing tasks from ResultStage 48 (ShuffledRDD[43] at sortByKey at Graph.scala:40)
20/04/08 17:56:16 INFO TaskSchedulerImpl: Adding task set 48.0 with 2 tasks
20/04/08 17:56:16 INFO TaskSetManager: Starting task 0.0 in stage 48.0 (TID 26, localhost, PROCESS_LOCAL, 1953 bytes)
20/04/08 17:56:16 INFO TaskSetManager: Starting task 1.0 in stage 48.0 (TID 27, localhost, PROCESS_LOCAL, 1953 bytes)
20/04/08 17:56:16 INFO Executor: Running task 0.0 in stage 48.0 (TID 26)
20/04/08 17:56:16 INFO ShuffleBlockFetcherIterator: Getting 2 non-empty blocks out of 2 blocks
20/04/08 17:56:16 INFO ShuffleBlockFetcherIterator: Started 0 remote fetches in 0 ms
20/04/08 17:56:16 INFO Executor: Running task 1.0 in stage 48.0 (TID 27)
20/04/08 17:56:16 INFO ShuffleBlockFetcherIterator: Getting 2 non-empty blocks out of 2 blocks
20/04/08 17:56:16 INFO ShuffleBlockFetcherIterator: Started 0 remote fetches in 1 ms
20/04/08 17:56:16 INFO Executor: Finished task 0.0 in stage 48.0 (TID 26). 1387 bytes result sent to driver
20/04/08 17:56:16 INFO Executor: Finished task 1.0 in stage 48.0 (TID 27). 1161 bytes result sent to driver
20/04/08 17:56:16 INFO TaskSetManager: Finished task 1.0 in stage 48.0 (TID 27) in 8 ms on localhost (1/2)
20/04/08 17:56:16 INFO TaskSetManager: Finished task 0.0 in stage 48.0 (TID 26) in 8 ms on localhost (2/2)
20/04/08 17:56:16 INFO TaskSchedulerImpl: Removed TaskSet 48.0, whose tasks have all completed, from pool 
20/04/08 17:56:16 INFO DAGScheduler: ResultStage 48 (collect at Graph.scala:41) finished in 0.009 s
20/04/08 17:56:16 INFO DAGScheduler: Job 1 finished: collect at Graph.scala:41, took 0.066836 s
(0,3)
(1,7)
20/04/08 17:56:16 INFO SparkContext: Invoking stop() from shutdown hook
20/04/08 17:56:16 INFO SparkUI: Stopped Spark web UI at http://198.202.114.19:4040
20/04/08 17:56:16 INFO DAGScheduler: Stopping DAGScheduler
20/04/08 17:56:16 INFO MapOutputTrackerMasterEndpoint: MapOutputTrackerMasterEndpoint stopped!
20/04/08 17:56:16 INFO MemoryStore: MemoryStore cleared
20/04/08 17:56:16 INFO BlockManager: BlockManager stopped
20/04/08 17:56:16 INFO BlockManagerMaster: BlockManagerMaster stopped
20/04/08 17:56:16 INFO OutputCommitCoordinator$OutputCommitCoordinatorEndpoint: OutputCommitCoordinator stopped!
20/04/08 17:56:16 INFO SparkContext: Successfully stopped SparkContext
20/04/08 17:56:16 INFO ShutdownHookManager: Shutdown hook called
20/04/08 17:56:16 INFO ShutdownHookManager: Deleting directory /tmp/spark-aa904728-f1d8-484d-8bc0-f23709f331ab
