myHadoop: Setting MH_IPOIB_TRANSFORM='s/\([^.]*\).*$/\1.ibnet/' from myhadoop.conf
myHadoop: Setting MH_SCRATCH_DIR=/scratch/$USER/$SLURM_JOBID from myhadoop.conf
myHadoop: Using HADOOP_HOME=/opt/hadoop/2.6.0
myHadoop: Using MH_SCRATCH_DIR=/scratch/sxt0251/32496288
myHadoop: Using JAVA_HOME=/lib/jvm/java
myHadoop: Generating Hadoop configuration in directory in /home/sxt0251/cometcluster...
myHadoop: Backing up old config dir to /home/sxt0251/cometcluster.49...
‘/home/sxt0251/cometcluster’ -> ‘/home/sxt0251/cometcluster.49’
myHadoop: Designating comet-26-05.ibnet as master node (namenode, secondary namenode, and jobtracker)
myHadoop: The following nodes will be slaves (datanode, tasktracer):
comet-26-05.ibnet
comet-26-29.ibnet
20/04/08 18:02:03 INFO namenode.NameNode: STARTUP_MSG: 
/************************************************************
STARTUP_MSG: Starting NameNode
STARTUP_MSG:   host = comet-26-05.sdsc.edu/198.202.113.174
STARTUP_MSG:   args = [-format]
STARTUP_MSG:   version = 2.6.0
STARTUP_MSG:   classpath = /home/sxt0251/cometcluster:/opt/hadoop/2.6.0/share/hadoop/common/lib/slf4j-api-1.7.5.jar:/opt/hadoop/2.6.0/share/hadoop/common/lib/jetty-util-6.1.26.jar:/opt/hadoop/2.6.0/share/hadoop/common/lib/slf4j-log4j12-1.7.5.jar:/opt/hadoop/2.6.0/share/hadoop/common/lib/commons-beanutils-1.7.0.jar:/opt/hadoop/2.6.0/share/hadoop/common/lib/jettison-1.1.jar:/opt/hadoop/2.6.0/share/hadoop/common/lib/stax-api-1.0-2.jar:/opt/hadoop/2.6.0/share/hadoop/common/lib/netty-3.6.2.Final.jar:/opt/hadoop/2.6.0/share/hadoop/common/lib/apacheds-kerberos-codec-2.0.0-M15.jar:/opt/hadoop/2.6.0/share/hadoop/common/lib/jackson-core-asl-1.9.13.jar:/opt/hadoop/2.6.0/share/hadoop/common/lib/servlet-api-2.5.jar:/opt/hadoop/2.6.0/share/hadoop/common/lib/activation-1.1.jar:/opt/hadoop/2.6.0/share/hadoop/common/lib/jsp-api-2.1.jar:/opt/hadoop/2.6.0/share/hadoop/common/lib/commons-cli-1.2.jar:/opt/hadoop/2.6.0/share/hadoop/common/lib/xz-1.0.jar:/opt/hadoop/2.6.0/share/hadoop/common/lib/paranamer-2.3.jar:/opt/hadoop/2.6.0/share/hadoop/common/lib/commons-httpclient-3.1.jar:/opt/hadoop/2.6.0/share/hadoop/common/lib/commons-digester-1.8.jar:/opt/hadoop/2.6.0/share/hadoop/common/lib/jasper-runtime-5.5.23.jar:/opt/hadoop/2.6.0/share/hadoop/common/lib/xmlenc-0.52.jar:/opt/hadoop/2.6.0/share/hadoop/common/lib/commons-logging-1.1.3.jar:/opt/hadoop/2.6.0/share/hadoop/common/lib/commons-configuration-1.6.jar:/opt/hadoop/2.6.0/share/hadoop/common/lib/java-xmlbuilder-0.4.jar:/opt/hadoop/2.6.0/share/hadoop/common/lib/commons-compress-1.4.1.jar:/opt/hadoop/2.6.0/share/hadoop/common/lib/commons-codec-1.4.jar:/opt/hadoop/2.6.0/share/hadoop/common/lib/api-util-1.0.0-M20.jar:/opt/hadoop/2.6.0/share/hadoop/common/lib/jsr305-1.3.9.jar:/opt/hadoop/2.6.0/share/hadoop/common/lib/jackson-xc-1.9.13.jar:/opt/hadoop/2.6.0/share/hadoop/common/lib/jetty-6.1.26.jar:/opt/hadoop/2.6.0/share/hadoop/common/lib/protobuf-java-2.5.0.jar:/opt/hadoop/2.6.0/share/hadoop/common/lib/apacheds-i18n-2.0.0-M15.jar:/opt/hadoop/2.6.0/share/hadoop/common/lib/hadoop-annotations-2.6.0.jar:/opt/hadoop/2.6.0/share/hadoop/common/lib/jets3t-0.9.0.jar:/opt/hadoop/2.6.0/share/hadoop/common/lib/jaxb-api-2.2.2.jar:/opt/hadoop/2.6.0/share/hadoop/common/lib/curator-framework-2.6.0.jar:/opt/hadoop/2.6.0/share/hadoop/common/lib/snappy-java-1.0.4.1.jar:/opt/hadoop/2.6.0/share/hadoop/common/lib/commons-lang-2.6.jar:/opt/hadoop/2.6.0/share/hadoop/common/lib/jersey-json-1.9.jar:/opt/hadoop/2.6.0/share/hadoop/common/lib/commons-beanutils-core-1.8.0.jar:/opt/hadoop/2.6.0/share/hadoop/common/lib/jaxb-impl-2.2.3-1.jar:/opt/hadoop/2.6.0/share/hadoop/common/lib/log4j-1.2.17.jar:/opt/hadoop/2.6.0/share/hadoop/common/lib/zookeeper-3.4.6.jar:/opt/hadoop/2.6.0/share/hadoop/common/lib/commons-collections-3.2.1.jar:/opt/hadoop/2.6.0/share/hadoop/common/lib/jasper-compiler-5.5.23.jar:/opt/hadoop/2.6.0/share/hadoop/common/lib/hadoop-auth-2.6.0.jar:/opt/hadoop/2.6.0/share/hadoop/common/lib/curator-recipes-2.6.0.jar:/opt/hadoop/2.6.0/share/hadoop/common/lib/commons-el-1.0.jar:/opt/hadoop/2.6.0/share/hadoop/common/lib/httpclient-4.2.5.jar:/opt/hadoop/2.6.0/share/hadoop/common/lib/commons-net-3.1.jar:/opt/hadoop/2.6.0/share/hadoop/common/lib/httpcore-4.2.5.jar:/opt/hadoop/2.6.0/share/hadoop/common/lib/asm-3.2.jar:/opt/hadoop/2.6.0/share/hadoop/common/lib/commons-math3-3.1.1.jar:/opt/hadoop/2.6.0/share/hadoop/common/lib/jersey-core-1.9.jar:/opt/hadoop/2.6.0/share/hadoop/common/lib/guava-11.0.2.jar:/opt/hadoop/2.6.0/share/hadoop/common/lib/jackson-mapper-asl-1.9.13.jar:/opt/hadoop/2.6.0/share/hadoop/common/lib/htrace-core-3.0.4.jar:/opt/hadoop/2.6.0/share/hadoop/common/lib/api-asn1-api-1.0.0-M20.jar:/opt/hadoop/2.6.0/share/hadoop/common/lib/commons-io-2.4.jar:/opt/hadoop/2.6.0/share/hadoop/common/lib/mockito-all-1.8.5.jar:/opt/hadoop/2.6.0/share/hadoop/common/lib/jersey-server-1.9.jar:/opt/hadoop/2.6.0/share/hadoop/common/lib/avro-1.7.4.jar:/opt/hadoop/2.6.0/share/hadoop/common/lib/jsch-0.1.42.jar:/opt/hadoop/2.6.0/share/hadoop/common/lib/junit-4.11.jar:/opt/hadoop/2.6.0/share/hadoop/common/lib/curator-client-2.6.0.jar:/opt/hadoop/2.6.0/share/hadoop/common/lib/hamcrest-core-1.3.jar:/opt/hadoop/2.6.0/share/hadoop/common/lib/gson-2.2.4.jar:/opt/hadoop/2.6.0/share/hadoop/common/lib/jackson-jaxrs-1.9.13.jar:/opt/hadoop/2.6.0/share/hadoop/common/hadoop-nfs-2.6.0.jar:/opt/hadoop/2.6.0/share/hadoop/common/hadoop-common-2.6.0.jar:/opt/hadoop/2.6.0/share/hadoop/common/hadoop-common-2.6.0-tests.jar:/opt/hadoop/2.6.0/share/hadoop/hdfs:/opt/hadoop/2.6.0/share/hadoop/hdfs/lib/jetty-util-6.1.26.jar:/opt/hadoop/2.6.0/share/hadoop/hdfs/lib/netty-3.6.2.Final.jar:/opt/hadoop/2.6.0/share/hadoop/hdfs/lib/commons-daemon-1.0.13.jar:/opt/hadoop/2.6.0/share/hadoop/hdfs/lib/jackson-core-asl-1.9.13.jar:/opt/hadoop/2.6.0/share/hadoop/hdfs/lib/servlet-api-2.5.jar:/opt/hadoop/2.6.0/share/hadoop/hdfs/lib/jsp-api-2.1.jar:/opt/hadoop/2.6.0/share/hadoop/hdfs/lib/commons-cli-1.2.jar:/opt/hadoop/2.6.0/share/hadoop/hdfs/lib/jasper-runtime-5.5.23.jar:/opt/hadoop/2.6.0/share/hadoop/hdfs/lib/xmlenc-0.52.jar:/opt/hadoop/2.6.0/share/hadoop/hdfs/lib/commons-logging-1.1.3.jar:/opt/hadoop/2.6.0/share/hadoop/hdfs/lib/commons-codec-1.4.jar:/opt/hadoop/2.6.0/share/hadoop/hdfs/lib/jsr305-1.3.9.jar:/opt/hadoop/2.6.0/share/hadoop/hdfs/lib/jetty-6.1.26.jar:/opt/hadoop/2.6.0/share/hadoop/hdfs/lib/protobuf-java-2.5.0.jar:/opt/hadoop/2.6.0/share/hadoop/hdfs/lib/commons-lang-2.6.jar:/opt/hadoop/2.6.0/share/hadoop/hdfs/lib/log4j-1.2.17.jar:/opt/hadoop/2.6.0/share/hadoop/hdfs/lib/xml-apis-1.3.04.jar:/opt/hadoop/2.6.0/share/hadoop/hdfs/lib/commons-el-1.0.jar:/opt/hadoop/2.6.0/share/hadoop/hdfs/lib/asm-3.2.jar:/opt/hadoop/2.6.0/share/hadoop/hdfs/lib/jersey-core-1.9.jar:/opt/hadoop/2.6.0/share/hadoop/hdfs/lib/guava-11.0.2.jar:/opt/hadoop/2.6.0/share/hadoop/hdfs/lib/jackson-mapper-asl-1.9.13.jar:/opt/hadoop/2.6.0/share/hadoop/hdfs/lib/htrace-core-3.0.4.jar:/opt/hadoop/2.6.0/share/hadoop/hdfs/lib/xercesImpl-2.9.1.jar:/opt/hadoop/2.6.0/share/hadoop/hdfs/lib/commons-io-2.4.jar:/opt/hadoop/2.6.0/share/hadoop/hdfs/lib/jersey-server-1.9.jar:/opt/hadoop/2.6.0/share/hadoop/hdfs/hadoop-hdfs-2.6.0-tests.jar:/opt/hadoop/2.6.0/share/hadoop/hdfs/hadoop-hdfs-nfs-2.6.0.jar:/opt/hadoop/2.6.0/share/hadoop/hdfs/hadoop-hdfs-2.6.0.jar:/opt/hadoop/2.6.0/share/hadoop/yarn/lib/jline-0.9.94.jar:/opt/hadoop/2.6.0/share/hadoop/yarn/lib/jetty-util-6.1.26.jar:/opt/hadoop/2.6.0/share/hadoop/yarn/lib/jettison-1.1.jar:/opt/hadoop/2.6.0/share/hadoop/yarn/lib/stax-api-1.0-2.jar:/opt/hadoop/2.6.0/share/hadoop/yarn/lib/netty-3.6.2.Final.jar:/opt/hadoop/2.6.0/share/hadoop/yarn/lib/javax.inject-1.jar:/opt/hadoop/2.6.0/share/hadoop/yarn/lib/jackson-core-asl-1.9.13.jar:/opt/hadoop/2.6.0/share/hadoop/yarn/lib/servlet-api-2.5.jar:/opt/hadoop/2.6.0/share/hadoop/yarn/lib/activation-1.1.jar:/opt/hadoop/2.6.0/share/hadoop/yarn/lib/commons-cli-1.2.jar:/opt/hadoop/2.6.0/share/hadoop/yarn/lib/xz-1.0.jar:/opt/hadoop/2.6.0/share/hadoop/yarn/lib/commons-httpclient-3.1.jar:/opt/hadoop/2.6.0/share/hadoop/yarn/lib/guice-servlet-3.0.jar:/opt/hadoop/2.6.0/share/hadoop/yarn/lib/jersey-client-1.9.jar:/opt/hadoop/2.6.0/share/hadoop/yarn/lib/commons-logging-1.1.3.jar:/opt/hadoop/2.6.0/share/hadoop/yarn/lib/leveldbjni-all-1.8.jar:/opt/hadoop/2.6.0/share/hadoop/yarn/lib/commons-compress-1.4.1.jar:/opt/hadoop/2.6.0/share/hadoop/yarn/lib/commons-codec-1.4.jar:/opt/hadoop/2.6.0/share/hadoop/yarn/lib/jsr305-1.3.9.jar:/opt/hadoop/2.6.0/share/hadoop/yarn/lib/jackson-xc-1.9.13.jar:/opt/hadoop/2.6.0/share/hadoop/yarn/lib/jetty-6.1.26.jar:/opt/hadoop/2.6.0/share/hadoop/yarn/lib/protobuf-java-2.5.0.jar:/opt/hadoop/2.6.0/share/hadoop/yarn/lib/jaxb-api-2.2.2.jar:/opt/hadoop/2.6.0/share/hadoop/yarn/lib/aopalliance-1.0.jar:/opt/hadoop/2.6.0/share/hadoop/yarn/lib/commons-lang-2.6.jar:/opt/hadoop/2.6.0/share/hadoop/yarn/lib/jersey-json-1.9.jar:/opt/hadoop/2.6.0/share/hadoop/yarn/lib/jaxb-impl-2.2.3-1.jar:/opt/hadoop/2.6.0/share/hadoop/yarn/lib/log4j-1.2.17.jar:/opt/hadoop/2.6.0/share/hadoop/yarn/lib/zookeeper-3.4.6.jar:/opt/hadoop/2.6.0/share/hadoop/yarn/lib/commons-collections-3.2.1.jar:/opt/hadoop/2.6.0/share/hadoop/yarn/lib/asm-3.2.jar:/opt/hadoop/2.6.0/share/hadoop/yarn/lib/jersey-core-1.9.jar:/opt/hadoop/2.6.0/share/hadoop/yarn/lib/guava-11.0.2.jar:/opt/hadoop/2.6.0/share/hadoop/yarn/lib/jersey-guice-1.9.jar:/opt/hadoop/2.6.0/share/hadoop/yarn/lib/jackson-mapper-asl-1.9.13.jar:/opt/hadoop/2.6.0/share/hadoop/yarn/lib/commons-io-2.4.jar:/opt/hadoop/2.6.0/share/hadoop/yarn/lib/guice-3.0.jar:/opt/hadoop/2.6.0/share/hadoop/yarn/lib/jersey-server-1.9.jar:/opt/hadoop/2.6.0/share/hadoop/yarn/lib/jackson-jaxrs-1.9.13.jar:/opt/hadoop/2.6.0/share/hadoop/yarn/hadoop-yarn-client-2.6.0.jar:/opt/hadoop/2.6.0/share/hadoop/yarn/hadoop-yarn-server-nodemanager-2.6.0.jar:/opt/hadoop/2.6.0/share/hadoop/yarn/hadoop-yarn-server-applicationhistoryservice-2.6.0.jar:/opt/hadoop/2.6.0/share/hadoop/yarn/hadoop-yarn-server-common-2.6.0.jar:/opt/hadoop/2.6.0/share/hadoop/yarn/hadoop-yarn-api-2.6.0.jar:/opt/hadoop/2.6.0/share/hadoop/yarn/hadoop-yarn-server-resourcemanager-2.6.0.jar:/opt/hadoop/2.6.0/share/hadoop/yarn/hadoop-yarn-server-tests-2.6.0.jar:/opt/hadoop/2.6.0/share/hadoop/yarn/hadoop-yarn-common-2.6.0.jar:/opt/hadoop/2.6.0/share/hadoop/yarn/hadoop-yarn-server-web-proxy-2.6.0.jar:/opt/hadoop/2.6.0/share/hadoop/yarn/hadoop-yarn-applications-unmanaged-am-launcher-2.6.0.jar:/opt/hadoop/2.6.0/share/hadoop/yarn/hadoop-yarn-applications-distributedshell-2.6.0.jar:/opt/hadoop/2.6.0/share/hadoop/yarn/hadoop-yarn-registry-2.6.0.jar:/opt/hadoop/2.6.0/share/hadoop/mapreduce/lib/netty-3.6.2.Final.jar:/opt/hadoop/2.6.0/share/hadoop/mapreduce/lib/javax.inject-1.jar:/opt/hadoop/2.6.0/share/hadoop/mapreduce/lib/jackson-core-asl-1.9.13.jar:/opt/hadoop/2.6.0/share/hadoop/mapreduce/lib/xz-1.0.jar:/opt/hadoop/2.6.0/share/hadoop/mapreduce/lib/paranamer-2.3.jar:/opt/hadoop/2.6.0/share/hadoop/mapreduce/lib/guice-servlet-3.0.jar:/opt/hadoop/2.6.0/share/hadoop/mapreduce/lib/leveldbjni-all-1.8.jar:/opt/hadoop/2.6.0/share/hadoop/mapreduce/lib/commons-compress-1.4.1.jar:/opt/hadoop/2.6.0/share/hadoop/mapreduce/lib/protobuf-java-2.5.0.jar:/opt/hadoop/2.6.0/share/hadoop/mapreduce/lib/hadoop-annotations-2.6.0.jar:/opt/hadoop/2.6.0/share/hadoop/mapreduce/lib/snappy-java-1.0.4.1.jar:/opt/hadoop/2.6.0/share/hadoop/mapreduce/lib/aopalliance-1.0.jar:/opt/hadoop/2.6.0/share/hadoop/mapreduce/lib/log4j-1.2.17.jar:/opt/hadoop/2.6.0/share/hadoop/mapreduce/lib/asm-3.2.jar:/opt/hadoop/2.6.0/share/hadoop/mapreduce/lib/jersey-core-1.9.jar:/opt/hadoop/2.6.0/share/hadoop/mapreduce/lib/jersey-guice-1.9.jar:/opt/hadoop/2.6.0/share/hadoop/mapreduce/lib/jackson-mapper-asl-1.9.13.jar:/opt/hadoop/2.6.0/share/hadoop/mapreduce/lib/commons-io-2.4.jar:/opt/hadoop/2.6.0/share/hadoop/mapreduce/lib/guice-3.0.jar:/opt/hadoop/2.6.0/share/hadoop/mapreduce/lib/jersey-server-1.9.jar:/opt/hadoop/2.6.0/share/hadoop/mapreduce/lib/avro-1.7.4.jar:/opt/hadoop/2.6.0/share/hadoop/mapreduce/lib/junit-4.11.jar:/opt/hadoop/2.6.0/share/hadoop/mapreduce/lib/hamcrest-core-1.3.jar:/opt/hadoop/2.6.0/share/hadoop/mapreduce/hadoop-mapreduce-client-hs-2.6.0.jar:/opt/hadoop/2.6.0/share/hadoop/mapreduce/hadoop-mapreduce-client-jobclient-2.6.0-tests.jar:/opt/hadoop/2.6.0/share/hadoop/mapreduce/hadoop-mapreduce-client-core-2.6.0.jar:/opt/hadoop/2.6.0/share/hadoop/mapreduce/hadoop-mapreduce-client-app-2.6.0.jar:/opt/hadoop/2.6.0/share/hadoop/mapreduce/hadoop-mapreduce-client-shuffle-2.6.0.jar:/opt/hadoop/2.6.0/share/hadoop/mapreduce/hadoop-mapreduce-examples-2.6.0.jar:/opt/hadoop/2.6.0/share/hadoop/mapreduce/hadoop-mapreduce-client-jobclient-2.6.0.jar:/opt/hadoop/2.6.0/share/hadoop/mapreduce/hadoop-mapreduce-client-common-2.6.0.jar:/opt/hadoop/2.6.0/share/hadoop/mapreduce/hadoop-mapreduce-client-hs-plugins-2.6.0.jar:/opt/hadoop/2.6.0/contrib/capacity-scheduler/*.jar
STARTUP_MSG:   build = https://git-wip-us.apache.org/repos/asf/hadoop.git -r e3496499ecb8d220fba99dc5ed4c99c8f9e33bb1; compiled by 'jenkins' on 2014-11-13T21:10Z
STARTUP_MSG:   java = 1.8.0_212
************************************************************/
20/04/08 18:02:03 INFO namenode.NameNode: registered UNIX signal handlers for [TERM, HUP, INT]
20/04/08 18:02:03 INFO namenode.NameNode: createNameNode [-format]
20/04/08 18:02:03 WARN common.Util: Path /scratch/sxt0251/32496288/namenode_data should be specified as a URI in configuration files. Please update hdfs configuration.
20/04/08 18:02:03 WARN common.Util: Path /scratch/sxt0251/32496288/namenode_data should be specified as a URI in configuration files. Please update hdfs configuration.
Formatting using clusterid: CID-bf8518f5-454f-4721-bd57-39e940b5527e
20/04/08 18:02:03 INFO namenode.FSNamesystem: No KeyProvider found.
20/04/08 18:02:03 INFO namenode.FSNamesystem: fsLock is fair:true
20/04/08 18:02:03 INFO blockmanagement.DatanodeManager: dfs.block.invalidate.limit=1000
20/04/08 18:02:03 INFO blockmanagement.DatanodeManager: dfs.namenode.datanode.registration.ip-hostname-check=true
20/04/08 18:02:03 INFO blockmanagement.BlockManager: dfs.namenode.startup.delay.block.deletion.sec is set to 000:00:00:00.000
20/04/08 18:02:03 INFO blockmanagement.BlockManager: The block deletion will start around 2020 Apr 08 18:02:03
20/04/08 18:02:03 INFO util.GSet: Computing capacity for map BlocksMap
20/04/08 18:02:03 INFO util.GSet: VM type       = 64-bit
20/04/08 18:02:03 INFO util.GSet: 2.0% max memory 889 MB = 17.8 MB
20/04/08 18:02:03 INFO util.GSet: capacity      = 2^21 = 2097152 entries
20/04/08 18:02:03 INFO blockmanagement.BlockManager: dfs.block.access.token.enable=false
20/04/08 18:02:03 INFO blockmanagement.BlockManager: defaultReplication         = 3
20/04/08 18:02:03 INFO blockmanagement.BlockManager: maxReplication             = 512
20/04/08 18:02:03 INFO blockmanagement.BlockManager: minReplication             = 1
20/04/08 18:02:03 INFO blockmanagement.BlockManager: maxReplicationStreams      = 2
20/04/08 18:02:03 INFO blockmanagement.BlockManager: shouldCheckForEnoughRacks  = false
20/04/08 18:02:03 INFO blockmanagement.BlockManager: replicationRecheckInterval = 3000
20/04/08 18:02:03 INFO blockmanagement.BlockManager: encryptDataTransfer        = false
20/04/08 18:02:03 INFO blockmanagement.BlockManager: maxNumBlocksToLog          = 1000
20/04/08 18:02:03 INFO namenode.FSNamesystem: fsOwner             = sxt0251 (auth:SIMPLE)
20/04/08 18:02:03 INFO namenode.FSNamesystem: supergroup          = supergroup
20/04/08 18:02:03 INFO namenode.FSNamesystem: isPermissionEnabled = true
20/04/08 18:02:03 INFO namenode.FSNamesystem: HA Enabled: false
20/04/08 18:02:03 INFO namenode.FSNamesystem: Append Enabled: true
20/04/08 18:02:04 INFO util.GSet: Computing capacity for map INodeMap
20/04/08 18:02:04 INFO util.GSet: VM type       = 64-bit
20/04/08 18:02:04 INFO util.GSet: 1.0% max memory 889 MB = 8.9 MB
20/04/08 18:02:04 INFO util.GSet: capacity      = 2^20 = 1048576 entries
20/04/08 18:02:04 INFO namenode.NameNode: Caching file names occuring more than 10 times
20/04/08 18:02:04 INFO util.GSet: Computing capacity for map cachedBlocks
20/04/08 18:02:04 INFO util.GSet: VM type       = 64-bit
20/04/08 18:02:04 INFO util.GSet: 0.25% max memory 889 MB = 2.2 MB
20/04/08 18:02:04 INFO util.GSet: capacity      = 2^18 = 262144 entries
20/04/08 18:02:04 INFO namenode.FSNamesystem: dfs.namenode.safemode.threshold-pct = 0.9990000128746033
20/04/08 18:02:04 INFO namenode.FSNamesystem: dfs.namenode.safemode.min.datanodes = 0
20/04/08 18:02:04 INFO namenode.FSNamesystem: dfs.namenode.safemode.extension     = 30000
20/04/08 18:02:04 INFO namenode.FSNamesystem: Retry cache on namenode is enabled
20/04/08 18:02:04 INFO namenode.FSNamesystem: Retry cache will use 0.03 of total heap and retry cache entry expiry time is 600000 millis
20/04/08 18:02:04 INFO util.GSet: Computing capacity for map NameNodeRetryCache
20/04/08 18:02:04 INFO util.GSet: VM type       = 64-bit
20/04/08 18:02:04 INFO util.GSet: 0.029999999329447746% max memory 889 MB = 273.1 KB
20/04/08 18:02:04 INFO util.GSet: capacity      = 2^15 = 32768 entries
20/04/08 18:02:04 INFO namenode.NNConf: ACLs enabled? false
20/04/08 18:02:04 INFO namenode.NNConf: XAttrs enabled? true
20/04/08 18:02:04 INFO namenode.NNConf: Maximum size of an xattr: 16384
20/04/08 18:02:04 INFO namenode.FSImage: Allocated new BlockPoolId: BP-44200080-198.202.113.174-1586394124068
20/04/08 18:02:04 INFO common.Storage: Storage directory /scratch/sxt0251/32496288/namenode_data has been successfully formatted.
20/04/08 18:02:04 INFO namenode.NNStorageRetentionManager: Going to retain 1 images with txid >= 0
20/04/08 18:02:04 INFO util.ExitUtil: Exiting with status 0
20/04/08 18:02:04 INFO namenode.NameNode: SHUTDOWN_MSG: 
/************************************************************
SHUTDOWN_MSG: Shutting down NameNode at comet-26-05.sdsc.edu/198.202.113.174
************************************************************/
myHadoop:  
myHadoop: Enabling experimental Spark support
myHadoop: Using SPARK_CONF_DIR=/home/sxt0251/cometcluster/spark
myHadoop:  
To use Spark, you will want to type the following commands:"
  source /home/sxt0251/cometcluster/spark/spark-env.sh
  myspark start
Starting namenodes on [comet-26-05.ibnet]
comet-26-05.ibnet: starting namenode, logging to /scratch/sxt0251/32496288/logs/hadoop-sxt0251-namenode-comet-26-05.sdsc.edu.out
comet-26-05.ibnet: starting datanode, logging to /scratch/sxt0251/32496288/logs/hadoop-sxt0251-datanode-comet-26-05.sdsc.edu.out
comet-26-29.ibnet: starting datanode, logging to /scratch/sxt0251/32496288/logs/hadoop-sxt0251-datanode-comet-26-29.sdsc.edu.out
Starting secondary namenodes [comet-26-05.ibnet]
comet-26-05.ibnet: starting secondarynamenode, logging to /scratch/sxt0251/32496288/logs/hadoop-sxt0251-secondarynamenode-comet-26-05.sdsc.edu.out
starting yarn daemons
starting resourcemanager, logging to /scratch/sxt0251/32496288/logs/yarn-sxt0251-resourcemanager-comet-26-05.out
comet-26-05.ibnet: starting nodemanager, logging to /scratch/sxt0251/32496288/logs/yarn-sxt0251-nodemanager-comet-26-05.sdsc.edu.out
comet-26-29.ibnet: starting nodemanager, logging to /scratch/sxt0251/32496288/logs/yarn-sxt0251-nodemanager-comet-26-29.sdsc.edu.out
mySpark: Using /home/sxt0251/cometcluster/spark/slaves as our slaves file
mySpark: Reading in /home/sxt0251/cometcluster/spark/spark-env.sh as our slaves file
starting org.apache.spark.deploy.master.Master, logging to /scratch/sxt0251/32496288/logs/spark-sxt0251-org.apache.spark.deploy.master.Master-1-comet-26-05.out
mySpark: Starting worker on comet-26-05.ibnet:
  /opt/spark/1.5.2/sbin/spark-daemon.sh --config /home/sxt0251/cometcluster/spark start org.apache.spark.deploy.worker.Worker 1 spark://comet-26-05.ibnet:7077
starting org.apache.spark.deploy.worker.Worker, logging to /scratch/sxt0251/32496288/logs/spark-sxt0251-org.apache.spark.deploy.worker.Worker-1-comet-26-05.sdsc.edu.out
mySpark: Starting worker on comet-26-29.ibnet:
  /opt/spark/1.5.2/sbin/spark-daemon.sh --config /home/sxt0251/cometcluster/spark start org.apache.spark.deploy.worker.Worker 1 spark://comet-26-05.ibnet:7077
starting org.apache.spark.deploy.worker.Worker, logging to /scratch/sxt0251/32496288/logs/spark-sxt0251-org.apache.spark.deploy.worker.Worker-1-comet-26-29.sdsc.edu.out
20/04/08 18:02:35 INFO spark.SparkContext: Running Spark version 1.5.2
20/04/08 18:02:35 WARN util.NativeCodeLoader: Unable to load native-hadoop library for your platform... using builtin-java classes where applicable
20/04/08 18:02:35 INFO spark.SecurityManager: Changing view acls to: sxt0251
20/04/08 18:02:35 INFO spark.SecurityManager: Changing modify acls to: sxt0251
20/04/08 18:02:35 INFO spark.SecurityManager: SecurityManager: authentication disabled; ui acls disabled; users with view permissions: Set(sxt0251); users with modify permissions: Set(sxt0251)
20/04/08 18:02:35 INFO slf4j.Slf4jLogger: Slf4jLogger started
20/04/08 18:02:35 INFO Remoting: Starting remoting
20/04/08 18:02:35 INFO Remoting: Remoting started; listening on addresses :[akka.tcp://sparkDriver@10.22.249.130:46103]
20/04/08 18:02:35 INFO util.Utils: Successfully started service 'sparkDriver' on port 46103.
20/04/08 18:02:35 INFO spark.SparkEnv: Registering MapOutputTracker
20/04/08 18:02:35 INFO spark.SparkEnv: Registering BlockManagerMaster
20/04/08 18:02:35 INFO storage.DiskBlockManager: Created local directory at /tmp/blockmgr-43c74e5b-b52e-46b6-bef8-a29cb73c7597
20/04/08 18:02:35 INFO storage.MemoryStore: MemoryStore started with capacity 530.0 MB
20/04/08 18:02:36 INFO spark.HttpFileServer: HTTP File server directory is /tmp/spark-6c9d4f2f-2d9c-4c4d-a02a-8ef4b9cd8d91/httpd-7b112f1b-9e86-447f-86ed-c82d2efcb7f9
20/04/08 18:02:36 INFO spark.HttpServer: Starting HTTP Server
20/04/08 18:02:36 INFO server.Server: jetty-8.y.z-SNAPSHOT
20/04/08 18:02:36 INFO server.AbstractConnector: Started SocketConnector@0.0.0.0:34033
20/04/08 18:02:36 INFO util.Utils: Successfully started service 'HTTP file server' on port 34033.
20/04/08 18:02:36 INFO spark.SparkEnv: Registering OutputCommitCoordinator
20/04/08 18:02:36 INFO server.Server: jetty-8.y.z-SNAPSHOT
20/04/08 18:02:36 INFO server.AbstractConnector: Started SelectChannelConnector@0.0.0.0:4040
20/04/08 18:02:36 INFO util.Utils: Successfully started service 'SparkUI' on port 4040.
20/04/08 18:02:36 INFO ui.SparkUI: Started SparkUI at http://10.22.249.130:4040
20/04/08 18:02:36 INFO spark.SparkContext: Added JAR file:/home/sxt0251/project5/graph.jar at http://10.22.249.130:34033/jars/graph.jar with timestamp 1586394156186
20/04/08 18:02:36 WARN metrics.MetricsSystem: Using default name DAGScheduler for source because spark.app.id is not set.
20/04/08 18:02:36 INFO client.AppClient$ClientEndpoint: Connecting to master spark://comet-26-05.ibnet:7077...
20/04/08 18:02:36 INFO cluster.SparkDeploySchedulerBackend: Connected to Spark cluster with app ID app-20200408180236-0000
20/04/08 18:02:36 INFO client.AppClient$ClientEndpoint: Executor added: app-20200408180236-0000/0 on worker-20200408180227-10.22.249.130-40835 (10.22.249.130:40835) with 24 cores
20/04/08 18:02:36 INFO cluster.SparkDeploySchedulerBackend: Granted executor ID app-20200408180236-0000/0 on hostPort 10.22.249.130:40835 with 24 cores, 1024.0 MB RAM
20/04/08 18:02:36 INFO client.AppClient$ClientEndpoint: Executor added: app-20200408180236-0000/1 on worker-20200408180230-10.22.249.106-41241 (10.22.249.106:41241) with 24 cores
20/04/08 18:02:36 INFO cluster.SparkDeploySchedulerBackend: Granted executor ID app-20200408180236-0000/1 on hostPort 10.22.249.106:41241 with 24 cores, 1024.0 MB RAM
20/04/08 18:02:36 INFO client.AppClient$ClientEndpoint: Executor updated: app-20200408180236-0000/0 is now RUNNING
20/04/08 18:02:36 INFO util.Utils: Successfully started service 'org.apache.spark.network.netty.NettyBlockTransferService' on port 42808.
20/04/08 18:02:36 INFO netty.NettyBlockTransferService: Server created on 42808
20/04/08 18:02:36 INFO storage.BlockManagerMaster: Trying to register BlockManager
20/04/08 18:02:36 INFO storage.BlockManagerMasterEndpoint: Registering block manager 10.22.249.130:42808 with 530.0 MB RAM, BlockManagerId(driver, 10.22.249.130, 42808)
20/04/08 18:02:36 INFO storage.BlockManagerMaster: Registered BlockManager
20/04/08 18:02:36 INFO client.AppClient$ClientEndpoint: Executor updated: app-20200408180236-0000/1 is now LOADING
20/04/08 18:02:36 INFO client.AppClient$ClientEndpoint: Executor updated: app-20200408180236-0000/1 is now RUNNING
20/04/08 18:02:36 INFO client.AppClient$ClientEndpoint: Executor updated: app-20200408180236-0000/0 is now LOADING
20/04/08 18:02:36 INFO cluster.SparkDeploySchedulerBackend: SchedulerBackend is ready for scheduling beginning after reached minRegisteredResourcesRatio: 0.0
20/04/08 18:02:36 INFO storage.MemoryStore: ensureFreeSpace(120176) called with curMem=0, maxMem=555755765
20/04/08 18:02:36 INFO storage.MemoryStore: Block broadcast_0 stored as values in memory (estimated size 117.4 KB, free 529.9 MB)
20/04/08 18:02:36 INFO storage.MemoryStore: ensureFreeSpace(12887) called with curMem=120176, maxMem=555755765
20/04/08 18:02:36 INFO storage.MemoryStore: Block broadcast_0_piece0 stored as bytes in memory (estimated size 12.6 KB, free 529.9 MB)
20/04/08 18:02:36 INFO storage.BlockManagerInfo: Added broadcast_0_piece0 in memory on 10.22.249.130:42808 (size: 12.6 KB, free: 530.0 MB)
20/04/08 18:02:36 INFO spark.SparkContext: Created broadcast 0 from textFile at Graph.scala:11
20/04/08 18:02:37 INFO mapred.FileInputFormat: Total input paths to process : 1
20/04/08 18:02:37 INFO spark.SparkContext: Starting job: sortByKey at Graph.scala:40
20/04/08 18:02:37 INFO scheduler.DAGScheduler: Registering RDD 4 (flatMap at Graph.scala:28)
20/04/08 18:02:37 INFO scheduler.DAGScheduler: Registering RDD 6 (map at Graph.scala:30)
20/04/08 18:02:37 INFO scheduler.DAGScheduler: Registering RDD 13 (map at Graph.scala:30)
20/04/08 18:02:37 INFO scheduler.DAGScheduler: Registering RDD 11 (flatMap at Graph.scala:28)
20/04/08 18:02:37 INFO scheduler.DAGScheduler: Registering RDD 18 (flatMap at Graph.scala:28)
20/04/08 18:02:37 INFO spark.MapOutputTrackerMaster: Size of output statuses for shuffle 7 is 85 bytes
20/04/08 18:02:37 INFO spark.MapOutputTrackerMaster: Size of output statuses for shuffle 6 is 85 bytes
20/04/08 18:02:37 INFO spark.MapOutputTrackerMaster: Size of output statuses for shuffle 0 is 85 bytes
20/04/08 18:02:37 INFO spark.MapOutputTrackerMaster: Size of output statuses for shuffle 1 is 85 bytes
20/04/08 18:02:37 INFO scheduler.DAGScheduler: Registering RDD 20 (map at Graph.scala:30)
20/04/08 18:02:37 INFO scheduler.DAGScheduler: Registering RDD 27 (map at Graph.scala:30)
20/04/08 18:02:37 INFO scheduler.DAGScheduler: Registering RDD 25 (flatMap at Graph.scala:28)
20/04/08 18:02:37 INFO scheduler.DAGScheduler: Registering RDD 32 (flatMap at Graph.scala:28)
20/04/08 18:02:37 INFO spark.MapOutputTrackerMaster: Size of output statuses for shuffle 9 is 85 bytes
20/04/08 18:02:37 INFO spark.MapOutputTrackerMaster: Size of output statuses for shuffle 8 is 85 bytes
20/04/08 18:02:37 INFO spark.MapOutputTrackerMaster: Size of output statuses for shuffle 2 is 85 bytes
20/04/08 18:02:37 INFO spark.MapOutputTrackerMaster: Size of output statuses for shuffle 3 is 85 bytes
20/04/08 18:02:37 INFO scheduler.DAGScheduler: Registering RDD 34 (map at Graph.scala:30)
20/04/08 18:02:37 INFO scheduler.DAGScheduler: Registering RDD 39 (map at Graph.scala:38)
20/04/08 18:02:37 INFO scheduler.DAGScheduler: Got job 0 (sortByKey at Graph.scala:40) with 2 output partitions
20/04/08 18:02:37 INFO scheduler.DAGScheduler: Final stage: ResultStage 23(sortByKey at Graph.scala:40)
20/04/08 18:02:37 INFO scheduler.DAGScheduler: Parents of final stage: List(ShuffleMapStage 22)
20/04/08 18:02:37 INFO scheduler.DAGScheduler: Missing parents: List(ShuffleMapStage 22)
20/04/08 18:02:37 INFO scheduler.DAGScheduler: Submitting ShuffleMapStage 16 (MapPartitionsRDD[4] at flatMap at Graph.scala:28), which has no missing parents
20/04/08 18:02:37 INFO storage.MemoryStore: ensureFreeSpace(4232) called with curMem=133063, maxMem=555755765
20/04/08 18:02:37 INFO storage.MemoryStore: Block broadcast_1 stored as values in memory (estimated size 4.1 KB, free 529.9 MB)
20/04/08 18:02:37 INFO storage.MemoryStore: ensureFreeSpace(2369) called with curMem=137295, maxMem=555755765
20/04/08 18:02:37 INFO storage.MemoryStore: Block broadcast_1_piece0 stored as bytes in memory (estimated size 2.3 KB, free 529.9 MB)
20/04/08 18:02:37 INFO storage.BlockManagerInfo: Added broadcast_1_piece0 in memory on 10.22.249.130:42808 (size: 2.3 KB, free: 530.0 MB)
20/04/08 18:02:37 INFO spark.SparkContext: Created broadcast 1 from broadcast at DAGScheduler.scala:861
20/04/08 18:02:37 INFO scheduler.DAGScheduler: Submitting 2 missing tasks from ShuffleMapStage 16 (MapPartitionsRDD[4] at flatMap at Graph.scala:28)
20/04/08 18:02:37 INFO scheduler.TaskSchedulerImpl: Adding task set 16.0 with 2 tasks
20/04/08 18:02:37 INFO scheduler.DAGScheduler: Submitting ShuffleMapStage 17 (MapPartitionsRDD[6] at map at Graph.scala:30), which has no missing parents
20/04/08 18:02:37 INFO storage.MemoryStore: ensureFreeSpace(3848) called with curMem=139664, maxMem=555755765
20/04/08 18:02:37 INFO storage.MemoryStore: Block broadcast_2 stored as values in memory (estimated size 3.8 KB, free 529.9 MB)
20/04/08 18:02:37 INFO storage.MemoryStore: ensureFreeSpace(2209) called with curMem=143512, maxMem=555755765
20/04/08 18:02:37 INFO storage.MemoryStore: Block broadcast_2_piece0 stored as bytes in memory (estimated size 2.2 KB, free 529.9 MB)
20/04/08 18:02:37 INFO storage.BlockManagerInfo: Added broadcast_2_piece0 in memory on 10.22.249.130:42808 (size: 2.2 KB, free: 530.0 MB)
20/04/08 18:02:37 INFO spark.SparkContext: Created broadcast 2 from broadcast at DAGScheduler.scala:861
20/04/08 18:02:37 INFO scheduler.DAGScheduler: Submitting 2 missing tasks from ShuffleMapStage 17 (MapPartitionsRDD[6] at map at Graph.scala:30)
20/04/08 18:02:37 INFO scheduler.TaskSchedulerImpl: Adding task set 17.0 with 2 tasks
20/04/08 18:02:37 INFO cluster.SparkDeploySchedulerBackend: Registered executor: AkkaRpcEndpointRef(Actor[akka.tcp://sparkExecutor@10.22.249.106:36334/user/Executor#70396789]) with ID 1
20/04/08 18:02:37 INFO scheduler.TaskSetManager: Starting task 0.0 in stage 16.0 (TID 0, 10.22.249.106, ANY, 2208 bytes)
20/04/08 18:02:37 INFO scheduler.TaskSetManager: Starting task 1.0 in stage 16.0 (TID 1, 10.22.249.106, ANY, 2208 bytes)
20/04/08 18:02:37 INFO scheduler.TaskSetManager: Starting task 0.0 in stage 17.0 (TID 2, 10.22.249.106, ANY, 2208 bytes)
20/04/08 18:02:37 INFO scheduler.TaskSetManager: Starting task 1.0 in stage 17.0 (TID 3, 10.22.249.106, ANY, 2208 bytes)
20/04/08 18:02:37 INFO cluster.SparkDeploySchedulerBackend: Registered executor: AkkaRpcEndpointRef(Actor[akka.tcp://sparkExecutor@10.22.249.130:44825/user/Executor#-729273027]) with ID 0
20/04/08 18:02:38 INFO storage.BlockManagerMasterEndpoint: Registering block manager 10.22.249.106:37191 with 530.0 MB RAM, BlockManagerId(1, 10.22.249.106, 37191)
20/04/08 18:02:38 INFO storage.BlockManagerMasterEndpoint: Registering block manager 10.22.249.130:37671 with 530.0 MB RAM, BlockManagerId(0, 10.22.249.130, 37671)
20/04/08 18:02:38 INFO storage.BlockManagerInfo: Added broadcast_1_piece0 in memory on 10.22.249.106:37191 (size: 2.3 KB, free: 530.0 MB)
20/04/08 18:02:38 INFO storage.BlockManagerInfo: Added broadcast_2_piece0 in memory on 10.22.249.106:37191 (size: 2.2 KB, free: 530.0 MB)
20/04/08 18:02:38 INFO storage.BlockManagerInfo: Added broadcast_0_piece0 in memory on 10.22.249.106:37191 (size: 12.6 KB, free: 530.0 MB)
20/04/08 18:02:39 INFO scheduler.TaskSetManager: Finished task 1.0 in stage 17.0 (TID 3) in 1696 ms on 10.22.249.106 (1/2)
20/04/08 18:02:39 INFO scheduler.TaskSetManager: Finished task 0.0 in stage 17.0 (TID 2) in 1698 ms on 10.22.249.106 (2/2)
20/04/08 18:02:39 INFO scheduler.TaskSchedulerImpl: Removed TaskSet 17.0, whose tasks have all completed, from pool 
20/04/08 18:02:39 INFO scheduler.DAGScheduler: ShuffleMapStage 17 (map at Graph.scala:30) finished in 2.225 s
20/04/08 18:02:39 INFO scheduler.DAGScheduler: looking for newly runnable stages
20/04/08 18:02:39 INFO scheduler.DAGScheduler: running: Set(ShuffleMapStage 16)
20/04/08 18:02:39 INFO scheduler.DAGScheduler: waiting: Set(ShuffleMapStage 15, ShuffleMapStage 12, ShuffleMapStage 19, ShuffleMapStage 13, ShuffleMapStage 20, ShuffleMapStage 21, ShuffleMapStage 18, ShuffleMapStage 22, ShuffleMapStage 14, ResultStage 23)
20/04/08 18:02:39 INFO scheduler.DAGScheduler: failed: Set()
20/04/08 18:02:39 INFO scheduler.DAGScheduler: Missing parents for ShuffleMapStage 15: List(ShuffleMapStage 16)
20/04/08 18:02:39 INFO scheduler.DAGScheduler: Missing parents for ShuffleMapStage 12: List(ShuffleMapStage 13, ShuffleMapStage 20)
20/04/08 18:02:39 INFO scheduler.DAGScheduler: Missing parents for ShuffleMapStage 19: List(ShuffleMapStage 15, ShuffleMapStage 18)
20/04/08 18:02:39 INFO scheduler.DAGScheduler: Missing parents for ShuffleMapStage 13: List(ShuffleMapStage 19, ShuffleMapStage 14)
20/04/08 18:02:39 INFO scheduler.DAGScheduler: Missing parents for ShuffleMapStage 20: List(ShuffleMapStage 19, ShuffleMapStage 14)
20/04/08 18:02:39 INFO scheduler.DAGScheduler: Missing parents for ShuffleMapStage 21: List(ShuffleMapStage 13, ShuffleMapStage 20)
20/04/08 18:02:39 INFO scheduler.DAGScheduler: Missing parents for ShuffleMapStage 18: List(ShuffleMapStage 16)
20/04/08 18:02:39 INFO scheduler.DAGScheduler: Missing parents for ShuffleMapStage 22: List(ShuffleMapStage 12, ShuffleMapStage 21)
20/04/08 18:02:39 INFO scheduler.DAGScheduler: Missing parents for ShuffleMapStage 14: List(ShuffleMapStage 15, ShuffleMapStage 18)
20/04/08 18:02:39 INFO scheduler.DAGScheduler: Missing parents for ResultStage 23: List(ShuffleMapStage 22)
20/04/08 18:02:39 INFO scheduler.TaskSetManager: Finished task 1.0 in stage 16.0 (TID 1) in 1893 ms on 10.22.249.106 (1/2)
20/04/08 18:02:39 INFO scheduler.TaskSetManager: Finished task 0.0 in stage 16.0 (TID 0) in 1917 ms on 10.22.249.106 (2/2)
20/04/08 18:02:39 INFO scheduler.DAGScheduler: ShuffleMapStage 16 (flatMap at Graph.scala:28) finished in 2.434 s
20/04/08 18:02:39 INFO scheduler.TaskSchedulerImpl: Removed TaskSet 16.0, whose tasks have all completed, from pool 
20/04/08 18:02:39 INFO scheduler.DAGScheduler: looking for newly runnable stages
20/04/08 18:02:39 INFO scheduler.DAGScheduler: running: Set()
20/04/08 18:02:39 INFO scheduler.DAGScheduler: waiting: Set(ShuffleMapStage 15, ShuffleMapStage 12, ShuffleMapStage 19, ShuffleMapStage 13, ShuffleMapStage 20, ShuffleMapStage 21, ShuffleMapStage 18, ShuffleMapStage 22, ShuffleMapStage 14, ResultStage 23)
20/04/08 18:02:39 INFO scheduler.DAGScheduler: failed: Set()
20/04/08 18:02:39 INFO scheduler.DAGScheduler: Missing parents for ShuffleMapStage 15: List()
20/04/08 18:02:39 INFO scheduler.DAGScheduler: Missing parents for ShuffleMapStage 12: List(ShuffleMapStage 13, ShuffleMapStage 20)
20/04/08 18:02:39 INFO scheduler.DAGScheduler: Missing parents for ShuffleMapStage 19: List(ShuffleMapStage 15, ShuffleMapStage 18)
20/04/08 18:02:39 INFO scheduler.DAGScheduler: Missing parents for ShuffleMapStage 13: List(ShuffleMapStage 19, ShuffleMapStage 14)
20/04/08 18:02:39 INFO scheduler.DAGScheduler: Missing parents for ShuffleMapStage 20: List(ShuffleMapStage 19, ShuffleMapStage 14)
20/04/08 18:02:39 INFO scheduler.DAGScheduler: Missing parents for ShuffleMapStage 21: List(ShuffleMapStage 13, ShuffleMapStage 20)
20/04/08 18:02:39 INFO scheduler.DAGScheduler: Missing parents for ShuffleMapStage 18: List()
20/04/08 18:02:39 INFO scheduler.DAGScheduler: Missing parents for ShuffleMapStage 22: List(ShuffleMapStage 12, ShuffleMapStage 21)
20/04/08 18:02:39 INFO scheduler.DAGScheduler: Missing parents for ShuffleMapStage 14: List(ShuffleMapStage 15, ShuffleMapStage 18)
20/04/08 18:02:39 INFO scheduler.DAGScheduler: Missing parents for ResultStage 23: List(ShuffleMapStage 22)
20/04/08 18:02:39 INFO scheduler.DAGScheduler: Submitting ShuffleMapStage 15 (MapPartitionsRDD[11] at flatMap at Graph.scala:28), which is now runnable
20/04/08 18:02:39 INFO storage.MemoryStore: ensureFreeSpace(3616) called with curMem=145721, maxMem=555755765
20/04/08 18:02:39 INFO storage.MemoryStore: Block broadcast_3 stored as values in memory (estimated size 3.5 KB, free 529.9 MB)
20/04/08 18:02:39 INFO storage.MemoryStore: ensureFreeSpace(1840) called with curMem=149337, maxMem=555755765
20/04/08 18:02:39 INFO storage.MemoryStore: Block broadcast_3_piece0 stored as bytes in memory (estimated size 1840.0 B, free 529.9 MB)
20/04/08 18:02:39 INFO storage.BlockManagerInfo: Added broadcast_3_piece0 in memory on 10.22.249.130:42808 (size: 1840.0 B, free: 530.0 MB)
20/04/08 18:02:39 INFO spark.SparkContext: Created broadcast 3 from broadcast at DAGScheduler.scala:861
20/04/08 18:02:39 INFO scheduler.DAGScheduler: Submitting 2 missing tasks from ShuffleMapStage 15 (MapPartitionsRDD[11] at flatMap at Graph.scala:28)
20/04/08 18:02:39 INFO scheduler.TaskSchedulerImpl: Adding task set 15.0 with 2 tasks
20/04/08 18:02:39 INFO scheduler.DAGScheduler: Submitting ShuffleMapStage 18 (MapPartitionsRDD[13] at map at Graph.scala:30), which is now runnable
20/04/08 18:02:39 INFO storage.MemoryStore: ensureFreeSpace(3504) called with curMem=151177, maxMem=555755765
20/04/08 18:02:39 INFO storage.MemoryStore: Block broadcast_4 stored as values in memory (estimated size 3.4 KB, free 529.9 MB)
20/04/08 18:02:39 INFO scheduler.TaskSetManager: Starting task 0.0 in stage 15.0 (TID 4, 10.22.249.106, PROCESS_LOCAL, 2168 bytes)
20/04/08 18:02:39 INFO scheduler.TaskSetManager: Starting task 1.0 in stage 15.0 (TID 5, 10.22.249.130, PROCESS_LOCAL, 2168 bytes)
20/04/08 18:02:39 INFO storage.MemoryStore: ensureFreeSpace(1806) called with curMem=154681, maxMem=555755765
20/04/08 18:02:39 INFO storage.MemoryStore: Block broadcast_4_piece0 stored as bytes in memory (estimated size 1806.0 B, free 529.9 MB)
20/04/08 18:02:39 INFO storage.BlockManagerInfo: Added broadcast_4_piece0 in memory on 10.22.249.130:42808 (size: 1806.0 B, free: 530.0 MB)
20/04/08 18:02:39 INFO spark.SparkContext: Created broadcast 4 from broadcast at DAGScheduler.scala:861
20/04/08 18:02:39 INFO scheduler.DAGScheduler: Submitting 2 missing tasks from ShuffleMapStage 18 (MapPartitionsRDD[13] at map at Graph.scala:30)
20/04/08 18:02:39 INFO scheduler.TaskSchedulerImpl: Adding task set 18.0 with 2 tasks
20/04/08 18:02:39 INFO scheduler.TaskSetManager: Starting task 0.0 in stage 18.0 (TID 6, 10.22.249.106, PROCESS_LOCAL, 2168 bytes)
20/04/08 18:02:39 INFO scheduler.TaskSetManager: Starting task 1.0 in stage 18.0 (TID 7, 10.22.249.130, PROCESS_LOCAL, 2168 bytes)
20/04/08 18:02:39 INFO storage.BlockManagerInfo: Added broadcast_4_piece0 in memory on 10.22.249.106:37191 (size: 1806.0 B, free: 530.0 MB)
20/04/08 18:02:39 INFO storage.BlockManagerInfo: Added broadcast_3_piece0 in memory on 10.22.249.106:37191 (size: 1840.0 B, free: 530.0 MB)
20/04/08 18:02:39 INFO spark.MapOutputTrackerMasterEndpoint: Asked to send map output locations for shuffle 6 to 10.22.249.106:36334
20/04/08 18:02:39 INFO spark.MapOutputTrackerMaster: Size of output statuses for shuffle 6 is 151 bytes
20/04/08 18:02:40 INFO storage.BlockManagerInfo: Added broadcast_3_piece0 in memory on 10.22.249.130:37671 (size: 1840.0 B, free: 530.0 MB)
20/04/08 18:02:40 INFO spark.MapOutputTrackerMasterEndpoint: Asked to send map output locations for shuffle 0 to 10.22.249.106:36334
20/04/08 18:02:40 INFO spark.MapOutputTrackerMaster: Size of output statuses for shuffle 0 is 151 bytes
20/04/08 18:02:40 INFO spark.MapOutputTrackerMasterEndpoint: Asked to send map output locations for shuffle 6 to 10.22.249.130:44825
20/04/08 18:02:40 INFO storage.BlockManagerInfo: Added broadcast_4_piece0 in memory on 10.22.249.130:37671 (size: 1806.0 B, free: 530.0 MB)
20/04/08 18:02:40 INFO spark.MapOutputTrackerMasterEndpoint: Asked to send map output locations for shuffle 0 to 10.22.249.130:44825
20/04/08 18:02:41 INFO scheduler.TaskSetManager: Finished task 0.0 in stage 18.0 (TID 6) in 1374 ms on 10.22.249.106 (1/2)
20/04/08 18:02:41 INFO scheduler.TaskSetManager: Finished task 0.0 in stage 15.0 (TID 4) in 1403 ms on 10.22.249.106 (1/2)
20/04/08 18:02:41 INFO scheduler.TaskSetManager: Finished task 1.0 in stage 18.0 (TID 7) in 2079 ms on 10.22.249.130 (2/2)
20/04/08 18:02:41 INFO scheduler.DAGScheduler: ShuffleMapStage 18 (map at Graph.scala:30) finished in 2.081 s
20/04/08 18:02:41 INFO scheduler.TaskSchedulerImpl: Removed TaskSet 18.0, whose tasks have all completed, from pool 
20/04/08 18:02:41 INFO scheduler.DAGScheduler: looking for newly runnable stages
20/04/08 18:02:41 INFO scheduler.DAGScheduler: running: Set(ShuffleMapStage 15)
20/04/08 18:02:41 INFO scheduler.DAGScheduler: waiting: Set(ShuffleMapStage 12, ShuffleMapStage 19, ShuffleMapStage 13, ShuffleMapStage 20, ShuffleMapStage 21, ShuffleMapStage 22, ShuffleMapStage 14, ResultStage 23)
20/04/08 18:02:41 INFO scheduler.DAGScheduler: failed: Set()
20/04/08 18:02:41 INFO scheduler.DAGScheduler: Missing parents for ShuffleMapStage 12: List(ShuffleMapStage 13, ShuffleMapStage 20)
20/04/08 18:02:41 INFO scheduler.DAGScheduler: Missing parents for ShuffleMapStage 19: List(ShuffleMapStage 15)
20/04/08 18:02:41 INFO scheduler.DAGScheduler: Missing parents for ShuffleMapStage 13: List(ShuffleMapStage 19, ShuffleMapStage 14)
20/04/08 18:02:41 INFO scheduler.DAGScheduler: Missing parents for ShuffleMapStage 20: List(ShuffleMapStage 19, ShuffleMapStage 14)
20/04/08 18:02:41 INFO scheduler.DAGScheduler: Missing parents for ShuffleMapStage 21: List(ShuffleMapStage 13, ShuffleMapStage 20)
20/04/08 18:02:41 INFO scheduler.DAGScheduler: Missing parents for ShuffleMapStage 22: List(ShuffleMapStage 12, ShuffleMapStage 21)
20/04/08 18:02:41 INFO scheduler.DAGScheduler: Missing parents for ShuffleMapStage 14: List(ShuffleMapStage 15)
20/04/08 18:02:41 INFO scheduler.DAGScheduler: Missing parents for ResultStage 23: List(ShuffleMapStage 22)
20/04/08 18:02:42 INFO scheduler.TaskSetManager: Finished task 1.0 in stage 15.0 (TID 5) in 2206 ms on 10.22.249.130 (2/2)
20/04/08 18:02:42 INFO scheduler.DAGScheduler: ShuffleMapStage 15 (flatMap at Graph.scala:28) finished in 2.209 s
20/04/08 18:02:42 INFO scheduler.TaskSchedulerImpl: Removed TaskSet 15.0, whose tasks have all completed, from pool 
20/04/08 18:02:42 INFO scheduler.DAGScheduler: looking for newly runnable stages
20/04/08 18:02:42 INFO scheduler.DAGScheduler: running: Set()
20/04/08 18:02:42 INFO scheduler.DAGScheduler: waiting: Set(ShuffleMapStage 12, ShuffleMapStage 19, ShuffleMapStage 13, ShuffleMapStage 20, ShuffleMapStage 21, ShuffleMapStage 22, ShuffleMapStage 14, ResultStage 23)
20/04/08 18:02:42 INFO scheduler.DAGScheduler: failed: Set()
20/04/08 18:02:42 INFO scheduler.DAGScheduler: Missing parents for ShuffleMapStage 12: List(ShuffleMapStage 13, ShuffleMapStage 20)
20/04/08 18:02:42 INFO scheduler.DAGScheduler: Missing parents for ShuffleMapStage 19: List()
20/04/08 18:02:42 INFO scheduler.DAGScheduler: Missing parents for ShuffleMapStage 13: List(ShuffleMapStage 19, ShuffleMapStage 14)
20/04/08 18:02:42 INFO scheduler.DAGScheduler: Missing parents for ShuffleMapStage 20: List(ShuffleMapStage 19, ShuffleMapStage 14)
20/04/08 18:02:42 INFO scheduler.DAGScheduler: Missing parents for ShuffleMapStage 21: List(ShuffleMapStage 13, ShuffleMapStage 20)
20/04/08 18:02:42 INFO scheduler.DAGScheduler: Missing parents for ShuffleMapStage 22: List(ShuffleMapStage 12, ShuffleMapStage 21)
20/04/08 18:02:42 INFO scheduler.DAGScheduler: Missing parents for ShuffleMapStage 14: List()
20/04/08 18:02:42 INFO scheduler.DAGScheduler: Missing parents for ResultStage 23: List(ShuffleMapStage 22)
20/04/08 18:02:42 INFO scheduler.DAGScheduler: Submitting ShuffleMapStage 14 (MapPartitionsRDD[18] at flatMap at Graph.scala:28), which is now runnable
20/04/08 18:02:42 INFO storage.MemoryStore: ensureFreeSpace(3616) called with curMem=156487, maxMem=555755765
20/04/08 18:02:42 INFO storage.MemoryStore: Block broadcast_5 stored as values in memory (estimated size 3.5 KB, free 529.9 MB)
20/04/08 18:02:42 INFO storage.MemoryStore: ensureFreeSpace(1855) called with curMem=160103, maxMem=555755765
20/04/08 18:02:42 INFO storage.MemoryStore: Block broadcast_5_piece0 stored as bytes in memory (estimated size 1855.0 B, free 529.9 MB)
20/04/08 18:02:42 INFO storage.BlockManagerInfo: Added broadcast_5_piece0 in memory on 10.22.249.130:42808 (size: 1855.0 B, free: 530.0 MB)
20/04/08 18:02:42 INFO spark.SparkContext: Created broadcast 5 from broadcast at DAGScheduler.scala:861
20/04/08 18:02:42 INFO scheduler.DAGScheduler: Submitting 2 missing tasks from ShuffleMapStage 14 (MapPartitionsRDD[18] at flatMap at Graph.scala:28)
20/04/08 18:02:42 INFO scheduler.TaskSchedulerImpl: Adding task set 14.0 with 2 tasks
20/04/08 18:02:42 INFO scheduler.DAGScheduler: Submitting ShuffleMapStage 19 (MapPartitionsRDD[20] at map at Graph.scala:30), which is now runnable
20/04/08 18:02:42 INFO scheduler.TaskSetManager: Starting task 0.0 in stage 14.0 (TID 8, 10.22.249.106, PROCESS_LOCAL, 2168 bytes)
20/04/08 18:02:42 INFO scheduler.TaskSetManager: Starting task 1.0 in stage 14.0 (TID 9, 10.22.249.130, PROCESS_LOCAL, 2168 bytes)
20/04/08 18:02:42 INFO storage.MemoryStore: ensureFreeSpace(3504) called with curMem=161958, maxMem=555755765
20/04/08 18:02:42 INFO storage.MemoryStore: Block broadcast_6 stored as values in memory (estimated size 3.4 KB, free 529.9 MB)
20/04/08 18:02:42 INFO storage.MemoryStore: ensureFreeSpace(1820) called with curMem=165462, maxMem=555755765
20/04/08 18:02:42 INFO storage.MemoryStore: Block broadcast_6_piece0 stored as bytes in memory (estimated size 1820.0 B, free 529.9 MB)
20/04/08 18:02:42 INFO storage.BlockManagerInfo: Added broadcast_6_piece0 in memory on 10.22.249.130:42808 (size: 1820.0 B, free: 530.0 MB)
20/04/08 18:02:42 INFO spark.SparkContext: Created broadcast 6 from broadcast at DAGScheduler.scala:861
20/04/08 18:02:42 INFO scheduler.DAGScheduler: Submitting 2 missing tasks from ShuffleMapStage 19 (MapPartitionsRDD[20] at map at Graph.scala:30)
20/04/08 18:02:42 INFO scheduler.TaskSchedulerImpl: Adding task set 19.0 with 2 tasks
20/04/08 18:02:42 INFO scheduler.TaskSetManager: Starting task 0.0 in stage 19.0 (TID 10, 10.22.249.130, PROCESS_LOCAL, 2168 bytes)
20/04/08 18:02:42 INFO scheduler.TaskSetManager: Starting task 1.0 in stage 19.0 (TID 11, 10.22.249.106, PROCESS_LOCAL, 2168 bytes)
20/04/08 18:02:42 INFO storage.BlockManagerInfo: Added broadcast_5_piece0 in memory on 10.22.249.106:37191 (size: 1855.0 B, free: 530.0 MB)
20/04/08 18:02:42 INFO storage.BlockManagerInfo: Added broadcast_5_piece0 in memory on 10.22.249.130:37671 (size: 1855.0 B, free: 530.0 MB)
20/04/08 18:02:42 INFO spark.MapOutputTrackerMasterEndpoint: Asked to send map output locations for shuffle 7 to 10.22.249.106:36334
20/04/08 18:02:42 INFO spark.MapOutputTrackerMaster: Size of output statuses for shuffle 7 is 162 bytes
20/04/08 18:02:42 INFO spark.MapOutputTrackerMasterEndpoint: Asked to send map output locations for shuffle 7 to 10.22.249.130:44825
20/04/08 18:02:42 INFO storage.BlockManagerInfo: Added broadcast_6_piece0 in memory on 10.22.249.106:37191 (size: 1820.0 B, free: 530.0 MB)
20/04/08 18:02:42 INFO storage.BlockManagerInfo: Added broadcast_6_piece0 in memory on 10.22.249.130:37671 (size: 1820.0 B, free: 530.0 MB)
20/04/08 18:02:42 INFO spark.MapOutputTrackerMasterEndpoint: Asked to send map output locations for shuffle 1 to 10.22.249.106:36334
20/04/08 18:02:42 INFO spark.MapOutputTrackerMaster: Size of output statuses for shuffle 1 is 165 bytes
20/04/08 18:02:42 INFO spark.MapOutputTrackerMasterEndpoint: Asked to send map output locations for shuffle 1 to 10.22.249.130:44825
20/04/08 18:02:43 INFO scheduler.TaskSetManager: Finished task 0.0 in stage 14.0 (TID 8) in 1007 ms on 10.22.249.106 (1/2)
20/04/08 18:02:43 INFO scheduler.TaskSetManager: Finished task 1.0 in stage 14.0 (TID 9) in 1040 ms on 10.22.249.130 (2/2)
20/04/08 18:02:43 INFO scheduler.DAGScheduler: ShuffleMapStage 14 (flatMap at Graph.scala:28) finished in 1.041 s
20/04/08 18:02:43 INFO scheduler.TaskSchedulerImpl: Removed TaskSet 14.0, whose tasks have all completed, from pool 
20/04/08 18:02:43 INFO scheduler.DAGScheduler: looking for newly runnable stages
20/04/08 18:02:43 INFO scheduler.DAGScheduler: running: Set(ShuffleMapStage 19)
20/04/08 18:02:43 INFO scheduler.DAGScheduler: waiting: Set(ShuffleMapStage 12, ShuffleMapStage 13, ShuffleMapStage 20, ShuffleMapStage 21, ShuffleMapStage 22, ResultStage 23)
20/04/08 18:02:43 INFO scheduler.DAGScheduler: failed: Set()
20/04/08 18:02:43 INFO scheduler.DAGScheduler: Missing parents for ShuffleMapStage 12: List(ShuffleMapStage 13, ShuffleMapStage 20)
20/04/08 18:02:43 INFO scheduler.DAGScheduler: Missing parents for ShuffleMapStage 13: List(ShuffleMapStage 19)
20/04/08 18:02:43 INFO scheduler.DAGScheduler: Missing parents for ShuffleMapStage 20: List(ShuffleMapStage 19)
20/04/08 18:02:43 INFO scheduler.DAGScheduler: Missing parents for ShuffleMapStage 21: List(ShuffleMapStage 13, ShuffleMapStage 20)
20/04/08 18:02:43 INFO scheduler.DAGScheduler: Missing parents for ShuffleMapStage 22: List(ShuffleMapStage 12, ShuffleMapStage 21)
20/04/08 18:02:43 INFO scheduler.DAGScheduler: Missing parents for ResultStage 23: List(ShuffleMapStage 22)
20/04/08 18:02:43 INFO scheduler.TaskSetManager: Finished task 1.0 in stage 19.0 (TID 11) in 1096 ms on 10.22.249.106 (1/2)
20/04/08 18:02:43 INFO scheduler.TaskSetManager: Finished task 0.0 in stage 19.0 (TID 10) in 1121 ms on 10.22.249.130 (2/2)
20/04/08 18:02:43 INFO scheduler.DAGScheduler: ShuffleMapStage 19 (map at Graph.scala:30) finished in 1.121 s
20/04/08 18:02:43 INFO scheduler.TaskSchedulerImpl: Removed TaskSet 19.0, whose tasks have all completed, from pool 
20/04/08 18:02:43 INFO scheduler.DAGScheduler: looking for newly runnable stages
20/04/08 18:02:43 INFO scheduler.DAGScheduler: running: Set()
20/04/08 18:02:43 INFO scheduler.DAGScheduler: waiting: Set(ShuffleMapStage 12, ShuffleMapStage 13, ShuffleMapStage 20, ShuffleMapStage 21, ShuffleMapStage 22, ResultStage 23)
20/04/08 18:02:43 INFO scheduler.DAGScheduler: failed: Set()
20/04/08 18:02:43 INFO scheduler.DAGScheduler: Missing parents for ShuffleMapStage 12: List(ShuffleMapStage 13, ShuffleMapStage 20)
20/04/08 18:02:43 INFO scheduler.DAGScheduler: Missing parents for ShuffleMapStage 13: List()
20/04/08 18:02:43 INFO scheduler.DAGScheduler: Missing parents for ShuffleMapStage 20: List()
20/04/08 18:02:43 INFO scheduler.DAGScheduler: Missing parents for ShuffleMapStage 21: List(ShuffleMapStage 13, ShuffleMapStage 20)
20/04/08 18:02:43 INFO scheduler.DAGScheduler: Missing parents for ShuffleMapStage 22: List(ShuffleMapStage 12, ShuffleMapStage 21)
20/04/08 18:02:43 INFO scheduler.DAGScheduler: Missing parents for ResultStage 23: List(ShuffleMapStage 22)
20/04/08 18:02:43 INFO scheduler.DAGScheduler: Submitting ShuffleMapStage 13 (MapPartitionsRDD[25] at flatMap at Graph.scala:28), which is now runnable
20/04/08 18:02:43 INFO storage.MemoryStore: ensureFreeSpace(3616) called with curMem=167282, maxMem=555755765
20/04/08 18:02:43 INFO storage.MemoryStore: Block broadcast_7 stored as values in memory (estimated size 3.5 KB, free 529.8 MB)
20/04/08 18:02:43 INFO storage.MemoryStore: ensureFreeSpace(1853) called with curMem=170898, maxMem=555755765
20/04/08 18:02:43 INFO storage.MemoryStore: Block broadcast_7_piece0 stored as bytes in memory (estimated size 1853.0 B, free 529.8 MB)
20/04/08 18:02:43 INFO storage.BlockManagerInfo: Added broadcast_7_piece0 in memory on 10.22.249.130:42808 (size: 1853.0 B, free: 530.0 MB)
20/04/08 18:02:43 INFO spark.SparkContext: Created broadcast 7 from broadcast at DAGScheduler.scala:861
20/04/08 18:02:43 INFO scheduler.DAGScheduler: Submitting 2 missing tasks from ShuffleMapStage 13 (MapPartitionsRDD[25] at flatMap at Graph.scala:28)
20/04/08 18:02:43 INFO scheduler.TaskSchedulerImpl: Adding task set 13.0 with 2 tasks
20/04/08 18:02:43 INFO scheduler.DAGScheduler: Submitting ShuffleMapStage 20 (MapPartitionsRDD[27] at map at Graph.scala:30), which is now runnable
20/04/08 18:02:43 INFO scheduler.TaskSetManager: Starting task 0.0 in stage 13.0 (TID 12, 10.22.249.106, PROCESS_LOCAL, 2168 bytes)
20/04/08 18:02:43 INFO storage.MemoryStore: ensureFreeSpace(3504) called with curMem=172751, maxMem=555755765
20/04/08 18:02:43 INFO scheduler.TaskSetManager: Starting task 1.0 in stage 13.0 (TID 13, 10.22.249.130, PROCESS_LOCAL, 2168 bytes)
20/04/08 18:02:43 INFO storage.MemoryStore: Block broadcast_8 stored as values in memory (estimated size 3.4 KB, free 529.8 MB)
20/04/08 18:02:43 INFO storage.MemoryStore: ensureFreeSpace(1820) called with curMem=176255, maxMem=555755765
20/04/08 18:02:43 INFO storage.MemoryStore: Block broadcast_8_piece0 stored as bytes in memory (estimated size 1820.0 B, free 529.8 MB)
20/04/08 18:02:43 INFO storage.BlockManagerInfo: Added broadcast_8_piece0 in memory on 10.22.249.130:42808 (size: 1820.0 B, free: 530.0 MB)
20/04/08 18:02:43 INFO spark.SparkContext: Created broadcast 8 from broadcast at DAGScheduler.scala:861
20/04/08 18:02:43 INFO scheduler.DAGScheduler: Submitting 2 missing tasks from ShuffleMapStage 20 (MapPartitionsRDD[27] at map at Graph.scala:30)
20/04/08 18:02:43 INFO scheduler.TaskSchedulerImpl: Adding task set 20.0 with 2 tasks
20/04/08 18:02:43 INFO scheduler.TaskSetManager: Starting task 0.0 in stage 20.0 (TID 14, 10.22.249.106, PROCESS_LOCAL, 2168 bytes)
20/04/08 18:02:43 INFO scheduler.TaskSetManager: Starting task 1.0 in stage 20.0 (TID 15, 10.22.249.130, PROCESS_LOCAL, 2168 bytes)
20/04/08 18:02:43 INFO storage.BlockManagerInfo: Added broadcast_7_piece0 in memory on 10.22.249.106:37191 (size: 1853.0 B, free: 530.0 MB)
20/04/08 18:02:43 INFO storage.BlockManagerInfo: Added broadcast_7_piece0 in memory on 10.22.249.130:37671 (size: 1853.0 B, free: 530.0 MB)
20/04/08 18:02:43 INFO spark.MapOutputTrackerMasterEndpoint: Asked to send map output locations for shuffle 8 to 10.22.249.106:36334
20/04/08 18:02:43 INFO spark.MapOutputTrackerMaster: Size of output statuses for shuffle 8 is 162 bytes
20/04/08 18:02:43 INFO spark.MapOutputTrackerMasterEndpoint: Asked to send map output locations for shuffle 8 to 10.22.249.130:44825
20/04/08 18:02:43 INFO storage.BlockManagerInfo: Added broadcast_8_piece0 in memory on 10.22.249.106:37191 (size: 1820.0 B, free: 530.0 MB)
20/04/08 18:02:43 INFO storage.BlockManagerInfo: Added broadcast_8_piece0 in memory on 10.22.249.130:37671 (size: 1820.0 B, free: 530.0 MB)
20/04/08 18:02:43 INFO spark.MapOutputTrackerMasterEndpoint: Asked to send map output locations for shuffle 2 to 10.22.249.106:36334
20/04/08 18:02:43 INFO spark.MapOutputTrackerMaster: Size of output statuses for shuffle 2 is 165 bytes
20/04/08 18:02:43 INFO spark.MapOutputTrackerMasterEndpoint: Asked to send map output locations for shuffle 2 to 10.22.249.130:44825
20/04/08 18:02:44 INFO scheduler.TaskSetManager: Finished task 0.0 in stage 13.0 (TID 12) in 901 ms on 10.22.249.106 (1/2)
20/04/08 18:02:44 INFO scheduler.TaskSetManager: Finished task 1.0 in stage 13.0 (TID 13) in 952 ms on 10.22.249.130 (2/2)
20/04/08 18:02:44 INFO scheduler.DAGScheduler: ShuffleMapStage 13 (flatMap at Graph.scala:28) finished in 0.952 s
20/04/08 18:02:44 INFO scheduler.TaskSchedulerImpl: Removed TaskSet 13.0, whose tasks have all completed, from pool 
20/04/08 18:02:44 INFO scheduler.DAGScheduler: looking for newly runnable stages
20/04/08 18:02:44 INFO scheduler.DAGScheduler: running: Set(ShuffleMapStage 20)
20/04/08 18:02:44 INFO scheduler.DAGScheduler: waiting: Set(ShuffleMapStage 12, ShuffleMapStage 21, ShuffleMapStage 22, ResultStage 23)
20/04/08 18:02:44 INFO scheduler.DAGScheduler: failed: Set()
20/04/08 18:02:44 INFO scheduler.DAGScheduler: Missing parents for ShuffleMapStage 12: List(ShuffleMapStage 20)
20/04/08 18:02:44 INFO scheduler.DAGScheduler: Missing parents for ShuffleMapStage 21: List(ShuffleMapStage 20)
20/04/08 18:02:44 INFO scheduler.DAGScheduler: Missing parents for ShuffleMapStage 22: List(ShuffleMapStage 12, ShuffleMapStage 21)
20/04/08 18:02:44 INFO scheduler.DAGScheduler: Missing parents for ResultStage 23: List(ShuffleMapStage 22)
20/04/08 18:02:44 INFO scheduler.TaskSetManager: Finished task 1.0 in stage 20.0 (TID 15) in 1072 ms on 10.22.249.130 (1/2)
20/04/08 18:02:44 INFO scheduler.TaskSetManager: Finished task 0.0 in stage 20.0 (TID 14) in 1235 ms on 10.22.249.106 (2/2)
20/04/08 18:02:44 INFO scheduler.DAGScheduler: ShuffleMapStage 20 (map at Graph.scala:30) finished in 1.236 s
20/04/08 18:02:44 INFO scheduler.TaskSchedulerImpl: Removed TaskSet 20.0, whose tasks have all completed, from pool 
20/04/08 18:02:44 INFO scheduler.DAGScheduler: looking for newly runnable stages
20/04/08 18:02:44 INFO scheduler.DAGScheduler: running: Set()
20/04/08 18:02:44 INFO scheduler.DAGScheduler: waiting: Set(ShuffleMapStage 12, ShuffleMapStage 21, ShuffleMapStage 22, ResultStage 23)
20/04/08 18:02:44 INFO scheduler.DAGScheduler: failed: Set()
20/04/08 18:02:44 INFO scheduler.DAGScheduler: Missing parents for ShuffleMapStage 12: List()
20/04/08 18:02:44 INFO scheduler.DAGScheduler: Missing parents for ShuffleMapStage 21: List()
20/04/08 18:02:44 INFO scheduler.DAGScheduler: Missing parents for ShuffleMapStage 22: List(ShuffleMapStage 12, ShuffleMapStage 21)
20/04/08 18:02:44 INFO scheduler.DAGScheduler: Missing parents for ResultStage 23: List(ShuffleMapStage 22)
20/04/08 18:02:44 INFO scheduler.DAGScheduler: Submitting ShuffleMapStage 12 (MapPartitionsRDD[32] at flatMap at Graph.scala:28), which is now runnable
20/04/08 18:02:44 INFO storage.MemoryStore: ensureFreeSpace(3616) called with curMem=178075, maxMem=555755765
20/04/08 18:02:44 INFO storage.MemoryStore: Block broadcast_9 stored as values in memory (estimated size 3.5 KB, free 529.8 MB)
20/04/08 18:02:44 INFO storage.MemoryStore: ensureFreeSpace(1853) called with curMem=181691, maxMem=555755765
20/04/08 18:02:44 INFO storage.MemoryStore: Block broadcast_9_piece0 stored as bytes in memory (estimated size 1853.0 B, free 529.8 MB)
20/04/08 18:02:44 INFO storage.BlockManagerInfo: Added broadcast_9_piece0 in memory on 10.22.249.130:42808 (size: 1853.0 B, free: 530.0 MB)
20/04/08 18:02:44 INFO spark.SparkContext: Created broadcast 9 from broadcast at DAGScheduler.scala:861
20/04/08 18:02:44 INFO scheduler.DAGScheduler: Submitting 2 missing tasks from ShuffleMapStage 12 (MapPartitionsRDD[32] at flatMap at Graph.scala:28)
20/04/08 18:02:44 INFO scheduler.TaskSchedulerImpl: Adding task set 12.0 with 2 tasks
20/04/08 18:02:44 INFO scheduler.DAGScheduler: Submitting ShuffleMapStage 21 (MapPartitionsRDD[34] at map at Graph.scala:30), which is now runnable
20/04/08 18:02:44 INFO scheduler.TaskSetManager: Starting task 0.0 in stage 12.0 (TID 16, 10.22.249.106, PROCESS_LOCAL, 2168 bytes)
20/04/08 18:02:44 INFO scheduler.TaskSetManager: Starting task 1.0 in stage 12.0 (TID 17, 10.22.249.130, PROCESS_LOCAL, 2168 bytes)
20/04/08 18:02:44 INFO storage.MemoryStore: ensureFreeSpace(3504) called with curMem=183544, maxMem=555755765
20/04/08 18:02:44 INFO storage.MemoryStore: Block broadcast_10 stored as values in memory (estimated size 3.4 KB, free 529.8 MB)
20/04/08 18:02:44 INFO storage.MemoryStore: ensureFreeSpace(1820) called with curMem=187048, maxMem=555755765
20/04/08 18:02:44 INFO storage.MemoryStore: Block broadcast_10_piece0 stored as bytes in memory (estimated size 1820.0 B, free 529.8 MB)
20/04/08 18:02:44 INFO storage.BlockManagerInfo: Added broadcast_10_piece0 in memory on 10.22.249.130:42808 (size: 1820.0 B, free: 530.0 MB)
20/04/08 18:02:44 INFO spark.SparkContext: Created broadcast 10 from broadcast at DAGScheduler.scala:861
20/04/08 18:02:44 INFO scheduler.DAGScheduler: Submitting 2 missing tasks from ShuffleMapStage 21 (MapPartitionsRDD[34] at map at Graph.scala:30)
20/04/08 18:02:44 INFO scheduler.TaskSchedulerImpl: Adding task set 21.0 with 2 tasks
20/04/08 18:02:44 INFO scheduler.TaskSetManager: Starting task 0.0 in stage 21.0 (TID 18, 10.22.249.130, PROCESS_LOCAL, 2168 bytes)
20/04/08 18:02:44 INFO scheduler.TaskSetManager: Starting task 1.0 in stage 21.0 (TID 19, 10.22.249.106, PROCESS_LOCAL, 2168 bytes)
20/04/08 18:02:44 INFO storage.BlockManagerInfo: Added broadcast_9_piece0 in memory on 10.22.249.106:37191 (size: 1853.0 B, free: 530.0 MB)
20/04/08 18:02:44 INFO storage.BlockManagerInfo: Added broadcast_9_piece0 in memory on 10.22.249.130:37671 (size: 1853.0 B, free: 530.0 MB)
20/04/08 18:02:44 INFO spark.MapOutputTrackerMasterEndpoint: Asked to send map output locations for shuffle 9 to 10.22.249.106:36334
20/04/08 18:02:44 INFO spark.MapOutputTrackerMaster: Size of output statuses for shuffle 9 is 162 bytes
20/04/08 18:02:44 INFO spark.MapOutputTrackerMasterEndpoint: Asked to send map output locations for shuffle 9 to 10.22.249.130:44825
20/04/08 18:02:44 INFO storage.BlockManagerInfo: Added broadcast_10_piece0 in memory on 10.22.249.106:37191 (size: 1820.0 B, free: 530.0 MB)
20/04/08 18:02:44 INFO storage.BlockManagerInfo: Added broadcast_10_piece0 in memory on 10.22.249.130:37671 (size: 1820.0 B, free: 530.0 MB)
20/04/08 18:02:44 INFO spark.MapOutputTrackerMasterEndpoint: Asked to send map output locations for shuffle 3 to 10.22.249.106:36334
20/04/08 18:02:44 INFO spark.MapOutputTrackerMaster: Size of output statuses for shuffle 3 is 165 bytes
20/04/08 18:02:44 INFO spark.MapOutputTrackerMasterEndpoint: Asked to send map output locations for shuffle 3 to 10.22.249.130:44825
20/04/08 18:02:45 INFO scheduler.TaskSetManager: Finished task 0.0 in stage 12.0 (TID 16) in 898 ms on 10.22.249.106 (1/2)
20/04/08 18:02:45 INFO scheduler.TaskSetManager: Finished task 1.0 in stage 12.0 (TID 17) in 963 ms on 10.22.249.130 (2/2)
20/04/08 18:02:45 INFO scheduler.DAGScheduler: ShuffleMapStage 12 (flatMap at Graph.scala:28) finished in 0.964 s
20/04/08 18:02:45 INFO scheduler.TaskSchedulerImpl: Removed TaskSet 12.0, whose tasks have all completed, from pool 
20/04/08 18:02:45 INFO scheduler.DAGScheduler: looking for newly runnable stages
20/04/08 18:02:45 INFO scheduler.DAGScheduler: running: Set(ShuffleMapStage 21)
20/04/08 18:02:45 INFO scheduler.DAGScheduler: waiting: Set(ShuffleMapStage 22, ResultStage 23)
20/04/08 18:02:45 INFO scheduler.DAGScheduler: failed: Set()
20/04/08 18:02:45 INFO scheduler.DAGScheduler: Missing parents for ShuffleMapStage 22: List(ShuffleMapStage 21)
20/04/08 18:02:45 INFO scheduler.DAGScheduler: Missing parents for ResultStage 23: List(ShuffleMapStage 22)
20/04/08 18:02:45 INFO scheduler.TaskSetManager: Finished task 1.0 in stage 21.0 (TID 19) in 1034 ms on 10.22.249.106 (1/2)
20/04/08 18:02:45 INFO scheduler.TaskSetManager: Finished task 0.0 in stage 21.0 (TID 18) in 1049 ms on 10.22.249.130 (2/2)
20/04/08 18:02:45 INFO scheduler.DAGScheduler: ShuffleMapStage 21 (map at Graph.scala:30) finished in 1.049 s
20/04/08 18:02:45 INFO scheduler.TaskSchedulerImpl: Removed TaskSet 21.0, whose tasks have all completed, from pool 
20/04/08 18:02:45 INFO scheduler.DAGScheduler: looking for newly runnable stages
20/04/08 18:02:45 INFO scheduler.DAGScheduler: running: Set()
20/04/08 18:02:45 INFO scheduler.DAGScheduler: waiting: Set(ShuffleMapStage 22, ResultStage 23)
20/04/08 18:02:45 INFO scheduler.DAGScheduler: failed: Set()
20/04/08 18:02:45 INFO scheduler.DAGScheduler: Missing parents for ShuffleMapStage 22: List()
20/04/08 18:02:45 INFO scheduler.DAGScheduler: Missing parents for ResultStage 23: List(ShuffleMapStage 22)
20/04/08 18:02:45 INFO scheduler.DAGScheduler: Submitting ShuffleMapStage 22 (MapPartitionsRDD[39] at map at Graph.scala:38), which is now runnable
20/04/08 18:02:45 INFO storage.MemoryStore: ensureFreeSpace(3528) called with curMem=188868, maxMem=555755765
20/04/08 18:02:45 INFO storage.MemoryStore: Block broadcast_11 stored as values in memory (estimated size 3.4 KB, free 529.8 MB)
20/04/08 18:02:45 INFO storage.MemoryStore: ensureFreeSpace(1845) called with curMem=192396, maxMem=555755765
20/04/08 18:02:45 INFO storage.MemoryStore: Block broadcast_11_piece0 stored as bytes in memory (estimated size 1845.0 B, free 529.8 MB)
20/04/08 18:02:45 INFO storage.BlockManagerInfo: Added broadcast_11_piece0 in memory on 10.22.249.130:42808 (size: 1845.0 B, free: 530.0 MB)
20/04/08 18:02:45 INFO spark.SparkContext: Created broadcast 11 from broadcast at DAGScheduler.scala:861
20/04/08 18:02:45 INFO scheduler.DAGScheduler: Submitting 2 missing tasks from ShuffleMapStage 22 (MapPartitionsRDD[39] at map at Graph.scala:38)
20/04/08 18:02:45 INFO scheduler.TaskSchedulerImpl: Adding task set 22.0 with 2 tasks
20/04/08 18:02:45 INFO scheduler.TaskSetManager: Starting task 0.0 in stage 22.0 (TID 20, 10.22.249.106, PROCESS_LOCAL, 2168 bytes)
20/04/08 18:02:45 INFO scheduler.TaskSetManager: Starting task 1.0 in stage 22.0 (TID 21, 10.22.249.130, PROCESS_LOCAL, 2168 bytes)
20/04/08 18:02:45 INFO storage.BlockManagerInfo: Added broadcast_11_piece0 in memory on 10.22.249.106:37191 (size: 1845.0 B, free: 530.0 MB)
20/04/08 18:02:45 INFO storage.BlockManagerInfo: Added broadcast_11_piece0 in memory on 10.22.249.130:37671 (size: 1845.0 B, free: 530.0 MB)
20/04/08 18:02:45 INFO spark.MapOutputTrackerMasterEndpoint: Asked to send map output locations for shuffle 10 to 10.22.249.106:36334
20/04/08 18:02:45 INFO spark.MapOutputTrackerMaster: Size of output statuses for shuffle 10 is 162 bytes
20/04/08 18:02:45 INFO spark.MapOutputTrackerMasterEndpoint: Asked to send map output locations for shuffle 10 to 10.22.249.130:44825
20/04/08 18:02:45 INFO spark.MapOutputTrackerMasterEndpoint: Asked to send map output locations for shuffle 4 to 10.22.249.130:44825
20/04/08 18:02:45 INFO spark.MapOutputTrackerMaster: Size of output statuses for shuffle 4 is 165 bytes
20/04/08 18:02:45 INFO spark.MapOutputTrackerMasterEndpoint: Asked to send map output locations for shuffle 4 to 10.22.249.106:36334
20/04/08 18:02:46 INFO scheduler.TaskSetManager: Finished task 1.0 in stage 22.0 (TID 21) in 534 ms on 10.22.249.130 (1/2)
20/04/08 18:02:46 INFO scheduler.TaskSetManager: Finished task 0.0 in stage 22.0 (TID 20) in 551 ms on 10.22.249.106 (2/2)
20/04/08 18:02:46 INFO scheduler.DAGScheduler: ShuffleMapStage 22 (map at Graph.scala:38) finished in 0.551 s
20/04/08 18:02:46 INFO scheduler.DAGScheduler: looking for newly runnable stages
20/04/08 18:02:46 INFO scheduler.TaskSchedulerImpl: Removed TaskSet 22.0, whose tasks have all completed, from pool 
20/04/08 18:02:46 INFO scheduler.DAGScheduler: running: Set()
20/04/08 18:02:46 INFO scheduler.DAGScheduler: waiting: Set(ResultStage 23)
20/04/08 18:02:46 INFO scheduler.DAGScheduler: failed: Set()
20/04/08 18:02:46 INFO scheduler.DAGScheduler: Missing parents for ResultStage 23: List()
20/04/08 18:02:46 INFO scheduler.DAGScheduler: Submitting ResultStage 23 (MapPartitionsRDD[42] at sortByKey at Graph.scala:40), which is now runnable
20/04/08 18:02:46 INFO storage.MemoryStore: ensureFreeSpace(3208) called with curMem=194241, maxMem=555755765
20/04/08 18:02:46 INFO storage.MemoryStore: Block broadcast_12 stored as values in memory (estimated size 3.1 KB, free 529.8 MB)
20/04/08 18:02:46 INFO storage.MemoryStore: ensureFreeSpace(1863) called with curMem=197449, maxMem=555755765
20/04/08 18:02:46 INFO storage.MemoryStore: Block broadcast_12_piece0 stored as bytes in memory (estimated size 1863.0 B, free 529.8 MB)
20/04/08 18:02:46 INFO storage.BlockManagerInfo: Added broadcast_12_piece0 in memory on 10.22.249.130:42808 (size: 1863.0 B, free: 530.0 MB)
20/04/08 18:02:46 INFO spark.SparkContext: Created broadcast 12 from broadcast at DAGScheduler.scala:861
20/04/08 18:02:46 INFO scheduler.DAGScheduler: Submitting 2 missing tasks from ResultStage 23 (MapPartitionsRDD[42] at sortByKey at Graph.scala:40)
20/04/08 18:02:46 INFO scheduler.TaskSchedulerImpl: Adding task set 23.0 with 2 tasks
20/04/08 18:02:46 INFO scheduler.TaskSetManager: Starting task 0.0 in stage 23.0 (TID 22, 10.22.249.130, PROCESS_LOCAL, 1952 bytes)
20/04/08 18:02:46 INFO scheduler.TaskSetManager: Starting task 1.0 in stage 23.0 (TID 23, 10.22.249.106, PROCESS_LOCAL, 1952 bytes)
20/04/08 18:02:46 INFO storage.BlockManagerInfo: Added broadcast_12_piece0 in memory on 10.22.249.106:37191 (size: 1863.0 B, free: 530.0 MB)
20/04/08 18:02:46 INFO storage.BlockManagerInfo: Added broadcast_12_piece0 in memory on 10.22.249.130:37671 (size: 1863.0 B, free: 530.0 MB)
20/04/08 18:02:46 INFO spark.MapOutputTrackerMasterEndpoint: Asked to send map output locations for shuffle 5 to 10.22.249.130:44825
20/04/08 18:02:46 INFO spark.MapOutputTrackerMaster: Size of output statuses for shuffle 5 is 165 bytes
20/04/08 18:02:46 INFO spark.MapOutputTrackerMasterEndpoint: Asked to send map output locations for shuffle 5 to 10.22.249.106:36334
20/04/08 18:02:46 INFO scheduler.TaskSetManager: Finished task 0.0 in stage 23.0 (TID 22) in 22 ms on 10.22.249.130 (1/2)
20/04/08 18:02:46 INFO scheduler.TaskSetManager: Finished task 1.0 in stage 23.0 (TID 23) in 21 ms on 10.22.249.106 (2/2)
20/04/08 18:02:46 INFO scheduler.TaskSchedulerImpl: Removed TaskSet 23.0, whose tasks have all completed, from pool 
20/04/08 18:02:46 INFO scheduler.DAGScheduler: ResultStage 23 (sortByKey at Graph.scala:40) finished in 0.022 s
20/04/08 18:02:46 INFO scheduler.DAGScheduler: Job 0 finished: sortByKey at Graph.scala:40, took 8.741587 s
20/04/08 18:02:46 INFO spark.SparkContext: Starting job: collect at Graph.scala:41
20/04/08 18:02:46 INFO spark.MapOutputTrackerMaster: Size of output statuses for shuffle 6 is 151 bytes
20/04/08 18:02:46 INFO spark.MapOutputTrackerMaster: Size of output statuses for shuffle 0 is 151 bytes
20/04/08 18:02:46 INFO spark.MapOutputTrackerMaster: Size of output statuses for shuffle 1 is 165 bytes
20/04/08 18:02:46 INFO spark.MapOutputTrackerMaster: Size of output statuses for shuffle 7 is 162 bytes
20/04/08 18:02:46 INFO spark.MapOutputTrackerMaster: Size of output statuses for shuffle 8 is 162 bytes
20/04/08 18:02:46 INFO spark.MapOutputTrackerMaster: Size of output statuses for shuffle 2 is 165 bytes
20/04/08 18:02:46 INFO spark.MapOutputTrackerMaster: Size of output statuses for shuffle 3 is 165 bytes
20/04/08 18:02:46 INFO spark.MapOutputTrackerMaster: Size of output statuses for shuffle 9 is 162 bytes
20/04/08 18:02:46 INFO spark.MapOutputTrackerMaster: Size of output statuses for shuffle 10 is 162 bytes
20/04/08 18:02:46 INFO spark.MapOutputTrackerMaster: Size of output statuses for shuffle 4 is 165 bytes
20/04/08 18:02:46 INFO scheduler.DAGScheduler: Registering RDD 40 (reduceByKey at Graph.scala:39)
20/04/08 18:02:46 INFO scheduler.DAGScheduler: Got job 1 (collect at Graph.scala:41) with 2 output partitions
20/04/08 18:02:46 INFO scheduler.DAGScheduler: Final stage: ResultStage 48(collect at Graph.scala:41)
20/04/08 18:02:46 INFO scheduler.DAGScheduler: Parents of final stage: List(ShuffleMapStage 47)
20/04/08 18:02:46 INFO scheduler.DAGScheduler: Missing parents: List(ShuffleMapStage 47)
20/04/08 18:02:46 INFO scheduler.DAGScheduler: Submitting ShuffleMapStage 47 (ShuffledRDD[40] at reduceByKey at Graph.scala:39), which has no missing parents
20/04/08 18:02:46 INFO storage.MemoryStore: ensureFreeSpace(2656) called with curMem=199312, maxMem=555755765
20/04/08 18:02:46 INFO storage.MemoryStore: Block broadcast_13 stored as values in memory (estimated size 2.6 KB, free 529.8 MB)
20/04/08 18:02:46 INFO storage.MemoryStore: ensureFreeSpace(1607) called with curMem=201968, maxMem=555755765
20/04/08 18:02:46 INFO storage.MemoryStore: Block broadcast_13_piece0 stored as bytes in memory (estimated size 1607.0 B, free 529.8 MB)
20/04/08 18:02:46 INFO storage.BlockManagerInfo: Added broadcast_13_piece0 in memory on 10.22.249.130:42808 (size: 1607.0 B, free: 530.0 MB)
20/04/08 18:02:46 INFO spark.SparkContext: Created broadcast 13 from broadcast at DAGScheduler.scala:861
20/04/08 18:02:46 INFO scheduler.DAGScheduler: Submitting 2 missing tasks from ShuffleMapStage 47 (ShuffledRDD[40] at reduceByKey at Graph.scala:39)
20/04/08 18:02:46 INFO scheduler.TaskSchedulerImpl: Adding task set 47.0 with 2 tasks
20/04/08 18:02:46 INFO scheduler.TaskSetManager: Starting task 0.0 in stage 47.0 (TID 24, 10.22.249.106, PROCESS_LOCAL, 1941 bytes)
20/04/08 18:02:46 INFO scheduler.TaskSetManager: Starting task 1.0 in stage 47.0 (TID 25, 10.22.249.130, PROCESS_LOCAL, 1941 bytes)
20/04/08 18:02:46 INFO storage.BlockManagerInfo: Added broadcast_13_piece0 in memory on 10.22.249.106:37191 (size: 1607.0 B, free: 530.0 MB)
20/04/08 18:02:46 INFO storage.BlockManagerInfo: Added broadcast_13_piece0 in memory on 10.22.249.130:37671 (size: 1607.0 B, free: 530.0 MB)
20/04/08 18:02:46 INFO scheduler.TaskSetManager: Finished task 0.0 in stage 47.0 (TID 24) in 15 ms on 10.22.249.106 (1/2)
20/04/08 18:02:46 INFO scheduler.TaskSetManager: Finished task 1.0 in stage 47.0 (TID 25) in 16 ms on 10.22.249.130 (2/2)
20/04/08 18:02:46 INFO scheduler.DAGScheduler: ShuffleMapStage 47 (reduceByKey at Graph.scala:39) finished in 0.016 s
20/04/08 18:02:46 INFO scheduler.TaskSchedulerImpl: Removed TaskSet 47.0, whose tasks have all completed, from pool 
20/04/08 18:02:46 INFO scheduler.DAGScheduler: looking for newly runnable stages
20/04/08 18:02:46 INFO scheduler.DAGScheduler: running: Set()
20/04/08 18:02:46 INFO scheduler.DAGScheduler: waiting: Set(ResultStage 48)
20/04/08 18:02:46 INFO scheduler.DAGScheduler: failed: Set()
20/04/08 18:02:46 INFO scheduler.DAGScheduler: Missing parents for ResultStage 48: List()
20/04/08 18:02:46 INFO scheduler.DAGScheduler: Submitting ResultStage 48 (ShuffledRDD[43] at sortByKey at Graph.scala:40), which is now runnable
20/04/08 18:02:46 INFO storage.MemoryStore: ensureFreeSpace(2568) called with curMem=203575, maxMem=555755765
20/04/08 18:02:46 INFO storage.MemoryStore: Block broadcast_14 stored as values in memory (estimated size 2.5 KB, free 529.8 MB)
20/04/08 18:02:46 INFO storage.MemoryStore: ensureFreeSpace(1521) called with curMem=206143, maxMem=555755765
20/04/08 18:02:46 INFO storage.MemoryStore: Block broadcast_14_piece0 stored as bytes in memory (estimated size 1521.0 B, free 529.8 MB)
20/04/08 18:02:46 INFO storage.BlockManagerInfo: Added broadcast_14_piece0 in memory on 10.22.249.130:42808 (size: 1521.0 B, free: 530.0 MB)
20/04/08 18:02:46 INFO spark.SparkContext: Created broadcast 14 from broadcast at DAGScheduler.scala:861
20/04/08 18:02:46 INFO scheduler.DAGScheduler: Submitting 2 missing tasks from ResultStage 48 (ShuffledRDD[43] at sortByKey at Graph.scala:40)
20/04/08 18:02:46 INFO scheduler.TaskSchedulerImpl: Adding task set 48.0 with 2 tasks
20/04/08 18:02:46 INFO scheduler.TaskSetManager: Starting task 0.0 in stage 48.0 (TID 26, 10.22.249.130, PROCESS_LOCAL, 1952 bytes)
20/04/08 18:02:46 INFO scheduler.TaskSetManager: Starting task 1.0 in stage 48.0 (TID 27, 10.22.249.106, PROCESS_LOCAL, 1952 bytes)
20/04/08 18:02:46 INFO storage.BlockManagerInfo: Added broadcast_14_piece0 in memory on 10.22.249.106:37191 (size: 1521.0 B, free: 530.0 MB)
20/04/08 18:02:46 INFO storage.BlockManagerInfo: Added broadcast_14_piece0 in memory on 10.22.249.130:37671 (size: 1521.0 B, free: 530.0 MB)
20/04/08 18:02:46 INFO spark.MapOutputTrackerMasterEndpoint: Asked to send map output locations for shuffle 11 to 10.22.249.106:36334
20/04/08 18:02:46 INFO spark.MapOutputTrackerMaster: Size of output statuses for shuffle 11 is 165 bytes
20/04/08 18:02:46 INFO spark.MapOutputTrackerMasterEndpoint: Asked to send map output locations for shuffle 11 to 10.22.249.130:44825
20/04/08 18:02:46 INFO scheduler.TaskSetManager: Finished task 1.0 in stage 48.0 (TID 27) in 16 ms on 10.22.249.106 (1/2)
20/04/08 18:02:46 INFO scheduler.TaskSetManager: Finished task 0.0 in stage 48.0 (TID 26) in 17 ms on 10.22.249.130 (2/2)
20/04/08 18:02:46 INFO scheduler.DAGScheduler: ResultStage 48 (collect at Graph.scala:41) finished in 0.017 s
20/04/08 18:02:46 INFO scheduler.TaskSchedulerImpl: Removed TaskSet 48.0, whose tasks have all completed, from pool 
20/04/08 18:02:46 INFO scheduler.DAGScheduler: Job 1 finished: collect at Graph.scala:41, took 0.053008 s
(0,92983)
(1,5847)
(2,752)
(3,331)
(4,46)
(5,22)
(6,12)
(7,2)
(8,1)
(9,2)
(10,1)
(11,1)
20/04/08 18:02:46 INFO spark.SparkContext: Invoking stop() from shutdown hook
20/04/08 18:02:46 INFO handler.ContextHandler: stopped o.s.j.s.ServletContextHandler{/metrics/json,null}
20/04/08 18:02:46 INFO handler.ContextHandler: stopped o.s.j.s.ServletContextHandler{/stages/stage/kill,null}
20/04/08 18:02:46 INFO handler.ContextHandler: stopped o.s.j.s.ServletContextHandler{/api,null}
20/04/08 18:02:46 INFO handler.ContextHandler: stopped o.s.j.s.ServletContextHandler{/,null}
20/04/08 18:02:46 INFO handler.ContextHandler: stopped o.s.j.s.ServletContextHandler{/static,null}
20/04/08 18:02:46 INFO handler.ContextHandler: stopped o.s.j.s.ServletContextHandler{/executors/threadDump/json,null}
20/04/08 18:02:46 INFO handler.ContextHandler: stopped o.s.j.s.ServletContextHandler{/executors/threadDump,null}
20/04/08 18:02:46 INFO handler.ContextHandler: stopped o.s.j.s.ServletContextHandler{/executors/json,null}
20/04/08 18:02:46 INFO handler.ContextHandler: stopped o.s.j.s.ServletContextHandler{/executors,null}
20/04/08 18:02:46 INFO handler.ContextHandler: stopped o.s.j.s.ServletContextHandler{/environment/json,null}
20/04/08 18:02:46 INFO handler.ContextHandler: stopped o.s.j.s.ServletContextHandler{/environment,null}
20/04/08 18:02:46 INFO handler.ContextHandler: stopped o.s.j.s.ServletContextHandler{/storage/rdd/json,null}
20/04/08 18:02:46 INFO handler.ContextHandler: stopped o.s.j.s.ServletContextHandler{/storage/rdd,null}
20/04/08 18:02:46 INFO handler.ContextHandler: stopped o.s.j.s.ServletContextHandler{/storage/json,null}
20/04/08 18:02:46 INFO handler.ContextHandler: stopped o.s.j.s.ServletContextHandler{/storage,null}
20/04/08 18:02:46 INFO handler.ContextHandler: stopped o.s.j.s.ServletContextHandler{/stages/pool/json,null}
20/04/08 18:02:46 INFO handler.ContextHandler: stopped o.s.j.s.ServletContextHandler{/stages/pool,null}
20/04/08 18:02:46 INFO handler.ContextHandler: stopped o.s.j.s.ServletContextHandler{/stages/stage/json,null}
20/04/08 18:02:46 INFO handler.ContextHandler: stopped o.s.j.s.ServletContextHandler{/stages/stage,null}
20/04/08 18:02:46 INFO handler.ContextHandler: stopped o.s.j.s.ServletContextHandler{/stages/json,null}
20/04/08 18:02:46 INFO handler.ContextHandler: stopped o.s.j.s.ServletContextHandler{/stages,null}
20/04/08 18:02:46 INFO handler.ContextHandler: stopped o.s.j.s.ServletContextHandler{/jobs/job/json,null}
20/04/08 18:02:46 INFO handler.ContextHandler: stopped o.s.j.s.ServletContextHandler{/jobs/job,null}
20/04/08 18:02:46 INFO handler.ContextHandler: stopped o.s.j.s.ServletContextHandler{/jobs/json,null}
20/04/08 18:02:46 INFO handler.ContextHandler: stopped o.s.j.s.ServletContextHandler{/jobs,null}
20/04/08 18:02:46 INFO ui.SparkUI: Stopped Spark web UI at http://10.22.249.130:4040
20/04/08 18:02:46 INFO scheduler.DAGScheduler: Stopping DAGScheduler
20/04/08 18:02:46 INFO cluster.SparkDeploySchedulerBackend: Shutting down all executors
20/04/08 18:02:46 INFO cluster.SparkDeploySchedulerBackend: Asking each executor to shut down
20/04/08 18:02:46 INFO spark.MapOutputTrackerMasterEndpoint: MapOutputTrackerMasterEndpoint stopped!
20/04/08 18:02:46 INFO storage.MemoryStore: MemoryStore cleared
20/04/08 18:02:46 INFO storage.BlockManager: BlockManager stopped
20/04/08 18:02:46 INFO storage.BlockManagerMaster: BlockManagerMaster stopped
20/04/08 18:02:46 INFO scheduler.OutputCommitCoordinator$OutputCommitCoordinatorEndpoint: OutputCommitCoordinator stopped!
20/04/08 18:02:46 INFO spark.SparkContext: Successfully stopped SparkContext
20/04/08 18:02:46 INFO util.ShutdownHookManager: Shutdown hook called
20/04/08 18:02:46 INFO util.ShutdownHookManager: Deleting directory /tmp/spark-6c9d4f2f-2d9c-4c4d-a02a-8ef4b9cd8d91
20/04/08 18:02:46 INFO remote.RemoteActorRefProvider$RemotingTerminator: Shutting down remote daemon.
20/04/08 18:02:46 INFO remote.RemoteActorRefProvider$RemotingTerminator: Remote daemon shut down; proceeding with flushing remote transports.
20/04/08 18:02:46 INFO remote.RemoteActorRefProvider$RemotingTerminator: Remoting shut down.
stopping yarn daemons
stopping resourcemanager
comet-26-05.ibnet: stopping nodemanager
comet-26-29.ibnet: stopping nodemanager
no proxyserver to stop
Stopping namenodes on [comet-26-05.ibnet]
comet-26-05.ibnet: stopping namenode
comet-26-05.ibnet: stopping datanode
comet-26-29.ibnet: stopping datanode
Stopping secondary namenodes [comet-26-05.ibnet]
comet-26-05.ibnet: stopping secondarynamenode
Copying Hadoop logs back to /home/sxt0251/cometcluster/logs...
‘/scratch/sxt0251/32496288/logs’ -> ‘/home/sxt0251/cometcluster/logs’
‘/scratch/sxt0251/32496288/logs/hadoop-sxt0251-namenode-comet-26-05.sdsc.edu.out’ -> ‘/home/sxt0251/cometcluster/logs/hadoop-sxt0251-namenode-comet-26-05.sdsc.edu.out’
‘/scratch/sxt0251/32496288/logs/yarn-sxt0251-resourcemanager-comet-26-05.log’ -> ‘/home/sxt0251/cometcluster/logs/yarn-sxt0251-resourcemanager-comet-26-05.log’
‘/scratch/sxt0251/32496288/logs/hadoop-sxt0251-datanode-comet-26-05.sdsc.edu.out’ -> ‘/home/sxt0251/cometcluster/logs/hadoop-sxt0251-datanode-comet-26-05.sdsc.edu.out’
‘/scratch/sxt0251/32496288/logs/yarn-sxt0251-nodemanager-comet-26-05.sdsc.edu.out’ -> ‘/home/sxt0251/cometcluster/logs/yarn-sxt0251-nodemanager-comet-26-05.sdsc.edu.out’
‘/scratch/sxt0251/32496288/logs/spark-sxt0251-org.apache.spark.deploy.worker.Worker-1-comet-26-05.sdsc.edu.out’ -> ‘/home/sxt0251/cometcluster/logs/spark-sxt0251-org.apache.spark.deploy.worker.Worker-1-comet-26-05.sdsc.edu.out’
‘/scratch/sxt0251/32496288/logs/hadoop-sxt0251-secondarynamenode-comet-26-05.sdsc.edu.out’ -> ‘/home/sxt0251/cometcluster/logs/hadoop-sxt0251-secondarynamenode-comet-26-05.sdsc.edu.out’
‘/scratch/sxt0251/32496288/logs/hadoop-sxt0251-secondarynamenode-comet-26-05.sdsc.edu.log’ -> ‘/home/sxt0251/cometcluster/logs/hadoop-sxt0251-secondarynamenode-comet-26-05.sdsc.edu.log’
‘/scratch/sxt0251/32496288/logs/SecurityAuth-sxt0251.audit’ -> ‘/home/sxt0251/cometcluster/logs/SecurityAuth-sxt0251.audit’
‘/scratch/sxt0251/32496288/logs/yarn-sxt0251-resourcemanager-comet-26-05.out’ -> ‘/home/sxt0251/cometcluster/logs/yarn-sxt0251-resourcemanager-comet-26-05.out’
‘/scratch/sxt0251/32496288/logs/hadoop-sxt0251-datanode-comet-26-05.sdsc.edu.log’ -> ‘/home/sxt0251/cometcluster/logs/hadoop-sxt0251-datanode-comet-26-05.sdsc.edu.log’
‘/scratch/sxt0251/32496288/logs/yarn-sxt0251-nodemanager-comet-26-05.sdsc.edu.log’ -> ‘/home/sxt0251/cometcluster/logs/yarn-sxt0251-nodemanager-comet-26-05.sdsc.edu.log’
‘/scratch/sxt0251/32496288/logs/spark-sxt0251-org.apache.spark.deploy.master.Master-1-comet-26-05.out’ -> ‘/home/sxt0251/cometcluster/logs/spark-sxt0251-org.apache.spark.deploy.master.Master-1-comet-26-05.out’
‘/scratch/sxt0251/32496288/logs/userlogs’ -> ‘/home/sxt0251/cometcluster/logs/userlogs’
‘/scratch/sxt0251/32496288/logs/hadoop-sxt0251-namenode-comet-26-05.sdsc.edu.log’ -> ‘/home/sxt0251/cometcluster/logs/hadoop-sxt0251-namenode-comet-26-05.sdsc.edu.log’
removed directory: ‘/scratch/sxt0251/32496288/mapred_scratch/filecache’
removed directory: ‘/scratch/sxt0251/32496288/mapred_scratch/usercache’
removed directory: ‘/scratch/sxt0251/32496288/mapred_scratch/nmPrivate’
removed directory: ‘/scratch/sxt0251/32496288/mapred_scratch’
removed directory: ‘/scratch/sxt0251/32496288/tmp/dfs/namesecondary’
removed directory: ‘/scratch/sxt0251/32496288/tmp/dfs’
removed directory: ‘/scratch/sxt0251/32496288/tmp’
removed ‘/scratch/sxt0251/32496288/namenode_data/current/fsimage_0000000000000000000’
removed ‘/scratch/sxt0251/32496288/namenode_data/current/VERSION’
removed ‘/scratch/sxt0251/32496288/namenode_data/current/fsimage_0000000000000000000.md5’
removed ‘/scratch/sxt0251/32496288/namenode_data/current/edits_inprogress_0000000000000000001’
removed ‘/scratch/sxt0251/32496288/namenode_data/current/seen_txid’
removed directory: ‘/scratch/sxt0251/32496288/namenode_data/current’
removed directory: ‘/scratch/sxt0251/32496288/namenode_data’
removed ‘/scratch/sxt0251/32496288/hdfs_data/current/VERSION’
removed ‘/scratch/sxt0251/32496288/hdfs_data/current/BP-44200080-198.202.113.174-1586394124068/dncp_block_verification.log.prev’
removed directory: ‘/scratch/sxt0251/32496288/hdfs_data/current/BP-44200080-198.202.113.174-1586394124068/tmp’
removed ‘/scratch/sxt0251/32496288/hdfs_data/current/BP-44200080-198.202.113.174-1586394124068/current/finalized/subdir0/subdir0/blk_1073741825_1001.meta’
removed ‘/scratch/sxt0251/32496288/hdfs_data/current/BP-44200080-198.202.113.174-1586394124068/current/finalized/subdir0/subdir0/blk_1073741825’
removed directory: ‘/scratch/sxt0251/32496288/hdfs_data/current/BP-44200080-198.202.113.174-1586394124068/current/finalized/subdir0/subdir0’
removed directory: ‘/scratch/sxt0251/32496288/hdfs_data/current/BP-44200080-198.202.113.174-1586394124068/current/finalized/subdir0’
removed directory: ‘/scratch/sxt0251/32496288/hdfs_data/current/BP-44200080-198.202.113.174-1586394124068/current/finalized’
removed directory: ‘/scratch/sxt0251/32496288/hdfs_data/current/BP-44200080-198.202.113.174-1586394124068/current/rbw’
removed ‘/scratch/sxt0251/32496288/hdfs_data/current/BP-44200080-198.202.113.174-1586394124068/current/dfsUsed’
removed ‘/scratch/sxt0251/32496288/hdfs_data/current/BP-44200080-198.202.113.174-1586394124068/current/VERSION’
removed directory: ‘/scratch/sxt0251/32496288/hdfs_data/current/BP-44200080-198.202.113.174-1586394124068/current’
removed ‘/scratch/sxt0251/32496288/hdfs_data/current/BP-44200080-198.202.113.174-1586394124068/dncp_block_verification.log.curr’
removed directory: ‘/scratch/sxt0251/32496288/hdfs_data/current/BP-44200080-198.202.113.174-1586394124068’
removed directory: ‘/scratch/sxt0251/32496288/hdfs_data/current’
removed directory: ‘/scratch/sxt0251/32496288/hdfs_data’
removed directory: ‘/scratch/sxt0251/32496288/pids’
removed ‘/scratch/sxt0251/32496288/logs/hadoop-sxt0251-namenode-comet-26-05.sdsc.edu.out’
removed ‘/scratch/sxt0251/32496288/logs/yarn-sxt0251-resourcemanager-comet-26-05.log’
removed ‘/scratch/sxt0251/32496288/logs/hadoop-sxt0251-datanode-comet-26-05.sdsc.edu.out’
removed ‘/scratch/sxt0251/32496288/logs/yarn-sxt0251-nodemanager-comet-26-05.sdsc.edu.out’
removed ‘/scratch/sxt0251/32496288/logs/spark-sxt0251-org.apache.spark.deploy.worker.Worker-1-comet-26-05.sdsc.edu.out’
removed ‘/scratch/sxt0251/32496288/logs/hadoop-sxt0251-secondarynamenode-comet-26-05.sdsc.edu.out’
removed ‘/scratch/sxt0251/32496288/logs/hadoop-sxt0251-secondarynamenode-comet-26-05.sdsc.edu.log’
removed ‘/scratch/sxt0251/32496288/logs/SecurityAuth-sxt0251.audit’
removed ‘/scratch/sxt0251/32496288/logs/yarn-sxt0251-resourcemanager-comet-26-05.out’
removed ‘/scratch/sxt0251/32496288/logs/hadoop-sxt0251-datanode-comet-26-05.sdsc.edu.log’
removed ‘/scratch/sxt0251/32496288/logs/yarn-sxt0251-nodemanager-comet-26-05.sdsc.edu.log’
removed ‘/scratch/sxt0251/32496288/logs/spark-sxt0251-org.apache.spark.deploy.master.Master-1-comet-26-05.out’
removed directory: ‘/scratch/sxt0251/32496288/logs/userlogs’
removed ‘/scratch/sxt0251/32496288/logs/hadoop-sxt0251-namenode-comet-26-05.sdsc.edu.log’
removed directory: ‘/scratch/sxt0251/32496288/logs’
removed directory: ‘/scratch/sxt0251/32496288/mapred_scratch/filecache’
removed directory: ‘/scratch/sxt0251/32496288/mapred_scratch/usercache’
removed directory: ‘/scratch/sxt0251/32496288/mapred_scratch/nmPrivate’
removed directory: ‘/scratch/sxt0251/32496288/mapred_scratch’
removed ‘/scratch/sxt0251/32496288/hdfs_data/current/BP-44200080-198.202.113.174-1586394124068/dncp_block_verification.log.curr’
removed ‘/scratch/sxt0251/32496288/hdfs_data/current/BP-44200080-198.202.113.174-1586394124068/current/finalized/subdir0/subdir0/blk_1073741825_1001.meta’
removed ‘/scratch/sxt0251/32496288/hdfs_data/current/BP-44200080-198.202.113.174-1586394124068/current/finalized/subdir0/subdir0/blk_1073741825’
removed directory: ‘/scratch/sxt0251/32496288/hdfs_data/current/BP-44200080-198.202.113.174-1586394124068/current/finalized/subdir0/subdir0’
removed directory: ‘/scratch/sxt0251/32496288/hdfs_data/current/BP-44200080-198.202.113.174-1586394124068/current/finalized/subdir0’
removed directory: ‘/scratch/sxt0251/32496288/hdfs_data/current/BP-44200080-198.202.113.174-1586394124068/current/finalized’
removed directory: ‘/scratch/sxt0251/32496288/hdfs_data/current/BP-44200080-198.202.113.174-1586394124068/current/rbw’
removed ‘/scratch/sxt0251/32496288/hdfs_data/current/BP-44200080-198.202.113.174-1586394124068/current/dfsUsed’
removed ‘/scratch/sxt0251/32496288/hdfs_data/current/BP-44200080-198.202.113.174-1586394124068/current/VERSION’
removed directory: ‘/scratch/sxt0251/32496288/hdfs_data/current/BP-44200080-198.202.113.174-1586394124068/current’
removed directory: ‘/scratch/sxt0251/32496288/hdfs_data/current/BP-44200080-198.202.113.174-1586394124068/tmp’
removed ‘/scratch/sxt0251/32496288/hdfs_data/current/BP-44200080-198.202.113.174-1586394124068/dncp_block_verification.log.prev’
removed directory: ‘/scratch/sxt0251/32496288/hdfs_data/current/BP-44200080-198.202.113.174-1586394124068’
removed ‘/scratch/sxt0251/32496288/hdfs_data/current/VERSION’
removed directory: ‘/scratch/sxt0251/32496288/hdfs_data/current’
removed directory: ‘/scratch/sxt0251/32496288/hdfs_data’
removed directory: ‘/scratch/sxt0251/32496288/pids’
removed ‘/scratch/sxt0251/32496288/logs/SecurityAuth-sxt0251.audit’
removed ‘/scratch/sxt0251/32496288/logs/hadoop-sxt0251-datanode-comet-26-29.sdsc.edu.out’
removed ‘/scratch/sxt0251/32496288/logs/yarn-sxt0251-nodemanager-comet-26-29.sdsc.edu.log’
removed directory: ‘/scratch/sxt0251/32496288/logs/userlogs’
removed ‘/scratch/sxt0251/32496288/logs/spark-sxt0251-org.apache.spark.deploy.worker.Worker-1-comet-26-29.sdsc.edu.out’
removed ‘/scratch/sxt0251/32496288/logs/yarn-sxt0251-nodemanager-comet-26-29.sdsc.edu.out’
removed ‘/scratch/sxt0251/32496288/logs/hadoop-sxt0251-datanode-comet-26-29.sdsc.edu.log’
removed directory: ‘/scratch/sxt0251/32496288/logs’
removed directory: ‘/tmp/Jetty_comet.26.05_ibnet_50090_secondary____bqweqw_6858541185856464276/jsp’
removed directory: ‘/tmp/Jetty_comet.26.05_ibnet_50090_secondary____bqweqw_6858541185856464276/.active’
removed directory: ‘/tmp/Jetty_comet.26.05_ibnet_50090_secondary____bqweqw_6858541185856464276’
removed directory: ‘/tmp/Jetty_0_0_0_0_50075_datanode____hwtdwq_183194737153990294/jsp’
removed directory: ‘/tmp/Jetty_0_0_0_0_50075_datanode____hwtdwq_183194737153990294/.active’
removed directory: ‘/tmp/Jetty_0_0_0_0_50075_datanode____hwtdwq_183194737153990294’
removed directory: ‘/tmp/Jetty_0_0_0_0_50070_hdfs____w2cu08_1482495697105307834/jsp’
removed directory: ‘/tmp/Jetty_0_0_0_0_50070_hdfs____w2cu08_1482495697105307834/.active’
removed directory: ‘/tmp/Jetty_0_0_0_0_50070_hdfs____w2cu08_1482495697105307834’
