myHadoop: Setting MH_IPOIB_TRANSFORM='s/\([^.]*\).*$/\1.ibnet/' from myhadoop.conf
myHadoop: Setting MH_SCRATCH_DIR=/scratch/$USER/$SLURM_JOBID from myhadoop.conf
myHadoop: Using HADOOP_HOME=/opt/hadoop/2.6.0
myHadoop: Using MH_SCRATCH_DIR=/scratch/sxt0251/32256117
myHadoop: Using JAVA_HOME=/lib/jvm/java
myHadoop: Generating Hadoop configuration in directory in /home/sxt0251/cometcluster...
myHadoop: Backing up old config dir to /home/sxt0251/cometcluster.33...
‘/home/sxt0251/cometcluster’ -> ‘/home/sxt0251/cometcluster.33’
myHadoop: Designating comet-04-13.ibnet as master node (namenode, secondary namenode, and jobtracker)
myHadoop: The following nodes will be slaves (datanode, tasktracer):
comet-04-13.ibnet
comet-04-31.ibnet
20/03/24 13:23:37 INFO namenode.NameNode: STARTUP_MSG: 
/************************************************************
STARTUP_MSG: Starting NameNode
STARTUP_MSG:   host = comet-04-13.sdsc.edu/198.202.112.72
STARTUP_MSG:   args = [-format]
STARTUP_MSG:   version = 2.6.0
STARTUP_MSG:   classpath = /home/sxt0251/cometcluster:/opt/hadoop/2.6.0/share/hadoop/common/lib/jsr305-1.3.9.jar:/opt/hadoop/2.6.0/share/hadoop/common/lib/jersey-json-1.9.jar:/opt/hadoop/2.6.0/share/hadoop/common/lib/guava-11.0.2.jar:/opt/hadoop/2.6.0/share/hadoop/common/lib/jetty-6.1.26.jar:/opt/hadoop/2.6.0/share/hadoop/common/lib/commons-cli-1.2.jar:/opt/hadoop/2.6.0/share/hadoop/common/lib/zookeeper-3.4.6.jar:/opt/hadoop/2.6.0/share/hadoop/common/lib/jetty-util-6.1.26.jar:/opt/hadoop/2.6.0/share/hadoop/common/lib/hadoop-annotations-2.6.0.jar:/opt/hadoop/2.6.0/share/hadoop/common/lib/jackson-xc-1.9.13.jar:/opt/hadoop/2.6.0/share/hadoop/common/lib/jasper-runtime-5.5.23.jar:/opt/hadoop/2.6.0/share/hadoop/common/lib/commons-net-3.1.jar:/opt/hadoop/2.6.0/share/hadoop/common/lib/mockito-all-1.8.5.jar:/opt/hadoop/2.6.0/share/hadoop/common/lib/httpclient-4.2.5.jar:/opt/hadoop/2.6.0/share/hadoop/common/lib/log4j-1.2.17.jar:/opt/hadoop/2.6.0/share/hadoop/common/lib/curator-client-2.6.0.jar:/opt/hadoop/2.6.0/share/hadoop/common/lib/curator-recipes-2.6.0.jar:/opt/hadoop/2.6.0/share/hadoop/common/lib/paranamer-2.3.jar:/opt/hadoop/2.6.0/share/hadoop/common/lib/activation-1.1.jar:/opt/hadoop/2.6.0/share/hadoop/common/lib/jaxb-impl-2.2.3-1.jar:/opt/hadoop/2.6.0/share/hadoop/common/lib/netty-3.6.2.Final.jar:/opt/hadoop/2.6.0/share/hadoop/common/lib/commons-logging-1.1.3.jar:/opt/hadoop/2.6.0/share/hadoop/common/lib/junit-4.11.jar:/opt/hadoop/2.6.0/share/hadoop/common/lib/htrace-core-3.0.4.jar:/opt/hadoop/2.6.0/share/hadoop/common/lib/commons-digester-1.8.jar:/opt/hadoop/2.6.0/share/hadoop/common/lib/commons-el-1.0.jar:/opt/hadoop/2.6.0/share/hadoop/common/lib/stax-api-1.0-2.jar:/opt/hadoop/2.6.0/share/hadoop/common/lib/commons-codec-1.4.jar:/opt/hadoop/2.6.0/share/hadoop/common/lib/jets3t-0.9.0.jar:/opt/hadoop/2.6.0/share/hadoop/common/lib/commons-io-2.4.jar:/opt/hadoop/2.6.0/share/hadoop/common/lib/protobuf-java-2.5.0.jar:/opt/hadoop/2.6.0/share/hadoop/common/lib/commons-beanutils-core-1.8.0.jar:/opt/hadoop/2.6.0/share/hadoop/common/lib/jasper-compiler-5.5.23.jar:/opt/hadoop/2.6.0/share/hadoop/common/lib/xz-1.0.jar:/opt/hadoop/2.6.0/share/hadoop/common/lib/api-asn1-api-1.0.0-M20.jar:/opt/hadoop/2.6.0/share/hadoop/common/lib/jaxb-api-2.2.2.jar:/opt/hadoop/2.6.0/share/hadoop/common/lib/java-xmlbuilder-0.4.jar:/opt/hadoop/2.6.0/share/hadoop/common/lib/jsch-0.1.42.jar:/opt/hadoop/2.6.0/share/hadoop/common/lib/slf4j-api-1.7.5.jar:/opt/hadoop/2.6.0/share/hadoop/common/lib/jersey-server-1.9.jar:/opt/hadoop/2.6.0/share/hadoop/common/lib/jackson-mapper-asl-1.9.13.jar:/opt/hadoop/2.6.0/share/hadoop/common/lib/httpcore-4.2.5.jar:/opt/hadoop/2.6.0/share/hadoop/common/lib/servlet-api-2.5.jar:/opt/hadoop/2.6.0/share/hadoop/common/lib/api-util-1.0.0-M20.jar:/opt/hadoop/2.6.0/share/hadoop/common/lib/xmlenc-0.52.jar:/opt/hadoop/2.6.0/share/hadoop/common/lib/asm-3.2.jar:/opt/hadoop/2.6.0/share/hadoop/common/lib/jettison-1.1.jar:/opt/hadoop/2.6.0/share/hadoop/common/lib/apacheds-kerberos-codec-2.0.0-M15.jar:/opt/hadoop/2.6.0/share/hadoop/common/lib/gson-2.2.4.jar:/opt/hadoop/2.6.0/share/hadoop/common/lib/jersey-core-1.9.jar:/opt/hadoop/2.6.0/share/hadoop/common/lib/commons-collections-3.2.1.jar:/opt/hadoop/2.6.0/share/hadoop/common/lib/commons-lang-2.6.jar:/opt/hadoop/2.6.0/share/hadoop/common/lib/jackson-jaxrs-1.9.13.jar:/opt/hadoop/2.6.0/share/hadoop/common/lib/commons-configuration-1.6.jar:/opt/hadoop/2.6.0/share/hadoop/common/lib/commons-beanutils-1.7.0.jar:/opt/hadoop/2.6.0/share/hadoop/common/lib/hadoop-auth-2.6.0.jar:/opt/hadoop/2.6.0/share/hadoop/common/lib/jackson-core-asl-1.9.13.jar:/opt/hadoop/2.6.0/share/hadoop/common/lib/snappy-java-1.0.4.1.jar:/opt/hadoop/2.6.0/share/hadoop/common/lib/commons-compress-1.4.1.jar:/opt/hadoop/2.6.0/share/hadoop/common/lib/hamcrest-core-1.3.jar:/opt/hadoop/2.6.0/share/hadoop/common/lib/curator-framework-2.6.0.jar:/opt/hadoop/2.6.0/share/hadoop/common/lib/apacheds-i18n-2.0.0-M15.jar:/opt/hadoop/2.6.0/share/hadoop/common/lib/slf4j-log4j12-1.7.5.jar:/opt/hadoop/2.6.0/share/hadoop/common/lib/jsp-api-2.1.jar:/opt/hadoop/2.6.0/share/hadoop/common/lib/avro-1.7.4.jar:/opt/hadoop/2.6.0/share/hadoop/common/lib/commons-math3-3.1.1.jar:/opt/hadoop/2.6.0/share/hadoop/common/lib/commons-httpclient-3.1.jar:/opt/hadoop/2.6.0/share/hadoop/common/hadoop-common-2.6.0-tests.jar:/opt/hadoop/2.6.0/share/hadoop/common/hadoop-nfs-2.6.0.jar:/opt/hadoop/2.6.0/share/hadoop/common/hadoop-common-2.6.0.jar:/opt/hadoop/2.6.0/share/hadoop/hdfs:/opt/hadoop/2.6.0/share/hadoop/hdfs/lib/jsr305-1.3.9.jar:/opt/hadoop/2.6.0/share/hadoop/hdfs/lib/commons-daemon-1.0.13.jar:/opt/hadoop/2.6.0/share/hadoop/hdfs/lib/guava-11.0.2.jar:/opt/hadoop/2.6.0/share/hadoop/hdfs/lib/jetty-6.1.26.jar:/opt/hadoop/2.6.0/share/hadoop/hdfs/lib/commons-cli-1.2.jar:/opt/hadoop/2.6.0/share/hadoop/hdfs/lib/jetty-util-6.1.26.jar:/opt/hadoop/2.6.0/share/hadoop/hdfs/lib/jasper-runtime-5.5.23.jar:/opt/hadoop/2.6.0/share/hadoop/hdfs/lib/log4j-1.2.17.jar:/opt/hadoop/2.6.0/share/hadoop/hdfs/lib/xml-apis-1.3.04.jar:/opt/hadoop/2.6.0/share/hadoop/hdfs/lib/netty-3.6.2.Final.jar:/opt/hadoop/2.6.0/share/hadoop/hdfs/lib/commons-logging-1.1.3.jar:/opt/hadoop/2.6.0/share/hadoop/hdfs/lib/htrace-core-3.0.4.jar:/opt/hadoop/2.6.0/share/hadoop/hdfs/lib/commons-el-1.0.jar:/opt/hadoop/2.6.0/share/hadoop/hdfs/lib/commons-codec-1.4.jar:/opt/hadoop/2.6.0/share/hadoop/hdfs/lib/commons-io-2.4.jar:/opt/hadoop/2.6.0/share/hadoop/hdfs/lib/protobuf-java-2.5.0.jar:/opt/hadoop/2.6.0/share/hadoop/hdfs/lib/jersey-server-1.9.jar:/opt/hadoop/2.6.0/share/hadoop/hdfs/lib/jackson-mapper-asl-1.9.13.jar:/opt/hadoop/2.6.0/share/hadoop/hdfs/lib/servlet-api-2.5.jar:/opt/hadoop/2.6.0/share/hadoop/hdfs/lib/xmlenc-0.52.jar:/opt/hadoop/2.6.0/share/hadoop/hdfs/lib/asm-3.2.jar:/opt/hadoop/2.6.0/share/hadoop/hdfs/lib/jersey-core-1.9.jar:/opt/hadoop/2.6.0/share/hadoop/hdfs/lib/commons-lang-2.6.jar:/opt/hadoop/2.6.0/share/hadoop/hdfs/lib/jackson-core-asl-1.9.13.jar:/opt/hadoop/2.6.0/share/hadoop/hdfs/lib/xercesImpl-2.9.1.jar:/opt/hadoop/2.6.0/share/hadoop/hdfs/lib/jsp-api-2.1.jar:/opt/hadoop/2.6.0/share/hadoop/hdfs/hadoop-hdfs-2.6.0.jar:/opt/hadoop/2.6.0/share/hadoop/hdfs/hadoop-hdfs-2.6.0-tests.jar:/opt/hadoop/2.6.0/share/hadoop/hdfs/hadoop-hdfs-nfs-2.6.0.jar:/opt/hadoop/2.6.0/share/hadoop/yarn/lib/jsr305-1.3.9.jar:/opt/hadoop/2.6.0/share/hadoop/yarn/lib/leveldbjni-all-1.8.jar:/opt/hadoop/2.6.0/share/hadoop/yarn/lib/jersey-json-1.9.jar:/opt/hadoop/2.6.0/share/hadoop/yarn/lib/guava-11.0.2.jar:/opt/hadoop/2.6.0/share/hadoop/yarn/lib/jetty-6.1.26.jar:/opt/hadoop/2.6.0/share/hadoop/yarn/lib/commons-cli-1.2.jar:/opt/hadoop/2.6.0/share/hadoop/yarn/lib/zookeeper-3.4.6.jar:/opt/hadoop/2.6.0/share/hadoop/yarn/lib/jetty-util-6.1.26.jar:/opt/hadoop/2.6.0/share/hadoop/yarn/lib/jackson-xc-1.9.13.jar:/opt/hadoop/2.6.0/share/hadoop/yarn/lib/javax.inject-1.jar:/opt/hadoop/2.6.0/share/hadoop/yarn/lib/aopalliance-1.0.jar:/opt/hadoop/2.6.0/share/hadoop/yarn/lib/log4j-1.2.17.jar:/opt/hadoop/2.6.0/share/hadoop/yarn/lib/activation-1.1.jar:/opt/hadoop/2.6.0/share/hadoop/yarn/lib/jaxb-impl-2.2.3-1.jar:/opt/hadoop/2.6.0/share/hadoop/yarn/lib/netty-3.6.2.Final.jar:/opt/hadoop/2.6.0/share/hadoop/yarn/lib/commons-logging-1.1.3.jar:/opt/hadoop/2.6.0/share/hadoop/yarn/lib/stax-api-1.0-2.jar:/opt/hadoop/2.6.0/share/hadoop/yarn/lib/commons-codec-1.4.jar:/opt/hadoop/2.6.0/share/hadoop/yarn/lib/commons-io-2.4.jar:/opt/hadoop/2.6.0/share/hadoop/yarn/lib/protobuf-java-2.5.0.jar:/opt/hadoop/2.6.0/share/hadoop/yarn/lib/jersey-client-1.9.jar:/opt/hadoop/2.6.0/share/hadoop/yarn/lib/xz-1.0.jar:/opt/hadoop/2.6.0/share/hadoop/yarn/lib/jaxb-api-2.2.2.jar:/opt/hadoop/2.6.0/share/hadoop/yarn/lib/jersey-server-1.9.jar:/opt/hadoop/2.6.0/share/hadoop/yarn/lib/jackson-mapper-asl-1.9.13.jar:/opt/hadoop/2.6.0/share/hadoop/yarn/lib/servlet-api-2.5.jar:/opt/hadoop/2.6.0/share/hadoop/yarn/lib/jline-0.9.94.jar:/opt/hadoop/2.6.0/share/hadoop/yarn/lib/asm-3.2.jar:/opt/hadoop/2.6.0/share/hadoop/yarn/lib/jettison-1.1.jar:/opt/hadoop/2.6.0/share/hadoop/yarn/lib/guice-3.0.jar:/opt/hadoop/2.6.0/share/hadoop/yarn/lib/jersey-core-1.9.jar:/opt/hadoop/2.6.0/share/hadoop/yarn/lib/commons-collections-3.2.1.jar:/opt/hadoop/2.6.0/share/hadoop/yarn/lib/commons-lang-2.6.jar:/opt/hadoop/2.6.0/share/hadoop/yarn/lib/jackson-jaxrs-1.9.13.jar:/opt/hadoop/2.6.0/share/hadoop/yarn/lib/jackson-core-asl-1.9.13.jar:/opt/hadoop/2.6.0/share/hadoop/yarn/lib/commons-compress-1.4.1.jar:/opt/hadoop/2.6.0/share/hadoop/yarn/lib/jersey-guice-1.9.jar:/opt/hadoop/2.6.0/share/hadoop/yarn/lib/guice-servlet-3.0.jar:/opt/hadoop/2.6.0/share/hadoop/yarn/lib/commons-httpclient-3.1.jar:/opt/hadoop/2.6.0/share/hadoop/yarn/hadoop-yarn-server-nodemanager-2.6.0.jar:/opt/hadoop/2.6.0/share/hadoop/yarn/hadoop-yarn-client-2.6.0.jar:/opt/hadoop/2.6.0/share/hadoop/yarn/hadoop-yarn-applications-distributedshell-2.6.0.jar:/opt/hadoop/2.6.0/share/hadoop/yarn/hadoop-yarn-server-common-2.6.0.jar:/opt/hadoop/2.6.0/share/hadoop/yarn/hadoop-yarn-registry-2.6.0.jar:/opt/hadoop/2.6.0/share/hadoop/yarn/hadoop-yarn-server-applicationhistoryservice-2.6.0.jar:/opt/hadoop/2.6.0/share/hadoop/yarn/hadoop-yarn-applications-unmanaged-am-launcher-2.6.0.jar:/opt/hadoop/2.6.0/share/hadoop/yarn/hadoop-yarn-server-resourcemanager-2.6.0.jar:/opt/hadoop/2.6.0/share/hadoop/yarn/hadoop-yarn-server-tests-2.6.0.jar:/opt/hadoop/2.6.0/share/hadoop/yarn/hadoop-yarn-server-web-proxy-2.6.0.jar:/opt/hadoop/2.6.0/share/hadoop/yarn/hadoop-yarn-common-2.6.0.jar:/opt/hadoop/2.6.0/share/hadoop/yarn/hadoop-yarn-api-2.6.0.jar:/opt/hadoop/2.6.0/share/hadoop/mapreduce/lib/leveldbjni-all-1.8.jar:/opt/hadoop/2.6.0/share/hadoop/mapreduce/lib/hadoop-annotations-2.6.0.jar:/opt/hadoop/2.6.0/share/hadoop/mapreduce/lib/javax.inject-1.jar:/opt/hadoop/2.6.0/share/hadoop/mapreduce/lib/aopalliance-1.0.jar:/opt/hadoop/2.6.0/share/hadoop/mapreduce/lib/log4j-1.2.17.jar:/opt/hadoop/2.6.0/share/hadoop/mapreduce/lib/paranamer-2.3.jar:/opt/hadoop/2.6.0/share/hadoop/mapreduce/lib/netty-3.6.2.Final.jar:/opt/hadoop/2.6.0/share/hadoop/mapreduce/lib/junit-4.11.jar:/opt/hadoop/2.6.0/share/hadoop/mapreduce/lib/commons-io-2.4.jar:/opt/hadoop/2.6.0/share/hadoop/mapreduce/lib/protobuf-java-2.5.0.jar:/opt/hadoop/2.6.0/share/hadoop/mapreduce/lib/xz-1.0.jar:/opt/hadoop/2.6.0/share/hadoop/mapreduce/lib/jersey-server-1.9.jar:/opt/hadoop/2.6.0/share/hadoop/mapreduce/lib/jackson-mapper-asl-1.9.13.jar:/opt/hadoop/2.6.0/share/hadoop/mapreduce/lib/asm-3.2.jar:/opt/hadoop/2.6.0/share/hadoop/mapreduce/lib/guice-3.0.jar:/opt/hadoop/2.6.0/share/hadoop/mapreduce/lib/jersey-core-1.9.jar:/opt/hadoop/2.6.0/share/hadoop/mapreduce/lib/jackson-core-asl-1.9.13.jar:/opt/hadoop/2.6.0/share/hadoop/mapreduce/lib/snappy-java-1.0.4.1.jar:/opt/hadoop/2.6.0/share/hadoop/mapreduce/lib/commons-compress-1.4.1.jar:/opt/hadoop/2.6.0/share/hadoop/mapreduce/lib/hamcrest-core-1.3.jar:/opt/hadoop/2.6.0/share/hadoop/mapreduce/lib/avro-1.7.4.jar:/opt/hadoop/2.6.0/share/hadoop/mapreduce/lib/jersey-guice-1.9.jar:/opt/hadoop/2.6.0/share/hadoop/mapreduce/lib/guice-servlet-3.0.jar:/opt/hadoop/2.6.0/share/hadoop/mapreduce/hadoop-mapreduce-client-common-2.6.0.jar:/opt/hadoop/2.6.0/share/hadoop/mapreduce/hadoop-mapreduce-client-hs-plugins-2.6.0.jar:/opt/hadoop/2.6.0/share/hadoop/mapreduce/hadoop-mapreduce-client-core-2.6.0.jar:/opt/hadoop/2.6.0/share/hadoop/mapreduce/hadoop-mapreduce-examples-2.6.0.jar:/opt/hadoop/2.6.0/share/hadoop/mapreduce/hadoop-mapreduce-client-app-2.6.0.jar:/opt/hadoop/2.6.0/share/hadoop/mapreduce/hadoop-mapreduce-client-hs-2.6.0.jar:/opt/hadoop/2.6.0/share/hadoop/mapreduce/hadoop-mapreduce-client-jobclient-2.6.0.jar:/opt/hadoop/2.6.0/share/hadoop/mapreduce/hadoop-mapreduce-client-shuffle-2.6.0.jar:/opt/hadoop/2.6.0/share/hadoop/mapreduce/hadoop-mapreduce-client-jobclient-2.6.0-tests.jar:/opt/hadoop/2.6.0/contrib/capacity-scheduler/*.jar
STARTUP_MSG:   build = https://git-wip-us.apache.org/repos/asf/hadoop.git -r e3496499ecb8d220fba99dc5ed4c99c8f9e33bb1; compiled by 'jenkins' on 2014-11-13T21:10Z
STARTUP_MSG:   java = 1.8.0_212
************************************************************/
20/03/24 13:23:37 INFO namenode.NameNode: registered UNIX signal handlers for [TERM, HUP, INT]
20/03/24 13:23:37 INFO namenode.NameNode: createNameNode [-format]
20/03/24 13:23:37 WARN common.Util: Path /scratch/sxt0251/32256117/namenode_data should be specified as a URI in configuration files. Please update hdfs configuration.
20/03/24 13:23:37 WARN common.Util: Path /scratch/sxt0251/32256117/namenode_data should be specified as a URI in configuration files. Please update hdfs configuration.
Formatting using clusterid: CID-b6a1d5ba-6086-41f3-873c-5f4ddb835929
20/03/24 13:23:37 INFO namenode.FSNamesystem: No KeyProvider found.
20/03/24 13:23:37 INFO namenode.FSNamesystem: fsLock is fair:true
20/03/24 13:23:37 INFO blockmanagement.DatanodeManager: dfs.block.invalidate.limit=1000
20/03/24 13:23:37 INFO blockmanagement.DatanodeManager: dfs.namenode.datanode.registration.ip-hostname-check=true
20/03/24 13:23:37 INFO blockmanagement.BlockManager: dfs.namenode.startup.delay.block.deletion.sec is set to 000:00:00:00.000
20/03/24 13:23:37 INFO blockmanagement.BlockManager: The block deletion will start around 2020 Mar 24 13:23:37
20/03/24 13:23:37 INFO util.GSet: Computing capacity for map BlocksMap
20/03/24 13:23:37 INFO util.GSet: VM type       = 64-bit
20/03/24 13:23:37 INFO util.GSet: 2.0% max memory 958.5 MB = 19.2 MB
20/03/24 13:23:37 INFO util.GSet: capacity      = 2^21 = 2097152 entries
20/03/24 13:23:37 INFO blockmanagement.BlockManager: dfs.block.access.token.enable=false
20/03/24 13:23:37 INFO blockmanagement.BlockManager: defaultReplication         = 3
20/03/24 13:23:37 INFO blockmanagement.BlockManager: maxReplication             = 512
20/03/24 13:23:37 INFO blockmanagement.BlockManager: minReplication             = 1
20/03/24 13:23:37 INFO blockmanagement.BlockManager: maxReplicationStreams      = 2
20/03/24 13:23:37 INFO blockmanagement.BlockManager: shouldCheckForEnoughRacks  = false
20/03/24 13:23:37 INFO blockmanagement.BlockManager: replicationRecheckInterval = 3000
20/03/24 13:23:37 INFO blockmanagement.BlockManager: encryptDataTransfer        = false
20/03/24 13:23:37 INFO blockmanagement.BlockManager: maxNumBlocksToLog          = 1000
20/03/24 13:23:37 INFO namenode.FSNamesystem: fsOwner             = sxt0251 (auth:SIMPLE)
20/03/24 13:23:37 INFO namenode.FSNamesystem: supergroup          = supergroup
20/03/24 13:23:37 INFO namenode.FSNamesystem: isPermissionEnabled = true
20/03/24 13:23:37 INFO namenode.FSNamesystem: HA Enabled: false
20/03/24 13:23:37 INFO namenode.FSNamesystem: Append Enabled: true
20/03/24 13:23:37 INFO util.GSet: Computing capacity for map INodeMap
20/03/24 13:23:37 INFO util.GSet: VM type       = 64-bit
20/03/24 13:23:37 INFO util.GSet: 1.0% max memory 958.5 MB = 9.6 MB
20/03/24 13:23:37 INFO util.GSet: capacity      = 2^20 = 1048576 entries
20/03/24 13:23:37 INFO namenode.NameNode: Caching file names occuring more than 10 times
20/03/24 13:23:37 INFO util.GSet: Computing capacity for map cachedBlocks
20/03/24 13:23:37 INFO util.GSet: VM type       = 64-bit
20/03/24 13:23:37 INFO util.GSet: 0.25% max memory 958.5 MB = 2.4 MB
20/03/24 13:23:37 INFO util.GSet: capacity      = 2^18 = 262144 entries
20/03/24 13:23:37 INFO namenode.FSNamesystem: dfs.namenode.safemode.threshold-pct = 0.9990000128746033
20/03/24 13:23:37 INFO namenode.FSNamesystem: dfs.namenode.safemode.min.datanodes = 0
20/03/24 13:23:37 INFO namenode.FSNamesystem: dfs.namenode.safemode.extension     = 30000
20/03/24 13:23:37 INFO namenode.FSNamesystem: Retry cache on namenode is enabled
20/03/24 13:23:37 INFO namenode.FSNamesystem: Retry cache will use 0.03 of total heap and retry cache entry expiry time is 600000 millis
20/03/24 13:23:37 INFO util.GSet: Computing capacity for map NameNodeRetryCache
20/03/24 13:23:37 INFO util.GSet: VM type       = 64-bit
20/03/24 13:23:37 INFO util.GSet: 0.029999999329447746% max memory 958.5 MB = 294.5 KB
20/03/24 13:23:37 INFO util.GSet: capacity      = 2^15 = 32768 entries
20/03/24 13:23:37 INFO namenode.NNConf: ACLs enabled? false
20/03/24 13:23:37 INFO namenode.NNConf: XAttrs enabled? true
20/03/24 13:23:37 INFO namenode.NNConf: Maximum size of an xattr: 16384
20/03/24 13:23:37 INFO namenode.FSImage: Allocated new BlockPoolId: BP-1650400165-198.202.112.72-1585081417837
20/03/24 13:23:37 INFO common.Storage: Storage directory /scratch/sxt0251/32256117/namenode_data has been successfully formatted.
20/03/24 13:23:37 INFO namenode.NNStorageRetentionManager: Going to retain 1 images with txid >= 0
20/03/24 13:23:37 INFO util.ExitUtil: Exiting with status 0
20/03/24 13:23:37 INFO namenode.NameNode: SHUTDOWN_MSG: 
/************************************************************
SHUTDOWN_MSG: Shutting down NameNode at comet-04-13.sdsc.edu/198.202.112.72
************************************************************/
Starting namenodes on [comet-04-13.ibnet]
comet-04-13.ibnet: starting namenode, logging to /scratch/sxt0251/32256117/logs/hadoop-sxt0251-namenode-comet-04-13.sdsc.edu.out
comet-04-13.ibnet: starting datanode, logging to /scratch/sxt0251/32256117/logs/hadoop-sxt0251-datanode-comet-04-13.sdsc.edu.out
comet-04-31.ibnet: starting datanode, logging to /scratch/sxt0251/32256117/logs/hadoop-sxt0251-datanode-comet-04-31.sdsc.edu.out
Starting secondary namenodes [comet-04-13.ibnet]
comet-04-13.ibnet: starting secondarynamenode, logging to /scratch/sxt0251/32256117/logs/hadoop-sxt0251-secondarynamenode-comet-04-13.sdsc.edu.out
starting yarn daemons
starting resourcemanager, logging to /scratch/sxt0251/32256117/logs/yarn-sxt0251-resourcemanager-comet-04-13.out
comet-04-13.ibnet: starting nodemanager, logging to /scratch/sxt0251/32256117/logs/yarn-sxt0251-nodemanager-comet-04-13.sdsc.edu.out
comet-04-31.ibnet: starting nodemanager, logging to /scratch/sxt0251/32256117/logs/yarn-sxt0251-nodemanager-comet-04-31.sdsc.edu.out
20/03/24 13:24:02 INFO client.RMProxy: Connecting to ResourceManager at comet-04-13.ibnet/10.22.255.26:8032
20/03/24 13:24:02 WARN mapreduce.JobSubmitter: Hadoop command-line option parsing not performed. Implement the Tool interface and execute your application with ToolRunner to remedy this.
20/03/24 13:24:02 INFO input.FileInputFormat: Total input paths to process : 1
20/03/24 13:24:03 INFO mapreduce.JobSubmitter: number of splits:1
20/03/24 13:24:03 INFO mapreduce.JobSubmitter: Submitting tokens for job: job_1585081435897_0001
20/03/24 13:24:03 INFO impl.YarnClientImpl: Submitted application application_1585081435897_0001
20/03/24 13:24:03 INFO mapreduce.Job: The url to track the job: http://comet-04-13.ibnet:8088/proxy/application_1585081435897_0001/
20/03/24 13:24:03 INFO mapreduce.Job: Running job: job_1585081435897_0001
20/03/24 13:24:08 INFO mapreduce.Job: Job job_1585081435897_0001 running in uber mode : false
20/03/24 13:24:08 INFO mapreduce.Job:  map 0% reduce 0%
20/03/24 13:24:15 INFO mapreduce.Job:  map 100% reduce 0%
20/03/24 13:24:20 INFO mapreduce.Job:  map 100% reduce 100%
20/03/24 13:24:20 INFO mapreduce.Job: Job job_1585081435897_0001 completed successfully
20/03/24 13:24:20 INFO mapreduce.Job: Counters: 49
	File System Counters
		FILE: Number of bytes read=13251432
		FILE: Number of bytes written=26714337
		FILE: Number of read operations=0
		FILE: Number of large read operations=0
		FILE: Number of write operations=0
		HDFS: Number of bytes read=7660495
		HDFS: Number of bytes written=13940391
		HDFS: Number of read operations=6
		HDFS: Number of large read operations=0
		HDFS: Number of write operations=2
	Job Counters 
		Launched map tasks=1
		Launched reduce tasks=1
		Data-local map tasks=1
		Total time spent by all maps in occupied slots (ms)=5312
		Total time spent by all reduces in occupied slots (ms)=2458
		Total time spent by all map tasks (ms)=5312
		Total time spent by all reduce tasks (ms)=2458
		Total vcore-seconds taken by all map tasks=5312
		Total vcore-seconds taken by all reduce tasks=2458
		Total megabyte-seconds taken by all map tasks=5439488
		Total megabyte-seconds taken by all reduce tasks=2516992
	Map-Reduce Framework
		Map input records=100000
		Map output records=100000
		Map output bytes=13007104
		Map output materialized bytes=13251432
		Input split bytes=124
		Combine input records=0
		Combine output records=0
		Reduce input groups=100000
		Reduce shuffle bytes=13251432
		Reduce input records=100000
		Reduce output records=100000
		Spilled Records=200000
		Shuffled Maps =1
		Failed Shuffles=0
		Merged Map outputs=1
		GC time elapsed (ms)=159
		CPU time spent (ms)=7790
		Physical memory (bytes) snapshot=500977664
		Virtual memory (bytes) snapshot=4416602112
		Total committed heap usage (bytes)=352321536
	Shuffle Errors
		BAD_ID=0
		CONNECTION=0
		IO_ERROR=0
		WRONG_LENGTH=0
		WRONG_MAP=0
		WRONG_REDUCE=0
	File Input Format Counters 
		Bytes Read=7660371
	File Output Format Counters 
		Bytes Written=13940391
20/03/24 13:24:20 INFO client.RMProxy: Connecting to ResourceManager at comet-04-13.ibnet/10.22.255.26:8032
20/03/24 13:24:20 WARN mapreduce.JobSubmitter: Hadoop command-line option parsing not performed. Implement the Tool interface and execute your application with ToolRunner to remedy this.
20/03/24 13:24:20 INFO input.FileInputFormat: Total input paths to process : 1
20/03/24 13:24:20 INFO mapreduce.JobSubmitter: number of splits:1
20/03/24 13:24:20 INFO mapreduce.JobSubmitter: Submitting tokens for job: job_1585081435897_0002
20/03/24 13:24:20 INFO impl.YarnClientImpl: Submitted application application_1585081435897_0002
20/03/24 13:24:20 INFO mapreduce.Job: The url to track the job: http://comet-04-13.ibnet:8088/proxy/application_1585081435897_0002/
20/03/24 13:24:20 INFO mapreduce.Job: Running job: job_1585081435897_0002
20/03/24 13:24:24 INFO mapreduce.Job: Job job_1585081435897_0002 running in uber mode : false
20/03/24 13:24:24 INFO mapreduce.Job:  map 0% reduce 0%
20/03/24 13:24:31 INFO mapreduce.Job:  map 100% reduce 0%
20/03/24 13:24:38 INFO mapreduce.Job:  map 100% reduce 100%
20/03/24 13:24:38 INFO mapreduce.Job: Job job_1585081435897_0002 completed successfully
20/03/24 13:24:38 INFO mapreduce.Job: Counters: 49
	File System Counters
		FILE: Number of bytes read=56483400
		FILE: Number of bytes written=113619891
		FILE: Number of read operations=0
		FILE: Number of large read operations=0
		FILE: Number of write operations=0
		HDFS: Number of bytes read=13940528
		HDFS: Number of bytes written=13940391
		HDFS: Number of read operations=7
		HDFS: Number of large read operations=0
		HDFS: Number of write operations=2
	Job Counters 
		Launched map tasks=1
		Launched reduce tasks=1
		Data-local map tasks=1
		Total time spent by all maps in occupied slots (ms)=4551
		Total time spent by all reduces in occupied slots (ms)=4210
		Total time spent by all map tasks (ms)=4551
		Total time spent by all reduce tasks (ms)=4210
		Total vcore-seconds taken by all map tasks=4551
		Total vcore-seconds taken by all reduce tasks=4210
		Total megabyte-seconds taken by all map tasks=4660224
		Total megabyte-seconds taken by all reduce tasks=4311040
	Map-Reduce Framework
		Map input records=100000
		Map output records=1300888
		Map output bytes=53837296
		Map output materialized bytes=56483400
		Input split bytes=137
		Combine input records=0
		Combine output records=0
		Reduce input groups=100000
		Reduce shuffle bytes=56483400
		Reduce input records=1300888
		Reduce output records=100000
		Spilled Records=2601776
		Shuffled Maps =1
		Failed Shuffles=0
		Merged Map outputs=1
		GC time elapsed (ms)=104
		CPU time spent (ms)=9190
		Physical memory (bytes) snapshot=568991744
		Virtual memory (bytes) snapshot=4444651520
		Total committed heap usage (bytes)=338165760
	Shuffle Errors
		BAD_ID=0
		CONNECTION=0
		IO_ERROR=0
		WRONG_LENGTH=0
		WRONG_MAP=0
		WRONG_REDUCE=0
	File Input Format Counters 
		Bytes Read=13940391
	File Output Format Counters 
		Bytes Written=13940391
20/03/24 13:24:38 INFO client.RMProxy: Connecting to ResourceManager at comet-04-13.ibnet/10.22.255.26:8032
20/03/24 13:24:38 WARN mapreduce.JobSubmitter: Hadoop command-line option parsing not performed. Implement the Tool interface and execute your application with ToolRunner to remedy this.
20/03/24 13:24:38 INFO input.FileInputFormat: Total input paths to process : 1
20/03/24 13:24:38 INFO mapreduce.JobSubmitter: number of splits:1
20/03/24 13:24:38 INFO mapreduce.JobSubmitter: Submitting tokens for job: job_1585081435897_0003
20/03/24 13:24:38 INFO impl.YarnClientImpl: Submitted application application_1585081435897_0003
20/03/24 13:24:38 INFO mapreduce.Job: The url to track the job: http://comet-04-13.ibnet:8088/proxy/application_1585081435897_0003/
20/03/24 13:24:38 INFO mapreduce.Job: Running job: job_1585081435897_0003
20/03/24 13:24:42 INFO mapreduce.Job: Job job_1585081435897_0003 running in uber mode : false
20/03/24 13:24:42 INFO mapreduce.Job:  map 0% reduce 0%
20/03/24 13:24:49 INFO mapreduce.Job:  map 100% reduce 0%
20/03/24 13:24:56 INFO mapreduce.Job:  map 100% reduce 100%
20/03/24 13:24:56 INFO mapreduce.Job: Job job_1585081435897_0003 completed successfully
20/03/24 13:24:56 INFO mapreduce.Job: Counters: 49
	File System Counters
		FILE: Number of bytes read=56483400
		FILE: Number of bytes written=113619891
		FILE: Number of read operations=0
		FILE: Number of large read operations=0
		FILE: Number of write operations=0
		HDFS: Number of bytes read=13940528
		HDFS: Number of bytes written=13940391
		HDFS: Number of read operations=7
		HDFS: Number of large read operations=0
		HDFS: Number of write operations=2
	Job Counters 
		Launched map tasks=1
		Launched reduce tasks=1
		Data-local map tasks=1
		Total time spent by all maps in occupied slots (ms)=4511
		Total time spent by all reduces in occupied slots (ms)=3883
		Total time spent by all map tasks (ms)=4511
		Total time spent by all reduce tasks (ms)=3883
		Total vcore-seconds taken by all map tasks=4511
		Total vcore-seconds taken by all reduce tasks=3883
		Total megabyte-seconds taken by all map tasks=4619264
		Total megabyte-seconds taken by all reduce tasks=3976192
	Map-Reduce Framework
		Map input records=100000
		Map output records=1300888
		Map output bytes=53837296
		Map output materialized bytes=56483400
		Input split bytes=137
		Combine input records=0
		Combine output records=0
		Reduce input groups=100000
		Reduce shuffle bytes=56483400
		Reduce input records=1300888
		Reduce output records=100000
		Spilled Records=2601776
		Shuffled Maps =1
		Failed Shuffles=0
		Merged Map outputs=1
		GC time elapsed (ms)=127
		CPU time spent (ms)=9100
		Physical memory (bytes) snapshot=571469824
		Virtual memory (bytes) snapshot=4432285696
		Total committed heap usage (bytes)=337117184
	Shuffle Errors
		BAD_ID=0
		CONNECTION=0
		IO_ERROR=0
		WRONG_LENGTH=0
		WRONG_MAP=0
		WRONG_REDUCE=0
	File Input Format Counters 
		Bytes Read=13940391
	File Output Format Counters 
		Bytes Written=13940391
20/03/24 13:24:56 INFO client.RMProxy: Connecting to ResourceManager at comet-04-13.ibnet/10.22.255.26:8032
20/03/24 13:24:56 WARN mapreduce.JobSubmitter: Hadoop command-line option parsing not performed. Implement the Tool interface and execute your application with ToolRunner to remedy this.
20/03/24 13:24:56 INFO input.FileInputFormat: Total input paths to process : 1
20/03/24 13:24:56 INFO mapreduce.JobSubmitter: number of splits:1
20/03/24 13:24:56 INFO mapreduce.JobSubmitter: Submitting tokens for job: job_1585081435897_0004
20/03/24 13:24:56 INFO impl.YarnClientImpl: Submitted application application_1585081435897_0004
20/03/24 13:24:56 INFO mapreduce.Job: The url to track the job: http://comet-04-13.ibnet:8088/proxy/application_1585081435897_0004/
20/03/24 13:24:56 INFO mapreduce.Job: Running job: job_1585081435897_0004
20/03/24 13:25:00 INFO mapreduce.Job: Job job_1585081435897_0004 running in uber mode : false
20/03/24 13:25:00 INFO mapreduce.Job:  map 0% reduce 0%
20/03/24 13:25:07 INFO mapreduce.Job:  map 100% reduce 0%
20/03/24 13:25:13 INFO mapreduce.Job:  map 100% reduce 100%
20/03/24 13:25:13 INFO mapreduce.Job: Job job_1585081435897_0004 completed successfully
20/03/24 13:25:13 INFO mapreduce.Job: Counters: 49
	File System Counters
		FILE: Number of bytes read=56483400
		FILE: Number of bytes written=113619891
		FILE: Number of read operations=0
		FILE: Number of large read operations=0
		FILE: Number of write operations=0
		HDFS: Number of bytes read=13940528
		HDFS: Number of bytes written=13940391
		HDFS: Number of read operations=7
		HDFS: Number of large read operations=0
		HDFS: Number of write operations=2
	Job Counters 
		Launched map tasks=1
		Launched reduce tasks=1
		Data-local map tasks=1
		Total time spent by all maps in occupied slots (ms)=4499
		Total time spent by all reduces in occupied slots (ms)=3498
		Total time spent by all map tasks (ms)=4499
		Total time spent by all reduce tasks (ms)=3498
		Total vcore-seconds taken by all map tasks=4499
		Total vcore-seconds taken by all reduce tasks=3498
		Total megabyte-seconds taken by all map tasks=4606976
		Total megabyte-seconds taken by all reduce tasks=3581952
	Map-Reduce Framework
		Map input records=100000
		Map output records=1300888
		Map output bytes=53837296
		Map output materialized bytes=56483400
		Input split bytes=137
		Combine input records=0
		Combine output records=0
		Reduce input groups=100000
		Reduce shuffle bytes=56483400
		Reduce input records=1300888
		Reduce output records=100000
		Spilled Records=2601776
		Shuffled Maps =1
		Failed Shuffles=0
		Merged Map outputs=1
		GC time elapsed (ms)=122
		CPU time spent (ms)=7970
		Physical memory (bytes) snapshot=515063808
		Virtual memory (bytes) snapshot=4436054016
		Total committed heap usage (bytes)=339214336
	Shuffle Errors
		BAD_ID=0
		CONNECTION=0
		IO_ERROR=0
		WRONG_LENGTH=0
		WRONG_MAP=0
		WRONG_REDUCE=0
	File Input Format Counters 
		Bytes Read=13940391
	File Output Format Counters 
		Bytes Written=13940391
20/03/24 13:25:13 INFO client.RMProxy: Connecting to ResourceManager at comet-04-13.ibnet/10.22.255.26:8032
20/03/24 13:25:13 WARN mapreduce.JobSubmitter: Hadoop command-line option parsing not performed. Implement the Tool interface and execute your application with ToolRunner to remedy this.
20/03/24 13:25:13 INFO input.FileInputFormat: Total input paths to process : 1
20/03/24 13:25:13 INFO mapreduce.JobSubmitter: number of splits:1
20/03/24 13:25:13 INFO mapreduce.JobSubmitter: Submitting tokens for job: job_1585081435897_0005
20/03/24 13:25:13 INFO impl.YarnClientImpl: Submitted application application_1585081435897_0005
20/03/24 13:25:13 INFO mapreduce.Job: The url to track the job: http://comet-04-13.ibnet:8088/proxy/application_1585081435897_0005/
20/03/24 13:25:13 INFO mapreduce.Job: Running job: job_1585081435897_0005
20/03/24 13:25:17 INFO mapreduce.Job: Job job_1585081435897_0005 running in uber mode : false
20/03/24 13:25:17 INFO mapreduce.Job:  map 0% reduce 0%
20/03/24 13:25:23 INFO mapreduce.Job:  map 100% reduce 0%
20/03/24 13:25:29 INFO mapreduce.Job:  map 100% reduce 100%
20/03/24 13:25:29 INFO mapreduce.Job: Job job_1585081435897_0005 completed successfully
20/03/24 13:25:29 INFO mapreduce.Job: Counters: 49
	File System Counters
		FILE: Number of bytes read=56483400
		FILE: Number of bytes written=113619891
		FILE: Number of read operations=0
		FILE: Number of large read operations=0
		FILE: Number of write operations=0
		HDFS: Number of bytes read=13940528
		HDFS: Number of bytes written=13940391
		HDFS: Number of read operations=7
		HDFS: Number of large read operations=0
		HDFS: Number of write operations=2
	Job Counters 
		Launched map tasks=1
		Launched reduce tasks=1
		Data-local map tasks=1
		Total time spent by all maps in occupied slots (ms)=4460
		Total time spent by all reduces in occupied slots (ms)=3334
		Total time spent by all map tasks (ms)=4460
		Total time spent by all reduce tasks (ms)=3334
		Total vcore-seconds taken by all map tasks=4460
		Total vcore-seconds taken by all reduce tasks=3334
		Total megabyte-seconds taken by all map tasks=4567040
		Total megabyte-seconds taken by all reduce tasks=3414016
	Map-Reduce Framework
		Map input records=100000
		Map output records=1300888
		Map output bytes=53837296
		Map output materialized bytes=56483400
		Input split bytes=137
		Combine input records=0
		Combine output records=0
		Reduce input groups=100000
		Reduce shuffle bytes=56483400
		Reduce input records=1300888
		Reduce output records=100000
		Spilled Records=2601776
		Shuffled Maps =1
		Failed Shuffles=0
		Merged Map outputs=1
		GC time elapsed (ms)=114
		CPU time spent (ms)=8630
		Physical memory (bytes) snapshot=540033024
		Virtual memory (bytes) snapshot=4439965696
		Total committed heap usage (bytes)=341311488
	Shuffle Errors
		BAD_ID=0
		CONNECTION=0
		IO_ERROR=0
		WRONG_LENGTH=0
		WRONG_MAP=0
		WRONG_REDUCE=0
	File Input Format Counters 
		Bytes Read=13940391
	File Output Format Counters 
		Bytes Written=13940391
20/03/24 13:25:29 INFO client.RMProxy: Connecting to ResourceManager at comet-04-13.ibnet/10.22.255.26:8032
20/03/24 13:25:29 WARN mapreduce.JobSubmitter: Hadoop command-line option parsing not performed. Implement the Tool interface and execute your application with ToolRunner to remedy this.
20/03/24 13:25:29 INFO input.FileInputFormat: Total input paths to process : 1
20/03/24 13:25:29 INFO mapreduce.JobSubmitter: number of splits:1
20/03/24 13:25:29 INFO mapreduce.JobSubmitter: Submitting tokens for job: job_1585081435897_0006
20/03/24 13:25:29 INFO impl.YarnClientImpl: Submitted application application_1585081435897_0006
20/03/24 13:25:29 INFO mapreduce.Job: The url to track the job: http://comet-04-13.ibnet:8088/proxy/application_1585081435897_0006/
20/03/24 13:25:29 INFO mapreduce.Job: Running job: job_1585081435897_0006
20/03/24 13:25:34 INFO mapreduce.Job: Job job_1585081435897_0006 running in uber mode : false
20/03/24 13:25:34 INFO mapreduce.Job:  map 0% reduce 0%
20/03/24 13:25:40 INFO mapreduce.Job:  map 100% reduce 0%
20/03/24 13:25:46 INFO mapreduce.Job:  map 100% reduce 100%
20/03/24 13:25:46 INFO mapreduce.Job: Job job_1585081435897_0006 completed successfully
20/03/24 13:25:46 INFO mapreduce.Job: Counters: 49
	File System Counters
		FILE: Number of bytes read=56483400
		FILE: Number of bytes written=113619891
		FILE: Number of read operations=0
		FILE: Number of large read operations=0
		FILE: Number of write operations=0
		HDFS: Number of bytes read=13940528
		HDFS: Number of bytes written=13940391
		HDFS: Number of read operations=7
		HDFS: Number of large read operations=0
		HDFS: Number of write operations=2
	Job Counters 
		Launched map tasks=1
		Launched reduce tasks=1
		Data-local map tasks=1
		Total time spent by all maps in occupied slots (ms)=4461
		Total time spent by all reduces in occupied slots (ms)=3274
		Total time spent by all map tasks (ms)=4461
		Total time spent by all reduce tasks (ms)=3274
		Total vcore-seconds taken by all map tasks=4461
		Total vcore-seconds taken by all reduce tasks=3274
		Total megabyte-seconds taken by all map tasks=4568064
		Total megabyte-seconds taken by all reduce tasks=3352576
	Map-Reduce Framework
		Map input records=100000
		Map output records=1300888
		Map output bytes=53837296
		Map output materialized bytes=56483400
		Input split bytes=137
		Combine input records=0
		Combine output records=0
		Reduce input groups=100000
		Reduce shuffle bytes=56483400
		Reduce input records=1300888
		Reduce output records=100000
		Spilled Records=2601776
		Shuffled Maps =1
		Failed Shuffles=0
		Merged Map outputs=1
		GC time elapsed (ms)=109
		CPU time spent (ms)=9200
		Physical memory (bytes) snapshot=567336960
		Virtual memory (bytes) snapshot=4443701248
		Total committed heap usage (bytes)=338690048
	Shuffle Errors
		BAD_ID=0
		CONNECTION=0
		IO_ERROR=0
		WRONG_LENGTH=0
		WRONG_MAP=0
		WRONG_REDUCE=0
	File Input Format Counters 
		Bytes Read=13940391
	File Output Format Counters 
		Bytes Written=13940391
20/03/24 13:25:46 INFO client.RMProxy: Connecting to ResourceManager at comet-04-13.ibnet/10.22.255.26:8032
20/03/24 13:25:46 WARN mapreduce.JobSubmitter: Hadoop command-line option parsing not performed. Implement the Tool interface and execute your application with ToolRunner to remedy this.
20/03/24 13:25:46 INFO input.FileInputFormat: Total input paths to process : 1
20/03/24 13:25:46 INFO mapreduce.JobSubmitter: number of splits:1
20/03/24 13:25:46 INFO mapreduce.JobSubmitter: Submitting tokens for job: job_1585081435897_0007
20/03/24 13:25:46 INFO impl.YarnClientImpl: Submitted application application_1585081435897_0007
20/03/24 13:25:46 INFO mapreduce.Job: The url to track the job: http://comet-04-13.ibnet:8088/proxy/application_1585081435897_0007/
20/03/24 13:25:46 INFO mapreduce.Job: Running job: job_1585081435897_0007
20/03/24 13:25:50 INFO mapreduce.Job: Job job_1585081435897_0007 running in uber mode : false
20/03/24 13:25:50 INFO mapreduce.Job:  map 0% reduce 0%
20/03/24 13:25:54 INFO mapreduce.Job:  map 100% reduce 0%
20/03/24 13:25:59 INFO mapreduce.Job:  map 100% reduce 100%
20/03/24 13:25:59 INFO mapreduce.Job: Job job_1585081435897_0007 completed successfully
20/03/24 13:25:59 INFO mapreduce.Job: Counters: 49
	File System Counters
		FILE: Number of bytes read=1800006
		FILE: Number of bytes written=3811831
		FILE: Number of read operations=0
		FILE: Number of large read operations=0
		FILE: Number of write operations=0
		HDFS: Number of bytes read=13940528
		HDFS: Number of bytes written=64
		HDFS: Number of read operations=7
		HDFS: Number of large read operations=0
		HDFS: Number of write operations=2
	Job Counters 
		Launched map tasks=1
		Launched reduce tasks=1
		Data-local map tasks=1
		Total time spent by all maps in occupied slots (ms)=2089
		Total time spent by all reduces in occupied slots (ms)=1838
		Total time spent by all map tasks (ms)=2089
		Total time spent by all reduce tasks (ms)=1838
		Total vcore-seconds taken by all map tasks=2089
		Total vcore-seconds taken by all reduce tasks=1838
		Total megabyte-seconds taken by all map tasks=2139136
		Total megabyte-seconds taken by all reduce tasks=1882112
	Map-Reduce Framework
		Map input records=100000
		Map output records=100000
		Map output bytes=1600000
		Map output materialized bytes=1800006
		Input split bytes=137
		Combine input records=0
		Combine output records=0
		Reduce input groups=12
		Reduce shuffle bytes=1800006
		Reduce input records=100000
		Reduce output records=12
		Spilled Records=200000
		Shuffled Maps =1
		Failed Shuffles=0
		Merged Map outputs=1
		GC time elapsed (ms)=98
		CPU time spent (ms)=4570
		Physical memory (bytes) snapshot=605061120
		Virtual memory (bytes) snapshot=4477640704
		Total committed heap usage (bytes)=346554368
	Shuffle Errors
		BAD_ID=0
		CONNECTION=0
		IO_ERROR=0
		WRONG_LENGTH=0
		WRONG_MAP=0
		WRONG_REDUCE=0
	File Input Format Counters 
		Bytes Read=13940391
	File Output Format Counters 
		Bytes Written=64
stopping yarn daemons
stopping resourcemanager
comet-04-13.ibnet: stopping nodemanager
comet-04-13.ibnet: nodemanager did not stop gracefully after 5 seconds: killing with kill -9
comet-04-31.ibnet: stopping nodemanager
comet-04-31.ibnet: nodemanager did not stop gracefully after 5 seconds: killing with kill -9
no proxyserver to stop
Stopping namenodes on [comet-04-13.ibnet]
comet-04-13.ibnet: stopping namenode
comet-04-13.ibnet: stopping datanode
comet-04-31.ibnet: stopping datanode
Stopping secondary namenodes [comet-04-13.ibnet]
comet-04-13.ibnet: stopping secondarynamenode
Copying Hadoop logs back to /home/sxt0251/cometcluster/logs...
‘/scratch/sxt0251/32256117/logs’ -> ‘/home/sxt0251/cometcluster/logs’
‘/scratch/sxt0251/32256117/logs/userlogs’ -> ‘/home/sxt0251/cometcluster/logs/userlogs’
‘/scratch/sxt0251/32256117/logs/userlogs/application_1585081435897_0005’ -> ‘/home/sxt0251/cometcluster/logs/userlogs/application_1585081435897_0005’
‘/scratch/sxt0251/32256117/logs/userlogs/application_1585081435897_0005/container_1585081435897_0005_01_000002’ -> ‘/home/sxt0251/cometcluster/logs/userlogs/application_1585081435897_0005/container_1585081435897_0005_01_000002’
‘/scratch/sxt0251/32256117/logs/userlogs/application_1585081435897_0005/container_1585081435897_0005_01_000002/stderr’ -> ‘/home/sxt0251/cometcluster/logs/userlogs/application_1585081435897_0005/container_1585081435897_0005_01_000002/stderr’
‘/scratch/sxt0251/32256117/logs/userlogs/application_1585081435897_0005/container_1585081435897_0005_01_000002/syslog’ -> ‘/home/sxt0251/cometcluster/logs/userlogs/application_1585081435897_0005/container_1585081435897_0005_01_000002/syslog’
‘/scratch/sxt0251/32256117/logs/userlogs/application_1585081435897_0005/container_1585081435897_0005_01_000002/stdout’ -> ‘/home/sxt0251/cometcluster/logs/userlogs/application_1585081435897_0005/container_1585081435897_0005_01_000002/stdout’
‘/scratch/sxt0251/32256117/logs/userlogs/application_1585081435897_0005/container_1585081435897_0005_01_000003’ -> ‘/home/sxt0251/cometcluster/logs/userlogs/application_1585081435897_0005/container_1585081435897_0005_01_000003’
‘/scratch/sxt0251/32256117/logs/userlogs/application_1585081435897_0005/container_1585081435897_0005_01_000003/stderr’ -> ‘/home/sxt0251/cometcluster/logs/userlogs/application_1585081435897_0005/container_1585081435897_0005_01_000003/stderr’
‘/scratch/sxt0251/32256117/logs/userlogs/application_1585081435897_0005/container_1585081435897_0005_01_000003/stdout’ -> ‘/home/sxt0251/cometcluster/logs/userlogs/application_1585081435897_0005/container_1585081435897_0005_01_000003/stdout’
‘/scratch/sxt0251/32256117/logs/userlogs/application_1585081435897_0005/container_1585081435897_0005_01_000003/syslog’ -> ‘/home/sxt0251/cometcluster/logs/userlogs/application_1585081435897_0005/container_1585081435897_0005_01_000003/syslog’
‘/scratch/sxt0251/32256117/logs/userlogs/application_1585081435897_0002’ -> ‘/home/sxt0251/cometcluster/logs/userlogs/application_1585081435897_0002’
‘/scratch/sxt0251/32256117/logs/userlogs/application_1585081435897_0002/container_1585081435897_0002_01_000001’ -> ‘/home/sxt0251/cometcluster/logs/userlogs/application_1585081435897_0002/container_1585081435897_0002_01_000001’
‘/scratch/sxt0251/32256117/logs/userlogs/application_1585081435897_0002/container_1585081435897_0002_01_000001/stderr’ -> ‘/home/sxt0251/cometcluster/logs/userlogs/application_1585081435897_0002/container_1585081435897_0002_01_000001/stderr’
‘/scratch/sxt0251/32256117/logs/userlogs/application_1585081435897_0002/container_1585081435897_0002_01_000001/syslog’ -> ‘/home/sxt0251/cometcluster/logs/userlogs/application_1585081435897_0002/container_1585081435897_0002_01_000001/syslog’
‘/scratch/sxt0251/32256117/logs/userlogs/application_1585081435897_0002/container_1585081435897_0002_01_000001/stdout’ -> ‘/home/sxt0251/cometcluster/logs/userlogs/application_1585081435897_0002/container_1585081435897_0002_01_000001/stdout’
‘/scratch/sxt0251/32256117/logs/userlogs/application_1585081435897_0002/container_1585081435897_0002_01_000002’ -> ‘/home/sxt0251/cometcluster/logs/userlogs/application_1585081435897_0002/container_1585081435897_0002_01_000002’
‘/scratch/sxt0251/32256117/logs/userlogs/application_1585081435897_0002/container_1585081435897_0002_01_000002/stderr’ -> ‘/home/sxt0251/cometcluster/logs/userlogs/application_1585081435897_0002/container_1585081435897_0002_01_000002/stderr’
‘/scratch/sxt0251/32256117/logs/userlogs/application_1585081435897_0002/container_1585081435897_0002_01_000002/syslog’ -> ‘/home/sxt0251/cometcluster/logs/userlogs/application_1585081435897_0002/container_1585081435897_0002_01_000002/syslog’
‘/scratch/sxt0251/32256117/logs/userlogs/application_1585081435897_0002/container_1585081435897_0002_01_000002/stdout’ -> ‘/home/sxt0251/cometcluster/logs/userlogs/application_1585081435897_0002/container_1585081435897_0002_01_000002/stdout’
‘/scratch/sxt0251/32256117/logs/userlogs/application_1585081435897_0002/container_1585081435897_0002_01_000003’ -> ‘/home/sxt0251/cometcluster/logs/userlogs/application_1585081435897_0002/container_1585081435897_0002_01_000003’
‘/scratch/sxt0251/32256117/logs/userlogs/application_1585081435897_0002/container_1585081435897_0002_01_000003/stderr’ -> ‘/home/sxt0251/cometcluster/logs/userlogs/application_1585081435897_0002/container_1585081435897_0002_01_000003/stderr’
‘/scratch/sxt0251/32256117/logs/userlogs/application_1585081435897_0002/container_1585081435897_0002_01_000003/stdout’ -> ‘/home/sxt0251/cometcluster/logs/userlogs/application_1585081435897_0002/container_1585081435897_0002_01_000003/stdout’
‘/scratch/sxt0251/32256117/logs/userlogs/application_1585081435897_0002/container_1585081435897_0002_01_000003/syslog’ -> ‘/home/sxt0251/cometcluster/logs/userlogs/application_1585081435897_0002/container_1585081435897_0002_01_000003/syslog’
‘/scratch/sxt0251/32256117/logs/userlogs/application_1585081435897_0006’ -> ‘/home/sxt0251/cometcluster/logs/userlogs/application_1585081435897_0006’
‘/scratch/sxt0251/32256117/logs/userlogs/application_1585081435897_0006/container_1585081435897_0006_01_000003’ -> ‘/home/sxt0251/cometcluster/logs/userlogs/application_1585081435897_0006/container_1585081435897_0006_01_000003’
‘/scratch/sxt0251/32256117/logs/userlogs/application_1585081435897_0006/container_1585081435897_0006_01_000003/stderr’ -> ‘/home/sxt0251/cometcluster/logs/userlogs/application_1585081435897_0006/container_1585081435897_0006_01_000003/stderr’
‘/scratch/sxt0251/32256117/logs/userlogs/application_1585081435897_0006/container_1585081435897_0006_01_000003/stdout’ -> ‘/home/sxt0251/cometcluster/logs/userlogs/application_1585081435897_0006/container_1585081435897_0006_01_000003/stdout’
‘/scratch/sxt0251/32256117/logs/userlogs/application_1585081435897_0006/container_1585081435897_0006_01_000003/syslog’ -> ‘/home/sxt0251/cometcluster/logs/userlogs/application_1585081435897_0006/container_1585081435897_0006_01_000003/syslog’
‘/scratch/sxt0251/32256117/logs/userlogs/application_1585081435897_0006/container_1585081435897_0006_01_000001’ -> ‘/home/sxt0251/cometcluster/logs/userlogs/application_1585081435897_0006/container_1585081435897_0006_01_000001’
‘/scratch/sxt0251/32256117/logs/userlogs/application_1585081435897_0006/container_1585081435897_0006_01_000001/stderr’ -> ‘/home/sxt0251/cometcluster/logs/userlogs/application_1585081435897_0006/container_1585081435897_0006_01_000001/stderr’
‘/scratch/sxt0251/32256117/logs/userlogs/application_1585081435897_0006/container_1585081435897_0006_01_000001/stdout’ -> ‘/home/sxt0251/cometcluster/logs/userlogs/application_1585081435897_0006/container_1585081435897_0006_01_000001/stdout’
‘/scratch/sxt0251/32256117/logs/userlogs/application_1585081435897_0006/container_1585081435897_0006_01_000001/syslog’ -> ‘/home/sxt0251/cometcluster/logs/userlogs/application_1585081435897_0006/container_1585081435897_0006_01_000001/syslog’
‘/scratch/sxt0251/32256117/logs/userlogs/application_1585081435897_0006/container_1585081435897_0006_01_000002’ -> ‘/home/sxt0251/cometcluster/logs/userlogs/application_1585081435897_0006/container_1585081435897_0006_01_000002’
‘/scratch/sxt0251/32256117/logs/userlogs/application_1585081435897_0006/container_1585081435897_0006_01_000002/stdout’ -> ‘/home/sxt0251/cometcluster/logs/userlogs/application_1585081435897_0006/container_1585081435897_0006_01_000002/stdout’
‘/scratch/sxt0251/32256117/logs/userlogs/application_1585081435897_0006/container_1585081435897_0006_01_000002/syslog’ -> ‘/home/sxt0251/cometcluster/logs/userlogs/application_1585081435897_0006/container_1585081435897_0006_01_000002/syslog’
‘/scratch/sxt0251/32256117/logs/userlogs/application_1585081435897_0006/container_1585081435897_0006_01_000002/stderr’ -> ‘/home/sxt0251/cometcluster/logs/userlogs/application_1585081435897_0006/container_1585081435897_0006_01_000002/stderr’
‘/scratch/sxt0251/32256117/logs/userlogs/application_1585081435897_0001’ -> ‘/home/sxt0251/cometcluster/logs/userlogs/application_1585081435897_0001’
‘/scratch/sxt0251/32256117/logs/userlogs/application_1585081435897_0001/container_1585081435897_0001_01_000003’ -> ‘/home/sxt0251/cometcluster/logs/userlogs/application_1585081435897_0001/container_1585081435897_0001_01_000003’
‘/scratch/sxt0251/32256117/logs/userlogs/application_1585081435897_0001/container_1585081435897_0001_01_000003/stdout’ -> ‘/home/sxt0251/cometcluster/logs/userlogs/application_1585081435897_0001/container_1585081435897_0001_01_000003/stdout’
‘/scratch/sxt0251/32256117/logs/userlogs/application_1585081435897_0001/container_1585081435897_0001_01_000003/syslog’ -> ‘/home/sxt0251/cometcluster/logs/userlogs/application_1585081435897_0001/container_1585081435897_0001_01_000003/syslog’
‘/scratch/sxt0251/32256117/logs/userlogs/application_1585081435897_0001/container_1585081435897_0001_01_000003/stderr’ -> ‘/home/sxt0251/cometcluster/logs/userlogs/application_1585081435897_0001/container_1585081435897_0001_01_000003/stderr’
‘/scratch/sxt0251/32256117/logs/userlogs/application_1585081435897_0001/container_1585081435897_0001_01_000002’ -> ‘/home/sxt0251/cometcluster/logs/userlogs/application_1585081435897_0001/container_1585081435897_0001_01_000002’
‘/scratch/sxt0251/32256117/logs/userlogs/application_1585081435897_0001/container_1585081435897_0001_01_000002/stdout’ -> ‘/home/sxt0251/cometcluster/logs/userlogs/application_1585081435897_0001/container_1585081435897_0001_01_000002/stdout’
‘/scratch/sxt0251/32256117/logs/userlogs/application_1585081435897_0001/container_1585081435897_0001_01_000002/syslog’ -> ‘/home/sxt0251/cometcluster/logs/userlogs/application_1585081435897_0001/container_1585081435897_0001_01_000002/syslog’
‘/scratch/sxt0251/32256117/logs/userlogs/application_1585081435897_0001/container_1585081435897_0001_01_000002/stderr’ -> ‘/home/sxt0251/cometcluster/logs/userlogs/application_1585081435897_0001/container_1585081435897_0001_01_000002/stderr’
‘/scratch/sxt0251/32256117/logs/userlogs/application_1585081435897_0003’ -> ‘/home/sxt0251/cometcluster/logs/userlogs/application_1585081435897_0003’
‘/scratch/sxt0251/32256117/logs/userlogs/application_1585081435897_0003/container_1585081435897_0003_01_000001’ -> ‘/home/sxt0251/cometcluster/logs/userlogs/application_1585081435897_0003/container_1585081435897_0003_01_000001’
‘/scratch/sxt0251/32256117/logs/userlogs/application_1585081435897_0003/container_1585081435897_0003_01_000001/stderr’ -> ‘/home/sxt0251/cometcluster/logs/userlogs/application_1585081435897_0003/container_1585081435897_0003_01_000001/stderr’
‘/scratch/sxt0251/32256117/logs/userlogs/application_1585081435897_0003/container_1585081435897_0003_01_000001/stdout’ -> ‘/home/sxt0251/cometcluster/logs/userlogs/application_1585081435897_0003/container_1585081435897_0003_01_000001/stdout’
‘/scratch/sxt0251/32256117/logs/userlogs/application_1585081435897_0003/container_1585081435897_0003_01_000001/syslog’ -> ‘/home/sxt0251/cometcluster/logs/userlogs/application_1585081435897_0003/container_1585081435897_0003_01_000001/syslog’
‘/scratch/sxt0251/32256117/logs/userlogs/application_1585081435897_0003/container_1585081435897_0003_01_000003’ -> ‘/home/sxt0251/cometcluster/logs/userlogs/application_1585081435897_0003/container_1585081435897_0003_01_000003’
‘/scratch/sxt0251/32256117/logs/userlogs/application_1585081435897_0003/container_1585081435897_0003_01_000003/stderr’ -> ‘/home/sxt0251/cometcluster/logs/userlogs/application_1585081435897_0003/container_1585081435897_0003_01_000003/stderr’
‘/scratch/sxt0251/32256117/logs/userlogs/application_1585081435897_0003/container_1585081435897_0003_01_000003/syslog’ -> ‘/home/sxt0251/cometcluster/logs/userlogs/application_1585081435897_0003/container_1585081435897_0003_01_000003/syslog’
‘/scratch/sxt0251/32256117/logs/userlogs/application_1585081435897_0003/container_1585081435897_0003_01_000003/stdout’ -> ‘/home/sxt0251/cometcluster/logs/userlogs/application_1585081435897_0003/container_1585081435897_0003_01_000003/stdout’
‘/scratch/sxt0251/32256117/logs/userlogs/application_1585081435897_0004’ -> ‘/home/sxt0251/cometcluster/logs/userlogs/application_1585081435897_0004’
‘/scratch/sxt0251/32256117/logs/userlogs/application_1585081435897_0004/container_1585081435897_0004_01_000003’ -> ‘/home/sxt0251/cometcluster/logs/userlogs/application_1585081435897_0004/container_1585081435897_0004_01_000003’
‘/scratch/sxt0251/32256117/logs/userlogs/application_1585081435897_0004/container_1585081435897_0004_01_000003/stdout’ -> ‘/home/sxt0251/cometcluster/logs/userlogs/application_1585081435897_0004/container_1585081435897_0004_01_000003/stdout’
‘/scratch/sxt0251/32256117/logs/userlogs/application_1585081435897_0004/container_1585081435897_0004_01_000003/syslog’ -> ‘/home/sxt0251/cometcluster/logs/userlogs/application_1585081435897_0004/container_1585081435897_0004_01_000003/syslog’
‘/scratch/sxt0251/32256117/logs/userlogs/application_1585081435897_0004/container_1585081435897_0004_01_000003/stderr’ -> ‘/home/sxt0251/cometcluster/logs/userlogs/application_1585081435897_0004/container_1585081435897_0004_01_000003/stderr’
‘/scratch/sxt0251/32256117/logs/userlogs/application_1585081435897_0004/container_1585081435897_0004_01_000001’ -> ‘/home/sxt0251/cometcluster/logs/userlogs/application_1585081435897_0004/container_1585081435897_0004_01_000001’
‘/scratch/sxt0251/32256117/logs/userlogs/application_1585081435897_0004/container_1585081435897_0004_01_000001/stdout’ -> ‘/home/sxt0251/cometcluster/logs/userlogs/application_1585081435897_0004/container_1585081435897_0004_01_000001/stdout’
‘/scratch/sxt0251/32256117/logs/userlogs/application_1585081435897_0004/container_1585081435897_0004_01_000001/syslog’ -> ‘/home/sxt0251/cometcluster/logs/userlogs/application_1585081435897_0004/container_1585081435897_0004_01_000001/syslog’
‘/scratch/sxt0251/32256117/logs/userlogs/application_1585081435897_0004/container_1585081435897_0004_01_000001/stderr’ -> ‘/home/sxt0251/cometcluster/logs/userlogs/application_1585081435897_0004/container_1585081435897_0004_01_000001/stderr’
‘/scratch/sxt0251/32256117/logs/userlogs/application_1585081435897_0007’ -> ‘/home/sxt0251/cometcluster/logs/userlogs/application_1585081435897_0007’
‘/scratch/sxt0251/32256117/logs/userlogs/application_1585081435897_0007/container_1585081435897_0007_01_000001’ -> ‘/home/sxt0251/cometcluster/logs/userlogs/application_1585081435897_0007/container_1585081435897_0007_01_000001’
‘/scratch/sxt0251/32256117/logs/userlogs/application_1585081435897_0007/container_1585081435897_0007_01_000001/stderr’ -> ‘/home/sxt0251/cometcluster/logs/userlogs/application_1585081435897_0007/container_1585081435897_0007_01_000001/stderr’
‘/scratch/sxt0251/32256117/logs/userlogs/application_1585081435897_0007/container_1585081435897_0007_01_000001/stdout’ -> ‘/home/sxt0251/cometcluster/logs/userlogs/application_1585081435897_0007/container_1585081435897_0007_01_000001/stdout’
‘/scratch/sxt0251/32256117/logs/userlogs/application_1585081435897_0007/container_1585081435897_0007_01_000001/syslog’ -> ‘/home/sxt0251/cometcluster/logs/userlogs/application_1585081435897_0007/container_1585081435897_0007_01_000001/syslog’
‘/scratch/sxt0251/32256117/logs/hadoop-sxt0251-datanode-comet-04-13.sdsc.edu.out’ -> ‘/home/sxt0251/cometcluster/logs/hadoop-sxt0251-datanode-comet-04-13.sdsc.edu.out’
‘/scratch/sxt0251/32256117/logs/yarn-sxt0251-nodemanager-comet-04-13.sdsc.edu.log’ -> ‘/home/sxt0251/cometcluster/logs/yarn-sxt0251-nodemanager-comet-04-13.sdsc.edu.log’
‘/scratch/sxt0251/32256117/logs/hadoop-sxt0251-namenode-comet-04-13.sdsc.edu.out’ -> ‘/home/sxt0251/cometcluster/logs/hadoop-sxt0251-namenode-comet-04-13.sdsc.edu.out’
‘/scratch/sxt0251/32256117/logs/yarn-sxt0251-resourcemanager-comet-04-13.log’ -> ‘/home/sxt0251/cometcluster/logs/yarn-sxt0251-resourcemanager-comet-04-13.log’
‘/scratch/sxt0251/32256117/logs/hadoop-sxt0251-secondarynamenode-comet-04-13.sdsc.edu.log’ -> ‘/home/sxt0251/cometcluster/logs/hadoop-sxt0251-secondarynamenode-comet-04-13.sdsc.edu.log’
‘/scratch/sxt0251/32256117/logs/SecurityAuth-sxt0251.audit’ -> ‘/home/sxt0251/cometcluster/logs/SecurityAuth-sxt0251.audit’
‘/scratch/sxt0251/32256117/logs/hadoop-sxt0251-secondarynamenode-comet-04-13.sdsc.edu.out’ -> ‘/home/sxt0251/cometcluster/logs/hadoop-sxt0251-secondarynamenode-comet-04-13.sdsc.edu.out’
‘/scratch/sxt0251/32256117/logs/yarn-sxt0251-resourcemanager-comet-04-13.out’ -> ‘/home/sxt0251/cometcluster/logs/yarn-sxt0251-resourcemanager-comet-04-13.out’
‘/scratch/sxt0251/32256117/logs/hadoop-sxt0251-namenode-comet-04-13.sdsc.edu.log’ -> ‘/home/sxt0251/cometcluster/logs/hadoop-sxt0251-namenode-comet-04-13.sdsc.edu.log’
‘/scratch/sxt0251/32256117/logs/hadoop-sxt0251-datanode-comet-04-13.sdsc.edu.log’ -> ‘/home/sxt0251/cometcluster/logs/hadoop-sxt0251-datanode-comet-04-13.sdsc.edu.log’
‘/scratch/sxt0251/32256117/logs/yarn-sxt0251-nodemanager-comet-04-13.sdsc.edu.out’ -> ‘/home/sxt0251/cometcluster/logs/yarn-sxt0251-nodemanager-comet-04-13.sdsc.edu.out’
removed directory: ‘/scratch/sxt0251/32256117/mapred_scratch/nmPrivate’
removed directory: ‘/scratch/sxt0251/32256117/mapred_scratch/usercache/sxt0251/filecache’
removed directory: ‘/scratch/sxt0251/32256117/mapred_scratch/usercache/sxt0251/appcache’
removed directory: ‘/scratch/sxt0251/32256117/mapred_scratch/usercache/sxt0251’
removed directory: ‘/scratch/sxt0251/32256117/mapred_scratch/usercache’
removed directory: ‘/scratch/sxt0251/32256117/mapred_scratch/filecache’
removed directory: ‘/scratch/sxt0251/32256117/mapred_scratch’
removed ‘/scratch/sxt0251/32256117/tmp/dfs/namesecondary/current/fsimage_0000000000000000000.md5’
removed ‘/scratch/sxt0251/32256117/tmp/dfs/namesecondary/current/VERSION’
removed ‘/scratch/sxt0251/32256117/tmp/dfs/namesecondary/current/fsimage_0000000000000000222.md5’
removed ‘/scratch/sxt0251/32256117/tmp/dfs/namesecondary/current/fsimage_0000000000000000222’
removed ‘/scratch/sxt0251/32256117/tmp/dfs/namesecondary/current/edits_0000000000000000001-0000000000000000222’
removed ‘/scratch/sxt0251/32256117/tmp/dfs/namesecondary/current/fsimage_0000000000000000000’
removed directory: ‘/scratch/sxt0251/32256117/tmp/dfs/namesecondary/current’
removed directory: ‘/scratch/sxt0251/32256117/tmp/dfs/namesecondary’
removed directory: ‘/scratch/sxt0251/32256117/tmp/dfs’
removed directory: ‘/scratch/sxt0251/32256117/tmp’
removed ‘/scratch/sxt0251/32256117/namenode_data/current/VERSION’
removed ‘/scratch/sxt0251/32256117/namenode_data/current/edits_inprogress_0000000000000000223’
removed ‘/scratch/sxt0251/32256117/namenode_data/current/seen_txid’
removed ‘/scratch/sxt0251/32256117/namenode_data/current/fsimage_0000000000000000222’
removed ‘/scratch/sxt0251/32256117/namenode_data/current/fsimage_0000000000000000000.md5’
removed ‘/scratch/sxt0251/32256117/namenode_data/current/edits_0000000000000000001-0000000000000000222’
removed ‘/scratch/sxt0251/32256117/namenode_data/current/fsimage_0000000000000000222.md5’
removed ‘/scratch/sxt0251/32256117/namenode_data/current/fsimage_0000000000000000000’
removed directory: ‘/scratch/sxt0251/32256117/namenode_data/current’
removed directory: ‘/scratch/sxt0251/32256117/namenode_data’
removed ‘/scratch/sxt0251/32256117/hdfs_data/current/VERSION’
removed ‘/scratch/sxt0251/32256117/hdfs_data/current/BP-1650400165-198.202.112.72-1585081417837/current/dfsUsed’
removed ‘/scratch/sxt0251/32256117/hdfs_data/current/BP-1650400165-198.202.112.72-1585081417837/current/VERSION’
removed directory: ‘/scratch/sxt0251/32256117/hdfs_data/current/BP-1650400165-198.202.112.72-1585081417837/current/rbw’
removed ‘/scratch/sxt0251/32256117/hdfs_data/current/BP-1650400165-198.202.112.72-1585081417837/current/finalized/subdir0/subdir0/blk_1073741855’
removed ‘/scratch/sxt0251/32256117/hdfs_data/current/BP-1650400165-198.202.112.72-1585081417837/current/finalized/subdir0/subdir0/blk_1073741883’
removed ‘/scratch/sxt0251/32256117/hdfs_data/current/BP-1650400165-198.202.112.72-1585081417837/current/finalized/subdir0/subdir0/blk_1073741854_1030.meta’
removed ‘/scratch/sxt0251/32256117/hdfs_data/current/BP-1650400165-198.202.112.72-1585081417837/current/finalized/subdir0/subdir0/blk_1073741885_1061.meta’
removed ‘/scratch/sxt0251/32256117/hdfs_data/current/BP-1650400165-198.202.112.72-1585081417837/current/finalized/subdir0/subdir0/blk_1073741882_1058.meta’
removed ‘/scratch/sxt0251/32256117/hdfs_data/current/BP-1650400165-198.202.112.72-1585081417837/current/finalized/subdir0/subdir0/blk_1073741874’
removed ‘/scratch/sxt0251/32256117/hdfs_data/current/BP-1650400165-198.202.112.72-1585081417837/current/finalized/subdir0/subdir0/blk_1073741873’
removed ‘/scratch/sxt0251/32256117/hdfs_data/current/BP-1650400165-198.202.112.72-1585081417837/current/finalized/subdir0/subdir0/blk_1073741865_1041.meta’
removed ‘/scratch/sxt0251/32256117/hdfs_data/current/BP-1650400165-198.202.112.72-1585081417837/current/finalized/subdir0/subdir0/blk_1073741852_1028.meta’
removed ‘/scratch/sxt0251/32256117/hdfs_data/current/BP-1650400165-198.202.112.72-1585081417837/current/finalized/subdir0/subdir0/blk_1073741884’
removed ‘/scratch/sxt0251/32256117/hdfs_data/current/BP-1650400165-198.202.112.72-1585081417837/current/finalized/subdir0/subdir0/blk_1073741825_1001.meta’
removed ‘/scratch/sxt0251/32256117/hdfs_data/current/BP-1650400165-198.202.112.72-1585081417837/current/finalized/subdir0/subdir0/blk_1073741852’
removed ‘/scratch/sxt0251/32256117/hdfs_data/current/BP-1650400165-198.202.112.72-1585081417837/current/finalized/subdir0/subdir0/blk_1073741825’
removed ‘/scratch/sxt0251/32256117/hdfs_data/current/BP-1650400165-198.202.112.72-1585081417837/current/finalized/subdir0/subdir0/blk_1073741864_1040.meta’
removed ‘/scratch/sxt0251/32256117/hdfs_data/current/BP-1650400165-198.202.112.72-1585081417837/current/finalized/subdir0/subdir0/blk_1073741864’
removed ‘/scratch/sxt0251/32256117/hdfs_data/current/BP-1650400165-198.202.112.72-1585081417837/current/finalized/subdir0/subdir0/blk_1073741845’
removed ‘/scratch/sxt0251/32256117/hdfs_data/current/BP-1650400165-198.202.112.72-1585081417837/current/finalized/subdir0/subdir0/blk_1073741832’
removed ‘/scratch/sxt0251/32256117/hdfs_data/current/BP-1650400165-198.202.112.72-1585081417837/current/finalized/subdir0/subdir0/blk_1073741853_1029.meta’
removed ‘/scratch/sxt0251/32256117/hdfs_data/current/BP-1650400165-198.202.112.72-1585081417837/current/finalized/subdir0/subdir0/blk_1073741893’
removed ‘/scratch/sxt0251/32256117/hdfs_data/current/BP-1650400165-198.202.112.72-1585081417837/current/finalized/subdir0/subdir0/blk_1073741894’
removed ‘/scratch/sxt0251/32256117/hdfs_data/current/BP-1650400165-198.202.112.72-1585081417837/current/finalized/subdir0/subdir0/blk_1073741855_1031.meta’
removed ‘/scratch/sxt0251/32256117/hdfs_data/current/BP-1650400165-198.202.112.72-1585081417837/current/finalized/subdir0/subdir0/blk_1073741884_1060.meta’
removed ‘/scratch/sxt0251/32256117/hdfs_data/current/BP-1650400165-198.202.112.72-1585081417837/current/finalized/subdir0/subdir0/blk_1073741835’
removed ‘/scratch/sxt0251/32256117/hdfs_data/current/BP-1650400165-198.202.112.72-1585081417837/current/finalized/subdir0/subdir0/blk_1073741842’
removed ‘/scratch/sxt0251/32256117/hdfs_data/current/BP-1650400165-198.202.112.72-1585081417837/current/finalized/subdir0/subdir0/blk_1073741883_1059.meta’
removed ‘/scratch/sxt0251/32256117/hdfs_data/current/BP-1650400165-198.202.112.72-1585081417837/current/finalized/subdir0/subdir0/blk_1073741863’
removed ‘/scratch/sxt0251/32256117/hdfs_data/current/BP-1650400165-198.202.112.72-1585081417837/current/finalized/subdir0/subdir0/blk_1073741885’
removed ‘/scratch/sxt0251/32256117/hdfs_data/current/BP-1650400165-198.202.112.72-1585081417837/current/finalized/subdir0/subdir0/blk_1073741853’
removed ‘/scratch/sxt0251/32256117/hdfs_data/current/BP-1650400165-198.202.112.72-1585081417837/current/finalized/subdir0/subdir0/blk_1073741874_1050.meta’
removed ‘/scratch/sxt0251/32256117/hdfs_data/current/BP-1650400165-198.202.112.72-1585081417837/current/finalized/subdir0/subdir0/blk_1073741834_1010.meta’
removed ‘/scratch/sxt0251/32256117/hdfs_data/current/BP-1650400165-198.202.112.72-1585081417837/current/finalized/subdir0/subdir0/blk_1073741892_1068.meta’
removed ‘/scratch/sxt0251/32256117/hdfs_data/current/BP-1650400165-198.202.112.72-1585081417837/current/finalized/subdir0/subdir0/blk_1073741872’
removed ‘/scratch/sxt0251/32256117/hdfs_data/current/BP-1650400165-198.202.112.72-1585081417837/current/finalized/subdir0/subdir0/blk_1073741875’
removed ‘/scratch/sxt0251/32256117/hdfs_data/current/BP-1650400165-198.202.112.72-1585081417837/current/finalized/subdir0/subdir0/blk_1073741894_1070.meta’
removed ‘/scratch/sxt0251/32256117/hdfs_data/current/BP-1650400165-198.202.112.72-1585081417837/current/finalized/subdir0/subdir0/blk_1073741845_1021.meta’
removed ‘/scratch/sxt0251/32256117/hdfs_data/current/BP-1650400165-198.202.112.72-1585081417837/current/finalized/subdir0/subdir0/blk_1073741832_1008.meta’
removed ‘/scratch/sxt0251/32256117/hdfs_data/current/BP-1650400165-198.202.112.72-1585081417837/current/finalized/subdir0/subdir0/blk_1073741872_1048.meta’
removed ‘/scratch/sxt0251/32256117/hdfs_data/current/BP-1650400165-198.202.112.72-1585081417837/current/finalized/subdir0/subdir0/blk_1073741862_1038.meta’
removed ‘/scratch/sxt0251/32256117/hdfs_data/current/BP-1650400165-198.202.112.72-1585081417837/current/finalized/subdir0/subdir0/blk_1073741854’
removed ‘/scratch/sxt0251/32256117/hdfs_data/current/BP-1650400165-198.202.112.72-1585081417837/current/finalized/subdir0/subdir0/blk_1073741882’
removed ‘/scratch/sxt0251/32256117/hdfs_data/current/BP-1650400165-198.202.112.72-1585081417837/current/finalized/subdir0/subdir0/blk_1073741842_1018.meta’
removed ‘/scratch/sxt0251/32256117/hdfs_data/current/BP-1650400165-198.202.112.72-1585081417837/current/finalized/subdir0/subdir0/blk_1073741862’
removed ‘/scratch/sxt0251/32256117/hdfs_data/current/BP-1650400165-198.202.112.72-1585081417837/current/finalized/subdir0/subdir0/blk_1073741895_1071.meta’
removed ‘/scratch/sxt0251/32256117/hdfs_data/current/BP-1650400165-198.202.112.72-1585081417837/current/finalized/subdir0/subdir0/blk_1073741844_1020.meta’
removed ‘/scratch/sxt0251/32256117/hdfs_data/current/BP-1650400165-198.202.112.72-1585081417837/current/finalized/subdir0/subdir0/blk_1073741833_1009.meta’
removed ‘/scratch/sxt0251/32256117/hdfs_data/current/BP-1650400165-198.202.112.72-1585081417837/current/finalized/subdir0/subdir0/blk_1073741895’
removed ‘/scratch/sxt0251/32256117/hdfs_data/current/BP-1650400165-198.202.112.72-1585081417837/current/finalized/subdir0/subdir0/blk_1073741843_1019.meta’
removed ‘/scratch/sxt0251/32256117/hdfs_data/current/BP-1650400165-198.202.112.72-1585081417837/current/finalized/subdir0/subdir0/blk_1073741873_1049.meta’
removed ‘/scratch/sxt0251/32256117/hdfs_data/current/BP-1650400165-198.202.112.72-1585081417837/current/finalized/subdir0/subdir0/blk_1073741863_1039.meta’
removed ‘/scratch/sxt0251/32256117/hdfs_data/current/BP-1650400165-198.202.112.72-1585081417837/current/finalized/subdir0/subdir0/blk_1073741843’
removed ‘/scratch/sxt0251/32256117/hdfs_data/current/BP-1650400165-198.202.112.72-1585081417837/current/finalized/subdir0/subdir0/blk_1073741834’
removed ‘/scratch/sxt0251/32256117/hdfs_data/current/BP-1650400165-198.202.112.72-1585081417837/current/finalized/subdir0/subdir0/blk_1073741833’
removed ‘/scratch/sxt0251/32256117/hdfs_data/current/BP-1650400165-198.202.112.72-1585081417837/current/finalized/subdir0/subdir0/blk_1073741844’
removed ‘/scratch/sxt0251/32256117/hdfs_data/current/BP-1650400165-198.202.112.72-1585081417837/current/finalized/subdir0/subdir0/blk_1073741875_1051.meta’
removed ‘/scratch/sxt0251/32256117/hdfs_data/current/BP-1650400165-198.202.112.72-1585081417837/current/finalized/subdir0/subdir0/blk_1073741892’
removed ‘/scratch/sxt0251/32256117/hdfs_data/current/BP-1650400165-198.202.112.72-1585081417837/current/finalized/subdir0/subdir0/blk_1073741835_1011.meta’
removed ‘/scratch/sxt0251/32256117/hdfs_data/current/BP-1650400165-198.202.112.72-1585081417837/current/finalized/subdir0/subdir0/blk_1073741893_1069.meta’
removed ‘/scratch/sxt0251/32256117/hdfs_data/current/BP-1650400165-198.202.112.72-1585081417837/current/finalized/subdir0/subdir0/blk_1073741865’
removed directory: ‘/scratch/sxt0251/32256117/hdfs_data/current/BP-1650400165-198.202.112.72-1585081417837/current/finalized/subdir0/subdir0’
removed directory: ‘/scratch/sxt0251/32256117/hdfs_data/current/BP-1650400165-198.202.112.72-1585081417837/current/finalized/subdir0’
removed directory: ‘/scratch/sxt0251/32256117/hdfs_data/current/BP-1650400165-198.202.112.72-1585081417837/current/finalized’
removed directory: ‘/scratch/sxt0251/32256117/hdfs_data/current/BP-1650400165-198.202.112.72-1585081417837/current’
removed ‘/scratch/sxt0251/32256117/hdfs_data/current/BP-1650400165-198.202.112.72-1585081417837/dncp_block_verification.log.prev’
removed directory: ‘/scratch/sxt0251/32256117/hdfs_data/current/BP-1650400165-198.202.112.72-1585081417837/tmp’
removed ‘/scratch/sxt0251/32256117/hdfs_data/current/BP-1650400165-198.202.112.72-1585081417837/dncp_block_verification.log.curr’
removed directory: ‘/scratch/sxt0251/32256117/hdfs_data/current/BP-1650400165-198.202.112.72-1585081417837’
removed directory: ‘/scratch/sxt0251/32256117/hdfs_data/current’
removed directory: ‘/scratch/sxt0251/32256117/hdfs_data’
removed directory: ‘/scratch/sxt0251/32256117/pids’
removed ‘/scratch/sxt0251/32256117/logs/userlogs/application_1585081435897_0005/container_1585081435897_0005_01_000002/stderr’
removed ‘/scratch/sxt0251/32256117/logs/userlogs/application_1585081435897_0005/container_1585081435897_0005_01_000002/syslog’
removed ‘/scratch/sxt0251/32256117/logs/userlogs/application_1585081435897_0005/container_1585081435897_0005_01_000002/stdout’
removed directory: ‘/scratch/sxt0251/32256117/logs/userlogs/application_1585081435897_0005/container_1585081435897_0005_01_000002’
removed ‘/scratch/sxt0251/32256117/logs/userlogs/application_1585081435897_0005/container_1585081435897_0005_01_000003/stderr’
removed ‘/scratch/sxt0251/32256117/logs/userlogs/application_1585081435897_0005/container_1585081435897_0005_01_000003/stdout’
removed ‘/scratch/sxt0251/32256117/logs/userlogs/application_1585081435897_0005/container_1585081435897_0005_01_000003/syslog’
removed directory: ‘/scratch/sxt0251/32256117/logs/userlogs/application_1585081435897_0005/container_1585081435897_0005_01_000003’
removed directory: ‘/scratch/sxt0251/32256117/logs/userlogs/application_1585081435897_0005’
removed ‘/scratch/sxt0251/32256117/logs/userlogs/application_1585081435897_0002/container_1585081435897_0002_01_000001/stderr’
removed ‘/scratch/sxt0251/32256117/logs/userlogs/application_1585081435897_0002/container_1585081435897_0002_01_000001/syslog’
removed ‘/scratch/sxt0251/32256117/logs/userlogs/application_1585081435897_0002/container_1585081435897_0002_01_000001/stdout’
removed directory: ‘/scratch/sxt0251/32256117/logs/userlogs/application_1585081435897_0002/container_1585081435897_0002_01_000001’
removed ‘/scratch/sxt0251/32256117/logs/userlogs/application_1585081435897_0002/container_1585081435897_0002_01_000002/stderr’
removed ‘/scratch/sxt0251/32256117/logs/userlogs/application_1585081435897_0002/container_1585081435897_0002_01_000002/syslog’
removed ‘/scratch/sxt0251/32256117/logs/userlogs/application_1585081435897_0002/container_1585081435897_0002_01_000002/stdout’
removed directory: ‘/scratch/sxt0251/32256117/logs/userlogs/application_1585081435897_0002/container_1585081435897_0002_01_000002’
removed ‘/scratch/sxt0251/32256117/logs/userlogs/application_1585081435897_0002/container_1585081435897_0002_01_000003/stderr’
removed ‘/scratch/sxt0251/32256117/logs/userlogs/application_1585081435897_0002/container_1585081435897_0002_01_000003/stdout’
removed ‘/scratch/sxt0251/32256117/logs/userlogs/application_1585081435897_0002/container_1585081435897_0002_01_000003/syslog’
removed directory: ‘/scratch/sxt0251/32256117/logs/userlogs/application_1585081435897_0002/container_1585081435897_0002_01_000003’
removed directory: ‘/scratch/sxt0251/32256117/logs/userlogs/application_1585081435897_0002’
removed ‘/scratch/sxt0251/32256117/logs/userlogs/application_1585081435897_0006/container_1585081435897_0006_01_000003/stderr’
removed ‘/scratch/sxt0251/32256117/logs/userlogs/application_1585081435897_0006/container_1585081435897_0006_01_000003/stdout’
removed ‘/scratch/sxt0251/32256117/logs/userlogs/application_1585081435897_0006/container_1585081435897_0006_01_000003/syslog’
removed directory: ‘/scratch/sxt0251/32256117/logs/userlogs/application_1585081435897_0006/container_1585081435897_0006_01_000003’
removed ‘/scratch/sxt0251/32256117/logs/userlogs/application_1585081435897_0006/container_1585081435897_0006_01_000001/stderr’
removed ‘/scratch/sxt0251/32256117/logs/userlogs/application_1585081435897_0006/container_1585081435897_0006_01_000001/stdout’
removed ‘/scratch/sxt0251/32256117/logs/userlogs/application_1585081435897_0006/container_1585081435897_0006_01_000001/syslog’
removed directory: ‘/scratch/sxt0251/32256117/logs/userlogs/application_1585081435897_0006/container_1585081435897_0006_01_000001’
removed ‘/scratch/sxt0251/32256117/logs/userlogs/application_1585081435897_0006/container_1585081435897_0006_01_000002/stdout’
removed ‘/scratch/sxt0251/32256117/logs/userlogs/application_1585081435897_0006/container_1585081435897_0006_01_000002/syslog’
removed ‘/scratch/sxt0251/32256117/logs/userlogs/application_1585081435897_0006/container_1585081435897_0006_01_000002/stderr’
removed directory: ‘/scratch/sxt0251/32256117/logs/userlogs/application_1585081435897_0006/container_1585081435897_0006_01_000002’
removed directory: ‘/scratch/sxt0251/32256117/logs/userlogs/application_1585081435897_0006’
removed ‘/scratch/sxt0251/32256117/logs/userlogs/application_1585081435897_0001/container_1585081435897_0001_01_000003/stdout’
removed ‘/scratch/sxt0251/32256117/logs/userlogs/application_1585081435897_0001/container_1585081435897_0001_01_000003/syslog’
removed ‘/scratch/sxt0251/32256117/logs/userlogs/application_1585081435897_0001/container_1585081435897_0001_01_000003/stderr’
removed directory: ‘/scratch/sxt0251/32256117/logs/userlogs/application_1585081435897_0001/container_1585081435897_0001_01_000003’
removed ‘/scratch/sxt0251/32256117/logs/userlogs/application_1585081435897_0001/container_1585081435897_0001_01_000002/stdout’
removed ‘/scratch/sxt0251/32256117/logs/userlogs/application_1585081435897_0001/container_1585081435897_0001_01_000002/syslog’
removed ‘/scratch/sxt0251/32256117/logs/userlogs/application_1585081435897_0001/container_1585081435897_0001_01_000002/stderr’
removed directory: ‘/scratch/sxt0251/32256117/logs/userlogs/application_1585081435897_0001/container_1585081435897_0001_01_000002’
removed directory: ‘/scratch/sxt0251/32256117/logs/userlogs/application_1585081435897_0001’
removed ‘/scratch/sxt0251/32256117/logs/userlogs/application_1585081435897_0003/container_1585081435897_0003_01_000001/stderr’
removed ‘/scratch/sxt0251/32256117/logs/userlogs/application_1585081435897_0003/container_1585081435897_0003_01_000001/stdout’
removed ‘/scratch/sxt0251/32256117/logs/userlogs/application_1585081435897_0003/container_1585081435897_0003_01_000001/syslog’
removed directory: ‘/scratch/sxt0251/32256117/logs/userlogs/application_1585081435897_0003/container_1585081435897_0003_01_000001’
removed ‘/scratch/sxt0251/32256117/logs/userlogs/application_1585081435897_0003/container_1585081435897_0003_01_000003/stderr’
removed ‘/scratch/sxt0251/32256117/logs/userlogs/application_1585081435897_0003/container_1585081435897_0003_01_000003/syslog’
removed ‘/scratch/sxt0251/32256117/logs/userlogs/application_1585081435897_0003/container_1585081435897_0003_01_000003/stdout’
removed directory: ‘/scratch/sxt0251/32256117/logs/userlogs/application_1585081435897_0003/container_1585081435897_0003_01_000003’
removed directory: ‘/scratch/sxt0251/32256117/logs/userlogs/application_1585081435897_0003’
removed ‘/scratch/sxt0251/32256117/logs/userlogs/application_1585081435897_0004/container_1585081435897_0004_01_000003/stdout’
removed ‘/scratch/sxt0251/32256117/logs/userlogs/application_1585081435897_0004/container_1585081435897_0004_01_000003/syslog’
removed ‘/scratch/sxt0251/32256117/logs/userlogs/application_1585081435897_0004/container_1585081435897_0004_01_000003/stderr’
removed directory: ‘/scratch/sxt0251/32256117/logs/userlogs/application_1585081435897_0004/container_1585081435897_0004_01_000003’
removed ‘/scratch/sxt0251/32256117/logs/userlogs/application_1585081435897_0004/container_1585081435897_0004_01_000001/stdout’
removed ‘/scratch/sxt0251/32256117/logs/userlogs/application_1585081435897_0004/container_1585081435897_0004_01_000001/syslog’
removed ‘/scratch/sxt0251/32256117/logs/userlogs/application_1585081435897_0004/container_1585081435897_0004_01_000001/stderr’
removed directory: ‘/scratch/sxt0251/32256117/logs/userlogs/application_1585081435897_0004/container_1585081435897_0004_01_000001’
removed directory: ‘/scratch/sxt0251/32256117/logs/userlogs/application_1585081435897_0004’
removed ‘/scratch/sxt0251/32256117/logs/userlogs/application_1585081435897_0007/container_1585081435897_0007_01_000001/stderr’
removed ‘/scratch/sxt0251/32256117/logs/userlogs/application_1585081435897_0007/container_1585081435897_0007_01_000001/stdout’
removed ‘/scratch/sxt0251/32256117/logs/userlogs/application_1585081435897_0007/container_1585081435897_0007_01_000001/syslog’
removed directory: ‘/scratch/sxt0251/32256117/logs/userlogs/application_1585081435897_0007/container_1585081435897_0007_01_000001’
removed directory: ‘/scratch/sxt0251/32256117/logs/userlogs/application_1585081435897_0007’
removed directory: ‘/scratch/sxt0251/32256117/logs/userlogs’
removed ‘/scratch/sxt0251/32256117/logs/hadoop-sxt0251-datanode-comet-04-13.sdsc.edu.out’
removed ‘/scratch/sxt0251/32256117/logs/yarn-sxt0251-nodemanager-comet-04-13.sdsc.edu.log’
removed ‘/scratch/sxt0251/32256117/logs/hadoop-sxt0251-namenode-comet-04-13.sdsc.edu.out’
removed ‘/scratch/sxt0251/32256117/logs/yarn-sxt0251-resourcemanager-comet-04-13.log’
removed ‘/scratch/sxt0251/32256117/logs/hadoop-sxt0251-secondarynamenode-comet-04-13.sdsc.edu.log’
removed ‘/scratch/sxt0251/32256117/logs/SecurityAuth-sxt0251.audit’
removed ‘/scratch/sxt0251/32256117/logs/hadoop-sxt0251-secondarynamenode-comet-04-13.sdsc.edu.out’
removed ‘/scratch/sxt0251/32256117/logs/yarn-sxt0251-resourcemanager-comet-04-13.out’
removed ‘/scratch/sxt0251/32256117/logs/hadoop-sxt0251-namenode-comet-04-13.sdsc.edu.log’
removed ‘/scratch/sxt0251/32256117/logs/hadoop-sxt0251-datanode-comet-04-13.sdsc.edu.log’
removed ‘/scratch/sxt0251/32256117/logs/yarn-sxt0251-nodemanager-comet-04-13.sdsc.edu.out’
removed directory: ‘/scratch/sxt0251/32256117/logs’
removed directory: ‘/scratch/sxt0251/32256117/mapred_scratch/filecache’
removed directory: ‘/scratch/sxt0251/32256117/mapred_scratch/usercache/sxt0251/filecache’
removed directory: ‘/scratch/sxt0251/32256117/mapred_scratch/usercache/sxt0251/appcache’
removed directory: ‘/scratch/sxt0251/32256117/mapred_scratch/usercache/sxt0251’
removed directory: ‘/scratch/sxt0251/32256117/mapred_scratch/usercache’
removed directory: ‘/scratch/sxt0251/32256117/mapred_scratch/nmPrivate’
removed directory: ‘/scratch/sxt0251/32256117/mapred_scratch’
removed ‘/scratch/sxt0251/32256117/hdfs_data/current/VERSION’
removed ‘/scratch/sxt0251/32256117/hdfs_data/current/BP-1650400165-198.202.112.72-1585081417837/dncp_block_verification.log.curr’
removed ‘/scratch/sxt0251/32256117/hdfs_data/current/BP-1650400165-198.202.112.72-1585081417837/current/finalized/subdir0/subdir0/blk_1073741882’
removed ‘/scratch/sxt0251/32256117/hdfs_data/current/BP-1650400165-198.202.112.72-1585081417837/current/finalized/subdir0/subdir0/blk_1073741854’
removed ‘/scratch/sxt0251/32256117/hdfs_data/current/BP-1650400165-198.202.112.72-1585081417837/current/finalized/subdir0/subdir0/blk_1073741853_1029.meta’
removed ‘/scratch/sxt0251/32256117/hdfs_data/current/BP-1650400165-198.202.112.72-1585081417837/current/finalized/subdir0/subdir0/blk_1073741875’
removed ‘/scratch/sxt0251/32256117/hdfs_data/current/BP-1650400165-198.202.112.72-1585081417837/current/finalized/subdir0/subdir0/blk_1073741864_1040.meta’
removed ‘/scratch/sxt0251/32256117/hdfs_data/current/BP-1650400165-198.202.112.72-1585081417837/current/finalized/subdir0/subdir0/blk_1073741883_1059.meta’
removed ‘/scratch/sxt0251/32256117/hdfs_data/current/BP-1650400165-198.202.112.72-1585081417837/current/finalized/subdir0/subdir0/blk_1073741872’
removed ‘/scratch/sxt0251/32256117/hdfs_data/current/BP-1650400165-198.202.112.72-1585081417837/current/finalized/subdir0/subdir0/blk_1073741853’
removed ‘/scratch/sxt0251/32256117/hdfs_data/current/BP-1650400165-198.202.112.72-1585081417837/current/finalized/subdir0/subdir0/blk_1073741855_1031.meta’
removed ‘/scratch/sxt0251/32256117/hdfs_data/current/BP-1650400165-198.202.112.72-1585081417837/current/finalized/subdir0/subdir0/blk_1073741884_1060.meta’
removed ‘/scratch/sxt0251/32256117/hdfs_data/current/BP-1650400165-198.202.112.72-1585081417837/current/finalized/subdir0/subdir0/blk_1073741885’
removed ‘/scratch/sxt0251/32256117/hdfs_data/current/BP-1650400165-198.202.112.72-1585081417837/current/finalized/subdir0/subdir0/blk_1073741865’
removed ‘/scratch/sxt0251/32256117/hdfs_data/current/BP-1650400165-198.202.112.72-1585081417837/current/finalized/subdir0/subdir0/blk_1073741882_1058.meta’
removed ‘/scratch/sxt0251/32256117/hdfs_data/current/BP-1650400165-198.202.112.72-1585081417837/current/finalized/subdir0/subdir0/blk_1073741892’
removed ‘/scratch/sxt0251/32256117/hdfs_data/current/BP-1650400165-198.202.112.72-1585081417837/current/finalized/subdir0/subdir0/blk_1073741854_1030.meta’
removed ‘/scratch/sxt0251/32256117/hdfs_data/current/BP-1650400165-198.202.112.72-1585081417837/current/finalized/subdir0/subdir0/blk_1073741885_1061.meta’
removed ‘/scratch/sxt0251/32256117/hdfs_data/current/BP-1650400165-198.202.112.72-1585081417837/current/finalized/subdir0/subdir0/blk_1073741833’
removed ‘/scratch/sxt0251/32256117/hdfs_data/current/BP-1650400165-198.202.112.72-1585081417837/current/finalized/subdir0/subdir0/blk_1073741844’
removed ‘/scratch/sxt0251/32256117/hdfs_data/current/BP-1650400165-198.202.112.72-1585081417837/current/finalized/subdir0/subdir0/blk_1073741843’
removed ‘/scratch/sxt0251/32256117/hdfs_data/current/BP-1650400165-198.202.112.72-1585081417837/current/finalized/subdir0/subdir0/blk_1073741825_1001.meta’
removed ‘/scratch/sxt0251/32256117/hdfs_data/current/BP-1650400165-198.202.112.72-1585081417837/current/finalized/subdir0/subdir0/blk_1073741834’
removed ‘/scratch/sxt0251/32256117/hdfs_data/current/BP-1650400165-198.202.112.72-1585081417837/current/finalized/subdir0/subdir0/blk_1073741852_1028.meta’
removed ‘/scratch/sxt0251/32256117/hdfs_data/current/BP-1650400165-198.202.112.72-1585081417837/current/finalized/subdir0/subdir0/blk_1073741895’
removed ‘/scratch/sxt0251/32256117/hdfs_data/current/BP-1650400165-198.202.112.72-1585081417837/current/finalized/subdir0/subdir0/blk_1073741862’
removed ‘/scratch/sxt0251/32256117/hdfs_data/current/BP-1650400165-198.202.112.72-1585081417837/current/finalized/subdir0/subdir0/blk_1073741865_1041.meta’
removed ‘/scratch/sxt0251/32256117/hdfs_data/current/BP-1650400165-198.202.112.72-1585081417837/current/finalized/subdir0/subdir0/blk_1073741843_1019.meta’
removed ‘/scratch/sxt0251/32256117/hdfs_data/current/BP-1650400165-198.202.112.72-1585081417837/current/finalized/subdir0/subdir0/blk_1073741852’
removed ‘/scratch/sxt0251/32256117/hdfs_data/current/BP-1650400165-198.202.112.72-1585081417837/current/finalized/subdir0/subdir0/blk_1073741825’
removed ‘/scratch/sxt0251/32256117/hdfs_data/current/BP-1650400165-198.202.112.72-1585081417837/current/finalized/subdir0/subdir0/blk_1073741884’
removed ‘/scratch/sxt0251/32256117/hdfs_data/current/BP-1650400165-198.202.112.72-1585081417837/current/finalized/subdir0/subdir0/blk_1073741873_1049.meta’
removed ‘/scratch/sxt0251/32256117/hdfs_data/current/BP-1650400165-198.202.112.72-1585081417837/current/finalized/subdir0/subdir0/blk_1073741863_1039.meta’
removed ‘/scratch/sxt0251/32256117/hdfs_data/current/BP-1650400165-198.202.112.72-1585081417837/current/finalized/subdir0/subdir0/blk_1073741833_1009.meta’
removed ‘/scratch/sxt0251/32256117/hdfs_data/current/BP-1650400165-198.202.112.72-1585081417837/current/finalized/subdir0/subdir0/blk_1073741895_1071.meta’
removed ‘/scratch/sxt0251/32256117/hdfs_data/current/BP-1650400165-198.202.112.72-1585081417837/current/finalized/subdir0/subdir0/blk_1073741844_1020.meta’
removed ‘/scratch/sxt0251/32256117/hdfs_data/current/BP-1650400165-198.202.112.72-1585081417837/current/finalized/subdir0/subdir0/blk_1073741873’
removed ‘/scratch/sxt0251/32256117/hdfs_data/current/BP-1650400165-198.202.112.72-1585081417837/current/finalized/subdir0/subdir0/blk_1073741874’
removed ‘/scratch/sxt0251/32256117/hdfs_data/current/BP-1650400165-198.202.112.72-1585081417837/current/finalized/subdir0/subdir0/blk_1073741893_1069.meta’
removed ‘/scratch/sxt0251/32256117/hdfs_data/current/BP-1650400165-198.202.112.72-1585081417837/current/finalized/subdir0/subdir0/blk_1073741835_1011.meta’
removed ‘/scratch/sxt0251/32256117/hdfs_data/current/BP-1650400165-198.202.112.72-1585081417837/current/finalized/subdir0/subdir0/blk_1073741883’
removed ‘/scratch/sxt0251/32256117/hdfs_data/current/BP-1650400165-198.202.112.72-1585081417837/current/finalized/subdir0/subdir0/blk_1073741875_1051.meta’
removed ‘/scratch/sxt0251/32256117/hdfs_data/current/BP-1650400165-198.202.112.72-1585081417837/current/finalized/subdir0/subdir0/blk_1073741855’
removed ‘/scratch/sxt0251/32256117/hdfs_data/current/BP-1650400165-198.202.112.72-1585081417837/current/finalized/subdir0/subdir0/blk_1073741892_1068.meta’
removed ‘/scratch/sxt0251/32256117/hdfs_data/current/BP-1650400165-198.202.112.72-1585081417837/current/finalized/subdir0/subdir0/blk_1073741834_1010.meta’
removed ‘/scratch/sxt0251/32256117/hdfs_data/current/BP-1650400165-198.202.112.72-1585081417837/current/finalized/subdir0/subdir0/blk_1073741863’
removed ‘/scratch/sxt0251/32256117/hdfs_data/current/BP-1650400165-198.202.112.72-1585081417837/current/finalized/subdir0/subdir0/blk_1073741835’
removed ‘/scratch/sxt0251/32256117/hdfs_data/current/BP-1650400165-198.202.112.72-1585081417837/current/finalized/subdir0/subdir0/blk_1073741842’
removed ‘/scratch/sxt0251/32256117/hdfs_data/current/BP-1650400165-198.202.112.72-1585081417837/current/finalized/subdir0/subdir0/blk_1073741894’
removed ‘/scratch/sxt0251/32256117/hdfs_data/current/BP-1650400165-198.202.112.72-1585081417837/current/finalized/subdir0/subdir0/blk_1073741874_1050.meta’
removed ‘/scratch/sxt0251/32256117/hdfs_data/current/BP-1650400165-198.202.112.72-1585081417837/current/finalized/subdir0/subdir0/blk_1073741893’
removed ‘/scratch/sxt0251/32256117/hdfs_data/current/BP-1650400165-198.202.112.72-1585081417837/current/finalized/subdir0/subdir0/blk_1073741872_1048.meta’
removed ‘/scratch/sxt0251/32256117/hdfs_data/current/BP-1650400165-198.202.112.72-1585081417837/current/finalized/subdir0/subdir0/blk_1073741862_1038.meta’
removed ‘/scratch/sxt0251/32256117/hdfs_data/current/BP-1650400165-198.202.112.72-1585081417837/current/finalized/subdir0/subdir0/blk_1073741842_1018.meta’
removed ‘/scratch/sxt0251/32256117/hdfs_data/current/BP-1650400165-198.202.112.72-1585081417837/current/finalized/subdir0/subdir0/blk_1073741845’
removed ‘/scratch/sxt0251/32256117/hdfs_data/current/BP-1650400165-198.202.112.72-1585081417837/current/finalized/subdir0/subdir0/blk_1073741832’
removed ‘/scratch/sxt0251/32256117/hdfs_data/current/BP-1650400165-198.202.112.72-1585081417837/current/finalized/subdir0/subdir0/blk_1073741864’
removed ‘/scratch/sxt0251/32256117/hdfs_data/current/BP-1650400165-198.202.112.72-1585081417837/current/finalized/subdir0/subdir0/blk_1073741832_1008.meta’
removed ‘/scratch/sxt0251/32256117/hdfs_data/current/BP-1650400165-198.202.112.72-1585081417837/current/finalized/subdir0/subdir0/blk_1073741894_1070.meta’
removed ‘/scratch/sxt0251/32256117/hdfs_data/current/BP-1650400165-198.202.112.72-1585081417837/current/finalized/subdir0/subdir0/blk_1073741845_1021.meta’
removed directory: ‘/scratch/sxt0251/32256117/hdfs_data/current/BP-1650400165-198.202.112.72-1585081417837/current/finalized/subdir0/subdir0’
removed directory: ‘/scratch/sxt0251/32256117/hdfs_data/current/BP-1650400165-198.202.112.72-1585081417837/current/finalized/subdir0’
removed directory: ‘/scratch/sxt0251/32256117/hdfs_data/current/BP-1650400165-198.202.112.72-1585081417837/current/finalized’
removed directory: ‘/scratch/sxt0251/32256117/hdfs_data/current/BP-1650400165-198.202.112.72-1585081417837/current/rbw’
removed ‘/scratch/sxt0251/32256117/hdfs_data/current/BP-1650400165-198.202.112.72-1585081417837/current/dfsUsed’
removed ‘/scratch/sxt0251/32256117/hdfs_data/current/BP-1650400165-198.202.112.72-1585081417837/current/VERSION’
removed directory: ‘/scratch/sxt0251/32256117/hdfs_data/current/BP-1650400165-198.202.112.72-1585081417837/current’
removed directory: ‘/scratch/sxt0251/32256117/hdfs_data/current/BP-1650400165-198.202.112.72-1585081417837/tmp’
removed ‘/scratch/sxt0251/32256117/hdfs_data/current/BP-1650400165-198.202.112.72-1585081417837/dncp_block_verification.log.prev’
removed directory: ‘/scratch/sxt0251/32256117/hdfs_data/current/BP-1650400165-198.202.112.72-1585081417837’
removed directory: ‘/scratch/sxt0251/32256117/hdfs_data/current’
removed directory: ‘/scratch/sxt0251/32256117/hdfs_data’
removed directory: ‘/scratch/sxt0251/32256117/pids’
removed ‘/scratch/sxt0251/32256117/logs/userlogs/application_1585081435897_0003/container_1585081435897_0003_01_000002/stderr’
removed ‘/scratch/sxt0251/32256117/logs/userlogs/application_1585081435897_0003/container_1585081435897_0003_01_000002/syslog’
removed ‘/scratch/sxt0251/32256117/logs/userlogs/application_1585081435897_0003/container_1585081435897_0003_01_000002/stdout’
removed directory: ‘/scratch/sxt0251/32256117/logs/userlogs/application_1585081435897_0003/container_1585081435897_0003_01_000002’
removed directory: ‘/scratch/sxt0251/32256117/logs/userlogs/application_1585081435897_0003’
removed ‘/scratch/sxt0251/32256117/logs/userlogs/application_1585081435897_0004/container_1585081435897_0004_01_000002/stderr’
removed ‘/scratch/sxt0251/32256117/logs/userlogs/application_1585081435897_0004/container_1585081435897_0004_01_000002/stdout’
removed ‘/scratch/sxt0251/32256117/logs/userlogs/application_1585081435897_0004/container_1585081435897_0004_01_000002/syslog’
removed directory: ‘/scratch/sxt0251/32256117/logs/userlogs/application_1585081435897_0004/container_1585081435897_0004_01_000002’
removed directory: ‘/scratch/sxt0251/32256117/logs/userlogs/application_1585081435897_0004’
removed ‘/scratch/sxt0251/32256117/logs/userlogs/application_1585081435897_0007/container_1585081435897_0007_01_000002/stdout’
removed ‘/scratch/sxt0251/32256117/logs/userlogs/application_1585081435897_0007/container_1585081435897_0007_01_000002/syslog’
removed ‘/scratch/sxt0251/32256117/logs/userlogs/application_1585081435897_0007/container_1585081435897_0007_01_000002/stderr’
removed directory: ‘/scratch/sxt0251/32256117/logs/userlogs/application_1585081435897_0007/container_1585081435897_0007_01_000002’
removed ‘/scratch/sxt0251/32256117/logs/userlogs/application_1585081435897_0007/container_1585081435897_0007_01_000003/stdout’
removed ‘/scratch/sxt0251/32256117/logs/userlogs/application_1585081435897_0007/container_1585081435897_0007_01_000003/syslog’
removed ‘/scratch/sxt0251/32256117/logs/userlogs/application_1585081435897_0007/container_1585081435897_0007_01_000003/stderr’
removed directory: ‘/scratch/sxt0251/32256117/logs/userlogs/application_1585081435897_0007/container_1585081435897_0007_01_000003’
removed directory: ‘/scratch/sxt0251/32256117/logs/userlogs/application_1585081435897_0007’
removed ‘/scratch/sxt0251/32256117/logs/userlogs/application_1585081435897_0005/container_1585081435897_0005_01_000001/stderr’
removed ‘/scratch/sxt0251/32256117/logs/userlogs/application_1585081435897_0005/container_1585081435897_0005_01_000001/syslog’
removed ‘/scratch/sxt0251/32256117/logs/userlogs/application_1585081435897_0005/container_1585081435897_0005_01_000001/stdout’
removed directory: ‘/scratch/sxt0251/32256117/logs/userlogs/application_1585081435897_0005/container_1585081435897_0005_01_000001’
removed directory: ‘/scratch/sxt0251/32256117/logs/userlogs/application_1585081435897_0005’
removed ‘/scratch/sxt0251/32256117/logs/userlogs/application_1585081435897_0001/container_1585081435897_0001_01_000001/stdout’
removed ‘/scratch/sxt0251/32256117/logs/userlogs/application_1585081435897_0001/container_1585081435897_0001_01_000001/syslog’
removed ‘/scratch/sxt0251/32256117/logs/userlogs/application_1585081435897_0001/container_1585081435897_0001_01_000001/stderr’
removed directory: ‘/scratch/sxt0251/32256117/logs/userlogs/application_1585081435897_0001/container_1585081435897_0001_01_000001’
removed directory: ‘/scratch/sxt0251/32256117/logs/userlogs/application_1585081435897_0001’
removed directory: ‘/scratch/sxt0251/32256117/logs/userlogs’
removed ‘/scratch/sxt0251/32256117/logs/hadoop-sxt0251-datanode-comet-04-31.sdsc.edu.out’
removed ‘/scratch/sxt0251/32256117/logs/yarn-sxt0251-nodemanager-comet-04-31.sdsc.edu.log’
removed ‘/scratch/sxt0251/32256117/logs/yarn-sxt0251-nodemanager-comet-04-31.sdsc.edu.out’
removed ‘/scratch/sxt0251/32256117/logs/hadoop-sxt0251-datanode-comet-04-31.sdsc.edu.log’
removed ‘/scratch/sxt0251/32256117/logs/SecurityAuth-sxt0251.audit’
removed directory: ‘/scratch/sxt0251/32256117/logs’
removed directory: ‘/tmp/Jetty_0_0_0_0_50075_datanode____hwtdwq_1543665264704396269/.active’
removed directory: ‘/tmp/Jetty_0_0_0_0_50075_datanode____hwtdwq_1543665264704396269/jsp’
removed directory: ‘/tmp/Jetty_0_0_0_0_50075_datanode____hwtdwq_1543665264704396269’
removed directory: ‘/tmp/Jetty_0_0_0_0_50070_hdfs____w2cu08_3399890127817641669/.active’
removed directory: ‘/tmp/Jetty_0_0_0_0_50070_hdfs____w2cu08_3399890127817641669/jsp’
removed directory: ‘/tmp/Jetty_0_0_0_0_50070_hdfs____w2cu08_3399890127817641669’
removed directory: ‘/tmp/Jetty_comet.04.13_ibnet_50090_secondary____3bp697_8662676811886834993/.active’
removed directory: ‘/tmp/Jetty_comet.04.13_ibnet_50090_secondary____3bp697_8662676811886834993/jsp’
removed directory: ‘/tmp/Jetty_comet.04.13_ibnet_50090_secondary____3bp697_8662676811886834993’
