myHadoop: Setting MH_IPOIB_TRANSFORM='s/\([^.]*\).*$/\1.ibnet/' from myhadoop.conf
myHadoop: Setting MH_SCRATCH_DIR=/scratch/$USER/$SLURM_JOBID from myhadoop.conf
myHadoop: Using HADOOP_HOME=/opt/hadoop/2.6.0
myHadoop: Using MH_SCRATCH_DIR=/scratch/sxt0251/31872356
myHadoop: Using JAVA_HOME=/lib/jvm/java
myHadoop: Generating Hadoop configuration in directory in /home/sxt0251/cometcluster...
myHadoop: Backing up old config dir to /home/sxt0251/cometcluster.7...
‘/home/sxt0251/cometcluster’ -> ‘/home/sxt0251/cometcluster.7’
myHadoop: Designating comet-17-57.ibnet as master node (namenode, secondary namenode, and jobtracker)
myHadoop: The following nodes will be slaves (datanode, tasktracer):
comet-17-57.ibnet
comet-17-59.ibnet
20/03/03 16:35:52 INFO namenode.NameNode: STARTUP_MSG: 
/************************************************************
STARTUP_MSG: Starting NameNode
STARTUP_MSG:   host = comet-17-57.sdsc.edu/198.202.113.43
STARTUP_MSG:   args = [-format]
STARTUP_MSG:   version = 2.6.0
STARTUP_MSG:   classpath = /home/sxt0251/cometcluster:/opt/hadoop/2.6.0/share/hadoop/common/lib/commons-digester-1.8.jar:/opt/hadoop/2.6.0/share/hadoop/common/lib/commons-lang-2.6.jar:/opt/hadoop/2.6.0/share/hadoop/common/lib/curator-client-2.6.0.jar:/opt/hadoop/2.6.0/share/hadoop/common/lib/guava-11.0.2.jar:/opt/hadoop/2.6.0/share/hadoop/common/lib/apacheds-kerberos-codec-2.0.0-M15.jar:/opt/hadoop/2.6.0/share/hadoop/common/lib/servlet-api-2.5.jar:/opt/hadoop/2.6.0/share/hadoop/common/lib/jsch-0.1.42.jar:/opt/hadoop/2.6.0/share/hadoop/common/lib/httpcore-4.2.5.jar:/opt/hadoop/2.6.0/share/hadoop/common/lib/xz-1.0.jar:/opt/hadoop/2.6.0/share/hadoop/common/lib/jasper-compiler-5.5.23.jar:/opt/hadoop/2.6.0/share/hadoop/common/lib/commons-io-2.4.jar:/opt/hadoop/2.6.0/share/hadoop/common/lib/zookeeper-3.4.6.jar:/opt/hadoop/2.6.0/share/hadoop/common/lib/jetty-6.1.26.jar:/opt/hadoop/2.6.0/share/hadoop/common/lib/hamcrest-core-1.3.jar:/opt/hadoop/2.6.0/share/hadoop/common/lib/netty-3.6.2.Final.jar:/opt/hadoop/2.6.0/share/hadoop/common/lib/log4j-1.2.17.jar:/opt/hadoop/2.6.0/share/hadoop/common/lib/jettison-1.1.jar:/opt/hadoop/2.6.0/share/hadoop/common/lib/paranamer-2.3.jar:/opt/hadoop/2.6.0/share/hadoop/common/lib/slf4j-log4j12-1.7.5.jar:/opt/hadoop/2.6.0/share/hadoop/common/lib/avro-1.7.4.jar:/opt/hadoop/2.6.0/share/hadoop/common/lib/jersey-server-1.9.jar:/opt/hadoop/2.6.0/share/hadoop/common/lib/api-asn1-api-1.0.0-M20.jar:/opt/hadoop/2.6.0/share/hadoop/common/lib/jsp-api-2.1.jar:/opt/hadoop/2.6.0/share/hadoop/common/lib/commons-collections-3.2.1.jar:/opt/hadoop/2.6.0/share/hadoop/common/lib/jaxb-impl-2.2.3-1.jar:/opt/hadoop/2.6.0/share/hadoop/common/lib/commons-logging-1.1.3.jar:/opt/hadoop/2.6.0/share/hadoop/common/lib/api-util-1.0.0-M20.jar:/opt/hadoop/2.6.0/share/hadoop/common/lib/hadoop-auth-2.6.0.jar:/opt/hadoop/2.6.0/share/hadoop/common/lib/commons-math3-3.1.1.jar:/opt/hadoop/2.6.0/share/hadoop/common/lib/slf4j-api-1.7.5.jar:/opt/hadoop/2.6.0/share/hadoop/common/lib/commons-cli-1.2.jar:/opt/hadoop/2.6.0/share/hadoop/common/lib/stax-api-1.0-2.jar:/opt/hadoop/2.6.0/share/hadoop/common/lib/jackson-xc-1.9.13.jar:/opt/hadoop/2.6.0/share/hadoop/common/lib/mockito-all-1.8.5.jar:/opt/hadoop/2.6.0/share/hadoop/common/lib/jetty-util-6.1.26.jar:/opt/hadoop/2.6.0/share/hadoop/common/lib/xmlenc-0.52.jar:/opt/hadoop/2.6.0/share/hadoop/common/lib/commons-net-3.1.jar:/opt/hadoop/2.6.0/share/hadoop/common/lib/jackson-core-asl-1.9.13.jar:/opt/hadoop/2.6.0/share/hadoop/common/lib/jets3t-0.9.0.jar:/opt/hadoop/2.6.0/share/hadoop/common/lib/hadoop-annotations-2.6.0.jar:/opt/hadoop/2.6.0/share/hadoop/common/lib/jersey-json-1.9.jar:/opt/hadoop/2.6.0/share/hadoop/common/lib/jackson-jaxrs-1.9.13.jar:/opt/hadoop/2.6.0/share/hadoop/common/lib/commons-beanutils-core-1.8.0.jar:/opt/hadoop/2.6.0/share/hadoop/common/lib/jsr305-1.3.9.jar:/opt/hadoop/2.6.0/share/hadoop/common/lib/apacheds-i18n-2.0.0-M15.jar:/opt/hadoop/2.6.0/share/hadoop/common/lib/commons-el-1.0.jar:/opt/hadoop/2.6.0/share/hadoop/common/lib/gson-2.2.4.jar:/opt/hadoop/2.6.0/share/hadoop/common/lib/httpclient-4.2.5.jar:/opt/hadoop/2.6.0/share/hadoop/common/lib/commons-beanutils-1.7.0.jar:/opt/hadoop/2.6.0/share/hadoop/common/lib/asm-3.2.jar:/opt/hadoop/2.6.0/share/hadoop/common/lib/snappy-java-1.0.4.1.jar:/opt/hadoop/2.6.0/share/hadoop/common/lib/java-xmlbuilder-0.4.jar:/opt/hadoop/2.6.0/share/hadoop/common/lib/activation-1.1.jar:/opt/hadoop/2.6.0/share/hadoop/common/lib/commons-compress-1.4.1.jar:/opt/hadoop/2.6.0/share/hadoop/common/lib/commons-codec-1.4.jar:/opt/hadoop/2.6.0/share/hadoop/common/lib/jersey-core-1.9.jar:/opt/hadoop/2.6.0/share/hadoop/common/lib/commons-httpclient-3.1.jar:/opt/hadoop/2.6.0/share/hadoop/common/lib/protobuf-java-2.5.0.jar:/opt/hadoop/2.6.0/share/hadoop/common/lib/jaxb-api-2.2.2.jar:/opt/hadoop/2.6.0/share/hadoop/common/lib/commons-configuration-1.6.jar:/opt/hadoop/2.6.0/share/hadoop/common/lib/curator-recipes-2.6.0.jar:/opt/hadoop/2.6.0/share/hadoop/common/lib/jackson-mapper-asl-1.9.13.jar:/opt/hadoop/2.6.0/share/hadoop/common/lib/htrace-core-3.0.4.jar:/opt/hadoop/2.6.0/share/hadoop/common/lib/curator-framework-2.6.0.jar:/opt/hadoop/2.6.0/share/hadoop/common/lib/junit-4.11.jar:/opt/hadoop/2.6.0/share/hadoop/common/lib/jasper-runtime-5.5.23.jar:/opt/hadoop/2.6.0/share/hadoop/common/hadoop-nfs-2.6.0.jar:/opt/hadoop/2.6.0/share/hadoop/common/hadoop-common-2.6.0-tests.jar:/opt/hadoop/2.6.0/share/hadoop/common/hadoop-common-2.6.0.jar:/opt/hadoop/2.6.0/share/hadoop/hdfs:/opt/hadoop/2.6.0/share/hadoop/hdfs/lib/commons-lang-2.6.jar:/opt/hadoop/2.6.0/share/hadoop/hdfs/lib/commons-daemon-1.0.13.jar:/opt/hadoop/2.6.0/share/hadoop/hdfs/lib/guava-11.0.2.jar:/opt/hadoop/2.6.0/share/hadoop/hdfs/lib/servlet-api-2.5.jar:/opt/hadoop/2.6.0/share/hadoop/hdfs/lib/xercesImpl-2.9.1.jar:/opt/hadoop/2.6.0/share/hadoop/hdfs/lib/commons-io-2.4.jar:/opt/hadoop/2.6.0/share/hadoop/hdfs/lib/jetty-6.1.26.jar:/opt/hadoop/2.6.0/share/hadoop/hdfs/lib/netty-3.6.2.Final.jar:/opt/hadoop/2.6.0/share/hadoop/hdfs/lib/log4j-1.2.17.jar:/opt/hadoop/2.6.0/share/hadoop/hdfs/lib/jersey-server-1.9.jar:/opt/hadoop/2.6.0/share/hadoop/hdfs/lib/jsp-api-2.1.jar:/opt/hadoop/2.6.0/share/hadoop/hdfs/lib/commons-logging-1.1.3.jar:/opt/hadoop/2.6.0/share/hadoop/hdfs/lib/commons-cli-1.2.jar:/opt/hadoop/2.6.0/share/hadoop/hdfs/lib/jetty-util-6.1.26.jar:/opt/hadoop/2.6.0/share/hadoop/hdfs/lib/xmlenc-0.52.jar:/opt/hadoop/2.6.0/share/hadoop/hdfs/lib/jackson-core-asl-1.9.13.jar:/opt/hadoop/2.6.0/share/hadoop/hdfs/lib/xml-apis-1.3.04.jar:/opt/hadoop/2.6.0/share/hadoop/hdfs/lib/jsr305-1.3.9.jar:/opt/hadoop/2.6.0/share/hadoop/hdfs/lib/commons-el-1.0.jar:/opt/hadoop/2.6.0/share/hadoop/hdfs/lib/asm-3.2.jar:/opt/hadoop/2.6.0/share/hadoop/hdfs/lib/commons-codec-1.4.jar:/opt/hadoop/2.6.0/share/hadoop/hdfs/lib/jersey-core-1.9.jar:/opt/hadoop/2.6.0/share/hadoop/hdfs/lib/protobuf-java-2.5.0.jar:/opt/hadoop/2.6.0/share/hadoop/hdfs/lib/jackson-mapper-asl-1.9.13.jar:/opt/hadoop/2.6.0/share/hadoop/hdfs/lib/htrace-core-3.0.4.jar:/opt/hadoop/2.6.0/share/hadoop/hdfs/lib/jasper-runtime-5.5.23.jar:/opt/hadoop/2.6.0/share/hadoop/hdfs/hadoop-hdfs-2.6.0-tests.jar:/opt/hadoop/2.6.0/share/hadoop/hdfs/hadoop-hdfs-nfs-2.6.0.jar:/opt/hadoop/2.6.0/share/hadoop/hdfs/hadoop-hdfs-2.6.0.jar:/opt/hadoop/2.6.0/share/hadoop/yarn/lib/commons-lang-2.6.jar:/opt/hadoop/2.6.0/share/hadoop/yarn/lib/leveldbjni-all-1.8.jar:/opt/hadoop/2.6.0/share/hadoop/yarn/lib/guava-11.0.2.jar:/opt/hadoop/2.6.0/share/hadoop/yarn/lib/servlet-api-2.5.jar:/opt/hadoop/2.6.0/share/hadoop/yarn/lib/xz-1.0.jar:/opt/hadoop/2.6.0/share/hadoop/yarn/lib/commons-io-2.4.jar:/opt/hadoop/2.6.0/share/hadoop/yarn/lib/zookeeper-3.4.6.jar:/opt/hadoop/2.6.0/share/hadoop/yarn/lib/jetty-6.1.26.jar:/opt/hadoop/2.6.0/share/hadoop/yarn/lib/netty-3.6.2.Final.jar:/opt/hadoop/2.6.0/share/hadoop/yarn/lib/log4j-1.2.17.jar:/opt/hadoop/2.6.0/share/hadoop/yarn/lib/jettison-1.1.jar:/opt/hadoop/2.6.0/share/hadoop/yarn/lib/guice-servlet-3.0.jar:/opt/hadoop/2.6.0/share/hadoop/yarn/lib/jersey-server-1.9.jar:/opt/hadoop/2.6.0/share/hadoop/yarn/lib/commons-collections-3.2.1.jar:/opt/hadoop/2.6.0/share/hadoop/yarn/lib/jaxb-impl-2.2.3-1.jar:/opt/hadoop/2.6.0/share/hadoop/yarn/lib/commons-logging-1.1.3.jar:/opt/hadoop/2.6.0/share/hadoop/yarn/lib/commons-cli-1.2.jar:/opt/hadoop/2.6.0/share/hadoop/yarn/lib/stax-api-1.0-2.jar:/opt/hadoop/2.6.0/share/hadoop/yarn/lib/jackson-xc-1.9.13.jar:/opt/hadoop/2.6.0/share/hadoop/yarn/lib/jersey-client-1.9.jar:/opt/hadoop/2.6.0/share/hadoop/yarn/lib/jetty-util-6.1.26.jar:/opt/hadoop/2.6.0/share/hadoop/yarn/lib/aopalliance-1.0.jar:/opt/hadoop/2.6.0/share/hadoop/yarn/lib/jackson-core-asl-1.9.13.jar:/opt/hadoop/2.6.0/share/hadoop/yarn/lib/jersey-json-1.9.jar:/opt/hadoop/2.6.0/share/hadoop/yarn/lib/jackson-jaxrs-1.9.13.jar:/opt/hadoop/2.6.0/share/hadoop/yarn/lib/jsr305-1.3.9.jar:/opt/hadoop/2.6.0/share/hadoop/yarn/lib/jersey-guice-1.9.jar:/opt/hadoop/2.6.0/share/hadoop/yarn/lib/javax.inject-1.jar:/opt/hadoop/2.6.0/share/hadoop/yarn/lib/asm-3.2.jar:/opt/hadoop/2.6.0/share/hadoop/yarn/lib/guice-3.0.jar:/opt/hadoop/2.6.0/share/hadoop/yarn/lib/activation-1.1.jar:/opt/hadoop/2.6.0/share/hadoop/yarn/lib/commons-compress-1.4.1.jar:/opt/hadoop/2.6.0/share/hadoop/yarn/lib/commons-codec-1.4.jar:/opt/hadoop/2.6.0/share/hadoop/yarn/lib/jersey-core-1.9.jar:/opt/hadoop/2.6.0/share/hadoop/yarn/lib/jline-0.9.94.jar:/opt/hadoop/2.6.0/share/hadoop/yarn/lib/commons-httpclient-3.1.jar:/opt/hadoop/2.6.0/share/hadoop/yarn/lib/protobuf-java-2.5.0.jar:/opt/hadoop/2.6.0/share/hadoop/yarn/lib/jaxb-api-2.2.2.jar:/opt/hadoop/2.6.0/share/hadoop/yarn/lib/jackson-mapper-asl-1.9.13.jar:/opt/hadoop/2.6.0/share/hadoop/yarn/hadoop-yarn-server-applicationhistoryservice-2.6.0.jar:/opt/hadoop/2.6.0/share/hadoop/yarn/hadoop-yarn-applications-distributedshell-2.6.0.jar:/opt/hadoop/2.6.0/share/hadoop/yarn/hadoop-yarn-api-2.6.0.jar:/opt/hadoop/2.6.0/share/hadoop/yarn/hadoop-yarn-server-web-proxy-2.6.0.jar:/opt/hadoop/2.6.0/share/hadoop/yarn/hadoop-yarn-server-resourcemanager-2.6.0.jar:/opt/hadoop/2.6.0/share/hadoop/yarn/hadoop-yarn-applications-unmanaged-am-launcher-2.6.0.jar:/opt/hadoop/2.6.0/share/hadoop/yarn/hadoop-yarn-server-common-2.6.0.jar:/opt/hadoop/2.6.0/share/hadoop/yarn/hadoop-yarn-server-tests-2.6.0.jar:/opt/hadoop/2.6.0/share/hadoop/yarn/hadoop-yarn-client-2.6.0.jar:/opt/hadoop/2.6.0/share/hadoop/yarn/hadoop-yarn-registry-2.6.0.jar:/opt/hadoop/2.6.0/share/hadoop/yarn/hadoop-yarn-common-2.6.0.jar:/opt/hadoop/2.6.0/share/hadoop/yarn/hadoop-yarn-server-nodemanager-2.6.0.jar:/opt/hadoop/2.6.0/share/hadoop/mapreduce/lib/leveldbjni-all-1.8.jar:/opt/hadoop/2.6.0/share/hadoop/mapreduce/lib/xz-1.0.jar:/opt/hadoop/2.6.0/share/hadoop/mapreduce/lib/commons-io-2.4.jar:/opt/hadoop/2.6.0/share/hadoop/mapreduce/lib/hamcrest-core-1.3.jar:/opt/hadoop/2.6.0/share/hadoop/mapreduce/lib/netty-3.6.2.Final.jar:/opt/hadoop/2.6.0/share/hadoop/mapreduce/lib/log4j-1.2.17.jar:/opt/hadoop/2.6.0/share/hadoop/mapreduce/lib/paranamer-2.3.jar:/opt/hadoop/2.6.0/share/hadoop/mapreduce/lib/avro-1.7.4.jar:/opt/hadoop/2.6.0/share/hadoop/mapreduce/lib/guice-servlet-3.0.jar:/opt/hadoop/2.6.0/share/hadoop/mapreduce/lib/jersey-server-1.9.jar:/opt/hadoop/2.6.0/share/hadoop/mapreduce/lib/aopalliance-1.0.jar:/opt/hadoop/2.6.0/share/hadoop/mapreduce/lib/jackson-core-asl-1.9.13.jar:/opt/hadoop/2.6.0/share/hadoop/mapreduce/lib/hadoop-annotations-2.6.0.jar:/opt/hadoop/2.6.0/share/hadoop/mapreduce/lib/jersey-guice-1.9.jar:/opt/hadoop/2.6.0/share/hadoop/mapreduce/lib/javax.inject-1.jar:/opt/hadoop/2.6.0/share/hadoop/mapreduce/lib/asm-3.2.jar:/opt/hadoop/2.6.0/share/hadoop/mapreduce/lib/snappy-java-1.0.4.1.jar:/opt/hadoop/2.6.0/share/hadoop/mapreduce/lib/guice-3.0.jar:/opt/hadoop/2.6.0/share/hadoop/mapreduce/lib/commons-compress-1.4.1.jar:/opt/hadoop/2.6.0/share/hadoop/mapreduce/lib/jersey-core-1.9.jar:/opt/hadoop/2.6.0/share/hadoop/mapreduce/lib/protobuf-java-2.5.0.jar:/opt/hadoop/2.6.0/share/hadoop/mapreduce/lib/jackson-mapper-asl-1.9.13.jar:/opt/hadoop/2.6.0/share/hadoop/mapreduce/lib/junit-4.11.jar:/opt/hadoop/2.6.0/share/hadoop/mapreduce/hadoop-mapreduce-client-jobclient-2.6.0.jar:/opt/hadoop/2.6.0/share/hadoop/mapreduce/hadoop-mapreduce-examples-2.6.0.jar:/opt/hadoop/2.6.0/share/hadoop/mapreduce/hadoop-mapreduce-client-shuffle-2.6.0.jar:/opt/hadoop/2.6.0/share/hadoop/mapreduce/hadoop-mapreduce-client-jobclient-2.6.0-tests.jar:/opt/hadoop/2.6.0/share/hadoop/mapreduce/hadoop-mapreduce-client-hs-2.6.0.jar:/opt/hadoop/2.6.0/share/hadoop/mapreduce/hadoop-mapreduce-client-common-2.6.0.jar:/opt/hadoop/2.6.0/share/hadoop/mapreduce/hadoop-mapreduce-client-app-2.6.0.jar:/opt/hadoop/2.6.0/share/hadoop/mapreduce/hadoop-mapreduce-client-hs-plugins-2.6.0.jar:/opt/hadoop/2.6.0/share/hadoop/mapreduce/hadoop-mapreduce-client-core-2.6.0.jar:/opt/hadoop/2.6.0/contrib/capacity-scheduler/*.jar
STARTUP_MSG:   build = https://git-wip-us.apache.org/repos/asf/hadoop.git -r e3496499ecb8d220fba99dc5ed4c99c8f9e33bb1; compiled by 'jenkins' on 2014-11-13T21:10Z
STARTUP_MSG:   java = 1.8.0_212
************************************************************/
20/03/03 16:35:52 INFO namenode.NameNode: registered UNIX signal handlers for [TERM, HUP, INT]
20/03/03 16:35:52 INFO namenode.NameNode: createNameNode [-format]
20/03/03 16:35:52 WARN common.Util: Path /scratch/sxt0251/31872356/namenode_data should be specified as a URI in configuration files. Please update hdfs configuration.
20/03/03 16:35:52 WARN common.Util: Path /scratch/sxt0251/31872356/namenode_data should be specified as a URI in configuration files. Please update hdfs configuration.
Formatting using clusterid: CID-1aaee7c7-b0ee-40f2-b698-84dd5e1ea939
20/03/03 16:35:53 INFO namenode.FSNamesystem: No KeyProvider found.
20/03/03 16:35:53 INFO namenode.FSNamesystem: fsLock is fair:true
20/03/03 16:35:53 INFO blockmanagement.DatanodeManager: dfs.block.invalidate.limit=1000
20/03/03 16:35:53 INFO blockmanagement.DatanodeManager: dfs.namenode.datanode.registration.ip-hostname-check=true
20/03/03 16:35:53 INFO blockmanagement.BlockManager: dfs.namenode.startup.delay.block.deletion.sec is set to 000:00:00:00.000
20/03/03 16:35:53 INFO blockmanagement.BlockManager: The block deletion will start around 2020 Mar 03 16:35:53
20/03/03 16:35:53 INFO util.GSet: Computing capacity for map BlocksMap
20/03/03 16:35:53 INFO util.GSet: VM type       = 64-bit
20/03/03 16:35:53 INFO util.GSet: 2.0% max memory 958.5 MB = 19.2 MB
20/03/03 16:35:53 INFO util.GSet: capacity      = 2^21 = 2097152 entries
20/03/03 16:35:53 INFO blockmanagement.BlockManager: dfs.block.access.token.enable=false
20/03/03 16:35:53 INFO blockmanagement.BlockManager: defaultReplication         = 3
20/03/03 16:35:53 INFO blockmanagement.BlockManager: maxReplication             = 512
20/03/03 16:35:53 INFO blockmanagement.BlockManager: minReplication             = 1
20/03/03 16:35:53 INFO blockmanagement.BlockManager: maxReplicationStreams      = 2
20/03/03 16:35:53 INFO blockmanagement.BlockManager: shouldCheckForEnoughRacks  = false
20/03/03 16:35:53 INFO blockmanagement.BlockManager: replicationRecheckInterval = 3000
20/03/03 16:35:53 INFO blockmanagement.BlockManager: encryptDataTransfer        = false
20/03/03 16:35:53 INFO blockmanagement.BlockManager: maxNumBlocksToLog          = 1000
20/03/03 16:35:53 INFO namenode.FSNamesystem: fsOwner             = sxt0251 (auth:SIMPLE)
20/03/03 16:35:53 INFO namenode.FSNamesystem: supergroup          = supergroup
20/03/03 16:35:53 INFO namenode.FSNamesystem: isPermissionEnabled = true
20/03/03 16:35:53 INFO namenode.FSNamesystem: HA Enabled: false
20/03/03 16:35:53 INFO namenode.FSNamesystem: Append Enabled: true
20/03/03 16:35:53 INFO util.GSet: Computing capacity for map INodeMap
20/03/03 16:35:53 INFO util.GSet: VM type       = 64-bit
20/03/03 16:35:53 INFO util.GSet: 1.0% max memory 958.5 MB = 9.6 MB
20/03/03 16:35:53 INFO util.GSet: capacity      = 2^20 = 1048576 entries
20/03/03 16:35:53 INFO namenode.NameNode: Caching file names occuring more than 10 times
20/03/03 16:35:53 INFO util.GSet: Computing capacity for map cachedBlocks
20/03/03 16:35:53 INFO util.GSet: VM type       = 64-bit
20/03/03 16:35:53 INFO util.GSet: 0.25% max memory 958.5 MB = 2.4 MB
20/03/03 16:35:53 INFO util.GSet: capacity      = 2^18 = 262144 entries
20/03/03 16:35:53 INFO namenode.FSNamesystem: dfs.namenode.safemode.threshold-pct = 0.9990000128746033
20/03/03 16:35:53 INFO namenode.FSNamesystem: dfs.namenode.safemode.min.datanodes = 0
20/03/03 16:35:53 INFO namenode.FSNamesystem: dfs.namenode.safemode.extension     = 30000
20/03/03 16:35:53 INFO namenode.FSNamesystem: Retry cache on namenode is enabled
20/03/03 16:35:53 INFO namenode.FSNamesystem: Retry cache will use 0.03 of total heap and retry cache entry expiry time is 600000 millis
20/03/03 16:35:53 INFO util.GSet: Computing capacity for map NameNodeRetryCache
20/03/03 16:35:53 INFO util.GSet: VM type       = 64-bit
20/03/03 16:35:53 INFO util.GSet: 0.029999999329447746% max memory 958.5 MB = 294.5 KB
20/03/03 16:35:53 INFO util.GSet: capacity      = 2^15 = 32768 entries
20/03/03 16:35:53 INFO namenode.NNConf: ACLs enabled? false
20/03/03 16:35:53 INFO namenode.NNConf: XAttrs enabled? true
20/03/03 16:35:53 INFO namenode.NNConf: Maximum size of an xattr: 16384
20/03/03 16:35:53 INFO namenode.FSImage: Allocated new BlockPoolId: BP-1713774931-198.202.113.43-1583282153189
20/03/03 16:35:53 INFO common.Storage: Storage directory /scratch/sxt0251/31872356/namenode_data has been successfully formatted.
20/03/03 16:35:53 INFO namenode.NNStorageRetentionManager: Going to retain 1 images with txid >= 0
20/03/03 16:35:53 INFO util.ExitUtil: Exiting with status 0
20/03/03 16:35:53 INFO namenode.NameNode: SHUTDOWN_MSG: 
/************************************************************
SHUTDOWN_MSG: Shutting down NameNode at comet-17-57.sdsc.edu/198.202.113.43
************************************************************/
Starting namenodes on [comet-17-57.ibnet]
comet-17-57.ibnet: starting namenode, logging to /scratch/sxt0251/31872356/logs/hadoop-sxt0251-namenode-comet-17-57.sdsc.edu.out
comet-17-57.ibnet: starting datanode, logging to /scratch/sxt0251/31872356/logs/hadoop-sxt0251-datanode-comet-17-57.sdsc.edu.out
comet-17-59.ibnet: starting datanode, logging to /scratch/sxt0251/31872356/logs/hadoop-sxt0251-datanode-comet-17-59.sdsc.edu.out
Starting secondary namenodes [comet-17-57.ibnet]
comet-17-57.ibnet: starting secondarynamenode, logging to /scratch/sxt0251/31872356/logs/hadoop-sxt0251-secondarynamenode-comet-17-57.sdsc.edu.out
starting yarn daemons
starting resourcemanager, logging to /scratch/sxt0251/31872356/logs/yarn-sxt0251-resourcemanager-comet-17-57.out
comet-17-57.ibnet: starting nodemanager, logging to /scratch/sxt0251/31872356/logs/yarn-sxt0251-nodemanager-comet-17-57.sdsc.edu.out
comet-17-59.ibnet: starting nodemanager, logging to /scratch/sxt0251/31872356/logs/yarn-sxt0251-nodemanager-comet-17-59.sdsc.edu.out
20/03/03 16:36:18 INFO client.RMProxy: Connecting to ResourceManager at comet-17-57.ibnet/10.22.251.142:8032
20/03/03 16:36:18 WARN mapreduce.JobSubmitter: Hadoop command-line option parsing not performed. Implement the Tool interface and execute your application with ToolRunner to remedy this.
20/03/03 16:36:19 INFO input.FileInputFormat: Total input paths to process : 1
20/03/03 16:36:19 INFO mapreduce.JobSubmitter: number of splits:3
20/03/03 16:36:19 INFO mapreduce.JobSubmitter: Submitting tokens for job: job_1583282170312_0001
20/03/03 16:36:19 INFO impl.YarnClientImpl: Submitted application application_1583282170312_0001
20/03/03 16:36:19 INFO mapreduce.Job: The url to track the job: http://comet-17-57.ibnet:8088/proxy/application_1583282170312_0001/
20/03/03 16:36:19 INFO mapreduce.Job: Running job: job_1583282170312_0001
20/03/03 16:36:25 INFO mapreduce.Job: Job job_1583282170312_0001 running in uber mode : false
20/03/03 16:36:25 INFO mapreduce.Job:  map 0% reduce 0%
20/03/03 16:38:56 INFO mapreduce.Job: Task Id : attempt_1583282170312_0001_m_000002_0, Status : FAILED
Error: Java heap space
20/03/03 16:39:02 INFO mapreduce.Job: Task Id : attempt_1583282170312_0001_m_000000_0, Status : FAILED
Error: Java heap space
20/03/03 16:39:11 INFO mapreduce.Job: Task Id : attempt_1583282170312_0001_m_000001_0, Status : FAILED
Error: Java heap space
20/03/03 16:41:15 INFO mapreduce.Job: Task Id : attempt_1583282170312_0001_m_000002_1, Status : FAILED
Error: Java heap space
20/03/03 16:41:24 INFO mapreduce.Job: Task Id : attempt_1583282170312_0001_m_000001_1, Status : FAILED
Error: Java heap space
20/03/03 16:42:18 INFO mapreduce.Job: Task Id : attempt_1583282170312_0001_m_000000_1, Status : FAILED
Error: Java heap space
20/03/03 16:43:57 INFO mapreduce.Job: Task Id : attempt_1583282170312_0001_m_000001_2, Status : FAILED
Error: Java heap space
20/03/03 16:44:19 INFO mapreduce.Job: Task Id : attempt_1583282170312_0001_m_000000_2, Status : FAILED
Error: Java heap space
20/03/03 16:44:40 INFO mapreduce.Job: Task Id : attempt_1583282170312_0001_m_000002_2, Status : FAILED
Error: Java heap space
20/03/03 16:46:18 INFO mapreduce.Job:  map 100% reduce 100%
20/03/03 16:46:18 INFO mapreduce.Job: Job job_1583282170312_0001 failed with state FAILED due to: Task failed task_1583282170312_0001_m_000001
Job failed as tasks failed. failedMaps:1 failedReduces:0

20/03/03 16:46:18 INFO mapreduce.Job: Counters: 13
	Job Counters 
		Failed map tasks=10
		Killed map tasks=2
		Launched map tasks=12
		Other local map tasks=9
		Data-local map tasks=3
		Total time spent by all maps in occupied slots (ms)=1759412
		Total time spent by all reduces in occupied slots (ms)=0
		Total time spent by all map tasks (ms)=1759412
		Total vcore-seconds taken by all map tasks=1759412
		Total megabyte-seconds taken by all map tasks=1801637888
	Map-Reduce Framework
		CPU time spent (ms)=0
		Physical memory (bytes) snapshot=0
		Virtual memory (bytes) snapshot=0
20/03/03 16:46:18 INFO client.RMProxy: Connecting to ResourceManager at comet-17-57.ibnet/10.22.251.142:8032
20/03/03 16:46:18 WARN mapreduce.JobSubmitter: Hadoop command-line option parsing not performed. Implement the Tool interface and execute your application with ToolRunner to remedy this.
20/03/03 16:46:18 INFO input.FileInputFormat: Total input paths to process : 1
20/03/03 16:46:18 INFO mapreduce.JobSubmitter: number of splits:3
20/03/03 16:46:19 INFO mapreduce.JobSubmitter: Submitting tokens for job: job_1583282170312_0002
20/03/03 16:46:19 INFO impl.YarnClientImpl: Submitted application application_1583282170312_0002
20/03/03 16:46:19 INFO mapreduce.Job: The url to track the job: http://comet-17-57.ibnet:8088/proxy/application_1583282170312_0002/
20/03/03 16:46:19 INFO mapreduce.Job: Running job: job_1583282170312_0002
20/03/03 16:46:23 INFO mapreduce.Job: Job job_1583282170312_0002 running in uber mode : false
20/03/03 16:46:23 INFO mapreduce.Job:  map 0% reduce 0%
20/03/03 16:49:05 INFO mapreduce.Job:  map 33% reduce 0%
20/03/03 16:49:05 INFO mapreduce.Job: Task Id : attempt_1583282170312_0002_m_000001_0, Status : FAILED
Error: Java heap space
20/03/03 16:49:06 INFO mapreduce.Job:  map 0% reduce 0%
20/03/03 16:49:10 INFO mapreduce.Job: Task Id : attempt_1583282170312_0002_m_000002_0, Status : FAILED
Error: Java heap space
20/03/03 16:49:11 INFO mapreduce.Job: Task Id : attempt_1583282170312_0002_m_000000_0, Status : FAILED
Error: Java heap space
20/03/03 16:51:15 INFO mapreduce.Job: Task Id : attempt_1583282170312_0002_m_000002_1, Status : FAILED
Error: Java heap space
20/03/03 16:51:25 INFO mapreduce.Job: Task Id : attempt_1583282170312_0002_m_000001_1, Status : FAILED
Error: Java heap space
20/03/03 16:52:24 INFO mapreduce.Job: Task Id : attempt_1583282170312_0002_m_000000_1, Status : FAILED
Error: Java heap space
20/03/03 16:54:03 INFO mapreduce.Job: Task Id : attempt_1583282170312_0002_m_000001_2, Status : FAILED
Error: Java heap space
20/03/03 16:54:15 INFO mapreduce.Job: Task Id : attempt_1583282170312_0002_m_000002_2, Status : FAILED
Error: Java heap space
20/03/03 16:54:45 INFO mapreduce.Job:  map 33% reduce 0%
20/03/03 16:54:45 INFO mapreduce.Job: Task Id : attempt_1583282170312_0002_m_000000_2, Status : FAILED
Error: Java heap space
20/03/03 16:54:46 INFO mapreduce.Job:  map 0% reduce 0%
20/03/03 16:56:38 INFO mapreduce.Job:  map 100% reduce 100%
20/03/03 16:56:38 INFO mapreduce.Job: Job job_1583282170312_0002 failed with state FAILED due to: Task failed task_1583282170312_0002_m_000002
Job failed as tasks failed. failedMaps:1 failedReduces:0

20/03/03 16:56:38 INFO mapreduce.Job: Counters: 13
	Job Counters 
		Failed map tasks=10
		Killed map tasks=2
		Launched map tasks=12
		Other local map tasks=9
		Data-local map tasks=3
		Total time spent by all maps in occupied slots (ms)=1823891
		Total time spent by all reduces in occupied slots (ms)=0
		Total time spent by all map tasks (ms)=1823891
		Total vcore-seconds taken by all map tasks=1823891
		Total megabyte-seconds taken by all map tasks=1867664384
	Map-Reduce Framework
		CPU time spent (ms)=0
		Physical memory (bytes) snapshot=0
		Virtual memory (bytes) snapshot=0
get: `/user/sxt0251/output/part*': No such file or directory
get: `/user/sxt0251/output2/part*': No such file or directory
stopping yarn daemons
stopping resourcemanager
comet-17-57.ibnet: stopping nodemanager
comet-17-57.ibnet: nodemanager did not stop gracefully after 5 seconds: killing with kill -9
comet-17-59.ibnet: stopping nodemanager
comet-17-59.ibnet: nodemanager did not stop gracefully after 5 seconds: killing with kill -9
no proxyserver to stop
Stopping namenodes on [comet-17-57.ibnet]
comet-17-57.ibnet: stopping namenode
comet-17-57.ibnet: stopping datanode
comet-17-59.ibnet: stopping datanode
Stopping secondary namenodes [comet-17-57.ibnet]
comet-17-57.ibnet: stopping secondarynamenode
Copying Hadoop logs back to /home/sxt0251/cometcluster/logs...
‘/scratch/sxt0251/31872356/logs’ -> ‘/home/sxt0251/cometcluster/logs’
‘/scratch/sxt0251/31872356/logs/hadoop-sxt0251-secondarynamenode-comet-17-57.sdsc.edu.log’ -> ‘/home/sxt0251/cometcluster/logs/hadoop-sxt0251-secondarynamenode-comet-17-57.sdsc.edu.log’
‘/scratch/sxt0251/31872356/logs/hadoop-sxt0251-datanode-comet-17-57.sdsc.edu.out’ -> ‘/home/sxt0251/cometcluster/logs/hadoop-sxt0251-datanode-comet-17-57.sdsc.edu.out’
‘/scratch/sxt0251/31872356/logs/hadoop-sxt0251-namenode-comet-17-57.sdsc.edu.out’ -> ‘/home/sxt0251/cometcluster/logs/hadoop-sxt0251-namenode-comet-17-57.sdsc.edu.out’
‘/scratch/sxt0251/31872356/logs/yarn-sxt0251-resourcemanager-comet-17-57.out’ -> ‘/home/sxt0251/cometcluster/logs/yarn-sxt0251-resourcemanager-comet-17-57.out’
‘/scratch/sxt0251/31872356/logs/yarn-sxt0251-nodemanager-comet-17-57.sdsc.edu.out’ -> ‘/home/sxt0251/cometcluster/logs/yarn-sxt0251-nodemanager-comet-17-57.sdsc.edu.out’
‘/scratch/sxt0251/31872356/logs/hadoop-sxt0251-namenode-comet-17-57.sdsc.edu.log’ -> ‘/home/sxt0251/cometcluster/logs/hadoop-sxt0251-namenode-comet-17-57.sdsc.edu.log’
‘/scratch/sxt0251/31872356/logs/yarn-sxt0251-nodemanager-comet-17-57.sdsc.edu.log’ -> ‘/home/sxt0251/cometcluster/logs/yarn-sxt0251-nodemanager-comet-17-57.sdsc.edu.log’
‘/scratch/sxt0251/31872356/logs/yarn-sxt0251-resourcemanager-comet-17-57.log’ -> ‘/home/sxt0251/cometcluster/logs/yarn-sxt0251-resourcemanager-comet-17-57.log’
‘/scratch/sxt0251/31872356/logs/SecurityAuth-sxt0251.audit’ -> ‘/home/sxt0251/cometcluster/logs/SecurityAuth-sxt0251.audit’
‘/scratch/sxt0251/31872356/logs/userlogs’ -> ‘/home/sxt0251/cometcluster/logs/userlogs’
‘/scratch/sxt0251/31872356/logs/userlogs/application_1583282170312_0001’ -> ‘/home/sxt0251/cometcluster/logs/userlogs/application_1583282170312_0001’
‘/scratch/sxt0251/31872356/logs/userlogs/application_1583282170312_0001/container_1583282170312_0001_01_000006’ -> ‘/home/sxt0251/cometcluster/logs/userlogs/application_1583282170312_0001/container_1583282170312_0001_01_000006’
‘/scratch/sxt0251/31872356/logs/userlogs/application_1583282170312_0001/container_1583282170312_0001_01_000006/stderr’ -> ‘/home/sxt0251/cometcluster/logs/userlogs/application_1583282170312_0001/container_1583282170312_0001_01_000006/stderr’
‘/scratch/sxt0251/31872356/logs/userlogs/application_1583282170312_0001/container_1583282170312_0001_01_000006/syslog’ -> ‘/home/sxt0251/cometcluster/logs/userlogs/application_1583282170312_0001/container_1583282170312_0001_01_000006/syslog’
‘/scratch/sxt0251/31872356/logs/userlogs/application_1583282170312_0001/container_1583282170312_0001_01_000006/stdout’ -> ‘/home/sxt0251/cometcluster/logs/userlogs/application_1583282170312_0001/container_1583282170312_0001_01_000006/stdout’
‘/scratch/sxt0251/31872356/logs/userlogs/application_1583282170312_0001/container_1583282170312_0001_01_000001’ -> ‘/home/sxt0251/cometcluster/logs/userlogs/application_1583282170312_0001/container_1583282170312_0001_01_000001’
‘/scratch/sxt0251/31872356/logs/userlogs/application_1583282170312_0001/container_1583282170312_0001_01_000001/stdout’ -> ‘/home/sxt0251/cometcluster/logs/userlogs/application_1583282170312_0001/container_1583282170312_0001_01_000001/stdout’
‘/scratch/sxt0251/31872356/logs/userlogs/application_1583282170312_0001/container_1583282170312_0001_01_000001/syslog’ -> ‘/home/sxt0251/cometcluster/logs/userlogs/application_1583282170312_0001/container_1583282170312_0001_01_000001/syslog’
‘/scratch/sxt0251/31872356/logs/userlogs/application_1583282170312_0001/container_1583282170312_0001_01_000001/stderr’ -> ‘/home/sxt0251/cometcluster/logs/userlogs/application_1583282170312_0001/container_1583282170312_0001_01_000001/stderr’
‘/scratch/sxt0251/31872356/logs/userlogs/application_1583282170312_0001/container_1583282170312_0001_01_000008’ -> ‘/home/sxt0251/cometcluster/logs/userlogs/application_1583282170312_0001/container_1583282170312_0001_01_000008’
‘/scratch/sxt0251/31872356/logs/userlogs/application_1583282170312_0001/container_1583282170312_0001_01_000008/stderr’ -> ‘/home/sxt0251/cometcluster/logs/userlogs/application_1583282170312_0001/container_1583282170312_0001_01_000008/stderr’
‘/scratch/sxt0251/31872356/logs/userlogs/application_1583282170312_0001/container_1583282170312_0001_01_000008/syslog’ -> ‘/home/sxt0251/cometcluster/logs/userlogs/application_1583282170312_0001/container_1583282170312_0001_01_000008/syslog’
‘/scratch/sxt0251/31872356/logs/userlogs/application_1583282170312_0001/container_1583282170312_0001_01_000008/stdout’ -> ‘/home/sxt0251/cometcluster/logs/userlogs/application_1583282170312_0001/container_1583282170312_0001_01_000008/stdout’
‘/scratch/sxt0251/31872356/logs/userlogs/application_1583282170312_0001/container_1583282170312_0001_01_000002’ -> ‘/home/sxt0251/cometcluster/logs/userlogs/application_1583282170312_0001/container_1583282170312_0001_01_000002’
‘/scratch/sxt0251/31872356/logs/userlogs/application_1583282170312_0001/container_1583282170312_0001_01_000002/stdout’ -> ‘/home/sxt0251/cometcluster/logs/userlogs/application_1583282170312_0001/container_1583282170312_0001_01_000002/stdout’
‘/scratch/sxt0251/31872356/logs/userlogs/application_1583282170312_0001/container_1583282170312_0001_01_000002/syslog’ -> ‘/home/sxt0251/cometcluster/logs/userlogs/application_1583282170312_0001/container_1583282170312_0001_01_000002/syslog’
‘/scratch/sxt0251/31872356/logs/userlogs/application_1583282170312_0001/container_1583282170312_0001_01_000002/stderr’ -> ‘/home/sxt0251/cometcluster/logs/userlogs/application_1583282170312_0001/container_1583282170312_0001_01_000002/stderr’
‘/scratch/sxt0251/31872356/logs/userlogs/application_1583282170312_0001/container_1583282170312_0001_01_000003’ -> ‘/home/sxt0251/cometcluster/logs/userlogs/application_1583282170312_0001/container_1583282170312_0001_01_000003’
‘/scratch/sxt0251/31872356/logs/userlogs/application_1583282170312_0001/container_1583282170312_0001_01_000003/stdout’ -> ‘/home/sxt0251/cometcluster/logs/userlogs/application_1583282170312_0001/container_1583282170312_0001_01_000003/stdout’
‘/scratch/sxt0251/31872356/logs/userlogs/application_1583282170312_0001/container_1583282170312_0001_01_000003/syslog’ -> ‘/home/sxt0251/cometcluster/logs/userlogs/application_1583282170312_0001/container_1583282170312_0001_01_000003/syslog’
‘/scratch/sxt0251/31872356/logs/userlogs/application_1583282170312_0001/container_1583282170312_0001_01_000003/stderr’ -> ‘/home/sxt0251/cometcluster/logs/userlogs/application_1583282170312_0001/container_1583282170312_0001_01_000003/stderr’
‘/scratch/sxt0251/31872356/logs/userlogs/application_1583282170312_0001/container_1583282170312_0001_01_000004’ -> ‘/home/sxt0251/cometcluster/logs/userlogs/application_1583282170312_0001/container_1583282170312_0001_01_000004’
‘/scratch/sxt0251/31872356/logs/userlogs/application_1583282170312_0001/container_1583282170312_0001_01_000004/stderr’ -> ‘/home/sxt0251/cometcluster/logs/userlogs/application_1583282170312_0001/container_1583282170312_0001_01_000004/stderr’
‘/scratch/sxt0251/31872356/logs/userlogs/application_1583282170312_0001/container_1583282170312_0001_01_000004/stdout’ -> ‘/home/sxt0251/cometcluster/logs/userlogs/application_1583282170312_0001/container_1583282170312_0001_01_000004/stdout’
‘/scratch/sxt0251/31872356/logs/userlogs/application_1583282170312_0001/container_1583282170312_0001_01_000004/syslog’ -> ‘/home/sxt0251/cometcluster/logs/userlogs/application_1583282170312_0001/container_1583282170312_0001_01_000004/syslog’
‘/scratch/sxt0251/31872356/logs/userlogs/application_1583282170312_0002’ -> ‘/home/sxt0251/cometcluster/logs/userlogs/application_1583282170312_0002’
‘/scratch/sxt0251/31872356/logs/userlogs/application_1583282170312_0002/container_1583282170312_0002_01_000001’ -> ‘/home/sxt0251/cometcluster/logs/userlogs/application_1583282170312_0002/container_1583282170312_0002_01_000001’
‘/scratch/sxt0251/31872356/logs/userlogs/application_1583282170312_0002/container_1583282170312_0002_01_000001/stderr’ -> ‘/home/sxt0251/cometcluster/logs/userlogs/application_1583282170312_0002/container_1583282170312_0002_01_000001/stderr’
‘/scratch/sxt0251/31872356/logs/userlogs/application_1583282170312_0002/container_1583282170312_0002_01_000001/stdout’ -> ‘/home/sxt0251/cometcluster/logs/userlogs/application_1583282170312_0002/container_1583282170312_0002_01_000001/stdout’
‘/scratch/sxt0251/31872356/logs/userlogs/application_1583282170312_0002/container_1583282170312_0002_01_000001/syslog’ -> ‘/home/sxt0251/cometcluster/logs/userlogs/application_1583282170312_0002/container_1583282170312_0002_01_000001/syslog’
‘/scratch/sxt0251/31872356/logs/userlogs/application_1583282170312_0002/container_1583282170312_0002_01_000012’ -> ‘/home/sxt0251/cometcluster/logs/userlogs/application_1583282170312_0002/container_1583282170312_0002_01_000012’
‘/scratch/sxt0251/31872356/logs/userlogs/application_1583282170312_0002/container_1583282170312_0002_01_000012/stderr’ -> ‘/home/sxt0251/cometcluster/logs/userlogs/application_1583282170312_0002/container_1583282170312_0002_01_000012/stderr’
‘/scratch/sxt0251/31872356/logs/userlogs/application_1583282170312_0002/container_1583282170312_0002_01_000012/syslog’ -> ‘/home/sxt0251/cometcluster/logs/userlogs/application_1583282170312_0002/container_1583282170312_0002_01_000012/syslog’
‘/scratch/sxt0251/31872356/logs/userlogs/application_1583282170312_0002/container_1583282170312_0002_01_000012/stdout’ -> ‘/home/sxt0251/cometcluster/logs/userlogs/application_1583282170312_0002/container_1583282170312_0002_01_000012/stdout’
‘/scratch/sxt0251/31872356/logs/userlogs/application_1583282170312_0002/container_1583282170312_0002_01_000006’ -> ‘/home/sxt0251/cometcluster/logs/userlogs/application_1583282170312_0002/container_1583282170312_0002_01_000006’
‘/scratch/sxt0251/31872356/logs/userlogs/application_1583282170312_0002/container_1583282170312_0002_01_000006/stderr’ -> ‘/home/sxt0251/cometcluster/logs/userlogs/application_1583282170312_0002/container_1583282170312_0002_01_000006/stderr’
‘/scratch/sxt0251/31872356/logs/userlogs/application_1583282170312_0002/container_1583282170312_0002_01_000006/stdout’ -> ‘/home/sxt0251/cometcluster/logs/userlogs/application_1583282170312_0002/container_1583282170312_0002_01_000006/stdout’
‘/scratch/sxt0251/31872356/logs/userlogs/application_1583282170312_0002/container_1583282170312_0002_01_000006/syslog’ -> ‘/home/sxt0251/cometcluster/logs/userlogs/application_1583282170312_0002/container_1583282170312_0002_01_000006/syslog’
‘/scratch/sxt0251/31872356/logs/userlogs/application_1583282170312_0002/container_1583282170312_0002_01_000002’ -> ‘/home/sxt0251/cometcluster/logs/userlogs/application_1583282170312_0002/container_1583282170312_0002_01_000002’
‘/scratch/sxt0251/31872356/logs/userlogs/application_1583282170312_0002/container_1583282170312_0002_01_000002/stdout’ -> ‘/home/sxt0251/cometcluster/logs/userlogs/application_1583282170312_0002/container_1583282170312_0002_01_000002/stdout’
‘/scratch/sxt0251/31872356/logs/userlogs/application_1583282170312_0002/container_1583282170312_0002_01_000002/syslog’ -> ‘/home/sxt0251/cometcluster/logs/userlogs/application_1583282170312_0002/container_1583282170312_0002_01_000002/syslog’
‘/scratch/sxt0251/31872356/logs/userlogs/application_1583282170312_0002/container_1583282170312_0002_01_000002/stderr’ -> ‘/home/sxt0251/cometcluster/logs/userlogs/application_1583282170312_0002/container_1583282170312_0002_01_000002/stderr’
‘/scratch/sxt0251/31872356/logs/userlogs/application_1583282170312_0002/container_1583282170312_0002_01_000011’ -> ‘/home/sxt0251/cometcluster/logs/userlogs/application_1583282170312_0002/container_1583282170312_0002_01_000011’
‘/scratch/sxt0251/31872356/logs/userlogs/application_1583282170312_0002/container_1583282170312_0002_01_000011/stdout’ -> ‘/home/sxt0251/cometcluster/logs/userlogs/application_1583282170312_0002/container_1583282170312_0002_01_000011/stdout’
‘/scratch/sxt0251/31872356/logs/userlogs/application_1583282170312_0002/container_1583282170312_0002_01_000011/syslog’ -> ‘/home/sxt0251/cometcluster/logs/userlogs/application_1583282170312_0002/container_1583282170312_0002_01_000011/syslog’
‘/scratch/sxt0251/31872356/logs/userlogs/application_1583282170312_0002/container_1583282170312_0002_01_000011/stderr’ -> ‘/home/sxt0251/cometcluster/logs/userlogs/application_1583282170312_0002/container_1583282170312_0002_01_000011/stderr’
‘/scratch/sxt0251/31872356/logs/userlogs/application_1583282170312_0002/container_1583282170312_0002_01_000005’ -> ‘/home/sxt0251/cometcluster/logs/userlogs/application_1583282170312_0002/container_1583282170312_0002_01_000005’
‘/scratch/sxt0251/31872356/logs/userlogs/application_1583282170312_0002/container_1583282170312_0002_01_000005/syslog’ -> ‘/home/sxt0251/cometcluster/logs/userlogs/application_1583282170312_0002/container_1583282170312_0002_01_000005/syslog’
‘/scratch/sxt0251/31872356/logs/userlogs/application_1583282170312_0002/container_1583282170312_0002_01_000005/stdout’ -> ‘/home/sxt0251/cometcluster/logs/userlogs/application_1583282170312_0002/container_1583282170312_0002_01_000005/stdout’
‘/scratch/sxt0251/31872356/logs/userlogs/application_1583282170312_0002/container_1583282170312_0002_01_000005/stderr’ -> ‘/home/sxt0251/cometcluster/logs/userlogs/application_1583282170312_0002/container_1583282170312_0002_01_000005/stderr’
‘/scratch/sxt0251/31872356/logs/userlogs/application_1583282170312_0002/container_1583282170312_0002_01_000004’ -> ‘/home/sxt0251/cometcluster/logs/userlogs/application_1583282170312_0002/container_1583282170312_0002_01_000004’
‘/scratch/sxt0251/31872356/logs/userlogs/application_1583282170312_0002/container_1583282170312_0002_01_000004/stdout’ -> ‘/home/sxt0251/cometcluster/logs/userlogs/application_1583282170312_0002/container_1583282170312_0002_01_000004/stdout’
‘/scratch/sxt0251/31872356/logs/userlogs/application_1583282170312_0002/container_1583282170312_0002_01_000004/syslog’ -> ‘/home/sxt0251/cometcluster/logs/userlogs/application_1583282170312_0002/container_1583282170312_0002_01_000004/syslog’
‘/scratch/sxt0251/31872356/logs/userlogs/application_1583282170312_0002/container_1583282170312_0002_01_000004/stderr’ -> ‘/home/sxt0251/cometcluster/logs/userlogs/application_1583282170312_0002/container_1583282170312_0002_01_000004/stderr’
‘/scratch/sxt0251/31872356/logs/userlogs/application_1583282170312_0002/container_1583282170312_0002_01_000010’ -> ‘/home/sxt0251/cometcluster/logs/userlogs/application_1583282170312_0002/container_1583282170312_0002_01_000010’
‘/scratch/sxt0251/31872356/logs/userlogs/application_1583282170312_0002/container_1583282170312_0002_01_000010/stdout’ -> ‘/home/sxt0251/cometcluster/logs/userlogs/application_1583282170312_0002/container_1583282170312_0002_01_000010/stdout’
‘/scratch/sxt0251/31872356/logs/userlogs/application_1583282170312_0002/container_1583282170312_0002_01_000010/syslog’ -> ‘/home/sxt0251/cometcluster/logs/userlogs/application_1583282170312_0002/container_1583282170312_0002_01_000010/syslog’
‘/scratch/sxt0251/31872356/logs/userlogs/application_1583282170312_0002/container_1583282170312_0002_01_000010/stderr’ -> ‘/home/sxt0251/cometcluster/logs/userlogs/application_1583282170312_0002/container_1583282170312_0002_01_000010/stderr’
‘/scratch/sxt0251/31872356/logs/userlogs/application_1583282170312_0002/container_1583282170312_0002_01_000003’ -> ‘/home/sxt0251/cometcluster/logs/userlogs/application_1583282170312_0002/container_1583282170312_0002_01_000003’
‘/scratch/sxt0251/31872356/logs/userlogs/application_1583282170312_0002/container_1583282170312_0002_01_000003/syslog’ -> ‘/home/sxt0251/cometcluster/logs/userlogs/application_1583282170312_0002/container_1583282170312_0002_01_000003/syslog’
‘/scratch/sxt0251/31872356/logs/userlogs/application_1583282170312_0002/container_1583282170312_0002_01_000003/stdout’ -> ‘/home/sxt0251/cometcluster/logs/userlogs/application_1583282170312_0002/container_1583282170312_0002_01_000003/stdout’
‘/scratch/sxt0251/31872356/logs/userlogs/application_1583282170312_0002/container_1583282170312_0002_01_000003/stderr’ -> ‘/home/sxt0251/cometcluster/logs/userlogs/application_1583282170312_0002/container_1583282170312_0002_01_000003/stderr’
‘/scratch/sxt0251/31872356/logs/hadoop-sxt0251-datanode-comet-17-57.sdsc.edu.log’ -> ‘/home/sxt0251/cometcluster/logs/hadoop-sxt0251-datanode-comet-17-57.sdsc.edu.log’
‘/scratch/sxt0251/31872356/logs/hadoop-sxt0251-secondarynamenode-comet-17-57.sdsc.edu.out’ -> ‘/home/sxt0251/cometcluster/logs/hadoop-sxt0251-secondarynamenode-comet-17-57.sdsc.edu.out’
removed directory: ‘/scratch/sxt0251/31872356/mapred_scratch/nmPrivate’
removed directory: ‘/scratch/sxt0251/31872356/mapred_scratch/usercache/sxt0251/appcache’
removed directory: ‘/scratch/sxt0251/31872356/mapred_scratch/usercache/sxt0251/filecache’
removed directory: ‘/scratch/sxt0251/31872356/mapred_scratch/usercache/sxt0251’
removed directory: ‘/scratch/sxt0251/31872356/mapred_scratch/usercache’
removed ‘/scratch/sxt0251/31872356/mapred_scratch/filecache/10/.tmp_pixels-large.txt.crc’
removed ‘/scratch/sxt0251/31872356/mapred_scratch/filecache/10/pixels-large.txt’
removed directory: ‘/scratch/sxt0251/31872356/mapred_scratch/filecache/10’
removed directory: ‘/scratch/sxt0251/31872356/mapred_scratch/filecache’
removed directory: ‘/scratch/sxt0251/31872356/mapred_scratch’
removed ‘/scratch/sxt0251/31872356/tmp/dfs/namesecondary/current/edits_0000000000000000001-0000000000000000063’
removed ‘/scratch/sxt0251/31872356/tmp/dfs/namesecondary/current/VERSION’
removed ‘/scratch/sxt0251/31872356/tmp/dfs/namesecondary/current/fsimage_0000000000000000063’
removed ‘/scratch/sxt0251/31872356/tmp/dfs/namesecondary/current/fsimage_0000000000000000000’
removed ‘/scratch/sxt0251/31872356/tmp/dfs/namesecondary/current/fsimage_0000000000000000063.md5’
removed ‘/scratch/sxt0251/31872356/tmp/dfs/namesecondary/current/fsimage_0000000000000000000.md5’
removed directory: ‘/scratch/sxt0251/31872356/tmp/dfs/namesecondary/current’
removed directory: ‘/scratch/sxt0251/31872356/tmp/dfs/namesecondary’
removed directory: ‘/scratch/sxt0251/31872356/tmp/dfs’
removed directory: ‘/scratch/sxt0251/31872356/tmp’
removed ‘/scratch/sxt0251/31872356/namenode_data/current/fsimage_0000000000000000063’
removed ‘/scratch/sxt0251/31872356/namenode_data/current/fsimage_0000000000000000000’
removed ‘/scratch/sxt0251/31872356/namenode_data/current/edits_0000000000000000001-0000000000000000063’
removed ‘/scratch/sxt0251/31872356/namenode_data/current/VERSION’
removed ‘/scratch/sxt0251/31872356/namenode_data/current/fsimage_0000000000000000063.md5’
removed ‘/scratch/sxt0251/31872356/namenode_data/current/seen_txid’
removed ‘/scratch/sxt0251/31872356/namenode_data/current/fsimage_0000000000000000000.md5’
removed ‘/scratch/sxt0251/31872356/namenode_data/current/edits_inprogress_0000000000000000064’
removed directory: ‘/scratch/sxt0251/31872356/namenode_data/current’
removed directory: ‘/scratch/sxt0251/31872356/namenode_data’
removed directory: ‘/scratch/sxt0251/31872356/hdfs_data/current/BP-1713774931-198.202.113.43-1583282153189/tmp’
removed ‘/scratch/sxt0251/31872356/hdfs_data/current/BP-1713774931-198.202.113.43-1583282153189/dncp_block_verification.log.prev’
removed ‘/scratch/sxt0251/31872356/hdfs_data/current/BP-1713774931-198.202.113.43-1583282153189/current/VERSION’
removed directory: ‘/scratch/sxt0251/31872356/hdfs_data/current/BP-1713774931-198.202.113.43-1583282153189/current/rbw’
removed ‘/scratch/sxt0251/31872356/hdfs_data/current/BP-1713774931-198.202.113.43-1583282153189/current/dfsUsed’
removed ‘/scratch/sxt0251/31872356/hdfs_data/current/BP-1713774931-198.202.113.43-1583282153189/current/finalized/subdir0/subdir0/blk_1073741843’
removed ‘/scratch/sxt0251/31872356/hdfs_data/current/BP-1713774931-198.202.113.43-1583282153189/current/finalized/subdir0/subdir0/blk_1073741834’
removed ‘/scratch/sxt0251/31872356/hdfs_data/current/BP-1713774931-198.202.113.43-1583282153189/current/finalized/subdir0/subdir0/blk_1073741827’
removed ‘/scratch/sxt0251/31872356/hdfs_data/current/BP-1713774931-198.202.113.43-1583282153189/current/finalized/subdir0/subdir0/blk_1073741825_1001.meta’
removed ‘/scratch/sxt0251/31872356/hdfs_data/current/BP-1713774931-198.202.113.43-1583282153189/current/finalized/subdir0/subdir0/blk_1073741844’
removed ‘/scratch/sxt0251/31872356/hdfs_data/current/BP-1713774931-198.202.113.43-1583282153189/current/finalized/subdir0/subdir0/blk_1073741836_1012.meta’
removed ‘/scratch/sxt0251/31872356/hdfs_data/current/BP-1713774931-198.202.113.43-1583282153189/current/finalized/subdir0/subdir0/blk_1073741845’
removed ‘/scratch/sxt0251/31872356/hdfs_data/current/BP-1713774931-198.202.113.43-1583282153189/current/finalized/subdir0/subdir0/blk_1073741826_1002.meta’
removed ‘/scratch/sxt0251/31872356/hdfs_data/current/BP-1713774931-198.202.113.43-1583282153189/current/finalized/subdir0/subdir0/blk_1073741834_1010.meta’
removed ‘/scratch/sxt0251/31872356/hdfs_data/current/BP-1713774931-198.202.113.43-1583282153189/current/finalized/subdir0/subdir0/blk_1073741826’
removed ‘/scratch/sxt0251/31872356/hdfs_data/current/BP-1713774931-198.202.113.43-1583282153189/current/finalized/subdir0/subdir0/blk_1073741845_1021.meta’
removed ‘/scratch/sxt0251/31872356/hdfs_data/current/BP-1713774931-198.202.113.43-1583282153189/current/finalized/subdir0/subdir0/blk_1073741835’
removed ‘/scratch/sxt0251/31872356/hdfs_data/current/BP-1713774931-198.202.113.43-1583282153189/current/finalized/subdir0/subdir0/blk_1073741844_1020.meta’
removed ‘/scratch/sxt0251/31872356/hdfs_data/current/BP-1713774931-198.202.113.43-1583282153189/current/finalized/subdir0/subdir0/blk_1073741843_1019.meta’
removed ‘/scratch/sxt0251/31872356/hdfs_data/current/BP-1713774931-198.202.113.43-1583282153189/current/finalized/subdir0/subdir0/blk_1073741825’
removed ‘/scratch/sxt0251/31872356/hdfs_data/current/BP-1713774931-198.202.113.43-1583282153189/current/finalized/subdir0/subdir0/blk_1073741827_1003.meta’
removed ‘/scratch/sxt0251/31872356/hdfs_data/current/BP-1713774931-198.202.113.43-1583282153189/current/finalized/subdir0/subdir0/blk_1073741836’
removed ‘/scratch/sxt0251/31872356/hdfs_data/current/BP-1713774931-198.202.113.43-1583282153189/current/finalized/subdir0/subdir0/blk_1073741835_1011.meta’
removed directory: ‘/scratch/sxt0251/31872356/hdfs_data/current/BP-1713774931-198.202.113.43-1583282153189/current/finalized/subdir0/subdir0’
removed directory: ‘/scratch/sxt0251/31872356/hdfs_data/current/BP-1713774931-198.202.113.43-1583282153189/current/finalized/subdir0’
removed directory: ‘/scratch/sxt0251/31872356/hdfs_data/current/BP-1713774931-198.202.113.43-1583282153189/current/finalized’
removed directory: ‘/scratch/sxt0251/31872356/hdfs_data/current/BP-1713774931-198.202.113.43-1583282153189/current’
removed ‘/scratch/sxt0251/31872356/hdfs_data/current/BP-1713774931-198.202.113.43-1583282153189/dncp_block_verification.log.curr’
removed directory: ‘/scratch/sxt0251/31872356/hdfs_data/current/BP-1713774931-198.202.113.43-1583282153189’
removed ‘/scratch/sxt0251/31872356/hdfs_data/current/VERSION’
removed directory: ‘/scratch/sxt0251/31872356/hdfs_data/current’
removed directory: ‘/scratch/sxt0251/31872356/hdfs_data’
removed directory: ‘/scratch/sxt0251/31872356/pids’
removed ‘/scratch/sxt0251/31872356/logs/hadoop-sxt0251-secondarynamenode-comet-17-57.sdsc.edu.log’
removed ‘/scratch/sxt0251/31872356/logs/hadoop-sxt0251-datanode-comet-17-57.sdsc.edu.out’
removed ‘/scratch/sxt0251/31872356/logs/hadoop-sxt0251-namenode-comet-17-57.sdsc.edu.out’
removed ‘/scratch/sxt0251/31872356/logs/yarn-sxt0251-resourcemanager-comet-17-57.out’
removed ‘/scratch/sxt0251/31872356/logs/yarn-sxt0251-nodemanager-comet-17-57.sdsc.edu.out’
removed ‘/scratch/sxt0251/31872356/logs/hadoop-sxt0251-namenode-comet-17-57.sdsc.edu.log’
removed ‘/scratch/sxt0251/31872356/logs/yarn-sxt0251-nodemanager-comet-17-57.sdsc.edu.log’
removed ‘/scratch/sxt0251/31872356/logs/yarn-sxt0251-resourcemanager-comet-17-57.log’
removed ‘/scratch/sxt0251/31872356/logs/SecurityAuth-sxt0251.audit’
removed ‘/scratch/sxt0251/31872356/logs/userlogs/application_1583282170312_0001/container_1583282170312_0001_01_000006/stderr’
removed ‘/scratch/sxt0251/31872356/logs/userlogs/application_1583282170312_0001/container_1583282170312_0001_01_000006/syslog’
removed ‘/scratch/sxt0251/31872356/logs/userlogs/application_1583282170312_0001/container_1583282170312_0001_01_000006/stdout’
removed directory: ‘/scratch/sxt0251/31872356/logs/userlogs/application_1583282170312_0001/container_1583282170312_0001_01_000006’
removed ‘/scratch/sxt0251/31872356/logs/userlogs/application_1583282170312_0001/container_1583282170312_0001_01_000001/stdout’
removed ‘/scratch/sxt0251/31872356/logs/userlogs/application_1583282170312_0001/container_1583282170312_0001_01_000001/syslog’
removed ‘/scratch/sxt0251/31872356/logs/userlogs/application_1583282170312_0001/container_1583282170312_0001_01_000001/stderr’
removed directory: ‘/scratch/sxt0251/31872356/logs/userlogs/application_1583282170312_0001/container_1583282170312_0001_01_000001’
removed ‘/scratch/sxt0251/31872356/logs/userlogs/application_1583282170312_0001/container_1583282170312_0001_01_000008/stderr’
removed ‘/scratch/sxt0251/31872356/logs/userlogs/application_1583282170312_0001/container_1583282170312_0001_01_000008/syslog’
removed ‘/scratch/sxt0251/31872356/logs/userlogs/application_1583282170312_0001/container_1583282170312_0001_01_000008/stdout’
removed directory: ‘/scratch/sxt0251/31872356/logs/userlogs/application_1583282170312_0001/container_1583282170312_0001_01_000008’
removed ‘/scratch/sxt0251/31872356/logs/userlogs/application_1583282170312_0001/container_1583282170312_0001_01_000002/stdout’
removed ‘/scratch/sxt0251/31872356/logs/userlogs/application_1583282170312_0001/container_1583282170312_0001_01_000002/syslog’
removed ‘/scratch/sxt0251/31872356/logs/userlogs/application_1583282170312_0001/container_1583282170312_0001_01_000002/stderr’
removed directory: ‘/scratch/sxt0251/31872356/logs/userlogs/application_1583282170312_0001/container_1583282170312_0001_01_000002’
removed ‘/scratch/sxt0251/31872356/logs/userlogs/application_1583282170312_0001/container_1583282170312_0001_01_000003/stdout’
removed ‘/scratch/sxt0251/31872356/logs/userlogs/application_1583282170312_0001/container_1583282170312_0001_01_000003/syslog’
removed ‘/scratch/sxt0251/31872356/logs/userlogs/application_1583282170312_0001/container_1583282170312_0001_01_000003/stderr’
removed directory: ‘/scratch/sxt0251/31872356/logs/userlogs/application_1583282170312_0001/container_1583282170312_0001_01_000003’
removed ‘/scratch/sxt0251/31872356/logs/userlogs/application_1583282170312_0001/container_1583282170312_0001_01_000004/stderr’
removed ‘/scratch/sxt0251/31872356/logs/userlogs/application_1583282170312_0001/container_1583282170312_0001_01_000004/stdout’
removed ‘/scratch/sxt0251/31872356/logs/userlogs/application_1583282170312_0001/container_1583282170312_0001_01_000004/syslog’
removed directory: ‘/scratch/sxt0251/31872356/logs/userlogs/application_1583282170312_0001/container_1583282170312_0001_01_000004’
removed directory: ‘/scratch/sxt0251/31872356/logs/userlogs/application_1583282170312_0001’
removed ‘/scratch/sxt0251/31872356/logs/userlogs/application_1583282170312_0002/container_1583282170312_0002_01_000001/stderr’
removed ‘/scratch/sxt0251/31872356/logs/userlogs/application_1583282170312_0002/container_1583282170312_0002_01_000001/stdout’
removed ‘/scratch/sxt0251/31872356/logs/userlogs/application_1583282170312_0002/container_1583282170312_0002_01_000001/syslog’
removed directory: ‘/scratch/sxt0251/31872356/logs/userlogs/application_1583282170312_0002/container_1583282170312_0002_01_000001’
removed ‘/scratch/sxt0251/31872356/logs/userlogs/application_1583282170312_0002/container_1583282170312_0002_01_000012/stderr’
removed ‘/scratch/sxt0251/31872356/logs/userlogs/application_1583282170312_0002/container_1583282170312_0002_01_000012/syslog’
removed ‘/scratch/sxt0251/31872356/logs/userlogs/application_1583282170312_0002/container_1583282170312_0002_01_000012/stdout’
removed directory: ‘/scratch/sxt0251/31872356/logs/userlogs/application_1583282170312_0002/container_1583282170312_0002_01_000012’
removed ‘/scratch/sxt0251/31872356/logs/userlogs/application_1583282170312_0002/container_1583282170312_0002_01_000006/stderr’
removed ‘/scratch/sxt0251/31872356/logs/userlogs/application_1583282170312_0002/container_1583282170312_0002_01_000006/stdout’
removed ‘/scratch/sxt0251/31872356/logs/userlogs/application_1583282170312_0002/container_1583282170312_0002_01_000006/syslog’
removed directory: ‘/scratch/sxt0251/31872356/logs/userlogs/application_1583282170312_0002/container_1583282170312_0002_01_000006’
removed ‘/scratch/sxt0251/31872356/logs/userlogs/application_1583282170312_0002/container_1583282170312_0002_01_000002/stdout’
removed ‘/scratch/sxt0251/31872356/logs/userlogs/application_1583282170312_0002/container_1583282170312_0002_01_000002/syslog’
removed ‘/scratch/sxt0251/31872356/logs/userlogs/application_1583282170312_0002/container_1583282170312_0002_01_000002/stderr’
removed directory: ‘/scratch/sxt0251/31872356/logs/userlogs/application_1583282170312_0002/container_1583282170312_0002_01_000002’
removed ‘/scratch/sxt0251/31872356/logs/userlogs/application_1583282170312_0002/container_1583282170312_0002_01_000011/stdout’
removed ‘/scratch/sxt0251/31872356/logs/userlogs/application_1583282170312_0002/container_1583282170312_0002_01_000011/syslog’
removed ‘/scratch/sxt0251/31872356/logs/userlogs/application_1583282170312_0002/container_1583282170312_0002_01_000011/stderr’
removed directory: ‘/scratch/sxt0251/31872356/logs/userlogs/application_1583282170312_0002/container_1583282170312_0002_01_000011’
removed ‘/scratch/sxt0251/31872356/logs/userlogs/application_1583282170312_0002/container_1583282170312_0002_01_000005/syslog’
removed ‘/scratch/sxt0251/31872356/logs/userlogs/application_1583282170312_0002/container_1583282170312_0002_01_000005/stdout’
removed ‘/scratch/sxt0251/31872356/logs/userlogs/application_1583282170312_0002/container_1583282170312_0002_01_000005/stderr’
removed directory: ‘/scratch/sxt0251/31872356/logs/userlogs/application_1583282170312_0002/container_1583282170312_0002_01_000005’
removed ‘/scratch/sxt0251/31872356/logs/userlogs/application_1583282170312_0002/container_1583282170312_0002_01_000004/stdout’
removed ‘/scratch/sxt0251/31872356/logs/userlogs/application_1583282170312_0002/container_1583282170312_0002_01_000004/syslog’
removed ‘/scratch/sxt0251/31872356/logs/userlogs/application_1583282170312_0002/container_1583282170312_0002_01_000004/stderr’
removed directory: ‘/scratch/sxt0251/31872356/logs/userlogs/application_1583282170312_0002/container_1583282170312_0002_01_000004’
removed ‘/scratch/sxt0251/31872356/logs/userlogs/application_1583282170312_0002/container_1583282170312_0002_01_000010/stdout’
removed ‘/scratch/sxt0251/31872356/logs/userlogs/application_1583282170312_0002/container_1583282170312_0002_01_000010/syslog’
removed ‘/scratch/sxt0251/31872356/logs/userlogs/application_1583282170312_0002/container_1583282170312_0002_01_000010/stderr’
removed directory: ‘/scratch/sxt0251/31872356/logs/userlogs/application_1583282170312_0002/container_1583282170312_0002_01_000010’
removed ‘/scratch/sxt0251/31872356/logs/userlogs/application_1583282170312_0002/container_1583282170312_0002_01_000003/syslog’
removed ‘/scratch/sxt0251/31872356/logs/userlogs/application_1583282170312_0002/container_1583282170312_0002_01_000003/stdout’
removed ‘/scratch/sxt0251/31872356/logs/userlogs/application_1583282170312_0002/container_1583282170312_0002_01_000003/stderr’
removed directory: ‘/scratch/sxt0251/31872356/logs/userlogs/application_1583282170312_0002/container_1583282170312_0002_01_000003’
removed directory: ‘/scratch/sxt0251/31872356/logs/userlogs/application_1583282170312_0002’
removed directory: ‘/scratch/sxt0251/31872356/logs/userlogs’
removed ‘/scratch/sxt0251/31872356/logs/hadoop-sxt0251-datanode-comet-17-57.sdsc.edu.log’
removed ‘/scratch/sxt0251/31872356/logs/hadoop-sxt0251-secondarynamenode-comet-17-57.sdsc.edu.out’
removed directory: ‘/scratch/sxt0251/31872356/logs’
removed directory: ‘/scratch/sxt0251/31872356/mapred_scratch/usercache/sxt0251/filecache’
removed directory: ‘/scratch/sxt0251/31872356/mapred_scratch/usercache/sxt0251/appcache’
removed directory: ‘/scratch/sxt0251/31872356/mapred_scratch/usercache/sxt0251’
removed directory: ‘/scratch/sxt0251/31872356/mapred_scratch/usercache’
removed directory: ‘/scratch/sxt0251/31872356/mapred_scratch/nmPrivate’
removed ‘/scratch/sxt0251/31872356/mapred_scratch/filecache/10/pixels-large.txt’
removed ‘/scratch/sxt0251/31872356/mapred_scratch/filecache/10/.tmp_pixels-large.txt.crc’
removed directory: ‘/scratch/sxt0251/31872356/mapred_scratch/filecache/10’
removed directory: ‘/scratch/sxt0251/31872356/mapred_scratch/filecache’
removed directory: ‘/scratch/sxt0251/31872356/mapred_scratch’
removed ‘/scratch/sxt0251/31872356/hdfs_data/current/VERSION’
removed ‘/scratch/sxt0251/31872356/hdfs_data/current/BP-1713774931-198.202.113.43-1583282153189/current/dfsUsed’
removed ‘/scratch/sxt0251/31872356/hdfs_data/current/BP-1713774931-198.202.113.43-1583282153189/current/finalized/subdir0/subdir0/blk_1073741836_1012.meta’
removed ‘/scratch/sxt0251/31872356/hdfs_data/current/BP-1713774931-198.202.113.43-1583282153189/current/finalized/subdir0/subdir0/blk_1073741844’
removed ‘/scratch/sxt0251/31872356/hdfs_data/current/BP-1713774931-198.202.113.43-1583282153189/current/finalized/subdir0/subdir0/blk_1073741834’
removed ‘/scratch/sxt0251/31872356/hdfs_data/current/BP-1713774931-198.202.113.43-1583282153189/current/finalized/subdir0/subdir0/blk_1073741843’
removed ‘/scratch/sxt0251/31872356/hdfs_data/current/BP-1713774931-198.202.113.43-1583282153189/current/finalized/subdir0/subdir0/blk_1073741827’
removed ‘/scratch/sxt0251/31872356/hdfs_data/current/BP-1713774931-198.202.113.43-1583282153189/current/finalized/subdir0/subdir0/blk_1073741825_1001.meta’
removed ‘/scratch/sxt0251/31872356/hdfs_data/current/BP-1713774931-198.202.113.43-1583282153189/current/finalized/subdir0/subdir0/blk_1073741826’
removed ‘/scratch/sxt0251/31872356/hdfs_data/current/BP-1713774931-198.202.113.43-1583282153189/current/finalized/subdir0/subdir0/blk_1073741844_1020.meta’
removed ‘/scratch/sxt0251/31872356/hdfs_data/current/BP-1713774931-198.202.113.43-1583282153189/current/finalized/subdir0/subdir0/blk_1073741843_1019.meta’
removed ‘/scratch/sxt0251/31872356/hdfs_data/current/BP-1713774931-198.202.113.43-1583282153189/current/finalized/subdir0/subdir0/blk_1073741835’
removed ‘/scratch/sxt0251/31872356/hdfs_data/current/BP-1713774931-198.202.113.43-1583282153189/current/finalized/subdir0/subdir0/blk_1073741845’
removed ‘/scratch/sxt0251/31872356/hdfs_data/current/BP-1713774931-198.202.113.43-1583282153189/current/finalized/subdir0/subdir0/blk_1073741827_1003.meta’
removed ‘/scratch/sxt0251/31872356/hdfs_data/current/BP-1713774931-198.202.113.43-1583282153189/current/finalized/subdir0/subdir0/blk_1073741835_1011.meta’
removed ‘/scratch/sxt0251/31872356/hdfs_data/current/BP-1713774931-198.202.113.43-1583282153189/current/finalized/subdir0/subdir0/blk_1073741826_1002.meta’
removed ‘/scratch/sxt0251/31872356/hdfs_data/current/BP-1713774931-198.202.113.43-1583282153189/current/finalized/subdir0/subdir0/blk_1073741825’
removed ‘/scratch/sxt0251/31872356/hdfs_data/current/BP-1713774931-198.202.113.43-1583282153189/current/finalized/subdir0/subdir0/blk_1073741836’
removed ‘/scratch/sxt0251/31872356/hdfs_data/current/BP-1713774931-198.202.113.43-1583282153189/current/finalized/subdir0/subdir0/blk_1073741834_1010.meta’
removed ‘/scratch/sxt0251/31872356/hdfs_data/current/BP-1713774931-198.202.113.43-1583282153189/current/finalized/subdir0/subdir0/blk_1073741845_1021.meta’
removed directory: ‘/scratch/sxt0251/31872356/hdfs_data/current/BP-1713774931-198.202.113.43-1583282153189/current/finalized/subdir0/subdir0’
removed directory: ‘/scratch/sxt0251/31872356/hdfs_data/current/BP-1713774931-198.202.113.43-1583282153189/current/finalized/subdir0’
removed directory: ‘/scratch/sxt0251/31872356/hdfs_data/current/BP-1713774931-198.202.113.43-1583282153189/current/finalized’
removed directory: ‘/scratch/sxt0251/31872356/hdfs_data/current/BP-1713774931-198.202.113.43-1583282153189/current/rbw’
removed ‘/scratch/sxt0251/31872356/hdfs_data/current/BP-1713774931-198.202.113.43-1583282153189/current/VERSION’
removed directory: ‘/scratch/sxt0251/31872356/hdfs_data/current/BP-1713774931-198.202.113.43-1583282153189/current’
removed ‘/scratch/sxt0251/31872356/hdfs_data/current/BP-1713774931-198.202.113.43-1583282153189/dncp_block_verification.log.prev’
removed ‘/scratch/sxt0251/31872356/hdfs_data/current/BP-1713774931-198.202.113.43-1583282153189/dncp_block_verification.log.curr’
removed directory: ‘/scratch/sxt0251/31872356/hdfs_data/current/BP-1713774931-198.202.113.43-1583282153189/tmp’
removed directory: ‘/scratch/sxt0251/31872356/hdfs_data/current/BP-1713774931-198.202.113.43-1583282153189’
removed directory: ‘/scratch/sxt0251/31872356/hdfs_data/current’
removed directory: ‘/scratch/sxt0251/31872356/hdfs_data’
removed directory: ‘/scratch/sxt0251/31872356/pids’
removed ‘/scratch/sxt0251/31872356/logs/SecurityAuth-sxt0251.audit’
removed ‘/scratch/sxt0251/31872356/logs/hadoop-sxt0251-datanode-comet-17-59.sdsc.edu.out’
removed ‘/scratch/sxt0251/31872356/logs/yarn-sxt0251-nodemanager-comet-17-59.sdsc.edu.log’
removed ‘/scratch/sxt0251/31872356/logs/hadoop-sxt0251-datanode-comet-17-59.sdsc.edu.log’
removed ‘/scratch/sxt0251/31872356/logs/yarn-sxt0251-nodemanager-comet-17-59.sdsc.edu.out’
removed ‘/scratch/sxt0251/31872356/logs/userlogs/application_1583282170312_0001/container_1583282170312_0001_01_000012/stdout’
removed ‘/scratch/sxt0251/31872356/logs/userlogs/application_1583282170312_0001/container_1583282170312_0001_01_000012/syslog’
removed ‘/scratch/sxt0251/31872356/logs/userlogs/application_1583282170312_0001/container_1583282170312_0001_01_000012/stderr’
removed directory: ‘/scratch/sxt0251/31872356/logs/userlogs/application_1583282170312_0001/container_1583282170312_0001_01_000012’
removed ‘/scratch/sxt0251/31872356/logs/userlogs/application_1583282170312_0001/container_1583282170312_0001_01_000011/stderr’
removed ‘/scratch/sxt0251/31872356/logs/userlogs/application_1583282170312_0001/container_1583282170312_0001_01_000011/syslog’
removed ‘/scratch/sxt0251/31872356/logs/userlogs/application_1583282170312_0001/container_1583282170312_0001_01_000011/stdout’
removed directory: ‘/scratch/sxt0251/31872356/logs/userlogs/application_1583282170312_0001/container_1583282170312_0001_01_000011’
removed ‘/scratch/sxt0251/31872356/logs/userlogs/application_1583282170312_0001/container_1583282170312_0001_01_000005/stderr’
removed ‘/scratch/sxt0251/31872356/logs/userlogs/application_1583282170312_0001/container_1583282170312_0001_01_000005/stdout’
removed ‘/scratch/sxt0251/31872356/logs/userlogs/application_1583282170312_0001/container_1583282170312_0001_01_000005/syslog’
removed directory: ‘/scratch/sxt0251/31872356/logs/userlogs/application_1583282170312_0001/container_1583282170312_0001_01_000005’
removed ‘/scratch/sxt0251/31872356/logs/userlogs/application_1583282170312_0001/container_1583282170312_0001_01_000007/syslog’
removed ‘/scratch/sxt0251/31872356/logs/userlogs/application_1583282170312_0001/container_1583282170312_0001_01_000007/stdout’
removed ‘/scratch/sxt0251/31872356/logs/userlogs/application_1583282170312_0001/container_1583282170312_0001_01_000007/stderr’
removed directory: ‘/scratch/sxt0251/31872356/logs/userlogs/application_1583282170312_0001/container_1583282170312_0001_01_000007’
removed ‘/scratch/sxt0251/31872356/logs/userlogs/application_1583282170312_0001/container_1583282170312_0001_01_000013/stdout’
removed ‘/scratch/sxt0251/31872356/logs/userlogs/application_1583282170312_0001/container_1583282170312_0001_01_000013/syslog’
removed ‘/scratch/sxt0251/31872356/logs/userlogs/application_1583282170312_0001/container_1583282170312_0001_01_000013/stderr’
removed directory: ‘/scratch/sxt0251/31872356/logs/userlogs/application_1583282170312_0001/container_1583282170312_0001_01_000013’
removed ‘/scratch/sxt0251/31872356/logs/userlogs/application_1583282170312_0001/container_1583282170312_0001_01_000009/stdout’
removed ‘/scratch/sxt0251/31872356/logs/userlogs/application_1583282170312_0001/container_1583282170312_0001_01_000009/syslog’
removed ‘/scratch/sxt0251/31872356/logs/userlogs/application_1583282170312_0001/container_1583282170312_0001_01_000009/stderr’
removed directory: ‘/scratch/sxt0251/31872356/logs/userlogs/application_1583282170312_0001/container_1583282170312_0001_01_000009’
removed ‘/scratch/sxt0251/31872356/logs/userlogs/application_1583282170312_0001/container_1583282170312_0001_01_000010/syslog’
removed ‘/scratch/sxt0251/31872356/logs/userlogs/application_1583282170312_0001/container_1583282170312_0001_01_000010/stdout’
removed ‘/scratch/sxt0251/31872356/logs/userlogs/application_1583282170312_0001/container_1583282170312_0001_01_000010/stderr’
removed directory: ‘/scratch/sxt0251/31872356/logs/userlogs/application_1583282170312_0001/container_1583282170312_0001_01_000010’
removed directory: ‘/scratch/sxt0251/31872356/logs/userlogs/application_1583282170312_0001’
removed ‘/scratch/sxt0251/31872356/logs/userlogs/application_1583282170312_0002/container_1583282170312_0002_01_000013/syslog’
removed ‘/scratch/sxt0251/31872356/logs/userlogs/application_1583282170312_0002/container_1583282170312_0002_01_000013/stdout’
removed ‘/scratch/sxt0251/31872356/logs/userlogs/application_1583282170312_0002/container_1583282170312_0002_01_000013/stderr’
removed directory: ‘/scratch/sxt0251/31872356/logs/userlogs/application_1583282170312_0002/container_1583282170312_0002_01_000013’
removed ‘/scratch/sxt0251/31872356/logs/userlogs/application_1583282170312_0002/container_1583282170312_0002_01_000014/stdout’
removed ‘/scratch/sxt0251/31872356/logs/userlogs/application_1583282170312_0002/container_1583282170312_0002_01_000014/syslog’
removed ‘/scratch/sxt0251/31872356/logs/userlogs/application_1583282170312_0002/container_1583282170312_0002_01_000014/stderr’
removed directory: ‘/scratch/sxt0251/31872356/logs/userlogs/application_1583282170312_0002/container_1583282170312_0002_01_000014’
removed ‘/scratch/sxt0251/31872356/logs/userlogs/application_1583282170312_0002/container_1583282170312_0002_01_000007/stdout’
removed ‘/scratch/sxt0251/31872356/logs/userlogs/application_1583282170312_0002/container_1583282170312_0002_01_000007/syslog’
removed ‘/scratch/sxt0251/31872356/logs/userlogs/application_1583282170312_0002/container_1583282170312_0002_01_000007/stderr’
removed directory: ‘/scratch/sxt0251/31872356/logs/userlogs/application_1583282170312_0002/container_1583282170312_0002_01_000007’
removed ‘/scratch/sxt0251/31872356/logs/userlogs/application_1583282170312_0002/container_1583282170312_0002_01_000009/stdout’
removed ‘/scratch/sxt0251/31872356/logs/userlogs/application_1583282170312_0002/container_1583282170312_0002_01_000009/syslog’
removed ‘/scratch/sxt0251/31872356/logs/userlogs/application_1583282170312_0002/container_1583282170312_0002_01_000009/stderr’
removed directory: ‘/scratch/sxt0251/31872356/logs/userlogs/application_1583282170312_0002/container_1583282170312_0002_01_000009’
removed directory: ‘/scratch/sxt0251/31872356/logs/userlogs/application_1583282170312_0002’
removed directory: ‘/scratch/sxt0251/31872356/logs/userlogs’
removed directory: ‘/scratch/sxt0251/31872356/logs’
removed directory: ‘/tmp/Jetty_comet.17.57_ibnet_50090_secondary____wj8qkt/.active’
removed directory: ‘/tmp/Jetty_comet.17.57_ibnet_50090_secondary____wj8qkt/jsp’
removed directory: ‘/tmp/Jetty_comet.17.57_ibnet_50090_secondary____wj8qkt’
removed directory: ‘/tmp/Jetty_0_0_0_0_50070_hdfs____w2cu08/.active’
removed directory: ‘/tmp/Jetty_0_0_0_0_50070_hdfs____w2cu08/jsp’
removed directory: ‘/tmp/Jetty_0_0_0_0_50070_hdfs____w2cu08’
removed directory: ‘/tmp/Jetty_0_0_0_0_50075_datanode____hwtdwq/.active’
removed directory: ‘/tmp/Jetty_0_0_0_0_50075_datanode____hwtdwq/jsp’
removed directory: ‘/tmp/Jetty_0_0_0_0_50075_datanode____hwtdwq’
