2020-02-25 00:00:31,731 INFO  [main] Configuration.deprecation (Configuration.java:warnOnceIfDeprecated(1049)) - session.id is deprecated. Instead, use dfs.metrics.session-id
2020-02-25 00:00:31,748 INFO  [main] jvm.JvmMetrics (JvmMetrics.java:init(76)) - Initializing JVM Metrics with processName=JobTracker, sessionId=
2020-02-25 00:00:31,982 WARN  [main] mapreduce.JobSubmitter (JobSubmitter.java:copyAndConfigureFiles(153)) - Hadoop command-line option parsing not performed. Implement the Tool interface and execute your application with ToolRunner to remedy this.
2020-02-25 00:00:32,027 INFO  [main] input.FileInputFormat (FileInputFormat.java:listStatus(281)) - Total input paths to process : 1
2020-02-25 00:00:32,052 INFO  [main] mapreduce.JobSubmitter (JobSubmitter.java:submitJobInternal(494)) - number of splits:1
2020-02-25 00:00:32,229 INFO  [main] mapreduce.JobSubmitter (JobSubmitter.java:printTokens(583)) - Submitting tokens for job: job_local529949711_0001
2020-02-25 00:00:32,498 INFO  [main] mapreduce.Job (Job.java:submit(1300)) - The url to track the job: http://localhost:8080/
2020-02-25 00:00:32,500 INFO  [main] mapreduce.Job (Job.java:monitorAndPrintJob(1345)) - Running job: job_local529949711_0001
2020-02-25 00:00:32,503 INFO  [Thread-3] mapred.LocalJobRunner (LocalJobRunner.java:createOutputCommitter(471)) - OutputCommitter set in config null
2020-02-25 00:00:32,509 INFO  [Thread-3] mapred.LocalJobRunner (LocalJobRunner.java:createOutputCommitter(489)) - OutputCommitter is org.apache.hadoop.mapreduce.lib.output.FileOutputCommitter
2020-02-25 00:00:32,636 INFO  [Thread-3] mapred.LocalJobRunner (LocalJobRunner.java:runTasks(448)) - Waiting for map tasks
2020-02-25 00:00:32,637 INFO  [LocalJobRunner Map Task Executor #0] mapred.LocalJobRunner (LocalJobRunner.java:run(224)) - Starting task: attempt_local529949711_0001_m_000000_0
2020-02-25 00:00:32,708 INFO  [LocalJobRunner Map Task Executor #0] mapred.Task (Task.java:initialize(587)) -  Using ResourceCalculatorProcessTree : [ ]
2020-02-25 00:00:32,711 INFO  [LocalJobRunner Map Task Executor #0] mapred.MapTask (MapTask.java:runNewMapper(753)) - Processing split: file:/home/sxt0251/project1/pixels-small.txt:0+1062
2020-02-25 00:00:32,802 INFO  [LocalJobRunner Map Task Executor #0] mapred.MapTask (MapTask.java:setEquator(1202)) - (EQUATOR) 0 kvi 26214396(104857584)
2020-02-25 00:00:32,803 INFO  [LocalJobRunner Map Task Executor #0] mapred.MapTask (MapTask.java:init(995)) - mapreduce.task.io.sort.mb: 100
2020-02-25 00:00:32,805 INFO  [LocalJobRunner Map Task Executor #0] mapred.MapTask (MapTask.java:init(996)) - soft limit at 83886080
2020-02-25 00:00:32,805 INFO  [LocalJobRunner Map Task Executor #0] mapred.MapTask (MapTask.java:init(997)) - bufstart = 0; bufvoid = 104857600
2020-02-25 00:00:32,806 INFO  [LocalJobRunner Map Task Executor #0] mapred.MapTask (MapTask.java:init(998)) - kvstart = 26214396; length = 6553600
2020-02-25 00:00:32,848 INFO  [LocalJobRunner Map Task Executor #0] mapred.MapTask (MapTask.java:createSortingCollector(402)) - Map output collector class = org.apache.hadoop.mapred.MapTask$MapOutputBuffer
2020-02-25 00:00:32,979 INFO  [LocalJobRunner Map Task Executor #0] mapred.LocalJobRunner (LocalJobRunner.java:statusUpdate(591)) - 
2020-02-25 00:00:32,979 INFO  [LocalJobRunner Map Task Executor #0] mapred.MapTask (MapTask.java:flush(1457)) - Starting flush of map output
2020-02-25 00:00:32,980 INFO  [LocalJobRunner Map Task Executor #0] mapred.MapTask (MapTask.java:flush(1475)) - Spilling map output
2020-02-25 00:00:32,980 INFO  [LocalJobRunner Map Task Executor #0] mapred.MapTask (MapTask.java:flush(1476)) - bufstart = 0; bufend = 3600; bufvoid = 104857600
2020-02-25 00:00:32,980 INFO  [LocalJobRunner Map Task Executor #0] mapred.MapTask (MapTask.java:flush(1478)) - kvstart = 26214396(104857584); kvend = 26213200(104852800); length = 1197/6553600
2020-02-25 00:00:33,002 INFO  [LocalJobRunner Map Task Executor #0] mapred.MapTask (MapTask.java:sortAndSpill(1660)) - Finished spill 0
2020-02-25 00:00:33,005 INFO  [LocalJobRunner Map Task Executor #0] mapred.Task (Task.java:done(1001)) - Task:attempt_local529949711_0001_m_000000_0 is done. And is in the process of committing
2020-02-25 00:00:33,021 INFO  [LocalJobRunner Map Task Executor #0] mapred.LocalJobRunner (LocalJobRunner.java:statusUpdate(591)) - map
2020-02-25 00:00:33,021 INFO  [LocalJobRunner Map Task Executor #0] mapred.Task (Task.java:sendDone(1121)) - Task 'attempt_local529949711_0001_m_000000_0' done.
2020-02-25 00:00:33,021 INFO  [LocalJobRunner Map Task Executor #0] mapred.LocalJobRunner (LocalJobRunner.java:run(249)) - Finishing task: attempt_local529949711_0001_m_000000_0
2020-02-25 00:00:33,021 INFO  [Thread-3] mapred.LocalJobRunner (LocalJobRunner.java:runTasks(456)) - map task executor complete.
2020-02-25 00:00:33,024 INFO  [Thread-3] mapred.LocalJobRunner (LocalJobRunner.java:runTasks(448)) - Waiting for reduce tasks
2020-02-25 00:00:33,025 INFO  [pool-3-thread-1] mapred.LocalJobRunner (LocalJobRunner.java:run(302)) - Starting task: attempt_local529949711_0001_r_000000_0
2020-02-25 00:00:33,031 INFO  [pool-3-thread-1] mapred.Task (Task.java:initialize(587)) -  Using ResourceCalculatorProcessTree : [ ]
2020-02-25 00:00:33,034 INFO  [pool-3-thread-1] mapred.ReduceTask (ReduceTask.java:run(362)) - Using ShuffleConsumerPlugin: org.apache.hadoop.mapreduce.task.reduce.Shuffle@6ebe64f
2020-02-25 00:00:33,061 INFO  [pool-3-thread-1] reduce.MergeManagerImpl (MergeManagerImpl.java:<init>(196)) - MergerManager: memoryLimit=709551680, maxSingleShuffleLimit=177387920, mergeThreshold=468304128, ioSortFactor=10, memToMemMergeOutputsThreshold=10
2020-02-25 00:00:33,078 INFO  [EventFetcher for fetching Map Completion Events] reduce.EventFetcher (EventFetcher.java:run(61)) - attempt_local529949711_0001_r_000000_0 Thread started: EventFetcher for fetching Map Completion Events
2020-02-25 00:00:33,142 INFO  [localfetcher#1] reduce.LocalFetcher (LocalFetcher.java:copyMapOutput(141)) - localfetcher#1 about to shuffle output of map attempt_local529949711_0001_m_000000_0 decomp: 4202 len: 4206 to MEMORY
2020-02-25 00:00:33,174 INFO  [localfetcher#1] reduce.InMemoryMapOutput (InMemoryMapOutput.java:shuffle(100)) - Read 4202 bytes from map-output for attempt_local529949711_0001_m_000000_0
2020-02-25 00:00:33,208 INFO  [localfetcher#1] reduce.MergeManagerImpl (MergeManagerImpl.java:closeInMemoryFile(314)) - closeInMemoryFile -> map-output of size: 4202, inMemoryMapOutputs.size() -> 1, commitMemory -> 0, usedMemory ->4202
2020-02-25 00:00:33,209 INFO  [EventFetcher for fetching Map Completion Events] reduce.EventFetcher (EventFetcher.java:run(76)) - EventFetcher is interrupted.. Returning
2020-02-25 00:00:33,210 INFO  [pool-3-thread-1] mapred.LocalJobRunner (LocalJobRunner.java:statusUpdate(591)) - 1 / 1 copied.
2020-02-25 00:00:33,210 INFO  [pool-3-thread-1] reduce.MergeManagerImpl (MergeManagerImpl.java:finalMerge(674)) - finalMerge called with 1 in-memory map-outputs and 0 on-disk map-outputs
2020-02-25 00:00:33,218 INFO  [pool-3-thread-1] mapred.Merger (Merger.java:merge(597)) - Merging 1 sorted segments
2020-02-25 00:00:33,219 INFO  [pool-3-thread-1] mapred.Merger (Merger.java:merge(696)) - Down to the last merge-pass, with 1 segments left of total size: 4192 bytes
2020-02-25 00:00:33,223 INFO  [pool-3-thread-1] reduce.MergeManagerImpl (MergeManagerImpl.java:finalMerge(751)) - Merged 1 segments, 4202 bytes to disk to satisfy reduce memory limit
2020-02-25 00:00:33,223 INFO  [pool-3-thread-1] reduce.MergeManagerImpl (MergeManagerImpl.java:finalMerge(781)) - Merging 1 files, 4206 bytes from disk
2020-02-25 00:00:33,224 INFO  [pool-3-thread-1] reduce.MergeManagerImpl (MergeManagerImpl.java:finalMerge(796)) - Merging 0 segments, 0 bytes from memory into reduce
2020-02-25 00:00:33,224 INFO  [pool-3-thread-1] mapred.Merger (Merger.java:merge(597)) - Merging 1 sorted segments
2020-02-25 00:00:33,226 INFO  [pool-3-thread-1] mapred.Merger (Merger.java:merge(696)) - Down to the last merge-pass, with 1 segments left of total size: 4192 bytes
2020-02-25 00:00:33,228 INFO  [pool-3-thread-1] mapred.LocalJobRunner (LocalJobRunner.java:statusUpdate(591)) - 1 / 1 copied.
2020-02-25 00:00:33,238 INFO  [pool-3-thread-1] Configuration.deprecation (Configuration.java:warnOnceIfDeprecated(1049)) - mapred.skip.on is deprecated. Instead, use mapreduce.job.skiprecords
Pringting key number1 2 
Pringting key number1 4 
Pringting key number1 5 
Pringting key number1 16 
Pringting key number1 17 
Pringting key number1 23 
Pringting key number1 27 
Pringting key number1 29 
Pringting key number1 30 
Pringting key number1 33 
Pringting key number1 37 
Pringting key number1 39 
Pringting key number1 42 
Pringting key number1 47 
Pringting key number1 48 
Pringting key number1 49 
Pringting key number1 57 
Pringting key number1 58 
Pringting key number1 61 
Pringting key number1 62 
Pringting key number1 63 
Pringting key number1 64 
Pringting key number1 69 
Pringting key number1 70 
Pringting key number1 71 
Pringting key number1 72 
Pringting key number1 76 
Pringting key number1 79 
Pringting key number1 80 
Pringting key number1 81 
Pringting key number1 83 
Pringting key number1 86 
Pringting key number1 88 
Pringting key number1 90 
Pringting key number1 99 
Pringting key number1 100 
Pringting key number1 101 
Pringting key number1 102 
Pringting key number1 107 
Pringting key number1 114 
Pringting key number1 116 
Pringting key number1 120 
Pringting key number1 121 
Pringting key number1 122 
Pringting key number1 123 
Pringting key number1 127 
Pringting key number1 129 
Pringting key number1 130 
Pringting key number1 131 
Pringting key number1 132 
Pringting key number1 135 
Pringting key number1 136 
Pringting key number1 137 
Pringting key number1 141 
Pringting key number1 142 
Pringting key number1 146 
Pringting key number1 153 
Pringting key number1 154 
Pringting key number1 155 
Pringting key number1 156 
Pringting key number1 157 
Pringting key number1 163 
Pringting key number1 167 
Pringting key number1 176 
Pringting key number1 189 
Pringting key number1 191 
Pringting key number1 194 
Pringting key number1 195 
Pringting key number1 202 
Pringting key number1 207 
Pringting key number1 208 
Pringting key number1 211 
Pringting key number1 213 
Pringting key number1 214 
Pringting key number1 221 
Pringting key number1 222 
Pringting key number1 228 
Pringting key number1 234 
Pringting key number1 236 
Pringting key number1 238 
Pringting key number1 239 
Pringting key number1 243 
Pringting key number1 245 
Pringting key number1 247 
Pringting key number1 250 
Pringting key number1 252 
Pringting key number2 5 
Pringting key number2 10 
Pringting key number2 12 
Pringting key number2 14 
Pringting key number2 16 
Pringting key number2 17 
Pringting key number2 18 
Pringting key number2 24 
Pringting key number2 25 
Pringting key number2 31 
Pringting key number2 34 
Pringting key number2 38 
Pringting key number2 39 
Pringting key number2 41 
Pringting key number2 48 
Pringting key number2 51 
Pringting key number2 52 
Pringting key number2 53 
Pringting key number2 57 
Pringting key number2 58 
Pringting key number2 59 
Pringting key number2 61 
Pringting key number2 62 
Pringting key number2 64 
Pringting key number2 67 
Pringting key number2 71 
Pringting key number2 72 
Pringting key number2 73 
Pringting key number2 76 
Pringting key number2 78 
Pringting key number2 79 
Pringting key number2 81 
Pringting key number2 84 
Pringting key number2 88 
Pringting key number2 92 
Pringting key number2 96 
Pringting key number2 98 
Pringting key number2 101 
Pringting key number2 103 
Pringting key number2 105 
Pringting key number2 106 
Pringting key number2 113 
Pringting key number2 114 
Pringting key number2 118 
Pringting key number2 120 
Pringting key number2 123 
Pringting key number2 125 
Pringting key number2 127 
Pringting key number2 128 
Pringting key number2 130 
Pringting key number2 131 
Pringting key number2 138 
Pringting key number2 141 
Pringting key number2 146 
Pringting key number2 151 
Pringting key number2 154 
Pringting key number2 158 
Pringting key number2 161 
Pringting key number2 168 
Pringting key number2 169 
Pringting key number2 170 
Pringting key number2 171 
Pringting key number2 180 
Pringting key number2 187 
Pringting key number2 192 
Pringting key number2 193 
Pringting key number2 197 
Pringting key number2 202 
Pringting key number2 205 
Pringting key number2 208 
Pringting key number2 211 
Pringting key number2 218 
Pringting key number2 223 
Pringting key number2 224 
Pringting key number2 226 
Pringting key number2 227 
Pringting key number2 228 
Pringting key number2 229 
Pringting key number2 236 
Pringting key number2 237 
Pringting key number2 241 
Pringting key number2 243 
Pringting key number2 245 
Pringting key number2 247 
Pringting key number2 254 
Pringting key number3 0 
Pringting key number3 2 
Pringting key number3 4 
Pringting key number3 14 
Pringting key number3 15 
Pringting key number3 16 
Pringting key number3 17 
Pringting key number3 18 
Pringting key number3 21 
Pringting key number3 23 
Pringting key number3 26 
Pringting key number3 32 
Pringting key number3 35 
Pringting key number3 36 
Pringting key number3 37 
Pringting key number3 40 
Pringting key number3 41 
Pringting key number3 43 
Pringting key number3 47 
Pringting key number3 53 
Pringting key number3 54 
Pringting key number3 58 
Pringting key number3 59 
Pringting key number3 67 
Pringting key number3 68 
Pringting key number3 69 
Pringting key number3 70 
Pringting key number3 72 
Pringting key number3 73 
Pringting key number3 74 
Pringting key number3 83 
Pringting key number3 84 
Pringting key number3 88 
Pringting key number3 92 
Pringting key number3 99 
Pringting key number3 102 
Pringting key number3 104 
Pringting key number3 105 
Pringting key number3 108 
Pringting key number3 109 
Pringting key number3 112 
Pringting key number3 114 
Pringting key number3 115 
Pringting key number3 116 
Pringting key number3 118 
Pringting key number3 122 
Pringting key number3 124 
Pringting key number3 126 
Pringting key number3 132 
Pringting key number3 133 
Pringting key number3 137 
Pringting key number3 140 
Pringting key number3 144 
Pringting key number3 145 
Pringting key number3 146 
Pringting key number3 148 
Pringting key number3 149 
Pringting key number3 157 
Pringting key number3 162 
Pringting key number3 163 
Pringting key number3 165 
Pringting key number3 169 
Pringting key number3 170 
Pringting key number3 172 
Pringting key number3 175 
Pringting key number3 176 
Pringting key number3 178 
Pringting key number3 181 
Pringting key number3 188 
Pringting key number3 194 
Pringting key number3 195 
Pringting key number3 197 
Pringting key number3 202 
Pringting key number3 214 
Pringting key number3 217 
Pringting key number3 222 
Pringting key number3 224 
Pringting key number3 225 
Pringting key number3 235 
Pringting key number3 236 
Pringting key number3 239 
Pringting key number3 243 
Pringting key number3 245 
Pringting key number3 249 
Pringting key number3 251 
Pringting key number3 252 
Pringting key number3 255 
2020-02-25 00:00:33,276 INFO  [pool-3-thread-1] mapred.Task (Task.java:done(1001)) - Task:attempt_local529949711_0001_r_000000_0 is done. And is in the process of committing
2020-02-25 00:00:33,278 INFO  [pool-3-thread-1] mapred.LocalJobRunner (LocalJobRunner.java:statusUpdate(591)) - 1 / 1 copied.
2020-02-25 00:00:33,278 INFO  [pool-3-thread-1] mapred.Task (Task.java:commit(1162)) - Task attempt_local529949711_0001_r_000000_0 is allowed to commit now
2020-02-25 00:00:33,280 INFO  [pool-3-thread-1] output.FileOutputCommitter (FileOutputCommitter.java:commitTask(439)) - Saved output of task 'attempt_local529949711_0001_r_000000_0' to file:/home/sxt0251/project1/output/_temporary/0/task_local529949711_0001_r_000000
2020-02-25 00:00:33,281 INFO  [pool-3-thread-1] mapred.LocalJobRunner (LocalJobRunner.java:statusUpdate(591)) - reduce > reduce
2020-02-25 00:00:33,282 INFO  [pool-3-thread-1] mapred.Task (Task.java:sendDone(1121)) - Task 'attempt_local529949711_0001_r_000000_0' done.
2020-02-25 00:00:33,282 INFO  [pool-3-thread-1] mapred.LocalJobRunner (LocalJobRunner.java:run(325)) - Finishing task: attempt_local529949711_0001_r_000000_0
2020-02-25 00:00:33,282 INFO  [Thread-3] mapred.LocalJobRunner (LocalJobRunner.java:runTasks(456)) - reduce task executor complete.
2020-02-25 00:00:33,502 INFO  [main] mapreduce.Job (Job.java:monitorAndPrintJob(1366)) - Job job_local529949711_0001 running in uber mode : false
2020-02-25 00:00:33,503 INFO  [main] mapreduce.Job (Job.java:monitorAndPrintJob(1373)) -  map 100% reduce 100%
2020-02-25 00:00:33,504 INFO  [main] mapreduce.Job (Job.java:monitorAndPrintJob(1384)) - Job job_local529949711_0001 completed successfully
2020-02-25 00:00:33,513 INFO  [main] mapreduce.Job (Job.java:monitorAndPrintJob(1391)) - Counters: 33
	File System Counters
		FILE: Number of bytes read=18874
		FILE: Number of bytes written=529708
		FILE: Number of read operations=0
		FILE: Number of large read operations=0
		FILE: Number of write operations=0
	Map-Reduce Framework
		Map input records=100
		Map output records=300
		Map output bytes=3600
		Map output materialized bytes=4206
		Input split bytes=109
		Combine input records=0
		Combine output records=0
		Reduce input groups=258
		Reduce shuffle bytes=4206
		Reduce input records=300
		Reduce output records=258
		Spilled Records=600
		Shuffled Maps =1
		Failed Shuffles=0
		Merged Map outputs=1
		GC time elapsed (ms)=22
		CPU time spent (ms)=0
		Physical memory (bytes) snapshot=0
		Virtual memory (bytes) snapshot=0
		Total committed heap usage (bytes)=372252672
	Shuffle Errors
		BAD_ID=0
		CONNECTION=0
		IO_ERROR=0
		WRONG_LENGTH=0
		WRONG_MAP=0
		WRONG_REDUCE=0
	File Input Format Counters 
		Bytes Read=1062
	File Output Format Counters 
		Bytes Written=2236
