myHadoop: Setting MH_IPOIB_TRANSFORM='s/\([^.]*\).*$/\1.ibnet/' from myhadoop.conf
myHadoop: Setting MH_SCRATCH_DIR=/scratch/$USER/$SLURM_JOBID from myhadoop.conf
myHadoop: Using HADOOP_HOME=/opt/hadoop/2.6.0
myHadoop: Using MH_SCRATCH_DIR=/scratch/sxt0251/32654535
myHadoop: Using JAVA_HOME=/lib/jvm/java
myHadoop: Generating Hadoop configuration in directory in /home/sxt0251/cometcluster...
myHadoop: Backing up old config dir to /home/sxt0251/cometcluster.54...
‘/home/sxt0251/cometcluster’ -> ‘/home/sxt0251/cometcluster.54’
myHadoop: Designating comet-25-05.ibnet as master node (namenode, secondary namenode, and jobtracker)
myHadoop: The following nodes will be slaves (datanode, tasktracer):
comet-25-05.ibnet
comet-25-08.ibnet
20/04/15 16:41:04 INFO namenode.NameNode: STARTUP_MSG: 
/************************************************************
STARTUP_MSG: Starting NameNode
STARTUP_MSG:   host = comet-25-05.sdsc.edu/198.202.113.156
STARTUP_MSG:   args = [-format]
STARTUP_MSG:   version = 2.6.0
STARTUP_MSG:   classpath = /home/sxt0251/cometcluster:/opt/hadoop/2.6.0/share/hadoop/common/lib/jetty-6.1.26.jar:/opt/hadoop/2.6.0/share/hadoop/common/lib/commons-beanutils-core-1.8.0.jar:/opt/hadoop/2.6.0/share/hadoop/common/lib/commons-math3-3.1.1.jar:/opt/hadoop/2.6.0/share/hadoop/common/lib/api-asn1-api-1.0.0-M20.jar:/opt/hadoop/2.6.0/share/hadoop/common/lib/xmlenc-0.52.jar:/opt/hadoop/2.6.0/share/hadoop/common/lib/jackson-mapper-asl-1.9.13.jar:/opt/hadoop/2.6.0/share/hadoop/common/lib/servlet-api-2.5.jar:/opt/hadoop/2.6.0/share/hadoop/common/lib/commons-io-2.4.jar:/opt/hadoop/2.6.0/share/hadoop/common/lib/curator-framework-2.6.0.jar:/opt/hadoop/2.6.0/share/hadoop/common/lib/commons-codec-1.4.jar:/opt/hadoop/2.6.0/share/hadoop/common/lib/jetty-util-6.1.26.jar:/opt/hadoop/2.6.0/share/hadoop/common/lib/junit-4.11.jar:/opt/hadoop/2.6.0/share/hadoop/common/lib/commons-httpclient-3.1.jar:/opt/hadoop/2.6.0/share/hadoop/common/lib/hadoop-annotations-2.6.0.jar:/opt/hadoop/2.6.0/share/hadoop/common/lib/paranamer-2.3.jar:/opt/hadoop/2.6.0/share/hadoop/common/lib/mockito-all-1.8.5.jar:/opt/hadoop/2.6.0/share/hadoop/common/lib/apacheds-kerberos-codec-2.0.0-M15.jar:/opt/hadoop/2.6.0/share/hadoop/common/lib/commons-collections-3.2.1.jar:/opt/hadoop/2.6.0/share/hadoop/common/lib/jasper-runtime-5.5.23.jar:/opt/hadoop/2.6.0/share/hadoop/common/lib/protobuf-java-2.5.0.jar:/opt/hadoop/2.6.0/share/hadoop/common/lib/slf4j-log4j12-1.7.5.jar:/opt/hadoop/2.6.0/share/hadoop/common/lib/jsr305-1.3.9.jar:/opt/hadoop/2.6.0/share/hadoop/common/lib/jackson-jaxrs-1.9.13.jar:/opt/hadoop/2.6.0/share/hadoop/common/lib/jersey-core-1.9.jar:/opt/hadoop/2.6.0/share/hadoop/common/lib/stax-api-1.0-2.jar:/opt/hadoop/2.6.0/share/hadoop/common/lib/commons-el-1.0.jar:/opt/hadoop/2.6.0/share/hadoop/common/lib/activation-1.1.jar:/opt/hadoop/2.6.0/share/hadoop/common/lib/httpcore-4.2.5.jar:/opt/hadoop/2.6.0/share/hadoop/common/lib/jettison-1.1.jar:/opt/hadoop/2.6.0/share/hadoop/common/lib/avro-1.7.4.jar:/opt/hadoop/2.6.0/share/hadoop/common/lib/snappy-java-1.0.4.1.jar:/opt/hadoop/2.6.0/share/hadoop/common/lib/commons-beanutils-1.7.0.jar:/opt/hadoop/2.6.0/share/hadoop/common/lib/zookeeper-3.4.6.jar:/opt/hadoop/2.6.0/share/hadoop/common/lib/jets3t-0.9.0.jar:/opt/hadoop/2.6.0/share/hadoop/common/lib/httpclient-4.2.5.jar:/opt/hadoop/2.6.0/share/hadoop/common/lib/commons-configuration-1.6.jar:/opt/hadoop/2.6.0/share/hadoop/common/lib/jaxb-impl-2.2.3-1.jar:/opt/hadoop/2.6.0/share/hadoop/common/lib/hamcrest-core-1.3.jar:/opt/hadoop/2.6.0/share/hadoop/common/lib/asm-3.2.jar:/opt/hadoop/2.6.0/share/hadoop/common/lib/guava-11.0.2.jar:/opt/hadoop/2.6.0/share/hadoop/common/lib/commons-cli-1.2.jar:/opt/hadoop/2.6.0/share/hadoop/common/lib/api-util-1.0.0-M20.jar:/opt/hadoop/2.6.0/share/hadoop/common/lib/commons-logging-1.1.3.jar:/opt/hadoop/2.6.0/share/hadoop/common/lib/jaxb-api-2.2.2.jar:/opt/hadoop/2.6.0/share/hadoop/common/lib/jersey-server-1.9.jar:/opt/hadoop/2.6.0/share/hadoop/common/lib/commons-digester-1.8.jar:/opt/hadoop/2.6.0/share/hadoop/common/lib/commons-lang-2.6.jar:/opt/hadoop/2.6.0/share/hadoop/common/lib/jsp-api-2.1.jar:/opt/hadoop/2.6.0/share/hadoop/common/lib/jackson-xc-1.9.13.jar:/opt/hadoop/2.6.0/share/hadoop/common/lib/curator-recipes-2.6.0.jar:/opt/hadoop/2.6.0/share/hadoop/common/lib/gson-2.2.4.jar:/opt/hadoop/2.6.0/share/hadoop/common/lib/slf4j-api-1.7.5.jar:/opt/hadoop/2.6.0/share/hadoop/common/lib/apacheds-i18n-2.0.0-M15.jar:/opt/hadoop/2.6.0/share/hadoop/common/lib/xz-1.0.jar:/opt/hadoop/2.6.0/share/hadoop/common/lib/jsch-0.1.42.jar:/opt/hadoop/2.6.0/share/hadoop/common/lib/hadoop-auth-2.6.0.jar:/opt/hadoop/2.6.0/share/hadoop/common/lib/jersey-json-1.9.jar:/opt/hadoop/2.6.0/share/hadoop/common/lib/commons-compress-1.4.1.jar:/opt/hadoop/2.6.0/share/hadoop/common/lib/netty-3.6.2.Final.jar:/opt/hadoop/2.6.0/share/hadoop/common/lib/log4j-1.2.17.jar:/opt/hadoop/2.6.0/share/hadoop/common/lib/htrace-core-3.0.4.jar:/opt/hadoop/2.6.0/share/hadoop/common/lib/java-xmlbuilder-0.4.jar:/opt/hadoop/2.6.0/share/hadoop/common/lib/commons-net-3.1.jar:/opt/hadoop/2.6.0/share/hadoop/common/lib/jackson-core-asl-1.9.13.jar:/opt/hadoop/2.6.0/share/hadoop/common/lib/jasper-compiler-5.5.23.jar:/opt/hadoop/2.6.0/share/hadoop/common/lib/curator-client-2.6.0.jar:/opt/hadoop/2.6.0/share/hadoop/common/hadoop-common-2.6.0-tests.jar:/opt/hadoop/2.6.0/share/hadoop/common/hadoop-common-2.6.0.jar:/opt/hadoop/2.6.0/share/hadoop/common/hadoop-nfs-2.6.0.jar:/opt/hadoop/2.6.0/share/hadoop/hdfs:/opt/hadoop/2.6.0/share/hadoop/hdfs/lib/jetty-6.1.26.jar:/opt/hadoop/2.6.0/share/hadoop/hdfs/lib/xmlenc-0.52.jar:/opt/hadoop/2.6.0/share/hadoop/hdfs/lib/jackson-mapper-asl-1.9.13.jar:/opt/hadoop/2.6.0/share/hadoop/hdfs/lib/servlet-api-2.5.jar:/opt/hadoop/2.6.0/share/hadoop/hdfs/lib/commons-io-2.4.jar:/opt/hadoop/2.6.0/share/hadoop/hdfs/lib/commons-codec-1.4.jar:/opt/hadoop/2.6.0/share/hadoop/hdfs/lib/jetty-util-6.1.26.jar:/opt/hadoop/2.6.0/share/hadoop/hdfs/lib/jasper-runtime-5.5.23.jar:/opt/hadoop/2.6.0/share/hadoop/hdfs/lib/protobuf-java-2.5.0.jar:/opt/hadoop/2.6.0/share/hadoop/hdfs/lib/jsr305-1.3.9.jar:/opt/hadoop/2.6.0/share/hadoop/hdfs/lib/jersey-core-1.9.jar:/opt/hadoop/2.6.0/share/hadoop/hdfs/lib/commons-el-1.0.jar:/opt/hadoop/2.6.0/share/hadoop/hdfs/lib/commons-daemon-1.0.13.jar:/opt/hadoop/2.6.0/share/hadoop/hdfs/lib/xercesImpl-2.9.1.jar:/opt/hadoop/2.6.0/share/hadoop/hdfs/lib/asm-3.2.jar:/opt/hadoop/2.6.0/share/hadoop/hdfs/lib/guava-11.0.2.jar:/opt/hadoop/2.6.0/share/hadoop/hdfs/lib/commons-cli-1.2.jar:/opt/hadoop/2.6.0/share/hadoop/hdfs/lib/xml-apis-1.3.04.jar:/opt/hadoop/2.6.0/share/hadoop/hdfs/lib/commons-logging-1.1.3.jar:/opt/hadoop/2.6.0/share/hadoop/hdfs/lib/jersey-server-1.9.jar:/opt/hadoop/2.6.0/share/hadoop/hdfs/lib/commons-lang-2.6.jar:/opt/hadoop/2.6.0/share/hadoop/hdfs/lib/jsp-api-2.1.jar:/opt/hadoop/2.6.0/share/hadoop/hdfs/lib/netty-3.6.2.Final.jar:/opt/hadoop/2.6.0/share/hadoop/hdfs/lib/log4j-1.2.17.jar:/opt/hadoop/2.6.0/share/hadoop/hdfs/lib/htrace-core-3.0.4.jar:/opt/hadoop/2.6.0/share/hadoop/hdfs/lib/jackson-core-asl-1.9.13.jar:/opt/hadoop/2.6.0/share/hadoop/hdfs/hadoop-hdfs-2.6.0.jar:/opt/hadoop/2.6.0/share/hadoop/hdfs/hadoop-hdfs-nfs-2.6.0.jar:/opt/hadoop/2.6.0/share/hadoop/hdfs/hadoop-hdfs-2.6.0-tests.jar:/opt/hadoop/2.6.0/share/hadoop/yarn/lib/jetty-6.1.26.jar:/opt/hadoop/2.6.0/share/hadoop/yarn/lib/jackson-mapper-asl-1.9.13.jar:/opt/hadoop/2.6.0/share/hadoop/yarn/lib/servlet-api-2.5.jar:/opt/hadoop/2.6.0/share/hadoop/yarn/lib/commons-io-2.4.jar:/opt/hadoop/2.6.0/share/hadoop/yarn/lib/commons-codec-1.4.jar:/opt/hadoop/2.6.0/share/hadoop/yarn/lib/jetty-util-6.1.26.jar:/opt/hadoop/2.6.0/share/hadoop/yarn/lib/commons-httpclient-3.1.jar:/opt/hadoop/2.6.0/share/hadoop/yarn/lib/commons-collections-3.2.1.jar:/opt/hadoop/2.6.0/share/hadoop/yarn/lib/leveldbjni-all-1.8.jar:/opt/hadoop/2.6.0/share/hadoop/yarn/lib/protobuf-java-2.5.0.jar:/opt/hadoop/2.6.0/share/hadoop/yarn/lib/guice-servlet-3.0.jar:/opt/hadoop/2.6.0/share/hadoop/yarn/lib/jsr305-1.3.9.jar:/opt/hadoop/2.6.0/share/hadoop/yarn/lib/jackson-jaxrs-1.9.13.jar:/opt/hadoop/2.6.0/share/hadoop/yarn/lib/jersey-core-1.9.jar:/opt/hadoop/2.6.0/share/hadoop/yarn/lib/stax-api-1.0-2.jar:/opt/hadoop/2.6.0/share/hadoop/yarn/lib/activation-1.1.jar:/opt/hadoop/2.6.0/share/hadoop/yarn/lib/jettison-1.1.jar:/opt/hadoop/2.6.0/share/hadoop/yarn/lib/zookeeper-3.4.6.jar:/opt/hadoop/2.6.0/share/hadoop/yarn/lib/aopalliance-1.0.jar:/opt/hadoop/2.6.0/share/hadoop/yarn/lib/jline-0.9.94.jar:/opt/hadoop/2.6.0/share/hadoop/yarn/lib/jaxb-impl-2.2.3-1.jar:/opt/hadoop/2.6.0/share/hadoop/yarn/lib/asm-3.2.jar:/opt/hadoop/2.6.0/share/hadoop/yarn/lib/guava-11.0.2.jar:/opt/hadoop/2.6.0/share/hadoop/yarn/lib/commons-cli-1.2.jar:/opt/hadoop/2.6.0/share/hadoop/yarn/lib/guice-3.0.jar:/opt/hadoop/2.6.0/share/hadoop/yarn/lib/commons-logging-1.1.3.jar:/opt/hadoop/2.6.0/share/hadoop/yarn/lib/jaxb-api-2.2.2.jar:/opt/hadoop/2.6.0/share/hadoop/yarn/lib/jersey-server-1.9.jar:/opt/hadoop/2.6.0/share/hadoop/yarn/lib/jersey-client-1.9.jar:/opt/hadoop/2.6.0/share/hadoop/yarn/lib/commons-lang-2.6.jar:/opt/hadoop/2.6.0/share/hadoop/yarn/lib/jackson-xc-1.9.13.jar:/opt/hadoop/2.6.0/share/hadoop/yarn/lib/javax.inject-1.jar:/opt/hadoop/2.6.0/share/hadoop/yarn/lib/xz-1.0.jar:/opt/hadoop/2.6.0/share/hadoop/yarn/lib/jersey-guice-1.9.jar:/opt/hadoop/2.6.0/share/hadoop/yarn/lib/jersey-json-1.9.jar:/opt/hadoop/2.6.0/share/hadoop/yarn/lib/commons-compress-1.4.1.jar:/opt/hadoop/2.6.0/share/hadoop/yarn/lib/netty-3.6.2.Final.jar:/opt/hadoop/2.6.0/share/hadoop/yarn/lib/log4j-1.2.17.jar:/opt/hadoop/2.6.0/share/hadoop/yarn/lib/jackson-core-asl-1.9.13.jar:/opt/hadoop/2.6.0/share/hadoop/yarn/hadoop-yarn-client-2.6.0.jar:/opt/hadoop/2.6.0/share/hadoop/yarn/hadoop-yarn-applications-unmanaged-am-launcher-2.6.0.jar:/opt/hadoop/2.6.0/share/hadoop/yarn/hadoop-yarn-server-nodemanager-2.6.0.jar:/opt/hadoop/2.6.0/share/hadoop/yarn/hadoop-yarn-server-applicationhistoryservice-2.6.0.jar:/opt/hadoop/2.6.0/share/hadoop/yarn/hadoop-yarn-server-resourcemanager-2.6.0.jar:/opt/hadoop/2.6.0/share/hadoop/yarn/hadoop-yarn-applications-distributedshell-2.6.0.jar:/opt/hadoop/2.6.0/share/hadoop/yarn/hadoop-yarn-server-tests-2.6.0.jar:/opt/hadoop/2.6.0/share/hadoop/yarn/hadoop-yarn-server-web-proxy-2.6.0.jar:/opt/hadoop/2.6.0/share/hadoop/yarn/hadoop-yarn-server-common-2.6.0.jar:/opt/hadoop/2.6.0/share/hadoop/yarn/hadoop-yarn-registry-2.6.0.jar:/opt/hadoop/2.6.0/share/hadoop/yarn/hadoop-yarn-common-2.6.0.jar:/opt/hadoop/2.6.0/share/hadoop/yarn/hadoop-yarn-api-2.6.0.jar:/opt/hadoop/2.6.0/share/hadoop/mapreduce/lib/jackson-mapper-asl-1.9.13.jar:/opt/hadoop/2.6.0/share/hadoop/mapreduce/lib/commons-io-2.4.jar:/opt/hadoop/2.6.0/share/hadoop/mapreduce/lib/junit-4.11.jar:/opt/hadoop/2.6.0/share/hadoop/mapreduce/lib/hadoop-annotations-2.6.0.jar:/opt/hadoop/2.6.0/share/hadoop/mapreduce/lib/paranamer-2.3.jar:/opt/hadoop/2.6.0/share/hadoop/mapreduce/lib/leveldbjni-all-1.8.jar:/opt/hadoop/2.6.0/share/hadoop/mapreduce/lib/protobuf-java-2.5.0.jar:/opt/hadoop/2.6.0/share/hadoop/mapreduce/lib/guice-servlet-3.0.jar:/opt/hadoop/2.6.0/share/hadoop/mapreduce/lib/jersey-core-1.9.jar:/opt/hadoop/2.6.0/share/hadoop/mapreduce/lib/avro-1.7.4.jar:/opt/hadoop/2.6.0/share/hadoop/mapreduce/lib/snappy-java-1.0.4.1.jar:/opt/hadoop/2.6.0/share/hadoop/mapreduce/lib/aopalliance-1.0.jar:/opt/hadoop/2.6.0/share/hadoop/mapreduce/lib/hamcrest-core-1.3.jar:/opt/hadoop/2.6.0/share/hadoop/mapreduce/lib/asm-3.2.jar:/opt/hadoop/2.6.0/share/hadoop/mapreduce/lib/guice-3.0.jar:/opt/hadoop/2.6.0/share/hadoop/mapreduce/lib/jersey-server-1.9.jar:/opt/hadoop/2.6.0/share/hadoop/mapreduce/lib/javax.inject-1.jar:/opt/hadoop/2.6.0/share/hadoop/mapreduce/lib/xz-1.0.jar:/opt/hadoop/2.6.0/share/hadoop/mapreduce/lib/jersey-guice-1.9.jar:/opt/hadoop/2.6.0/share/hadoop/mapreduce/lib/commons-compress-1.4.1.jar:/opt/hadoop/2.6.0/share/hadoop/mapreduce/lib/netty-3.6.2.Final.jar:/opt/hadoop/2.6.0/share/hadoop/mapreduce/lib/log4j-1.2.17.jar:/opt/hadoop/2.6.0/share/hadoop/mapreduce/lib/jackson-core-asl-1.9.13.jar:/opt/hadoop/2.6.0/share/hadoop/mapreduce/hadoop-mapreduce-client-jobclient-2.6.0-tests.jar:/opt/hadoop/2.6.0/share/hadoop/mapreduce/hadoop-mapreduce-client-app-2.6.0.jar:/opt/hadoop/2.6.0/share/hadoop/mapreduce/hadoop-mapreduce-client-shuffle-2.6.0.jar:/opt/hadoop/2.6.0/share/hadoop/mapreduce/hadoop-mapreduce-client-hs-plugins-2.6.0.jar:/opt/hadoop/2.6.0/share/hadoop/mapreduce/hadoop-mapreduce-examples-2.6.0.jar:/opt/hadoop/2.6.0/share/hadoop/mapreduce/hadoop-mapreduce-client-jobclient-2.6.0.jar:/opt/hadoop/2.6.0/share/hadoop/mapreduce/hadoop-mapreduce-client-hs-2.6.0.jar:/opt/hadoop/2.6.0/share/hadoop/mapreduce/hadoop-mapreduce-client-common-2.6.0.jar:/opt/hadoop/2.6.0/share/hadoop/mapreduce/hadoop-mapreduce-client-core-2.6.0.jar:/opt/hadoop/2.6.0/contrib/capacity-scheduler/*.jar
STARTUP_MSG:   build = https://git-wip-us.apache.org/repos/asf/hadoop.git -r e3496499ecb8d220fba99dc5ed4c99c8f9e33bb1; compiled by 'jenkins' on 2014-11-13T21:10Z
STARTUP_MSG:   java = 1.8.0_212
************************************************************/
20/04/15 16:41:04 INFO namenode.NameNode: registered UNIX signal handlers for [TERM, HUP, INT]
20/04/15 16:41:04 INFO namenode.NameNode: createNameNode [-format]
20/04/15 16:41:05 WARN common.Util: Path /scratch/sxt0251/32654535/namenode_data should be specified as a URI in configuration files. Please update hdfs configuration.
20/04/15 16:41:05 WARN common.Util: Path /scratch/sxt0251/32654535/namenode_data should be specified as a URI in configuration files. Please update hdfs configuration.
Formatting using clusterid: CID-ee2419f6-8e80-4889-a365-c4bfa33837a4
20/04/15 16:41:05 INFO namenode.FSNamesystem: No KeyProvider found.
20/04/15 16:41:05 INFO namenode.FSNamesystem: fsLock is fair:true
20/04/15 16:41:05 INFO blockmanagement.DatanodeManager: dfs.block.invalidate.limit=1000
20/04/15 16:41:05 INFO blockmanagement.DatanodeManager: dfs.namenode.datanode.registration.ip-hostname-check=true
20/04/15 16:41:05 INFO blockmanagement.BlockManager: dfs.namenode.startup.delay.block.deletion.sec is set to 000:00:00:00.000
20/04/15 16:41:05 INFO blockmanagement.BlockManager: The block deletion will start around 2020 Apr 15 16:41:05
20/04/15 16:41:05 INFO util.GSet: Computing capacity for map BlocksMap
20/04/15 16:41:05 INFO util.GSet: VM type       = 64-bit
20/04/15 16:41:05 INFO util.GSet: 2.0% max memory 889 MB = 17.8 MB
20/04/15 16:41:05 INFO util.GSet: capacity      = 2^21 = 2097152 entries
20/04/15 16:41:05 INFO blockmanagement.BlockManager: dfs.block.access.token.enable=false
20/04/15 16:41:05 INFO blockmanagement.BlockManager: defaultReplication         = 3
20/04/15 16:41:05 INFO blockmanagement.BlockManager: maxReplication             = 512
20/04/15 16:41:05 INFO blockmanagement.BlockManager: minReplication             = 1
20/04/15 16:41:05 INFO blockmanagement.BlockManager: maxReplicationStreams      = 2
20/04/15 16:41:05 INFO blockmanagement.BlockManager: shouldCheckForEnoughRacks  = false
20/04/15 16:41:05 INFO blockmanagement.BlockManager: replicationRecheckInterval = 3000
20/04/15 16:41:05 INFO blockmanagement.BlockManager: encryptDataTransfer        = false
20/04/15 16:41:05 INFO blockmanagement.BlockManager: maxNumBlocksToLog          = 1000
20/04/15 16:41:05 INFO namenode.FSNamesystem: fsOwner             = sxt0251 (auth:SIMPLE)
20/04/15 16:41:05 INFO namenode.FSNamesystem: supergroup          = supergroup
20/04/15 16:41:05 INFO namenode.FSNamesystem: isPermissionEnabled = true
20/04/15 16:41:05 INFO namenode.FSNamesystem: HA Enabled: false
20/04/15 16:41:05 INFO namenode.FSNamesystem: Append Enabled: true
20/04/15 16:41:05 INFO util.GSet: Computing capacity for map INodeMap
20/04/15 16:41:05 INFO util.GSet: VM type       = 64-bit
20/04/15 16:41:05 INFO util.GSet: 1.0% max memory 889 MB = 8.9 MB
20/04/15 16:41:05 INFO util.GSet: capacity      = 2^20 = 1048576 entries
20/04/15 16:41:05 INFO namenode.NameNode: Caching file names occuring more than 10 times
20/04/15 16:41:05 INFO util.GSet: Computing capacity for map cachedBlocks
20/04/15 16:41:05 INFO util.GSet: VM type       = 64-bit
20/04/15 16:41:05 INFO util.GSet: 0.25% max memory 889 MB = 2.2 MB
20/04/15 16:41:05 INFO util.GSet: capacity      = 2^18 = 262144 entries
20/04/15 16:41:05 INFO namenode.FSNamesystem: dfs.namenode.safemode.threshold-pct = 0.9990000128746033
20/04/15 16:41:05 INFO namenode.FSNamesystem: dfs.namenode.safemode.min.datanodes = 0
20/04/15 16:41:05 INFO namenode.FSNamesystem: dfs.namenode.safemode.extension     = 30000
20/04/15 16:41:05 INFO namenode.FSNamesystem: Retry cache on namenode is enabled
20/04/15 16:41:05 INFO namenode.FSNamesystem: Retry cache will use 0.03 of total heap and retry cache entry expiry time is 600000 millis
20/04/15 16:41:05 INFO util.GSet: Computing capacity for map NameNodeRetryCache
20/04/15 16:41:05 INFO util.GSet: VM type       = 64-bit
20/04/15 16:41:05 INFO util.GSet: 0.029999999329447746% max memory 889 MB = 273.1 KB
20/04/15 16:41:05 INFO util.GSet: capacity      = 2^15 = 32768 entries
20/04/15 16:41:05 INFO namenode.NNConf: ACLs enabled? false
20/04/15 16:41:05 INFO namenode.NNConf: XAttrs enabled? true
20/04/15 16:41:05 INFO namenode.NNConf: Maximum size of an xattr: 16384
20/04/15 16:41:05 INFO namenode.FSImage: Allocated new BlockPoolId: BP-1470833587-198.202.113.156-1586994065569
20/04/15 16:41:05 INFO common.Storage: Storage directory /scratch/sxt0251/32654535/namenode_data has been successfully formatted.
20/04/15 16:41:05 INFO namenode.NNStorageRetentionManager: Going to retain 1 images with txid >= 0
20/04/15 16:41:05 INFO util.ExitUtil: Exiting with status 0
20/04/15 16:41:05 INFO namenode.NameNode: SHUTDOWN_MSG: 
/************************************************************
SHUTDOWN_MSG: Shutting down NameNode at comet-25-05.sdsc.edu/198.202.113.156
************************************************************/
Starting namenodes on [comet-25-05.ibnet]
comet-25-05.ibnet: starting namenode, logging to /scratch/sxt0251/32654535/logs/hadoop-sxt0251-namenode-comet-25-05.sdsc.edu.out
comet-25-05.ibnet: starting datanode, logging to /scratch/sxt0251/32654535/logs/hadoop-sxt0251-datanode-comet-25-05.sdsc.edu.out
comet-25-08.ibnet: starting datanode, logging to /scratch/sxt0251/32654535/logs/hadoop-sxt0251-datanode-comet-25-08.sdsc.edu.out
Starting secondary namenodes [comet-25-05.ibnet]
comet-25-05.ibnet: starting secondarynamenode, logging to /scratch/sxt0251/32654535/logs/hadoop-sxt0251-secondarynamenode-comet-25-05.sdsc.edu.out
starting yarn daemons
starting resourcemanager, logging to /scratch/sxt0251/32654535/logs/yarn-sxt0251-resourcemanager-comet-25-05.out
comet-25-05.ibnet: starting nodemanager, logging to /scratch/sxt0251/32654535/logs/yarn-sxt0251-nodemanager-comet-25-05.sdsc.edu.out
comet-25-08.ibnet: starting nodemanager, logging to /scratch/sxt0251/32654535/logs/yarn-sxt0251-nodemanager-comet-25-08.sdsc.edu.out
chown: changing ownership of ‘/tmp’: Operation not permitted
starting historyserver, logging to /tmp/mapred-sxt0251-historyserver-comet-25-05.out
20/04/15 16:41:37 INFO pig.ExecTypeProvider: Trying ExecType : LOCAL
20/04/15 16:41:37 INFO pig.ExecTypeProvider: Trying ExecType : MAPREDUCE
20/04/15 16:41:37 INFO pig.ExecTypeProvider: Picked MAPREDUCE as the ExecType
2020-04-15 16:41:37,450 [main] INFO  org.apache.pig.Main - Apache Pig version 0.16.0 (r1746530) compiled Jun 01 2016, 23:10:49
2020-04-15 16:41:37,451 [main] INFO  org.apache.pig.Main - Logging error messages to: /home/sxt0251/project6/pig_1586994097449.log
2020-04-15 16:41:37,755 [main] INFO  org.apache.pig.impl.util.Utils - Default bootup file /home/sxt0251/.pigbootup not found
2020-04-15 16:41:37,834 [main] INFO  org.apache.hadoop.conf.Configuration.deprecation - mapred.job.tracker is deprecated. Instead, use mapreduce.jobtracker.address
2020-04-15 16:41:37,834 [main] INFO  org.apache.hadoop.conf.Configuration.deprecation - fs.default.name is deprecated. Instead, use fs.defaultFS
2020-04-15 16:41:37,834 [main] INFO  org.apache.pig.backend.hadoop.executionengine.HExecutionEngine - Connecting to hadoop file system at: hdfs://comet-25-05.ibnet:54310
2020-04-15 16:41:38,177 [main] INFO  org.apache.pig.PigServer - Pig Script ID for the session: PIG-histogram.pig-c9df1d1d-31cd-4143-a206-8e41308b1eba
2020-04-15 16:41:38,177 [main] WARN  org.apache.pig.PigServer - ATS is disabled since yarn.timeline-service.enabled set to false
2020-04-15 16:41:38,620 [main] INFO  org.apache.hadoop.conf.Configuration.deprecation - fs.default.name is deprecated. Instead, use fs.defaultFS
2020-04-15 16:41:38,701 [main] INFO  org.apache.hadoop.conf.Configuration.deprecation - fs.default.name is deprecated. Instead, use fs.defaultFS
2020-04-15 16:41:38,727 [main] INFO  org.apache.hadoop.conf.Configuration.deprecation - mapred.textoutputformat.separator is deprecated. Instead, use mapreduce.output.textoutputformat.separator
2020-04-15 16:41:38,742 [main] INFO  org.apache.pig.tools.pigstats.ScriptState - Pig features used in the script: GROUP_BY,UNION
2020-04-15 16:41:38,762 [main] INFO  org.apache.hadoop.conf.Configuration.deprecation - fs.default.name is deprecated. Instead, use fs.defaultFS
2020-04-15 16:41:38,765 [main] INFO  org.apache.pig.data.SchemaTupleBackend - Key [pig.schematuple] was not set... will not generate code.
2020-04-15 16:41:38,787 [main] INFO  org.apache.pig.newplan.logical.optimizer.LogicalPlanOptimizer - {RULES_ENABLED=[AddForEach, ColumnMapKeyPrune, ConstantCalculator, GroupByConstParallelSetter, LimitOptimizer, LoadTypeCastInserter, MergeFilter, MergeForEach, PartitionFilterOptimizer, PredicatePushdownOptimizer, PushDownForEachFlatten, PushUpFilter, SplitFilter, StreamTypeCastInserter]}
2020-04-15 16:41:38,834 [main] INFO  org.apache.pig.impl.util.SpillableMemoryManager - Selected heap (PS Old Gen) of size 699400192 to monitor. collectionUsageThreshold = 489580128, usageThreshold = 489580128
2020-04-15 16:41:38,890 [main] INFO  org.apache.pig.backend.hadoop.executionengine.mapReduceLayer.MRCompiler - File concatenation threshold: 100 optimistic? false
2020-04-15 16:41:38,908 [main] INFO  org.apache.pig.backend.hadoop.executionengine.util.CombinerOptimizerUtil - Choosing to move algebraic foreach to combiner
2020-04-15 16:41:38,912 [main] INFO  org.apache.pig.backend.hadoop.executionengine.util.CombinerOptimizerUtil - Choosing to move algebraic foreach to combiner
2020-04-15 16:41:38,913 [main] INFO  org.apache.pig.backend.hadoop.executionengine.util.CombinerOptimizerUtil - Choosing to move algebraic foreach to combiner
2020-04-15 16:41:38,928 [main] INFO  org.apache.pig.backend.hadoop.executionengine.mapReduceLayer.MultiQueryOptimizer - MR plan size before optimization: 5
2020-04-15 16:41:38,929 [main] INFO  org.apache.pig.backend.hadoop.executionengine.mapReduceLayer.MultiQueryOptimizer - Merged MR job 59 into MR job 56
2020-04-15 16:41:38,929 [main] INFO  org.apache.pig.backend.hadoop.executionengine.mapReduceLayer.MultiQueryOptimizer - Merged MR job 61 into MR job 56
2020-04-15 16:41:38,929 [main] INFO  org.apache.pig.backend.hadoop.executionengine.mapReduceLayer.MultiQueryOptimizer - Merged MR job 63 into MR job 56
2020-04-15 16:41:38,930 [main] INFO  org.apache.pig.backend.hadoop.executionengine.mapReduceLayer.MultiQueryOptimizer - Requested parallelism of splitter: -1
2020-04-15 16:41:38,930 [main] INFO  org.apache.pig.backend.hadoop.executionengine.mapReduceLayer.MultiQueryOptimizer - Merged 3 map-reduce splittees.
2020-04-15 16:41:38,930 [main] INFO  org.apache.pig.backend.hadoop.executionengine.mapReduceLayer.MultiQueryOptimizer - Merged 3 out of total 4 MR operators.
2020-04-15 16:41:38,930 [main] INFO  org.apache.pig.backend.hadoop.executionengine.mapReduceLayer.MultiQueryOptimizer - MR plan size after optimization: 2
2020-04-15 16:41:38,947 [main] INFO  org.apache.hadoop.conf.Configuration.deprecation - fs.default.name is deprecated. Instead, use fs.defaultFS
2020-04-15 16:41:38,965 [main] INFO  org.apache.hadoop.yarn.client.RMProxy - Connecting to ResourceManager at comet-25-05.ibnet/10.22.249.202:8032
2020-04-15 16:41:39,087 [main] INFO  org.apache.pig.tools.pigstats.mapreduce.MRScriptState - Pig script settings are added to the job
2020-04-15 16:41:39,091 [main] INFO  org.apache.hadoop.conf.Configuration.deprecation - mapred.job.reduce.markreset.buffer.percent is deprecated. Instead, use mapreduce.reduce.markreset.buffer.percent
2020-04-15 16:41:39,091 [main] INFO  org.apache.pig.backend.hadoop.executionengine.mapReduceLayer.JobControlCompiler - mapred.job.reduce.markreset.buffer.percent is not set, set to default 0.3
2020-04-15 16:41:39,091 [main] INFO  org.apache.hadoop.conf.Configuration.deprecation - mapred.output.compress is deprecated. Instead, use mapreduce.output.fileoutputformat.compress
2020-04-15 16:41:39,092 [main] INFO  org.apache.pig.backend.hadoop.executionengine.mapReduceLayer.JobControlCompiler - Reduce phase detected, estimating # of required reducers.
2020-04-15 16:41:39,093 [main] INFO  org.apache.pig.backend.hadoop.executionengine.mapReduceLayer.JobControlCompiler - Using reducer estimator: org.apache.pig.backend.hadoop.executionengine.mapReduceLayer.InputSizeReducerEstimator
2020-04-15 16:41:39,098 [main] INFO  org.apache.pig.backend.hadoop.executionengine.mapReduceLayer.InputSizeReducerEstimator - BytesPerReducer=1000000000 maxReducers=999 totalInputFileSize=321324800
2020-04-15 16:41:39,098 [main] INFO  org.apache.pig.backend.hadoop.executionengine.mapReduceLayer.JobControlCompiler - Setting Parallelism to 1
2020-04-15 16:41:39,098 [main] INFO  org.apache.hadoop.conf.Configuration.deprecation - mapred.reduce.tasks is deprecated. Instead, use mapreduce.job.reduces
2020-04-15 16:41:39,098 [main] INFO  org.apache.pig.backend.hadoop.executionengine.mapReduceLayer.JobControlCompiler - This job cannot be converted run in-process
2020-04-15 16:41:39,106 [main] INFO  org.apache.hadoop.conf.Configuration.deprecation - mapred.submit.replication is deprecated. Instead, use mapreduce.client.submit.file.replication
2020-04-15 16:41:39,261 [main] INFO  org.apache.pig.backend.hadoop.executionengine.mapReduceLayer.JobControlCompiler - Added jar file:/oasis/projects/nsf/uot143/fegaras/pig-0.16.0/pig-0.16.0-core-h2.jar to DistributedCache through /tmp/temp724696592/tmp-205661069/pig-0.16.0-core-h2.jar
2020-04-15 16:41:39,276 [main] INFO  org.apache.pig.backend.hadoop.executionengine.mapReduceLayer.JobControlCompiler - Added jar file:/oasis/projects/nsf/uot143/fegaras/pig-0.16.0/lib/automaton-1.11-8.jar to DistributedCache through /tmp/temp724696592/tmp-739666413/automaton-1.11-8.jar
2020-04-15 16:41:39,288 [main] INFO  org.apache.pig.backend.hadoop.executionengine.mapReduceLayer.JobControlCompiler - Added jar file:/oasis/projects/nsf/uot143/fegaras/pig-0.16.0/lib/antlr-runtime-3.4.jar to DistributedCache through /tmp/temp724696592/tmp-1969652646/antlr-runtime-3.4.jar
2020-04-15 16:41:39,301 [main] INFO  org.apache.pig.backend.hadoop.executionengine.mapReduceLayer.JobControlCompiler - Added jar file:/oasis/projects/nsf/uot143/fegaras/pig-0.16.0/lib/joda-time-2.9.3.jar to DistributedCache through /tmp/temp724696592/tmp-615330310/joda-time-2.9.3.jar
2020-04-15 16:41:39,309 [main] INFO  org.apache.pig.backend.hadoop.executionengine.mapReduceLayer.JobControlCompiler - Setting up multi store job
2020-04-15 16:41:39,313 [main] INFO  org.apache.pig.data.SchemaTupleFrontend - Key [pig.schematuple] is false, will not generate code.
2020-04-15 16:41:39,313 [main] INFO  org.apache.pig.data.SchemaTupleFrontend - Starting process to move generated code to distributed cacche
2020-04-15 16:41:39,313 [main] INFO  org.apache.pig.data.SchemaTupleFrontend - Setting key [pig.schematuple.classes] with classes to deserialize []
2020-04-15 16:41:39,375 [main] INFO  org.apache.pig.backend.hadoop.executionengine.mapReduceLayer.MapReduceLauncher - 1 map-reduce job(s) waiting for submission.
2020-04-15 16:41:39,375 [main] INFO  org.apache.hadoop.conf.Configuration.deprecation - mapred.job.tracker.http.address is deprecated. Instead, use mapreduce.jobtracker.http.address
2020-04-15 16:41:39,379 [JobControl] INFO  org.apache.hadoop.yarn.client.RMProxy - Connecting to ResourceManager at comet-25-05.ibnet/10.22.249.202:8032
2020-04-15 16:41:39,389 [JobControl] INFO  org.apache.hadoop.conf.Configuration.deprecation - mapred.task.id is deprecated. Instead, use mapreduce.task.attempt.id
2020-04-15 16:41:39,390 [JobControl] INFO  org.apache.hadoop.conf.Configuration.deprecation - fs.default.name is deprecated. Instead, use fs.defaultFS
2020-04-15 16:41:39,491 [JobControl] WARN  org.apache.hadoop.mapreduce.JobSubmitter - No job jar file set.  User classes may not be found. See Job or Job#setJar(String).
2020-04-15 16:41:39,508 [JobControl] INFO  org.apache.pig.builtin.PigStorage - Using PigTextInputFormat
2020-04-15 16:41:39,511 [JobControl] INFO  org.apache.hadoop.mapreduce.lib.input.FileInputFormat - Total input paths to process : 1
2020-04-15 16:41:39,511 [JobControl] INFO  org.apache.pig.backend.hadoop.executionengine.util.MapRedUtil - Total input paths to process : 1
2020-04-15 16:41:39,533 [JobControl] INFO  org.apache.pig.backend.hadoop.executionengine.util.MapRedUtil - Total input paths (combined) to process : 3
2020-04-15 16:41:39,565 [JobControl] INFO  org.apache.hadoop.mapreduce.JobSubmitter - number of splits:3
2020-04-15 16:41:39,646 [JobControl] INFO  org.apache.hadoop.mapreduce.JobSubmitter - Submitting tokens for job: job_1586994084924_0001
2020-04-15 16:41:39,751 [JobControl] INFO  org.apache.hadoop.mapred.YARNRunner - Job jar is not present. Not adding any jar to the list of resources.
2020-04-15 16:41:39,890 [JobControl] INFO  org.apache.hadoop.yarn.client.api.impl.YarnClientImpl - Submitted application application_1586994084924_0001
2020-04-15 16:41:39,918 [JobControl] INFO  org.apache.hadoop.mapreduce.Job - The url to track the job: http://comet-25-05.ibnet:8088/proxy/application_1586994084924_0001/
2020-04-15 16:41:39,918 [main] INFO  org.apache.pig.backend.hadoop.executionengine.mapReduceLayer.MapReduceLauncher - HadoopJobId: job_1586994084924_0001
2020-04-15 16:41:39,918 [main] INFO  org.apache.pig.backend.hadoop.executionengine.mapReduceLayer.MapReduceLauncher - Processing aliases B,BX,G,GX,R,RX,S
2020-04-15 16:41:39,918 [main] INFO  org.apache.pig.backend.hadoop.executionengine.mapReduceLayer.MapReduceLauncher - detailed locations: M: S[1,4],S[-1,-1],RX[10,5],R[3,4],GX[13,5],G[4,4],BX[16,5],B[7,4] C: RX[10,5],R[3,4],GX[13,5],G[4,4],BX[16,5],B[7,4] R: RX[10,5],GX[13,5],BX[16,5]
2020-04-15 16:41:39,925 [main] INFO  org.apache.pig.backend.hadoop.executionengine.mapReduceLayer.MapReduceLauncher - 0% complete
2020-04-15 16:41:39,925 [main] INFO  org.apache.pig.backend.hadoop.executionengine.mapReduceLayer.MapReduceLauncher - Running jobs are [job_1586994084924_0001]
2020-04-15 16:42:04,463 [main] INFO  org.apache.pig.backend.hadoop.executionengine.mapReduceLayer.MapReduceLauncher - 4% complete
2020-04-15 16:42:04,464 [main] INFO  org.apache.pig.backend.hadoop.executionengine.mapReduceLayer.MapReduceLauncher - Running jobs are [job_1586994084924_0001]
2020-04-15 16:42:21,976 [main] INFO  org.apache.pig.backend.hadoop.executionengine.mapReduceLayer.MapReduceLauncher - 8% complete
2020-04-15 16:42:21,976 [main] INFO  org.apache.pig.backend.hadoop.executionengine.mapReduceLayer.MapReduceLauncher - Running jobs are [job_1586994084924_0001]
2020-04-15 16:42:31,982 [main] INFO  org.apache.pig.backend.hadoop.executionengine.mapReduceLayer.MapReduceLauncher - 13% complete
2020-04-15 16:42:31,982 [main] INFO  org.apache.pig.backend.hadoop.executionengine.mapReduceLayer.MapReduceLauncher - Running jobs are [job_1586994084924_0001]
2020-04-15 16:42:44,489 [main] INFO  org.apache.pig.backend.hadoop.executionengine.mapReduceLayer.MapReduceLauncher - 17% complete
2020-04-15 16:42:44,490 [main] INFO  org.apache.pig.backend.hadoop.executionengine.mapReduceLayer.MapReduceLauncher - Running jobs are [job_1586994084924_0001]
2020-04-15 16:43:20,009 [main] INFO  org.apache.pig.backend.hadoop.executionengine.mapReduceLayer.MapReduceLauncher - 21% complete
2020-04-15 16:43:20,009 [main] INFO  org.apache.pig.backend.hadoop.executionengine.mapReduceLayer.MapReduceLauncher - Running jobs are [job_1586994084924_0001]
2020-04-15 16:43:27,013 [main] INFO  org.apache.pig.backend.hadoop.executionengine.mapReduceLayer.MapReduceLauncher - 27% complete
2020-04-15 16:43:27,013 [main] INFO  org.apache.pig.backend.hadoop.executionengine.mapReduceLayer.MapReduceLauncher - Running jobs are [job_1586994084924_0001]
2020-04-15 16:43:32,016 [main] INFO  org.apache.pig.backend.hadoop.executionengine.mapReduceLayer.MapReduceLauncher - 50% complete
2020-04-15 16:43:32,017 [main] INFO  org.apache.pig.backend.hadoop.executionengine.mapReduceLayer.MapReduceLauncher - Running jobs are [job_1586994084924_0001]
2020-04-15 16:43:35,024 [main] INFO  org.apache.hadoop.yarn.client.RMProxy - Connecting to ResourceManager at comet-25-05.ibnet/10.22.249.202:8032
2020-04-15 16:43:35,031 [main] INFO  org.apache.hadoop.mapred.ClientServiceDelegate - Application state is completed. FinalApplicationStatus=SUCCEEDED. Redirecting to job history server
2020-04-15 16:43:35,572 [main] INFO  org.apache.hadoop.yarn.client.RMProxy - Connecting to ResourceManager at comet-25-05.ibnet/10.22.249.202:8032
2020-04-15 16:43:35,576 [main] INFO  org.apache.hadoop.mapred.ClientServiceDelegate - Application state is completed. FinalApplicationStatus=SUCCEEDED. Redirecting to job history server
2020-04-15 16:43:35,663 [main] INFO  org.apache.hadoop.yarn.client.RMProxy - Connecting to ResourceManager at comet-25-05.ibnet/10.22.249.202:8032
2020-04-15 16:43:35,666 [main] INFO  org.apache.hadoop.mapred.ClientServiceDelegate - Application state is completed. FinalApplicationStatus=SUCCEEDED. Redirecting to job history server
2020-04-15 16:43:35,711 [main] INFO  org.apache.pig.tools.pigstats.mapreduce.MRScriptState - Pig script settings are added to the job
2020-04-15 16:43:35,712 [main] INFO  org.apache.pig.backend.hadoop.executionengine.mapReduceLayer.JobControlCompiler - mapred.job.reduce.markreset.buffer.percent is not set, set to default 0.3
2020-04-15 16:43:35,712 [main] INFO  org.apache.pig.backend.hadoop.executionengine.mapReduceLayer.JobControlCompiler - This job cannot be converted run in-process
2020-04-15 16:43:35,759 [main] INFO  org.apache.pig.backend.hadoop.executionengine.mapReduceLayer.JobControlCompiler - Added jar file:/oasis/projects/nsf/uot143/fegaras/pig-0.16.0/pig-0.16.0-core-h2.jar to DistributedCache through /tmp/temp724696592/tmp-379989096/pig-0.16.0-core-h2.jar
2020-04-15 16:43:35,771 [main] INFO  org.apache.pig.backend.hadoop.executionengine.mapReduceLayer.JobControlCompiler - Added jar file:/oasis/projects/nsf/uot143/fegaras/pig-0.16.0/lib/automaton-1.11-8.jar to DistributedCache through /tmp/temp724696592/tmp-1459265122/automaton-1.11-8.jar
2020-04-15 16:43:35,781 [main] INFO  org.apache.pig.backend.hadoop.executionengine.mapReduceLayer.JobControlCompiler - Added jar file:/oasis/projects/nsf/uot143/fegaras/pig-0.16.0/lib/antlr-runtime-3.4.jar to DistributedCache through /tmp/temp724696592/tmp-530152314/antlr-runtime-3.4.jar
2020-04-15 16:43:35,792 [main] INFO  org.apache.pig.backend.hadoop.executionengine.mapReduceLayer.JobControlCompiler - Added jar file:/oasis/projects/nsf/uot143/fegaras/pig-0.16.0/lib/joda-time-2.9.3.jar to DistributedCache through /tmp/temp724696592/tmp23536731/joda-time-2.9.3.jar
2020-04-15 16:43:35,793 [main] INFO  org.apache.pig.backend.hadoop.executionengine.mapReduceLayer.JobControlCompiler - Setting up single store job
2020-04-15 16:43:35,794 [main] INFO  org.apache.pig.data.SchemaTupleFrontend - Key [pig.schematuple] is false, will not generate code.
2020-04-15 16:43:35,794 [main] INFO  org.apache.pig.data.SchemaTupleFrontend - Starting process to move generated code to distributed cacche
2020-04-15 16:43:35,794 [main] INFO  org.apache.pig.data.SchemaTupleFrontend - Setting key [pig.schematuple.classes] with classes to deserialize []
2020-04-15 16:43:35,804 [main] INFO  org.apache.pig.backend.hadoop.executionengine.mapReduceLayer.MapReduceLauncher - 1 map-reduce job(s) waiting for submission.
2020-04-15 16:43:35,807 [JobControl] INFO  org.apache.hadoop.yarn.client.RMProxy - Connecting to ResourceManager at comet-25-05.ibnet/10.22.249.202:8032
2020-04-15 16:43:35,815 [JobControl] INFO  org.apache.hadoop.conf.Configuration.deprecation - fs.default.name is deprecated. Instead, use fs.defaultFS
2020-04-15 16:43:35,825 [JobControl] WARN  org.apache.hadoop.mapreduce.JobSubmitter - No job jar file set.  User classes may not be found. See Job or Job#setJar(String).
2020-04-15 16:43:35,842 [JobControl] INFO  org.apache.hadoop.mapreduce.lib.input.FileInputFormat - Total input paths to process : 1
2020-04-15 16:43:35,842 [JobControl] INFO  org.apache.pig.backend.hadoop.executionengine.util.MapRedUtil - Total input paths to process : 1
2020-04-15 16:43:35,842 [JobControl] INFO  org.apache.pig.backend.hadoop.executionengine.util.MapRedUtil - Total input paths (combined) to process : 1
2020-04-15 16:43:35,844 [JobControl] INFO  org.apache.hadoop.mapreduce.lib.input.FileInputFormat - Total input paths to process : 1
2020-04-15 16:43:35,844 [JobControl] INFO  org.apache.pig.backend.hadoop.executionengine.util.MapRedUtil - Total input paths to process : 1
2020-04-15 16:43:35,844 [JobControl] INFO  org.apache.pig.backend.hadoop.executionengine.util.MapRedUtil - Total input paths (combined) to process : 1
2020-04-15 16:43:35,847 [JobControl] INFO  org.apache.hadoop.mapreduce.lib.input.FileInputFormat - Total input paths to process : 1
2020-04-15 16:43:35,847 [JobControl] INFO  org.apache.pig.backend.hadoop.executionengine.util.MapRedUtil - Total input paths to process : 1
2020-04-15 16:43:35,847 [JobControl] INFO  org.apache.pig.backend.hadoop.executionengine.util.MapRedUtil - Total input paths (combined) to process : 1
2020-04-15 16:43:35,866 [JobControl] INFO  org.apache.hadoop.mapreduce.JobSubmitter - number of splits:3
2020-04-15 16:43:35,883 [JobControl] INFO  org.apache.hadoop.mapreduce.JobSubmitter - Submitting tokens for job: job_1586994084924_0002
2020-04-15 16:43:35,885 [JobControl] INFO  org.apache.hadoop.mapred.YARNRunner - Job jar is not present. Not adding any jar to the list of resources.
2020-04-15 16:43:35,897 [JobControl] INFO  org.apache.hadoop.yarn.client.api.impl.YarnClientImpl - Submitted application application_1586994084924_0002
2020-04-15 16:43:35,899 [JobControl] INFO  org.apache.hadoop.mapreduce.Job - The url to track the job: http://comet-25-05.ibnet:8088/proxy/application_1586994084924_0002/
2020-04-15 16:43:36,305 [main] INFO  org.apache.pig.backend.hadoop.executionengine.mapReduceLayer.MapReduceLauncher - HadoopJobId: job_1586994084924_0002
2020-04-15 16:43:36,306 [main] INFO  org.apache.pig.backend.hadoop.executionengine.mapReduceLayer.MapReduceLauncher - Processing aliases X
2020-04-15 16:43:36,306 [main] INFO  org.apache.pig.backend.hadoop.executionengine.mapReduceLayer.MapReduceLauncher - detailed locations: M: X[19,4] C:  R: 
2020-04-15 16:43:43,352 [main] INFO  org.apache.pig.backend.hadoop.executionengine.mapReduceLayer.MapReduceLauncher - 75% complete
2020-04-15 16:43:43,352 [main] INFO  org.apache.pig.backend.hadoop.executionengine.mapReduceLayer.MapReduceLauncher - Running jobs are [job_1586994084924_0002]
2020-04-15 16:43:46,357 [main] INFO  org.apache.hadoop.yarn.client.RMProxy - Connecting to ResourceManager at comet-25-05.ibnet/10.22.249.202:8032
2020-04-15 16:43:46,360 [main] INFO  org.apache.hadoop.mapred.ClientServiceDelegate - Application state is completed. FinalApplicationStatus=SUCCEEDED. Redirecting to job history server
2020-04-15 16:43:46,418 [main] INFO  org.apache.hadoop.yarn.client.RMProxy - Connecting to ResourceManager at comet-25-05.ibnet/10.22.249.202:8032
2020-04-15 16:43:46,421 [main] INFO  org.apache.hadoop.mapred.ClientServiceDelegate - Application state is completed. FinalApplicationStatus=SUCCEEDED. Redirecting to job history server
2020-04-15 16:43:46,439 [main] INFO  org.apache.hadoop.yarn.client.RMProxy - Connecting to ResourceManager at comet-25-05.ibnet/10.22.249.202:8032
2020-04-15 16:43:46,441 [main] INFO  org.apache.hadoop.mapred.ClientServiceDelegate - Application state is completed. FinalApplicationStatus=SUCCEEDED. Redirecting to job history server
2020-04-15 16:43:46,461 [main] INFO  org.apache.pig.backend.hadoop.executionengine.mapReduceLayer.MapReduceLauncher - 100% complete
2020-04-15 16:43:46,473 [main] INFO  org.apache.pig.tools.pigstats.mapreduce.SimplePigStats - Script Statistics: 

HadoopVersion	PigVersion	UserId	StartedAt	FinishedAt	Features
2.6.0	0.16.0	sxt0251	2020-04-15 16:41:39	2020-04-15 16:43:46	GROUP_BY,UNION

Success!

Job Stats (time in seconds):
JobId	Maps	Reduces	MaxMapTime	MinMapTime	AvgMapTime	MedianMapTime	MaxReduceTime	MinReduceTime	AvgReduceTime	MedianReducetime	Alias	Feature	Outputs
job_1586994084924_0001	3	1	102	41	80	97	60	60	60	60	B,BX,G,GX,R,RX,S	MULTI_QUERY,COMBINER	
job_1586994084924_0002	3	0	2	2	2	2	0	0	0	0	X	MAP_ONLY	/user/sxt0251/output,

Input(s):
Successfully read 30000000 records (321334153 bytes) from: "/user/sxt0251/pixels-large.txt"

Output(s):
Successfully stored 768 records (9654 bytes) in: "/user/sxt0251/output"

Counters:
Total records written : 768
Total bytes written : 9654
Spillable Memory Manager spill count : 0
Total bags proactively spilled: 0
Total records proactively spilled: 0

Job DAG:
job_1586994084924_0001	->	job_1586994084924_0002,
job_1586994084924_0002


2020-04-15 16:43:46,474 [main] INFO  org.apache.hadoop.yarn.client.RMProxy - Connecting to ResourceManager at comet-25-05.ibnet/10.22.249.202:8032
2020-04-15 16:43:46,476 [main] INFO  org.apache.hadoop.mapred.ClientServiceDelegate - Application state is completed. FinalApplicationStatus=SUCCEEDED. Redirecting to job history server
2020-04-15 16:43:46,499 [main] INFO  org.apache.hadoop.yarn.client.RMProxy - Connecting to ResourceManager at comet-25-05.ibnet/10.22.249.202:8032
2020-04-15 16:43:46,501 [main] INFO  org.apache.hadoop.mapred.ClientServiceDelegate - Application state is completed. FinalApplicationStatus=SUCCEEDED. Redirecting to job history server
2020-04-15 16:43:46,520 [main] INFO  org.apache.hadoop.yarn.client.RMProxy - Connecting to ResourceManager at comet-25-05.ibnet/10.22.249.202:8032
2020-04-15 16:43:46,522 [main] INFO  org.apache.hadoop.mapred.ClientServiceDelegate - Application state is completed. FinalApplicationStatus=SUCCEEDED. Redirecting to job history server
2020-04-15 16:43:46,543 [main] INFO  org.apache.hadoop.yarn.client.RMProxy - Connecting to ResourceManager at comet-25-05.ibnet/10.22.249.202:8032
2020-04-15 16:43:46,545 [main] INFO  org.apache.hadoop.mapred.ClientServiceDelegate - Application state is completed. FinalApplicationStatus=SUCCEEDED. Redirecting to job history server
2020-04-15 16:43:46,567 [main] INFO  org.apache.hadoop.yarn.client.RMProxy - Connecting to ResourceManager at comet-25-05.ibnet/10.22.249.202:8032
2020-04-15 16:43:46,569 [main] INFO  org.apache.hadoop.mapred.ClientServiceDelegate - Application state is completed. FinalApplicationStatus=SUCCEEDED. Redirecting to job history server
2020-04-15 16:43:46,586 [main] INFO  org.apache.hadoop.yarn.client.RMProxy - Connecting to ResourceManager at comet-25-05.ibnet/10.22.249.202:8032
2020-04-15 16:43:46,589 [main] INFO  org.apache.hadoop.mapred.ClientServiceDelegate - Application state is completed. FinalApplicationStatus=SUCCEEDED. Redirecting to job history server
2020-04-15 16:43:46,608 [main] INFO  org.apache.pig.backend.hadoop.executionengine.mapReduceLayer.MapReduceLauncher - Success!
2020-04-15 16:43:46,625 [main] INFO  org.apache.pig.Main - Pig script completed in 2 minutes, 9 seconds and 326 milliseconds (129326 ms)
chown: changing ownership of ‘/tmp’: Operation not permitted
stopping historyserver
stopping yarn daemons
stopping resourcemanager
comet-25-05.ibnet: stopping nodemanager
comet-25-05.ibnet: nodemanager did not stop gracefully after 5 seconds: killing with kill -9
comet-25-08.ibnet: stopping nodemanager
comet-25-08.ibnet: nodemanager did not stop gracefully after 5 seconds: killing with kill -9
no proxyserver to stop
Stopping namenodes on [comet-25-05.ibnet]
comet-25-05.ibnet: stopping namenode
comet-25-05.ibnet: stopping datanode
comet-25-08.ibnet: stopping datanode
Stopping secondary namenodes [comet-25-05.ibnet]
comet-25-05.ibnet: stopping secondarynamenode
Copying Hadoop logs back to /home/sxt0251/cometcluster/logs...
‘/scratch/sxt0251/32654535/logs’ -> ‘/home/sxt0251/cometcluster/logs’
‘/scratch/sxt0251/32654535/logs/yarn-sxt0251-nodemanager-comet-25-05.sdsc.edu.log’ -> ‘/home/sxt0251/cometcluster/logs/yarn-sxt0251-nodemanager-comet-25-05.sdsc.edu.log’
‘/scratch/sxt0251/32654535/logs/yarn-sxt0251-resourcemanager-comet-25-05.log’ -> ‘/home/sxt0251/cometcluster/logs/yarn-sxt0251-resourcemanager-comet-25-05.log’
‘/scratch/sxt0251/32654535/logs/hadoop-sxt0251-secondarynamenode-comet-25-05.sdsc.edu.log’ -> ‘/home/sxt0251/cometcluster/logs/hadoop-sxt0251-secondarynamenode-comet-25-05.sdsc.edu.log’
‘/scratch/sxt0251/32654535/logs/hadoop-sxt0251-datanode-comet-25-05.sdsc.edu.out’ -> ‘/home/sxt0251/cometcluster/logs/hadoop-sxt0251-datanode-comet-25-05.sdsc.edu.out’
‘/scratch/sxt0251/32654535/logs/hadoop-sxt0251-namenode-comet-25-05.sdsc.edu.out’ -> ‘/home/sxt0251/cometcluster/logs/hadoop-sxt0251-namenode-comet-25-05.sdsc.edu.out’
‘/scratch/sxt0251/32654535/logs/hadoop-sxt0251-namenode-comet-25-05.sdsc.edu.log’ -> ‘/home/sxt0251/cometcluster/logs/hadoop-sxt0251-namenode-comet-25-05.sdsc.edu.log’
‘/scratch/sxt0251/32654535/logs/SecurityAuth-sxt0251.audit’ -> ‘/home/sxt0251/cometcluster/logs/SecurityAuth-sxt0251.audit’
‘/scratch/sxt0251/32654535/logs/hadoop-sxt0251-secondarynamenode-comet-25-05.sdsc.edu.out’ -> ‘/home/sxt0251/cometcluster/logs/hadoop-sxt0251-secondarynamenode-comet-25-05.sdsc.edu.out’
‘/scratch/sxt0251/32654535/logs/hadoop-sxt0251-datanode-comet-25-05.sdsc.edu.log’ -> ‘/home/sxt0251/cometcluster/logs/hadoop-sxt0251-datanode-comet-25-05.sdsc.edu.log’
‘/scratch/sxt0251/32654535/logs/yarn-sxt0251-nodemanager-comet-25-05.sdsc.edu.out’ -> ‘/home/sxt0251/cometcluster/logs/yarn-sxt0251-nodemanager-comet-25-05.sdsc.edu.out’
‘/scratch/sxt0251/32654535/logs/userlogs’ -> ‘/home/sxt0251/cometcluster/logs/userlogs’
‘/scratch/sxt0251/32654535/logs/userlogs/application_1586994084924_0001’ -> ‘/home/sxt0251/cometcluster/logs/userlogs/application_1586994084924_0001’
‘/scratch/sxt0251/32654535/logs/userlogs/application_1586994084924_0001/container_1586994084924_0001_01_000001’ -> ‘/home/sxt0251/cometcluster/logs/userlogs/application_1586994084924_0001/container_1586994084924_0001_01_000001’
‘/scratch/sxt0251/32654535/logs/userlogs/application_1586994084924_0001/container_1586994084924_0001_01_000001/stderr’ -> ‘/home/sxt0251/cometcluster/logs/userlogs/application_1586994084924_0001/container_1586994084924_0001_01_000001/stderr’
‘/scratch/sxt0251/32654535/logs/userlogs/application_1586994084924_0001/container_1586994084924_0001_01_000001/syslog’ -> ‘/home/sxt0251/cometcluster/logs/userlogs/application_1586994084924_0001/container_1586994084924_0001_01_000001/syslog’
‘/scratch/sxt0251/32654535/logs/userlogs/application_1586994084924_0001/container_1586994084924_0001_01_000001/stdout’ -> ‘/home/sxt0251/cometcluster/logs/userlogs/application_1586994084924_0001/container_1586994084924_0001_01_000001/stdout’
‘/scratch/sxt0251/32654535/logs/yarn-sxt0251-resourcemanager-comet-25-05.out’ -> ‘/home/sxt0251/cometcluster/logs/yarn-sxt0251-resourcemanager-comet-25-05.out’
removed directory: ‘/scratch/sxt0251/32654535/mapred_scratch/usercache/sxt0251/appcache’
removed ‘/scratch/sxt0251/32654535/mapred_scratch/usercache/sxt0251/filecache/10/pig-0.16.0-core-h2.jar’
removed ‘/scratch/sxt0251/32654535/mapred_scratch/usercache/sxt0251/filecache/10/.tmp_pig-0.16.0-core-h2.jar.crc’
removed directory: ‘/scratch/sxt0251/32654535/mapred_scratch/usercache/sxt0251/filecache/10’
removed ‘/scratch/sxt0251/32654535/mapred_scratch/usercache/sxt0251/filecache/13/antlr-runtime-3.4.jar’
removed ‘/scratch/sxt0251/32654535/mapred_scratch/usercache/sxt0251/filecache/13/.tmp_antlr-runtime-3.4.jar.crc’
removed directory: ‘/scratch/sxt0251/32654535/mapred_scratch/usercache/sxt0251/filecache/13’
removed ‘/scratch/sxt0251/32654535/mapred_scratch/usercache/sxt0251/filecache/11/automaton-1.11-8.jar’
removed ‘/scratch/sxt0251/32654535/mapred_scratch/usercache/sxt0251/filecache/11/.tmp_automaton-1.11-8.jar.crc’
removed directory: ‘/scratch/sxt0251/32654535/mapred_scratch/usercache/sxt0251/filecache/11’
removed ‘/scratch/sxt0251/32654535/mapred_scratch/usercache/sxt0251/filecache/12/.tmp_joda-time-2.9.3.jar.crc’
removed ‘/scratch/sxt0251/32654535/mapred_scratch/usercache/sxt0251/filecache/12/joda-time-2.9.3.jar’
removed directory: ‘/scratch/sxt0251/32654535/mapred_scratch/usercache/sxt0251/filecache/12’
removed directory: ‘/scratch/sxt0251/32654535/mapred_scratch/usercache/sxt0251/filecache’
removed directory: ‘/scratch/sxt0251/32654535/mapred_scratch/usercache/sxt0251’
removed directory: ‘/scratch/sxt0251/32654535/mapred_scratch/usercache’
removed directory: ‘/scratch/sxt0251/32654535/mapred_scratch/nmPrivate’
removed directory: ‘/scratch/sxt0251/32654535/mapred_scratch/filecache’
removed directory: ‘/scratch/sxt0251/32654535/mapred_scratch’
removed ‘/scratch/sxt0251/32654535/tmp/dfs/namesecondary/current/fsimage_0000000000000000000’
removed ‘/scratch/sxt0251/32654535/tmp/dfs/namesecondary/current/fsimage_0000000000000000093’
removed ‘/scratch/sxt0251/32654535/tmp/dfs/namesecondary/current/fsimage_0000000000000000093.md5’
removed ‘/scratch/sxt0251/32654535/tmp/dfs/namesecondary/current/edits_0000000000000000001-0000000000000000093’
removed ‘/scratch/sxt0251/32654535/tmp/dfs/namesecondary/current/fsimage_0000000000000000000.md5’
removed ‘/scratch/sxt0251/32654535/tmp/dfs/namesecondary/current/VERSION’
removed directory: ‘/scratch/sxt0251/32654535/tmp/dfs/namesecondary/current’
removed directory: ‘/scratch/sxt0251/32654535/tmp/dfs/namesecondary’
removed directory: ‘/scratch/sxt0251/32654535/tmp/dfs’
removed directory: ‘/scratch/sxt0251/32654535/tmp’
removed ‘/scratch/sxt0251/32654535/namenode_data/current/fsimage_0000000000000000000.md5’
removed ‘/scratch/sxt0251/32654535/namenode_data/current/fsimage_0000000000000000093’
removed ‘/scratch/sxt0251/32654535/namenode_data/current/fsimage_0000000000000000000’
removed ‘/scratch/sxt0251/32654535/namenode_data/current/edits_inprogress_0000000000000000094’
removed ‘/scratch/sxt0251/32654535/namenode_data/current/seen_txid’
removed ‘/scratch/sxt0251/32654535/namenode_data/current/fsimage_0000000000000000093.md5’
removed ‘/scratch/sxt0251/32654535/namenode_data/current/edits_0000000000000000001-0000000000000000093’
removed ‘/scratch/sxt0251/32654535/namenode_data/current/VERSION’
removed directory: ‘/scratch/sxt0251/32654535/namenode_data/current’
removed directory: ‘/scratch/sxt0251/32654535/namenode_data’
removed ‘/scratch/sxt0251/32654535/hdfs_data/current/VERSION’
removed ‘/scratch/sxt0251/32654535/hdfs_data/current/BP-1470833587-198.202.113.156-1586994065569/dncp_block_verification.log.prev’
removed ‘/scratch/sxt0251/32654535/hdfs_data/current/BP-1470833587-198.202.113.156-1586994065569/current/VERSION’
removed ‘/scratch/sxt0251/32654535/hdfs_data/current/BP-1470833587-198.202.113.156-1586994065569/current/dfsUsed’
removed ‘/scratch/sxt0251/32654535/hdfs_data/current/BP-1470833587-198.202.113.156-1586994065569/current/finalized/subdir0/subdir0/blk_1073741827_1003.meta’
removed ‘/scratch/sxt0251/32654535/hdfs_data/current/BP-1470833587-198.202.113.156-1586994065569/current/finalized/subdir0/subdir0/blk_1073741856’
removed ‘/scratch/sxt0251/32654535/hdfs_data/current/BP-1470833587-198.202.113.156-1586994065569/current/finalized/subdir0/subdir0/blk_1073741826’
removed ‘/scratch/sxt0251/32654535/hdfs_data/current/BP-1470833587-198.202.113.156-1586994065569/current/finalized/subdir0/subdir0/blk_1073741851’
removed ‘/scratch/sxt0251/32654535/hdfs_data/current/BP-1470833587-198.202.113.156-1586994065569/current/finalized/subdir0/subdir0/blk_1073741856_1032.meta’
removed ‘/scratch/sxt0251/32654535/hdfs_data/current/BP-1470833587-198.202.113.156-1586994065569/current/finalized/subdir0/subdir0/blk_1073741842’
removed ‘/scratch/sxt0251/32654535/hdfs_data/current/BP-1470833587-198.202.113.156-1586994065569/current/finalized/subdir0/subdir0/blk_1073741842_1018.meta’
removed ‘/scratch/sxt0251/32654535/hdfs_data/current/BP-1470833587-198.202.113.156-1586994065569/current/finalized/subdir0/subdir0/blk_1073741851_1027.meta’
removed ‘/scratch/sxt0251/32654535/hdfs_data/current/BP-1470833587-198.202.113.156-1586994065569/current/finalized/subdir0/subdir0/blk_1073741857_1033.meta’
removed ‘/scratch/sxt0251/32654535/hdfs_data/current/BP-1470833587-198.202.113.156-1586994065569/current/finalized/subdir0/subdir0/blk_1073741852’
removed ‘/scratch/sxt0251/32654535/hdfs_data/current/BP-1470833587-198.202.113.156-1586994065569/current/finalized/subdir0/subdir0/blk_1073741825’
removed ‘/scratch/sxt0251/32654535/hdfs_data/current/BP-1470833587-198.202.113.156-1586994065569/current/finalized/subdir0/subdir0/blk_1073741826_1002.meta’
removed ‘/scratch/sxt0251/32654535/hdfs_data/current/BP-1470833587-198.202.113.156-1586994065569/current/finalized/subdir0/subdir0/blk_1073741841’
removed ‘/scratch/sxt0251/32654535/hdfs_data/current/BP-1470833587-198.202.113.156-1586994065569/current/finalized/subdir0/subdir0/blk_1073741827’
removed ‘/scratch/sxt0251/32654535/hdfs_data/current/BP-1470833587-198.202.113.156-1586994065569/current/finalized/subdir0/subdir0/blk_1073741857’
removed ‘/scratch/sxt0251/32654535/hdfs_data/current/BP-1470833587-198.202.113.156-1586994065569/current/finalized/subdir0/subdir0/blk_1073741853_1029.meta’
removed ‘/scratch/sxt0251/32654535/hdfs_data/current/BP-1470833587-198.202.113.156-1586994065569/current/finalized/subdir0/subdir0/blk_1073741853’
removed ‘/scratch/sxt0251/32654535/hdfs_data/current/BP-1470833587-198.202.113.156-1586994065569/current/finalized/subdir0/subdir0/blk_1073741841_1017.meta’
removed ‘/scratch/sxt0251/32654535/hdfs_data/current/BP-1470833587-198.202.113.156-1586994065569/current/finalized/subdir0/subdir0/blk_1073741852_1028.meta’
removed ‘/scratch/sxt0251/32654535/hdfs_data/current/BP-1470833587-198.202.113.156-1586994065569/current/finalized/subdir0/subdir0/blk_1073741825_1001.meta’
removed directory: ‘/scratch/sxt0251/32654535/hdfs_data/current/BP-1470833587-198.202.113.156-1586994065569/current/finalized/subdir0/subdir0’
removed directory: ‘/scratch/sxt0251/32654535/hdfs_data/current/BP-1470833587-198.202.113.156-1586994065569/current/finalized/subdir0’
removed directory: ‘/scratch/sxt0251/32654535/hdfs_data/current/BP-1470833587-198.202.113.156-1586994065569/current/finalized’
removed directory: ‘/scratch/sxt0251/32654535/hdfs_data/current/BP-1470833587-198.202.113.156-1586994065569/current/rbw’
removed directory: ‘/scratch/sxt0251/32654535/hdfs_data/current/BP-1470833587-198.202.113.156-1586994065569/current’
removed ‘/scratch/sxt0251/32654535/hdfs_data/current/BP-1470833587-198.202.113.156-1586994065569/dncp_block_verification.log.curr’
removed directory: ‘/scratch/sxt0251/32654535/hdfs_data/current/BP-1470833587-198.202.113.156-1586994065569/tmp’
removed directory: ‘/scratch/sxt0251/32654535/hdfs_data/current/BP-1470833587-198.202.113.156-1586994065569’
removed directory: ‘/scratch/sxt0251/32654535/hdfs_data/current’
removed directory: ‘/scratch/sxt0251/32654535/hdfs_data’
removed directory: ‘/scratch/sxt0251/32654535/pids’
removed ‘/scratch/sxt0251/32654535/logs/yarn-sxt0251-nodemanager-comet-25-05.sdsc.edu.log’
removed ‘/scratch/sxt0251/32654535/logs/yarn-sxt0251-resourcemanager-comet-25-05.log’
removed ‘/scratch/sxt0251/32654535/logs/hadoop-sxt0251-secondarynamenode-comet-25-05.sdsc.edu.log’
removed ‘/scratch/sxt0251/32654535/logs/hadoop-sxt0251-datanode-comet-25-05.sdsc.edu.out’
removed ‘/scratch/sxt0251/32654535/logs/hadoop-sxt0251-namenode-comet-25-05.sdsc.edu.out’
removed ‘/scratch/sxt0251/32654535/logs/hadoop-sxt0251-namenode-comet-25-05.sdsc.edu.log’
removed ‘/scratch/sxt0251/32654535/logs/SecurityAuth-sxt0251.audit’
removed ‘/scratch/sxt0251/32654535/logs/hadoop-sxt0251-secondarynamenode-comet-25-05.sdsc.edu.out’
removed ‘/scratch/sxt0251/32654535/logs/hadoop-sxt0251-datanode-comet-25-05.sdsc.edu.log’
removed ‘/scratch/sxt0251/32654535/logs/yarn-sxt0251-nodemanager-comet-25-05.sdsc.edu.out’
removed ‘/scratch/sxt0251/32654535/logs/userlogs/application_1586994084924_0001/container_1586994084924_0001_01_000001/stderr’
removed ‘/scratch/sxt0251/32654535/logs/userlogs/application_1586994084924_0001/container_1586994084924_0001_01_000001/syslog’
removed ‘/scratch/sxt0251/32654535/logs/userlogs/application_1586994084924_0001/container_1586994084924_0001_01_000001/stdout’
removed directory: ‘/scratch/sxt0251/32654535/logs/userlogs/application_1586994084924_0001/container_1586994084924_0001_01_000001’
removed directory: ‘/scratch/sxt0251/32654535/logs/userlogs/application_1586994084924_0001’
removed directory: ‘/scratch/sxt0251/32654535/logs/userlogs’
removed ‘/scratch/sxt0251/32654535/logs/yarn-sxt0251-resourcemanager-comet-25-05.out’
removed directory: ‘/scratch/sxt0251/32654535/logs’
removed directory: ‘/scratch/sxt0251/32654535/mapred_scratch/nmPrivate’
removed directory: ‘/scratch/sxt0251/32654535/mapred_scratch/usercache/sxt0251/appcache’
removed ‘/scratch/sxt0251/32654535/mapred_scratch/usercache/sxt0251/filecache/14/pig-0.16.0-core-h2.jar’
removed ‘/scratch/sxt0251/32654535/mapred_scratch/usercache/sxt0251/filecache/14/.tmp_pig-0.16.0-core-h2.jar.crc’
removed directory: ‘/scratch/sxt0251/32654535/mapred_scratch/usercache/sxt0251/filecache/14’
removed ‘/scratch/sxt0251/32654535/mapred_scratch/usercache/sxt0251/filecache/13/.tmp_antlr-runtime-3.4.jar.crc’
removed ‘/scratch/sxt0251/32654535/mapred_scratch/usercache/sxt0251/filecache/13/antlr-runtime-3.4.jar’
removed directory: ‘/scratch/sxt0251/32654535/mapred_scratch/usercache/sxt0251/filecache/13’
removed ‘/scratch/sxt0251/32654535/mapred_scratch/usercache/sxt0251/filecache/17/antlr-runtime-3.4.jar’
removed ‘/scratch/sxt0251/32654535/mapred_scratch/usercache/sxt0251/filecache/17/.tmp_antlr-runtime-3.4.jar.crc’
removed directory: ‘/scratch/sxt0251/32654535/mapred_scratch/usercache/sxt0251/filecache/17’
removed ‘/scratch/sxt0251/32654535/mapred_scratch/usercache/sxt0251/filecache/10/pig-0.16.0-core-h2.jar’
removed ‘/scratch/sxt0251/32654535/mapred_scratch/usercache/sxt0251/filecache/10/.tmp_pig-0.16.0-core-h2.jar.crc’
removed directory: ‘/scratch/sxt0251/32654535/mapred_scratch/usercache/sxt0251/filecache/10’
removed ‘/scratch/sxt0251/32654535/mapred_scratch/usercache/sxt0251/filecache/12/joda-time-2.9.3.jar’
removed ‘/scratch/sxt0251/32654535/mapred_scratch/usercache/sxt0251/filecache/12/.tmp_joda-time-2.9.3.jar.crc’
removed directory: ‘/scratch/sxt0251/32654535/mapred_scratch/usercache/sxt0251/filecache/12’
removed ‘/scratch/sxt0251/32654535/mapred_scratch/usercache/sxt0251/filecache/15/.tmp_automaton-1.11-8.jar.crc’
removed ‘/scratch/sxt0251/32654535/mapred_scratch/usercache/sxt0251/filecache/15/automaton-1.11-8.jar’
removed directory: ‘/scratch/sxt0251/32654535/mapred_scratch/usercache/sxt0251/filecache/15’
removed ‘/scratch/sxt0251/32654535/mapred_scratch/usercache/sxt0251/filecache/11/automaton-1.11-8.jar’
removed ‘/scratch/sxt0251/32654535/mapred_scratch/usercache/sxt0251/filecache/11/.tmp_automaton-1.11-8.jar.crc’
removed directory: ‘/scratch/sxt0251/32654535/mapred_scratch/usercache/sxt0251/filecache/11’
removed ‘/scratch/sxt0251/32654535/mapred_scratch/usercache/sxt0251/filecache/16/joda-time-2.9.3.jar’
removed ‘/scratch/sxt0251/32654535/mapred_scratch/usercache/sxt0251/filecache/16/.tmp_joda-time-2.9.3.jar.crc’
removed directory: ‘/scratch/sxt0251/32654535/mapred_scratch/usercache/sxt0251/filecache/16’
removed directory: ‘/scratch/sxt0251/32654535/mapred_scratch/usercache/sxt0251/filecache’
removed directory: ‘/scratch/sxt0251/32654535/mapred_scratch/usercache/sxt0251’
removed directory: ‘/scratch/sxt0251/32654535/mapred_scratch/usercache’
removed directory: ‘/scratch/sxt0251/32654535/mapred_scratch/filecache’
removed directory: ‘/scratch/sxt0251/32654535/mapred_scratch’
removed ‘/scratch/sxt0251/32654535/hdfs_data/current/BP-1470833587-198.202.113.156-1586994065569/dncp_block_verification.log.prev’
removed directory: ‘/scratch/sxt0251/32654535/hdfs_data/current/BP-1470833587-198.202.113.156-1586994065569/tmp’
removed ‘/scratch/sxt0251/32654535/hdfs_data/current/BP-1470833587-198.202.113.156-1586994065569/current/VERSION’
removed directory: ‘/scratch/sxt0251/32654535/hdfs_data/current/BP-1470833587-198.202.113.156-1586994065569/current/rbw’
removed ‘/scratch/sxt0251/32654535/hdfs_data/current/BP-1470833587-198.202.113.156-1586994065569/current/dfsUsed’
removed ‘/scratch/sxt0251/32654535/hdfs_data/current/BP-1470833587-198.202.113.156-1586994065569/current/finalized/subdir0/subdir0/blk_1073741842_1018.meta’
removed ‘/scratch/sxt0251/32654535/hdfs_data/current/BP-1470833587-198.202.113.156-1586994065569/current/finalized/subdir0/subdir0/blk_1073741857_1033.meta’
removed ‘/scratch/sxt0251/32654535/hdfs_data/current/BP-1470833587-198.202.113.156-1586994065569/current/finalized/subdir0/subdir0/blk_1073741851_1027.meta’
removed ‘/scratch/sxt0251/32654535/hdfs_data/current/BP-1470833587-198.202.113.156-1586994065569/current/finalized/subdir0/subdir0/blk_1073741827’
removed ‘/scratch/sxt0251/32654535/hdfs_data/current/BP-1470833587-198.202.113.156-1586994065569/current/finalized/subdir0/subdir0/blk_1073741857’
removed ‘/scratch/sxt0251/32654535/hdfs_data/current/BP-1470833587-198.202.113.156-1586994065569/current/finalized/subdir0/subdir0/blk_1073741826_1002.meta’
removed ‘/scratch/sxt0251/32654535/hdfs_data/current/BP-1470833587-198.202.113.156-1586994065569/current/finalized/subdir0/subdir0/blk_1073741853’
removed ‘/scratch/sxt0251/32654535/hdfs_data/current/BP-1470833587-198.202.113.156-1586994065569/current/finalized/subdir0/subdir0/blk_1073741827_1003.meta’
removed ‘/scratch/sxt0251/32654535/hdfs_data/current/BP-1470833587-198.202.113.156-1586994065569/current/finalized/subdir0/subdir0/blk_1073741856_1032.meta’
removed ‘/scratch/sxt0251/32654535/hdfs_data/current/BP-1470833587-198.202.113.156-1586994065569/current/finalized/subdir0/subdir0/blk_1073741841_1017.meta’
removed ‘/scratch/sxt0251/32654535/hdfs_data/current/BP-1470833587-198.202.113.156-1586994065569/current/finalized/subdir0/subdir0/blk_1073741825_1001.meta’
removed ‘/scratch/sxt0251/32654535/hdfs_data/current/BP-1470833587-198.202.113.156-1586994065569/current/finalized/subdir0/subdir0/blk_1073741852_1028.meta’
removed ‘/scratch/sxt0251/32654535/hdfs_data/current/BP-1470833587-198.202.113.156-1586994065569/current/finalized/subdir0/subdir0/blk_1073741856’
removed ‘/scratch/sxt0251/32654535/hdfs_data/current/BP-1470833587-198.202.113.156-1586994065569/current/finalized/subdir0/subdir0/blk_1073741851’
removed ‘/scratch/sxt0251/32654535/hdfs_data/current/BP-1470833587-198.202.113.156-1586994065569/current/finalized/subdir0/subdir0/blk_1073741826’
removed ‘/scratch/sxt0251/32654535/hdfs_data/current/BP-1470833587-198.202.113.156-1586994065569/current/finalized/subdir0/subdir0/blk_1073741842’
removed ‘/scratch/sxt0251/32654535/hdfs_data/current/BP-1470833587-198.202.113.156-1586994065569/current/finalized/subdir0/subdir0/blk_1073741825’
removed ‘/scratch/sxt0251/32654535/hdfs_data/current/BP-1470833587-198.202.113.156-1586994065569/current/finalized/subdir0/subdir0/blk_1073741852’
removed ‘/scratch/sxt0251/32654535/hdfs_data/current/BP-1470833587-198.202.113.156-1586994065569/current/finalized/subdir0/subdir0/blk_1073741853_1029.meta’
removed ‘/scratch/sxt0251/32654535/hdfs_data/current/BP-1470833587-198.202.113.156-1586994065569/current/finalized/subdir0/subdir0/blk_1073741841’
removed directory: ‘/scratch/sxt0251/32654535/hdfs_data/current/BP-1470833587-198.202.113.156-1586994065569/current/finalized/subdir0/subdir0’
removed directory: ‘/scratch/sxt0251/32654535/hdfs_data/current/BP-1470833587-198.202.113.156-1586994065569/current/finalized/subdir0’
removed directory: ‘/scratch/sxt0251/32654535/hdfs_data/current/BP-1470833587-198.202.113.156-1586994065569/current/finalized’
removed directory: ‘/scratch/sxt0251/32654535/hdfs_data/current/BP-1470833587-198.202.113.156-1586994065569/current’
removed ‘/scratch/sxt0251/32654535/hdfs_data/current/BP-1470833587-198.202.113.156-1586994065569/dncp_block_verification.log.curr’
removed directory: ‘/scratch/sxt0251/32654535/hdfs_data/current/BP-1470833587-198.202.113.156-1586994065569’
removed ‘/scratch/sxt0251/32654535/hdfs_data/current/VERSION’
removed directory: ‘/scratch/sxt0251/32654535/hdfs_data/current’
removed directory: ‘/scratch/sxt0251/32654535/hdfs_data’
removed directory: ‘/scratch/sxt0251/32654535/pids’
removed ‘/scratch/sxt0251/32654535/logs/hadoop-sxt0251-datanode-comet-25-08.sdsc.edu.out’
removed ‘/scratch/sxt0251/32654535/logs/yarn-sxt0251-nodemanager-comet-25-08.sdsc.edu.log’
removed ‘/scratch/sxt0251/32654535/logs/userlogs/application_1586994084924_0002/container_1586994084924_0002_01_000002/stderr’
removed ‘/scratch/sxt0251/32654535/logs/userlogs/application_1586994084924_0002/container_1586994084924_0002_01_000002/syslog’
removed ‘/scratch/sxt0251/32654535/logs/userlogs/application_1586994084924_0002/container_1586994084924_0002_01_000002/stdout’
removed directory: ‘/scratch/sxt0251/32654535/logs/userlogs/application_1586994084924_0002/container_1586994084924_0002_01_000002’
removed ‘/scratch/sxt0251/32654535/logs/userlogs/application_1586994084924_0002/container_1586994084924_0002_01_000001/stderr’
removed ‘/scratch/sxt0251/32654535/logs/userlogs/application_1586994084924_0002/container_1586994084924_0002_01_000001/syslog’
removed ‘/scratch/sxt0251/32654535/logs/userlogs/application_1586994084924_0002/container_1586994084924_0002_01_000001/stdout’
removed directory: ‘/scratch/sxt0251/32654535/logs/userlogs/application_1586994084924_0002/container_1586994084924_0002_01_000001’
removed ‘/scratch/sxt0251/32654535/logs/userlogs/application_1586994084924_0002/container_1586994084924_0002_01_000004/stdout’
removed ‘/scratch/sxt0251/32654535/logs/userlogs/application_1586994084924_0002/container_1586994084924_0002_01_000004/syslog’
removed ‘/scratch/sxt0251/32654535/logs/userlogs/application_1586994084924_0002/container_1586994084924_0002_01_000004/stderr’
removed directory: ‘/scratch/sxt0251/32654535/logs/userlogs/application_1586994084924_0002/container_1586994084924_0002_01_000004’
removed ‘/scratch/sxt0251/32654535/logs/userlogs/application_1586994084924_0002/container_1586994084924_0002_01_000003/stdout’
removed ‘/scratch/sxt0251/32654535/logs/userlogs/application_1586994084924_0002/container_1586994084924_0002_01_000003/syslog’
removed ‘/scratch/sxt0251/32654535/logs/userlogs/application_1586994084924_0002/container_1586994084924_0002_01_000003/stderr’
removed directory: ‘/scratch/sxt0251/32654535/logs/userlogs/application_1586994084924_0002/container_1586994084924_0002_01_000003’
removed directory: ‘/scratch/sxt0251/32654535/logs/userlogs/application_1586994084924_0002’
removed ‘/scratch/sxt0251/32654535/logs/userlogs/application_1586994084924_0001/container_1586994084924_0001_01_000002/stderr’
removed ‘/scratch/sxt0251/32654535/logs/userlogs/application_1586994084924_0001/container_1586994084924_0001_01_000002/syslog’
removed ‘/scratch/sxt0251/32654535/logs/userlogs/application_1586994084924_0001/container_1586994084924_0001_01_000002/stdout’
removed directory: ‘/scratch/sxt0251/32654535/logs/userlogs/application_1586994084924_0001/container_1586994084924_0001_01_000002’
removed ‘/scratch/sxt0251/32654535/logs/userlogs/application_1586994084924_0001/container_1586994084924_0001_01_000005/stdout’
removed ‘/scratch/sxt0251/32654535/logs/userlogs/application_1586994084924_0001/container_1586994084924_0001_01_000005/syslog’
removed ‘/scratch/sxt0251/32654535/logs/userlogs/application_1586994084924_0001/container_1586994084924_0001_01_000005/stderr’
removed directory: ‘/scratch/sxt0251/32654535/logs/userlogs/application_1586994084924_0001/container_1586994084924_0001_01_000005’
removed ‘/scratch/sxt0251/32654535/logs/userlogs/application_1586994084924_0001/container_1586994084924_0001_01_000006/stderr’
removed ‘/scratch/sxt0251/32654535/logs/userlogs/application_1586994084924_0001/container_1586994084924_0001_01_000006/syslog’
removed ‘/scratch/sxt0251/32654535/logs/userlogs/application_1586994084924_0001/container_1586994084924_0001_01_000006/stdout’
removed directory: ‘/scratch/sxt0251/32654535/logs/userlogs/application_1586994084924_0001/container_1586994084924_0001_01_000006’
removed ‘/scratch/sxt0251/32654535/logs/userlogs/application_1586994084924_0001/container_1586994084924_0001_01_000004/stderr’
removed ‘/scratch/sxt0251/32654535/logs/userlogs/application_1586994084924_0001/container_1586994084924_0001_01_000004/stdout’
removed ‘/scratch/sxt0251/32654535/logs/userlogs/application_1586994084924_0001/container_1586994084924_0001_01_000004/syslog’
removed directory: ‘/scratch/sxt0251/32654535/logs/userlogs/application_1586994084924_0001/container_1586994084924_0001_01_000004’
removed ‘/scratch/sxt0251/32654535/logs/userlogs/application_1586994084924_0001/container_1586994084924_0001_01_000003/syslog’
removed ‘/scratch/sxt0251/32654535/logs/userlogs/application_1586994084924_0001/container_1586994084924_0001_01_000003/stdout’
removed ‘/scratch/sxt0251/32654535/logs/userlogs/application_1586994084924_0001/container_1586994084924_0001_01_000003/stderr’
removed directory: ‘/scratch/sxt0251/32654535/logs/userlogs/application_1586994084924_0001/container_1586994084924_0001_01_000003’
removed ‘/scratch/sxt0251/32654535/logs/userlogs/application_1586994084924_0001/container_1586994084924_0001_01_000007/stderr’
removed ‘/scratch/sxt0251/32654535/logs/userlogs/application_1586994084924_0001/container_1586994084924_0001_01_000007/syslog’
removed ‘/scratch/sxt0251/32654535/logs/userlogs/application_1586994084924_0001/container_1586994084924_0001_01_000007/stdout’
removed directory: ‘/scratch/sxt0251/32654535/logs/userlogs/application_1586994084924_0001/container_1586994084924_0001_01_000007’
removed directory: ‘/scratch/sxt0251/32654535/logs/userlogs/application_1586994084924_0001’
removed directory: ‘/scratch/sxt0251/32654535/logs/userlogs’
removed ‘/scratch/sxt0251/32654535/logs/SecurityAuth-sxt0251.audit’
removed ‘/scratch/sxt0251/32654535/logs/hadoop-sxt0251-datanode-comet-25-08.sdsc.edu.log’
removed ‘/scratch/sxt0251/32654535/logs/yarn-sxt0251-nodemanager-comet-25-08.sdsc.edu.out’
removed directory: ‘/scratch/sxt0251/32654535/logs’
removed directory: ‘/tmp/Jetty_comet.25.05_ibnet_50090_secondary____a8u1z_6833476123934605900/jsp’
removed directory: ‘/tmp/Jetty_comet.25.05_ibnet_50090_secondary____a8u1z_6833476123934605900/.active’
removed directory: ‘/tmp/Jetty_comet.25.05_ibnet_50090_secondary____a8u1z_6833476123934605900’
removed directory: ‘/tmp/Jetty_0_0_0_0_50070_hdfs____w2cu08_4547721682911876858/jsp’
removed directory: ‘/tmp/Jetty_0_0_0_0_50070_hdfs____w2cu08_4547721682911876858/.active’
removed directory: ‘/tmp/Jetty_0_0_0_0_50070_hdfs____w2cu08_4547721682911876858’
removed directory: ‘/tmp/Jetty_0_0_0_0_50075_datanode____hwtdwq_4926739460245292165/jsp’
removed directory: ‘/tmp/Jetty_0_0_0_0_50075_datanode____hwtdwq_4926739460245292165/.active’
removed directory: ‘/tmp/Jetty_0_0_0_0_50075_datanode____hwtdwq_4926739460245292165’
